ARM GAS  /tmp/ccTKXeeX.s 			page 1


   1              		.cpu cortex-m0
   2              		.fpu softvfp
   3              		.eabi_attribute 20, 1
   4              		.eabi_attribute 21, 1
   5              		.eabi_attribute 23, 3
   6              		.eabi_attribute 24, 1
   7              		.eabi_attribute 25, 1
   8              		.eabi_attribute 26, 1
   9              		.eabi_attribute 30, 2
  10              		.eabi_attribute 34, 0
  11              		.eabi_attribute 18, 4
  12              		.code	16
  13              		.file	"board.c"
  14              		.text
  15              	.Ltext0:
  16              		.cfi_sections	.debug_frame
  17              		.section	.text.__early_init,"ax",%progbits
  18              		.align	2
  19              		.p2align 4,,15
  20              		.global	__early_init
  21              		.code	16
  22              		.thumb_func
  23              		.type	__early_init, %function
  24              	__early_init:
  25              	.LFB40:
  26              		.file 1 "/home/matt/arm_cortex/ChibiOS/boards/ST_STM32F0_DISCOVERY/board.c"
  27              		.loc 1 46 0
  28              		.cfi_startproc
  29 0000 08B5     		push	{r3, lr}
  30              	.LCFI0:
  31              		.cfi_def_cfa_offset 8
  32              		.cfi_offset 3, -8
  33              		.cfi_offset 14, -4
  34              		.loc 1 48 0
  35 0002 FFF7FEFF 		bl	stm32_clock_init
  36              	.LVL0:
  37              		.loc 1 49 0
  38              		@ sp needed for prologue
  39 0006 08BD     		pop	{r3, pc}
  40              		.cfi_endproc
  41              	.LFE40:
  42              		.size	__early_init, .-__early_init
  43 0008 C046C046 		.section	.text.boardInit,"ax",%progbits
  43      C046C046 
  44              		.align	2
  45              		.p2align 4,,15
  46              		.global	boardInit
  47              		.code	16
  48              		.thumb_func
  49              		.type	boardInit, %function
  50              	boardInit:
  51              	.LFB41:
  52              		.loc 1 77 0
  53              		.cfi_startproc
  54              		.loc 1 78 0
  55              		@ sp needed for prologue
  56 0000 7047     		bx	lr
ARM GAS  /tmp/ccTKXeeX.s 			page 2


  57              		.cfi_endproc
  58              	.LFE41:
  59              		.size	boardInit, .-boardInit
  60              		.global	pal_default_config
  61 0002 C046C046 		.section	.rodata.pal_default_config,"a",%progbits
  61      C046C046 
  61      C046C046 
  61      C046
  62              		.align	2
  63              		.type	pal_default_config, %object
  64              		.size	pal_default_config, 140
  65              	pal_default_config:
  66 0000 00000028 		.word	671088640
  67 0004 00000000 		.word	0
  68 0008 000000FC 		.word	-67108864
  69 000c 54555565 		.word	1700091220
  70 0010 FFFF0000 		.word	65535
  71 0014 00000000 		.word	0
  72 0018 00000000 		.word	0
  73 001c 00000000 		.word	0
  74 0020 00000000 		.word	0
  75 0024 F0030000 		.word	1008
  76 0028 55555555 		.word	1431655765
  77 002c FFFF0000 		.word	65535
  78 0030 00000000 		.word	0
  79 0034 00000000 		.word	0
  80 0038 00000500 		.word	327680
  81 003c 00000000 		.word	0
  82 0040 00000FF0 		.word	-267452416
  83 0044 55555005 		.word	89150805
  84 0048 FFFC0000 		.word	64767
  85 004c 00000000 		.word	0
  86 0050 00000000 		.word	0
  87 0054 00000000 		.word	0
  88 0058 00000000 		.word	0
  89 005c 00000000 		.word	0
  90 0060 55555555 		.word	1431655765
  91 0064 FFFF0000 		.word	65535
  92 0068 00000000 		.word	0
  93 006c 00000000 		.word	0
  94 0070 00000000 		.word	0
  95 0074 00000000 		.word	0
  96 0078 00000000 		.word	0
  97 007c 50555555 		.word	1431655760
  98 0080 FFFF0000 		.word	65535
  99 0084 00000000 		.word	0
 100 0088 00000000 		.word	0
 101              		.text
 102              	.Letext0:
 103              		.file 2 "/home/matt/arm_cortex/ChibiOS/os/hal/platforms/STM32/GPIOv2/pal_lld.h"
 104              		.file 3 "/home/matt/arm_cortex/gcc-arm-none-eabi/bin/../lib/gcc/arm-none-eabi/4.7.4/../../../../ar
 105              		.file 4 "/home/matt/arm_cortex/ChibiOS/os/hal/platforms/STM32F0xx/hal_lld.h"
 106              		.section	.debug_info,"",%progbits
 107              	.Ldebug_info0:
 108 0000 B3010000 		.4byte	0x1b3
 109 0004 0200     		.2byte	0x2
 110 0006 00000000 		.4byte	.Ldebug_abbrev0
ARM GAS  /tmp/ccTKXeeX.s 			page 3


 111 000a 04       		.byte	0x4
 112 000b 01       		.uleb128 0x1
 113 000c 00000000 		.4byte	.LASF26
 114 0010 01       		.byte	0x1
 115 0011 E4000000 		.4byte	.LASF27
 116 0015 00000000 		.4byte	.Ldebug_ranges0+0
 117 0019 00000000 		.4byte	0
 118 001d 00000000 		.4byte	0
 119 0021 00000000 		.4byte	.Ldebug_line0
 120 0025 02       		.uleb128 0x2
 121 0026 04       		.byte	0x4
 122 0027 05       		.byte	0x5
 123 0028 696E7400 		.ascii	"int\000"
 124 002c 03       		.uleb128 0x3
 125 002d 04       		.byte	0x4
 126 002e 07       		.byte	0x7
 127 002f C0000000 		.4byte	.LASF0
 128 0033 03       		.uleb128 0x3
 129 0034 01       		.byte	0x1
 130 0035 06       		.byte	0x6
 131 0036 93010000 		.4byte	.LASF1
 132 003a 03       		.uleb128 0x3
 133 003b 01       		.byte	0x1
 134 003c 08       		.byte	0x8
 135 003d 52000000 		.4byte	.LASF2
 136 0041 03       		.uleb128 0x3
 137 0042 02       		.byte	0x2
 138 0043 05       		.byte	0x5
 139 0044 59010000 		.4byte	.LASF3
 140 0048 03       		.uleb128 0x3
 141 0049 02       		.byte	0x2
 142 004a 07       		.byte	0x7
 143 004b 38000000 		.4byte	.LASF4
 144 004f 03       		.uleb128 0x3
 145 0050 04       		.byte	0x4
 146 0051 05       		.byte	0x5
 147 0052 84010000 		.4byte	.LASF5
 148 0056 04       		.uleb128 0x4
 149 0057 7B010000 		.4byte	.LASF18
 150 005b 03       		.byte	0x3
 151 005c 50       		.byte	0x50
 152 005d 61000000 		.4byte	0x61
 153 0061 03       		.uleb128 0x3
 154 0062 04       		.byte	0x4
 155 0063 07       		.byte	0x7
 156 0064 7A000000 		.4byte	.LASF6
 157 0068 03       		.uleb128 0x3
 158 0069 08       		.byte	0x8
 159 006a 05       		.byte	0x5
 160 006b 46010000 		.4byte	.LASF7
 161 006f 03       		.uleb128 0x3
 162 0070 08       		.byte	0x8
 163 0071 07       		.byte	0x7
 164 0072 CD000000 		.4byte	.LASF8
 165 0076 03       		.uleb128 0x3
 166 0077 01       		.byte	0x1
 167 0078 02       		.byte	0x2
ARM GAS  /tmp/ccTKXeeX.s 			page 4


 168 0079 9F010000 		.4byte	.LASF9
 169 007d 03       		.uleb128 0x3
 170 007e 04       		.byte	0x4
 171 007f 07       		.byte	0x7
 172 0080 3D010000 		.4byte	.LASF10
 173 0084 03       		.uleb128 0x3
 174 0085 01       		.byte	0x1
 175 0086 08       		.byte	0x8
 176 0087 54010000 		.4byte	.LASF11
 177 008b 05       		.uleb128 0x5
 178 008c 1C       		.byte	0x1c
 179 008d 02       		.byte	0x2
 180 008e A3       		.byte	0xa3
 181 008f F6000000 		.4byte	0xf6
 182 0093 06       		.uleb128 0x6
 183 0094 8D010000 		.4byte	.LASF12
 184 0098 02       		.byte	0x2
 185 0099 A5       		.byte	0xa5
 186 009a 56000000 		.4byte	0x56
 187 009e 02       		.byte	0x2
 188 009f 23       		.byte	0x23
 189 00a0 00       		.uleb128 0
 190 00a1 06       		.uleb128 0x6
 191 00a2 4B000000 		.4byte	.LASF13
 192 00a6 02       		.byte	0x2
 193 00a7 A7       		.byte	0xa7
 194 00a8 56000000 		.4byte	0x56
 195 00ac 02       		.byte	0x2
 196 00ad 23       		.byte	0x23
 197 00ae 04       		.uleb128 0x4
 198 00af 06       		.uleb128 0x6
 199 00b0 29000000 		.4byte	.LASF14
 200 00b4 02       		.byte	0x2
 201 00b5 A9       		.byte	0xa9
 202 00b6 56000000 		.4byte	0x56
 203 00ba 02       		.byte	0x2
 204 00bb 23       		.byte	0x23
 205 00bc 08       		.uleb128 0x8
 206 00bd 06       		.uleb128 0x6
 207 00be B3000000 		.4byte	.LASF15
 208 00c2 02       		.byte	0x2
 209 00c3 AB       		.byte	0xab
 210 00c4 56000000 		.4byte	0x56
 211 00c8 02       		.byte	0x2
 212 00c9 23       		.byte	0x23
 213 00ca 0C       		.uleb128 0xc
 214 00cb 07       		.uleb128 0x7
 215 00cc 6F647200 		.ascii	"odr\000"
 216 00d0 02       		.byte	0x2
 217 00d1 AD       		.byte	0xad
 218 00d2 56000000 		.4byte	0x56
 219 00d6 02       		.byte	0x2
 220 00d7 23       		.byte	0x23
 221 00d8 10       		.uleb128 0x10
 222 00d9 06       		.uleb128 0x6
 223 00da 91000000 		.4byte	.LASF16
 224 00de 02       		.byte	0x2
ARM GAS  /tmp/ccTKXeeX.s 			page 5


 225 00df AF       		.byte	0xaf
 226 00e0 56000000 		.4byte	0x56
 227 00e4 02       		.byte	0x2
 228 00e5 23       		.byte	0x23
 229 00e6 14       		.uleb128 0x14
 230 00e7 06       		.uleb128 0x6
 231 00e8 8C000000 		.4byte	.LASF17
 232 00ec 02       		.byte	0x2
 233 00ed B1       		.byte	0xb1
 234 00ee 56000000 		.4byte	0x56
 235 00f2 02       		.byte	0x2
 236 00f3 23       		.byte	0x23
 237 00f4 18       		.uleb128 0x18
 238 00f5 00       		.byte	0
 239 00f6 04       		.uleb128 0x4
 240 00f7 60000000 		.4byte	.LASF19
 241 00fb 02       		.byte	0x2
 242 00fc B2       		.byte	0xb2
 243 00fd 8B000000 		.4byte	0x8b
 244 0101 05       		.uleb128 0x5
 245 0102 8C       		.byte	0x8c
 246 0103 02       		.byte	0x2
 247 0104 BB       		.byte	0xbb
 248 0105 50010000 		.4byte	0x150
 249 0109 06       		.uleb128 0x6
 250 010a 73000000 		.4byte	.LASF20
 251 010e 02       		.byte	0x2
 252 010f BD       		.byte	0xbd
 253 0110 F6000000 		.4byte	0xf6
 254 0114 02       		.byte	0x2
 255 0115 23       		.byte	0x23
 256 0116 00       		.uleb128 0
 257 0117 06       		.uleb128 0x6
 258 0118 31000000 		.4byte	.LASF21
 259 011c 02       		.byte	0x2
 260 011d BF       		.byte	0xbf
 261 011e F6000000 		.4byte	0xf6
 262 0122 02       		.byte	0x2
 263 0123 23       		.byte	0x23
 264 0124 1C       		.uleb128 0x1c
 265 0125 06       		.uleb128 0x6
 266 0126 63010000 		.4byte	.LASF22
 267 012a 02       		.byte	0x2
 268 012b C1       		.byte	0xc1
 269 012c F6000000 		.4byte	0xf6
 270 0130 02       		.byte	0x2
 271 0131 23       		.byte	0x23
 272 0132 38       		.uleb128 0x38
 273 0133 06       		.uleb128 0x6
 274 0134 22000000 		.4byte	.LASF23
 275 0138 02       		.byte	0x2
 276 0139 C3       		.byte	0xc3
 277 013a F6000000 		.4byte	0xf6
 278 013e 02       		.byte	0x2
 279 013f 23       		.byte	0x23
 280 0140 54       		.uleb128 0x54
 281 0141 06       		.uleb128 0x6
ARM GAS  /tmp/ccTKXeeX.s 			page 6


 282 0142 B9000000 		.4byte	.LASF24
 283 0146 02       		.byte	0x2
 284 0147 CA       		.byte	0xca
 285 0148 F6000000 		.4byte	0xf6
 286 014c 02       		.byte	0x2
 287 014d 23       		.byte	0x23
 288 014e 70       		.uleb128 0x70
 289 014f 00       		.byte	0
 290 0150 04       		.uleb128 0x4
 291 0151 96000000 		.4byte	.LASF25
 292 0155 02       		.byte	0x2
 293 0156 D8       		.byte	0xd8
 294 0157 01010000 		.4byte	0x101
 295 015b 08       		.uleb128 0x8
 296 015c 01       		.byte	0x1
 297 015d 30010000 		.4byte	.LASF28
 298 0161 01       		.byte	0x1
 299 0162 2E       		.byte	0x2e
 300 0163 01       		.byte	0x1
 301 0164 00000000 		.4byte	.LFB40
 302 0168 08000000 		.4byte	.LFE40
 303 016c 00000000 		.4byte	.LLST0
 304 0170 01       		.byte	0x1
 305 0171 7F010000 		.4byte	0x17f
 306 0175 09       		.uleb128 0x9
 307 0176 06000000 		.4byte	.LVL0
 308 017a AB010000 		.4byte	0x1ab
 309 017e 00       		.byte	0
 310 017f 0A       		.uleb128 0xa
 311 0180 01       		.byte	0x1
 312 0181 26010000 		.4byte	.LASF29
 313 0185 01       		.byte	0x1
 314 0186 4D       		.byte	0x4d
 315 0187 01       		.byte	0x1
 316 0188 00000000 		.4byte	.LFB41
 317 018c 02000000 		.4byte	.LFE41
 318 0190 02       		.byte	0x2
 319 0191 7D       		.byte	0x7d
 320 0192 00       		.sleb128 0
 321 0193 01       		.byte	0x1
 322 0194 0B       		.uleb128 0xb
 323 0195 A0000000 		.4byte	.LASF30
 324 0199 01       		.byte	0x1
 325 019a 1A       		.byte	0x1a
 326 019b A6010000 		.4byte	0x1a6
 327 019f 01       		.byte	0x1
 328 01a0 05       		.byte	0x5
 329 01a1 03       		.byte	0x3
 330 01a2 00000000 		.4byte	pal_default_config
 331 01a6 0C       		.uleb128 0xc
 332 01a7 50010000 		.4byte	0x150
 333 01ab 0D       		.uleb128 0xd
 334 01ac 01       		.byte	0x1
 335 01ad 6A010000 		.4byte	.LASF31
 336 01b1 04       		.byte	0x4
 337 01b2 0503     		.2byte	0x305
 338 01b4 01       		.byte	0x1
ARM GAS  /tmp/ccTKXeeX.s 			page 7


 339 01b5 01       		.byte	0x1
 340 01b6 00       		.byte	0
 341              		.section	.debug_abbrev,"",%progbits
 342              	.Ldebug_abbrev0:
 343 0000 01       		.uleb128 0x1
 344 0001 11       		.uleb128 0x11
 345 0002 01       		.byte	0x1
 346 0003 25       		.uleb128 0x25
 347 0004 0E       		.uleb128 0xe
 348 0005 13       		.uleb128 0x13
 349 0006 0B       		.uleb128 0xb
 350 0007 03       		.uleb128 0x3
 351 0008 0E       		.uleb128 0xe
 352 0009 55       		.uleb128 0x55
 353 000a 06       		.uleb128 0x6
 354 000b 11       		.uleb128 0x11
 355 000c 01       		.uleb128 0x1
 356 000d 52       		.uleb128 0x52
 357 000e 01       		.uleb128 0x1
 358 000f 10       		.uleb128 0x10
 359 0010 06       		.uleb128 0x6
 360 0011 00       		.byte	0
 361 0012 00       		.byte	0
 362 0013 02       		.uleb128 0x2
 363 0014 24       		.uleb128 0x24
 364 0015 00       		.byte	0
 365 0016 0B       		.uleb128 0xb
 366 0017 0B       		.uleb128 0xb
 367 0018 3E       		.uleb128 0x3e
 368 0019 0B       		.uleb128 0xb
 369 001a 03       		.uleb128 0x3
 370 001b 08       		.uleb128 0x8
 371 001c 00       		.byte	0
 372 001d 00       		.byte	0
 373 001e 03       		.uleb128 0x3
 374 001f 24       		.uleb128 0x24
 375 0020 00       		.byte	0
 376 0021 0B       		.uleb128 0xb
 377 0022 0B       		.uleb128 0xb
 378 0023 3E       		.uleb128 0x3e
 379 0024 0B       		.uleb128 0xb
 380 0025 03       		.uleb128 0x3
 381 0026 0E       		.uleb128 0xe
 382 0027 00       		.byte	0
 383 0028 00       		.byte	0
 384 0029 04       		.uleb128 0x4
 385 002a 16       		.uleb128 0x16
 386 002b 00       		.byte	0
 387 002c 03       		.uleb128 0x3
 388 002d 0E       		.uleb128 0xe
 389 002e 3A       		.uleb128 0x3a
 390 002f 0B       		.uleb128 0xb
 391 0030 3B       		.uleb128 0x3b
 392 0031 0B       		.uleb128 0xb
 393 0032 49       		.uleb128 0x49
 394 0033 13       		.uleb128 0x13
 395 0034 00       		.byte	0
ARM GAS  /tmp/ccTKXeeX.s 			page 8


 396 0035 00       		.byte	0
 397 0036 05       		.uleb128 0x5
 398 0037 13       		.uleb128 0x13
 399 0038 01       		.byte	0x1
 400 0039 0B       		.uleb128 0xb
 401 003a 0B       		.uleb128 0xb
 402 003b 3A       		.uleb128 0x3a
 403 003c 0B       		.uleb128 0xb
 404 003d 3B       		.uleb128 0x3b
 405 003e 0B       		.uleb128 0xb
 406 003f 01       		.uleb128 0x1
 407 0040 13       		.uleb128 0x13
 408 0041 00       		.byte	0
 409 0042 00       		.byte	0
 410 0043 06       		.uleb128 0x6
 411 0044 0D       		.uleb128 0xd
 412 0045 00       		.byte	0
 413 0046 03       		.uleb128 0x3
 414 0047 0E       		.uleb128 0xe
 415 0048 3A       		.uleb128 0x3a
 416 0049 0B       		.uleb128 0xb
 417 004a 3B       		.uleb128 0x3b
 418 004b 0B       		.uleb128 0xb
 419 004c 49       		.uleb128 0x49
 420 004d 13       		.uleb128 0x13
 421 004e 38       		.uleb128 0x38
 422 004f 0A       		.uleb128 0xa
 423 0050 00       		.byte	0
 424 0051 00       		.byte	0
 425 0052 07       		.uleb128 0x7
 426 0053 0D       		.uleb128 0xd
 427 0054 00       		.byte	0
 428 0055 03       		.uleb128 0x3
 429 0056 08       		.uleb128 0x8
 430 0057 3A       		.uleb128 0x3a
 431 0058 0B       		.uleb128 0xb
 432 0059 3B       		.uleb128 0x3b
 433 005a 0B       		.uleb128 0xb
 434 005b 49       		.uleb128 0x49
 435 005c 13       		.uleb128 0x13
 436 005d 38       		.uleb128 0x38
 437 005e 0A       		.uleb128 0xa
 438 005f 00       		.byte	0
 439 0060 00       		.byte	0
 440 0061 08       		.uleb128 0x8
 441 0062 2E       		.uleb128 0x2e
 442 0063 01       		.byte	0x1
 443 0064 3F       		.uleb128 0x3f
 444 0065 0C       		.uleb128 0xc
 445 0066 03       		.uleb128 0x3
 446 0067 0E       		.uleb128 0xe
 447 0068 3A       		.uleb128 0x3a
 448 0069 0B       		.uleb128 0xb
 449 006a 3B       		.uleb128 0x3b
 450 006b 0B       		.uleb128 0xb
 451 006c 27       		.uleb128 0x27
 452 006d 0C       		.uleb128 0xc
ARM GAS  /tmp/ccTKXeeX.s 			page 9


 453 006e 11       		.uleb128 0x11
 454 006f 01       		.uleb128 0x1
 455 0070 12       		.uleb128 0x12
 456 0071 01       		.uleb128 0x1
 457 0072 40       		.uleb128 0x40
 458 0073 06       		.uleb128 0x6
 459 0074 9742     		.uleb128 0x2117
 460 0076 0C       		.uleb128 0xc
 461 0077 01       		.uleb128 0x1
 462 0078 13       		.uleb128 0x13
 463 0079 00       		.byte	0
 464 007a 00       		.byte	0
 465 007b 09       		.uleb128 0x9
 466 007c 898201   		.uleb128 0x4109
 467 007f 00       		.byte	0
 468 0080 11       		.uleb128 0x11
 469 0081 01       		.uleb128 0x1
 470 0082 31       		.uleb128 0x31
 471 0083 13       		.uleb128 0x13
 472 0084 00       		.byte	0
 473 0085 00       		.byte	0
 474 0086 0A       		.uleb128 0xa
 475 0087 2E       		.uleb128 0x2e
 476 0088 00       		.byte	0
 477 0089 3F       		.uleb128 0x3f
 478 008a 0C       		.uleb128 0xc
 479 008b 03       		.uleb128 0x3
 480 008c 0E       		.uleb128 0xe
 481 008d 3A       		.uleb128 0x3a
 482 008e 0B       		.uleb128 0xb
 483 008f 3B       		.uleb128 0x3b
 484 0090 0B       		.uleb128 0xb
 485 0091 27       		.uleb128 0x27
 486 0092 0C       		.uleb128 0xc
 487 0093 11       		.uleb128 0x11
 488 0094 01       		.uleb128 0x1
 489 0095 12       		.uleb128 0x12
 490 0096 01       		.uleb128 0x1
 491 0097 40       		.uleb128 0x40
 492 0098 0A       		.uleb128 0xa
 493 0099 9742     		.uleb128 0x2117
 494 009b 0C       		.uleb128 0xc
 495 009c 00       		.byte	0
 496 009d 00       		.byte	0
 497 009e 0B       		.uleb128 0xb
 498 009f 34       		.uleb128 0x34
 499 00a0 00       		.byte	0
 500 00a1 03       		.uleb128 0x3
 501 00a2 0E       		.uleb128 0xe
 502 00a3 3A       		.uleb128 0x3a
 503 00a4 0B       		.uleb128 0xb
 504 00a5 3B       		.uleb128 0x3b
 505 00a6 0B       		.uleb128 0xb
 506 00a7 49       		.uleb128 0x49
 507 00a8 13       		.uleb128 0x13
 508 00a9 3F       		.uleb128 0x3f
 509 00aa 0C       		.uleb128 0xc
ARM GAS  /tmp/ccTKXeeX.s 			page 10


 510 00ab 02       		.uleb128 0x2
 511 00ac 0A       		.uleb128 0xa
 512 00ad 00       		.byte	0
 513 00ae 00       		.byte	0
 514 00af 0C       		.uleb128 0xc
 515 00b0 26       		.uleb128 0x26
 516 00b1 00       		.byte	0
 517 00b2 49       		.uleb128 0x49
 518 00b3 13       		.uleb128 0x13
 519 00b4 00       		.byte	0
 520 00b5 00       		.byte	0
 521 00b6 0D       		.uleb128 0xd
 522 00b7 2E       		.uleb128 0x2e
 523 00b8 00       		.byte	0
 524 00b9 3F       		.uleb128 0x3f
 525 00ba 0C       		.uleb128 0xc
 526 00bb 03       		.uleb128 0x3
 527 00bc 0E       		.uleb128 0xe
 528 00bd 3A       		.uleb128 0x3a
 529 00be 0B       		.uleb128 0xb
 530 00bf 3B       		.uleb128 0x3b
 531 00c0 05       		.uleb128 0x5
 532 00c1 27       		.uleb128 0x27
 533 00c2 0C       		.uleb128 0xc
 534 00c3 3C       		.uleb128 0x3c
 535 00c4 0C       		.uleb128 0xc
 536 00c5 00       		.byte	0
 537 00c6 00       		.byte	0
 538 00c7 00       		.byte	0
 539              		.section	.debug_loc,"",%progbits
 540              	.Ldebug_loc0:
 541              	.LLST0:
 542 0000 00000000 		.4byte	.LFB40
 543 0004 02000000 		.4byte	.LCFI0
 544 0008 0200     		.2byte	0x2
 545 000a 7D       		.byte	0x7d
 546 000b 00       		.sleb128 0
 547 000c 02000000 		.4byte	.LCFI0
 548 0010 08000000 		.4byte	.LFE40
 549 0014 0200     		.2byte	0x2
 550 0016 7D       		.byte	0x7d
 551 0017 08       		.sleb128 8
 552 0018 00000000 		.4byte	0
 553 001c 00000000 		.4byte	0
 554              		.section	.debug_aranges,"",%progbits
 555 0000 24000000 		.4byte	0x24
 556 0004 0200     		.2byte	0x2
 557 0006 00000000 		.4byte	.Ldebug_info0
 558 000a 04       		.byte	0x4
 559 000b 00       		.byte	0
 560 000c 0000     		.2byte	0
 561 000e 0000     		.2byte	0
 562 0010 00000000 		.4byte	.LFB40
 563 0014 08000000 		.4byte	.LFE40-.LFB40
 564 0018 00000000 		.4byte	.LFB41
 565 001c 02000000 		.4byte	.LFE41-.LFB41
 566 0020 00000000 		.4byte	0
ARM GAS  /tmp/ccTKXeeX.s 			page 11


 567 0024 00000000 		.4byte	0
 568              		.section	.debug_ranges,"",%progbits
 569              	.Ldebug_ranges0:
 570 0000 00000000 		.4byte	.LFB40
 571 0004 08000000 		.4byte	.LFE40
 572 0008 00000000 		.4byte	.LFB41
 573 000c 02000000 		.4byte	.LFE41
 574 0010 00000000 		.4byte	0
 575 0014 00000000 		.4byte	0
 576              		.section	.debug_line,"",%progbits
 577              	.Ldebug_line0:
 578 0000 88010000 		.section	.debug_str,"MS",%progbits,1
 578      02006001 
 578      00000201 
 578      FB0E0D00 
 578      01010101 
 579              	.LASF26:
 580 0000 474E5520 		.ascii	"GNU C 4.7.4 20130913 (prerelease)\000"
 580      4320342E 
 580      372E3420 
 580      32303133 
 580      30393133 
 581              	.LASF23:
 582 0022 50444461 		.ascii	"PDData\000"
 582      746100
 583              	.LASF14:
 584 0029 6F737065 		.ascii	"ospeedr\000"
 584      65647200 
 585              	.LASF21:
 586 0031 50424461 		.ascii	"PBData\000"
 586      746100
 587              	.LASF4:
 588 0038 73686F72 		.ascii	"short unsigned int\000"
 588      7420756E 
 588      7369676E 
 588      65642069 
 588      6E7400
 589              	.LASF13:
 590 004b 6F747970 		.ascii	"otyper\000"
 590      657200
 591              	.LASF2:
 592 0052 756E7369 		.ascii	"unsigned char\000"
 592      676E6564 
 592      20636861 
 592      7200
 593              	.LASF19:
 594 0060 73746D33 		.ascii	"stm32_gpio_setup_t\000"
 594      325F6770 
 594      696F5F73 
 594      65747570 
 594      5F7400
 595              	.LASF20:
 596 0073 50414461 		.ascii	"PAData\000"
 596      746100
 597              	.LASF6:
 598 007a 6C6F6E67 		.ascii	"long unsigned int\000"
 598      20756E73 
ARM GAS  /tmp/ccTKXeeX.s 			page 12


 598      69676E65 
 598      6420696E 
 598      7400
 599              	.LASF17:
 600 008c 61667268 		.ascii	"afrh\000"
 600      00
 601              	.LASF16:
 602 0091 6166726C 		.ascii	"afrl\000"
 602      00
 603              	.LASF25:
 604 0096 50414C43 		.ascii	"PALConfig\000"
 604      6F6E6669 
 604      6700
 605              	.LASF30:
 606 00a0 70616C5F 		.ascii	"pal_default_config\000"
 606      64656661 
 606      756C745F 
 606      636F6E66 
 606      696700
 607              	.LASF15:
 608 00b3 70757064 		.ascii	"pupdr\000"
 608      7200
 609              	.LASF24:
 610 00b9 50464461 		.ascii	"PFData\000"
 610      746100
 611              	.LASF0:
 612 00c0 756E7369 		.ascii	"unsigned int\000"
 612      676E6564 
 612      20696E74 
 612      00
 613              	.LASF8:
 614 00cd 6C6F6E67 		.ascii	"long long unsigned int\000"
 614      206C6F6E 
 614      6720756E 
 614      7369676E 
 614      65642069 
 615              	.LASF27:
 616 00e4 2F686F6D 		.ascii	"/home/matt/arm_cortex/ChibiOS/boards/ST_STM32F0_DIS"
 616      652F6D61 
 616      74742F61 
 616      726D5F63 
 616      6F727465 
 617 0117 434F5645 		.ascii	"COVERY/board.c\000"
 617      52592F62 
 617      6F617264 
 617      2E6300
 618              	.LASF29:
 619 0126 626F6172 		.ascii	"boardInit\000"
 619      64496E69 
 619      7400
 620              	.LASF28:
 621 0130 5F5F6561 		.ascii	"__early_init\000"
 621      726C795F 
 621      696E6974 
 621      00
 622              	.LASF10:
 623 013d 73697A65 		.ascii	"sizetype\000"
ARM GAS  /tmp/ccTKXeeX.s 			page 13


 623      74797065 
 623      00
 624              	.LASF7:
 625 0146 6C6F6E67 		.ascii	"long long int\000"
 625      206C6F6E 
 625      6720696E 
 625      7400
 626              	.LASF11:
 627 0154 63686172 		.ascii	"char\000"
 627      00
 628              	.LASF3:
 629 0159 73686F72 		.ascii	"short int\000"
 629      7420696E 
 629      7400
 630              	.LASF22:
 631 0163 50434461 		.ascii	"PCData\000"
 631      746100
 632              	.LASF31:
 633 016a 73746D33 		.ascii	"stm32_clock_init\000"
 633      325F636C 
 633      6F636B5F 
 633      696E6974 
 633      00
 634              	.LASF18:
 635 017b 75696E74 		.ascii	"uint32_t\000"
 635      33325F74 
 635      00
 636              	.LASF5:
 637 0184 6C6F6E67 		.ascii	"long int\000"
 637      20696E74 
 637      00
 638              	.LASF12:
 639 018d 6D6F6465 		.ascii	"moder\000"
 639      7200
 640              	.LASF1:
 641 0193 7369676E 		.ascii	"signed char\000"
 641      65642063 
 641      68617200 
 642              	.LASF9:
 643 019f 5F426F6F 		.ascii	"_Bool\000"
 643      6C00
 644              		.ident	"GCC: (GNU Tools for ARM Embedded Processors / bleeding-edge-toolchain-131005) 4.7.4 201309
ARM GAS  /tmp/ccTKXeeX.s 			page 14


DEFINED SYMBOLS
                            *ABS*:0000000000000000 board.c
     /tmp/ccTKXeeX.s:18     .text.__early_init:0000000000000000 $t
     /tmp/ccTKXeeX.s:24     .text.__early_init:0000000000000000 __early_init
     /tmp/ccTKXeeX.s:44     .text.boardInit:0000000000000000 $t
     /tmp/ccTKXeeX.s:50     .text.boardInit:0000000000000000 boardInit
     /tmp/ccTKXeeX.s:65     .rodata.pal_default_config:0000000000000000 pal_default_config
     /tmp/ccTKXeeX.s:62     .rodata.pal_default_config:0000000000000000 $d
                     .debug_frame:0000000000000010 $d

UNDEFINED SYMBOLS
stm32_clock_init
