ARM GAS  /tmp/ccUNkwbu.s 			page 1


   1              		.cpu cortex-m0
   2              		.fpu softvfp
   3              		.eabi_attribute 20, 1
   4              		.eabi_attribute 21, 1
   5              		.eabi_attribute 23, 3
   6              		.eabi_attribute 24, 1
   7              		.eabi_attribute 25, 1
   8              		.eabi_attribute 26, 1
   9              		.eabi_attribute 30, 2
  10              		.eabi_attribute 34, 0
  11              		.eabi_attribute 18, 4
  12              		.code	16
  13              		.file	"chcore.c"
  14              		.text
  15              	.Ltext0:
  16              		.cfi_sections	.debug_frame
  17              		.section	.text.port_halt,"ax",%progbits
  18              		.align	2
  19              		.p2align 4,,15
  20              		.weak	port_halt
  21              		.code	16
  22              		.thumb_func
  23              		.type	port_halt, %function
  24              	port_halt:
  25              	.LFB7:
  26              		.file 1 "/home/matt/arm_cortex/ChibiOS/os/ports/GCC/ARMCMx/chcore.c"
  27              		.loc 1 46 0
  28              		.cfi_startproc
  29              		.loc 1 48 0
  30              	@ 48 "/home/matt/arm_cortex/ChibiOS/os/ports/GCC/ARMCMx/chcore.c" 1
  31 0000 72B6     		cpsid   i
  32              	@ 0 "" 2
  33              		.code	16
  34              	.L2:
  35 0002 FEE7     		b	.L2
  36              		.cfi_endproc
  37              	.LFE7:
  38              		.size	port_halt, .-port_halt
  39 0004 C046C046 		.text
  39      C046C046 
  39      C046C046 
  40              	.Letext0:
  41              		.section	.debug_info,"",%progbits
  42              	.Ldebug_info0:
  43 0000 92000000 		.4byte	0x92
  44 0004 0200     		.2byte	0x2
  45 0006 00000000 		.4byte	.Ldebug_abbrev0
  46 000a 04       		.byte	0x4
  47 000b 01       		.uleb128 0x1
  48 000c D4000000 		.4byte	.LASF12
  49 0010 01       		.byte	0x1
  50 0011 60000000 		.4byte	.LASF13
  51 0015 00000000 		.4byte	.Ldebug_ranges0+0
  52 0019 00000000 		.4byte	0
  53 001d 00000000 		.4byte	0
  54 0021 00000000 		.4byte	.Ldebug_line0
  55 0025 02       		.uleb128 0x2
ARM GAS  /tmp/ccUNkwbu.s 			page 2


  56 0026 04       		.byte	0x4
  57 0027 05       		.byte	0x5
  58 0028 696E7400 		.ascii	"int\000"
  59 002c 03       		.uleb128 0x3
  60 002d 04       		.byte	0x4
  61 002e 07       		.byte	0x7
  62 002f 0E000000 		.4byte	.LASF0
  63 0033 03       		.uleb128 0x3
  64 0034 01       		.byte	0x1
  65 0035 06       		.byte	0x6
  66 0036 B4000000 		.4byte	.LASF1
  67 003a 03       		.uleb128 0x3
  68 003b 01       		.byte	0x1
  69 003c 08       		.byte	0x8
  70 003d 44000000 		.4byte	.LASF2
  71 0041 03       		.uleb128 0x3
  72 0042 02       		.byte	0x2
  73 0043 05       		.byte	0x5
  74 0044 CA000000 		.4byte	.LASF3
  75 0048 03       		.uleb128 0x3
  76 0049 02       		.byte	0x2
  77 004a 07       		.byte	0x7
  78 004b A1000000 		.4byte	.LASF4
  79 004f 03       		.uleb128 0x3
  80 0050 04       		.byte	0x4
  81 0051 05       		.byte	0x5
  82 0052 57000000 		.4byte	.LASF5
  83 0056 03       		.uleb128 0x3
  84 0057 04       		.byte	0x4
  85 0058 07       		.byte	0x7
  86 0059 1B000000 		.4byte	.LASF6
  87 005d 03       		.uleb128 0x3
  88 005e 08       		.byte	0x8
  89 005f 05       		.byte	0x5
  90 0060 00000000 		.4byte	.LASF7
  91 0064 03       		.uleb128 0x3
  92 0065 08       		.byte	0x8
  93 0066 07       		.byte	0x7
  94 0067 2D000000 		.4byte	.LASF8
  95 006b 03       		.uleb128 0x3
  96 006c 01       		.byte	0x1
  97 006d 02       		.byte	0x2
  98 006e 9B000000 		.4byte	.LASF9
  99 0072 03       		.uleb128 0x3
 100 0073 04       		.byte	0x4
 101 0074 07       		.byte	0x7
 102 0075 F6000000 		.4byte	.LASF10
 103 0079 03       		.uleb128 0x3
 104 007a 01       		.byte	0x1
 105 007b 08       		.byte	0x8
 106 007c 52000000 		.4byte	.LASF11
 107 0080 04       		.uleb128 0x4
 108 0081 01       		.byte	0x1
 109 0082 C0000000 		.4byte	.LASF14
 110 0086 01       		.byte	0x1
 111 0087 2E       		.byte	0x2e
 112 0088 01       		.byte	0x1
ARM GAS  /tmp/ccUNkwbu.s 			page 3


 113 0089 00000000 		.4byte	.LFB7
 114 008d 04000000 		.4byte	.LFE7
 115 0091 02       		.byte	0x2
 116 0092 7D       		.byte	0x7d
 117 0093 00       		.sleb128 0
 118 0094 01       		.byte	0x1
 119 0095 00       		.byte	0
 120              		.section	.debug_abbrev,"",%progbits
 121              	.Ldebug_abbrev0:
 122 0000 01       		.uleb128 0x1
 123 0001 11       		.uleb128 0x11
 124 0002 01       		.byte	0x1
 125 0003 25       		.uleb128 0x25
 126 0004 0E       		.uleb128 0xe
 127 0005 13       		.uleb128 0x13
 128 0006 0B       		.uleb128 0xb
 129 0007 03       		.uleb128 0x3
 130 0008 0E       		.uleb128 0xe
 131 0009 55       		.uleb128 0x55
 132 000a 06       		.uleb128 0x6
 133 000b 11       		.uleb128 0x11
 134 000c 01       		.uleb128 0x1
 135 000d 52       		.uleb128 0x52
 136 000e 01       		.uleb128 0x1
 137 000f 10       		.uleb128 0x10
 138 0010 06       		.uleb128 0x6
 139 0011 00       		.byte	0
 140 0012 00       		.byte	0
 141 0013 02       		.uleb128 0x2
 142 0014 24       		.uleb128 0x24
 143 0015 00       		.byte	0
 144 0016 0B       		.uleb128 0xb
 145 0017 0B       		.uleb128 0xb
 146 0018 3E       		.uleb128 0x3e
 147 0019 0B       		.uleb128 0xb
 148 001a 03       		.uleb128 0x3
 149 001b 08       		.uleb128 0x8
 150 001c 00       		.byte	0
 151 001d 00       		.byte	0
 152 001e 03       		.uleb128 0x3
 153 001f 24       		.uleb128 0x24
 154 0020 00       		.byte	0
 155 0021 0B       		.uleb128 0xb
 156 0022 0B       		.uleb128 0xb
 157 0023 3E       		.uleb128 0x3e
 158 0024 0B       		.uleb128 0xb
 159 0025 03       		.uleb128 0x3
 160 0026 0E       		.uleb128 0xe
 161 0027 00       		.byte	0
 162 0028 00       		.byte	0
 163 0029 04       		.uleb128 0x4
 164 002a 2E       		.uleb128 0x2e
 165 002b 00       		.byte	0
 166 002c 3F       		.uleb128 0x3f
 167 002d 0C       		.uleb128 0xc
 168 002e 03       		.uleb128 0x3
 169 002f 0E       		.uleb128 0xe
ARM GAS  /tmp/ccUNkwbu.s 			page 4


 170 0030 3A       		.uleb128 0x3a
 171 0031 0B       		.uleb128 0xb
 172 0032 3B       		.uleb128 0x3b
 173 0033 0B       		.uleb128 0xb
 174 0034 27       		.uleb128 0x27
 175 0035 0C       		.uleb128 0xc
 176 0036 11       		.uleb128 0x11
 177 0037 01       		.uleb128 0x1
 178 0038 12       		.uleb128 0x12
 179 0039 01       		.uleb128 0x1
 180 003a 40       		.uleb128 0x40
 181 003b 0A       		.uleb128 0xa
 182 003c 9742     		.uleb128 0x2117
 183 003e 0C       		.uleb128 0xc
 184 003f 00       		.byte	0
 185 0040 00       		.byte	0
 186 0041 00       		.byte	0
 187              		.section	.debug_aranges,"",%progbits
 188 0000 1C000000 		.4byte	0x1c
 189 0004 0200     		.2byte	0x2
 190 0006 00000000 		.4byte	.Ldebug_info0
 191 000a 04       		.byte	0x4
 192 000b 00       		.byte	0
 193 000c 0000     		.2byte	0
 194 000e 0000     		.2byte	0
 195 0010 00000000 		.4byte	.LFB7
 196 0014 04000000 		.4byte	.LFE7-.LFB7
 197 0018 00000000 		.4byte	0
 198 001c 00000000 		.4byte	0
 199              		.section	.debug_ranges,"",%progbits
 200              	.Ldebug_ranges0:
 201 0000 00000000 		.4byte	.LFB7
 202 0004 04000000 		.4byte	.LFE7
 203 0008 00000000 		.4byte	0
 204 000c 00000000 		.4byte	0
 205              		.section	.debug_line,"",%progbits
 206              	.Ldebug_line0:
 207 0000 67000000 		.section	.debug_str,"MS",%progbits,1
 207      02005100 
 207      00000201 
 207      FB0E0D00 
 207      01010101 
 208              	.LASF7:
 209 0000 6C6F6E67 		.ascii	"long long int\000"
 209      206C6F6E 
 209      6720696E 
 209      7400
 210              	.LASF0:
 211 000e 756E7369 		.ascii	"unsigned int\000"
 211      676E6564 
 211      20696E74 
 211      00
 212              	.LASF6:
 213 001b 6C6F6E67 		.ascii	"long unsigned int\000"
 213      20756E73 
 213      69676E65 
 213      6420696E 
ARM GAS  /tmp/ccUNkwbu.s 			page 5


 213      7400
 214              	.LASF8:
 215 002d 6C6F6E67 		.ascii	"long long unsigned int\000"
 215      206C6F6E 
 215      6720756E 
 215      7369676E 
 215      65642069 
 216              	.LASF2:
 217 0044 756E7369 		.ascii	"unsigned char\000"
 217      676E6564 
 217      20636861 
 217      7200
 218              	.LASF11:
 219 0052 63686172 		.ascii	"char\000"
 219      00
 220              	.LASF5:
 221 0057 6C6F6E67 		.ascii	"long int\000"
 221      20696E74 
 221      00
 222              	.LASF13:
 223 0060 2F686F6D 		.ascii	"/home/matt/arm_cortex/ChibiOS/os/ports/GCC/ARMCMx/c"
 223      652F6D61 
 223      74742F61 
 223      726D5F63 
 223      6F727465 
 224 0093 68636F72 		.ascii	"hcore.c\000"
 224      652E6300 
 225              	.LASF9:
 226 009b 5F426F6F 		.ascii	"_Bool\000"
 226      6C00
 227              	.LASF4:
 228 00a1 73686F72 		.ascii	"short unsigned int\000"
 228      7420756E 
 228      7369676E 
 228      65642069 
 228      6E7400
 229              	.LASF1:
 230 00b4 7369676E 		.ascii	"signed char\000"
 230      65642063 
 230      68617200 
 231              	.LASF14:
 232 00c0 706F7274 		.ascii	"port_halt\000"
 232      5F68616C 
 232      7400
 233              	.LASF3:
 234 00ca 73686F72 		.ascii	"short int\000"
 234      7420696E 
 234      7400
 235              	.LASF12:
 236 00d4 474E5520 		.ascii	"GNU C 4.7.4 20130913 (prerelease)\000"
 236      4320342E 
 236      372E3420 
 236      32303133 
 236      30393133 
 237              	.LASF10:
 238 00f6 73697A65 		.ascii	"sizetype\000"
 238      74797065 
ARM GAS  /tmp/ccUNkwbu.s 			page 6


 238      00
 239              		.ident	"GCC: (GNU Tools for ARM Embedded Processors / bleeding-edge-toolchain-131005) 4.7.4 201309
ARM GAS  /tmp/ccUNkwbu.s 			page 7


DEFINED SYMBOLS
                            *ABS*:0000000000000000 chcore.c
     /tmp/ccUNkwbu.s:18     .text.port_halt:0000000000000000 $t
     /tmp/ccUNkwbu.s:24     .text.port_halt:0000000000000000 port_halt
                     .debug_frame:0000000000000010 $d

NO UNDEFINED SYMBOLS
