ARM GAS  /tmp/cc4lN0ie.s 			page 1


   1              		.cpu cortex-m0
   2              		.fpu softvfp
   3              		.eabi_attribute 20, 1
   4              		.eabi_attribute 21, 1
   5              		.eabi_attribute 23, 3
   6              		.eabi_attribute 24, 1
   7              		.eabi_attribute 25, 1
   8              		.eabi_attribute 26, 1
   9              		.eabi_attribute 30, 2
  10              		.eabi_attribute 34, 0
  11              		.eabi_attribute 18, 4
  12              		.code	16
  13              		.file	"chdynamic.c"
  14              		.text
  15              	.Ltext0:
  16              		.cfi_sections	.debug_frame
  17              		.section	.text.chThdAddRef,"ax",%progbits
  18              		.align	2
  19              		.p2align 4,,15
  20              		.global	chThdAddRef
  21              		.code	16
  22              		.thumb_func
  23              		.type	chThdAddRef, %function
  24              	chThdAddRef:
  25              	.LFB7:
  26              		.file 1 "/home/matt/arm_cortex/ChibiOS/os/kernel/src/chdynamic.c"
  27              		.loc 1 52 0
  28              		.cfi_startproc
  29              	.LVL0:
  30              		.loc 1 54 0
  31              	@ 54 "/home/matt/arm_cortex/ChibiOS/os/kernel/src/chdynamic.c" 1
  32 0000 72B6     		cpsid   i
  33              	@ 0 "" 2
  34              		.loc 1 56 0
  35              		.code	16
  36 0002 837F     		ldrb	r3, [r0, #30]
  37 0004 0133     		add	r3, r3, #1
  38 0006 8377     		strb	r3, [r0, #30]
  39              		.loc 1 57 0
  40              	@ 57 "/home/matt/arm_cortex/ChibiOS/os/kernel/src/chdynamic.c" 1
  41 0008 62B6     		cpsie   i
  42              	@ 0 "" 2
  43              		.loc 1 59 0
  44              		.code	16
  45              		@ sp needed for prologue
  46 000a 7047     		bx	lr
  47              		.cfi_endproc
  48              	.LFE7:
  49              		.size	chThdAddRef, .-chThdAddRef
  50 000c C046C046 		.section	.text.chThdRelease,"ax",%progbits
  51              		.align	2
  52              		.p2align 4,,15
  53              		.global	chThdRelease
  54              		.code	16
  55              		.thumb_func
  56              		.type	chThdRelease, %function
  57              	chThdRelease:
ARM GAS  /tmp/cc4lN0ie.s 			page 2


  58              	.LFB8:
  59              		.loc 1 74 0
  60              		.cfi_startproc
  61              	.LVL1:
  62 0000 08B5     		push	{r3, lr}
  63              	.LCFI0:
  64              		.cfi_def_cfa_offset 8
  65              		.cfi_offset 3, -8
  66              		.cfi_offset 14, -4
  67              		.loc 1 74 0
  68 0002 011C     		mov	r1, r0
  69              		.loc 1 77 0
  70              	@ 77 "/home/matt/arm_cortex/ChibiOS/os/kernel/src/chdynamic.c" 1
  71 0004 72B6     		cpsid   i
  72              	@ 0 "" 2
  73              		.loc 1 79 0
  74              		.code	16
  75 0006 837F     		ldrb	r3, [r0, #30]
  76 0008 013B     		sub	r3, r3, #1
  77 000a D8B2     		uxtb	r0, r3
  78              	.LVL2:
  79 000c 8877     		strb	r0, [r1, #30]
  80              	.LVL3:
  81              		.loc 1 80 0
  82              	@ 80 "/home/matt/arm_cortex/ChibiOS/os/kernel/src/chdynamic.c" 1
  83 000e 62B6     		cpsie   i
  84              	@ 0 "" 2
  85              		.loc 1 85 0
  86              		.code	16
  87 0010 0028     		cmp	r0, #0
  88 0012 02D1     		bne	.L2
  89              		.loc 1 85 0 is_stmt 0 discriminator 1
  90 0014 0A7F     		ldrb	r2, [r1, #28]
  91 0016 0E2A     		cmp	r2, #14
  92 0018 00D0     		beq	.L7
  93              	.LVL4:
  94              	.L2:
  95              		.loc 1 105 0 is_stmt 1
  96              		@ sp needed for prologue
  97 001a 08BD     		pop	{r3, pc}
  98              	.LVL5:
  99              	.L7:
 100              		.loc 1 86 0
 101 001c 4B7F     		ldrb	r3, [r1, #29]
 102              	.LVL6:
 103 001e 0320     		mov	r0, #3
 104              	.LVL7:
 105 0020 0340     		and	r3, r0
 106 0022 012B     		cmp	r3, #1
 107 0024 0AD0     		beq	.L4
 108 0026 022B     		cmp	r3, #2
 109 0028 F7D1     		bne	.L2
 110              		.loc 1 98 0
 111 002a 4B69     		ldr	r3, [r1, #20]
 112 002c 0A69     		ldr	r2, [r1, #16]
 113 002e 1A61     		str	r2, [r3, #16]
 114 0030 0869     		ldr	r0, [r1, #16]
ARM GAS  /tmp/cc4lN0ie.s 			page 3


 115 0032 4361     		str	r3, [r0, #20]
 116              		.loc 1 100 0
 117 0034 486C     		ldr	r0, [r1, #68]
 118 0036 FFF7FEFF 		bl	chPoolFree
 119              	.LVL8:
 120              		.loc 1 101 0
 121 003a EEE7     		b	.L2
 122              	.LVL9:
 123              	.L4:
 124              		.loc 1 90 0
 125 003c 4B69     		ldr	r3, [r1, #20]
 126 003e 0A69     		ldr	r2, [r1, #16]
 127 0040 1A61     		str	r2, [r3, #16]
 128 0042 0869     		ldr	r0, [r1, #16]
 129 0044 4361     		str	r3, [r0, #20]
 130              		.loc 1 92 0
 131 0046 081C     		mov	r0, r1
 132 0048 FFF7FEFF 		bl	chHeapFree
 133              	.LVL10:
 134              		.loc 1 93 0
 135 004c E5E7     		b	.L2
 136              		.cfi_endproc
 137              	.LFE8:
 138              		.size	chThdRelease, .-chThdRelease
 139 004e C046     		.section	.text.chThdCreateFromHeap,"ax",%progbits
 140              		.align	2
 141              		.p2align 4,,15
 142              		.global	chThdCreateFromHeap
 143              		.code	16
 144              		.thumb_func
 145              		.type	chThdCreateFromHeap, %function
 146              	chThdCreateFromHeap:
 147              	.LFB9:
 148              		.loc 1 131 0
 149              		.cfi_startproc
 150              	.LVL11:
 151 0000 70B5     		push	{r4, r5, r6, lr}
 152              	.LCFI1:
 153              		.cfi_def_cfa_offset 16
 154              		.cfi_offset 4, -16
 155              		.cfi_offset 5, -12
 156              		.cfi_offset 6, -8
 157              		.cfi_offset 14, -4
 158 0002 82B0     		sub	sp, sp, #8
 159              	.LCFI2:
 160              		.cfi_def_cfa_offset 24
 161              		.loc 1 131 0
 162 0004 0C1C     		mov	r4, r1
 163 0006 161C     		mov	r6, r2
 164 0008 1D1C     		mov	r5, r3
 165              		.loc 1 135 0
 166 000a FFF7FEFF 		bl	chHeapAlloc
 167              	.LVL12:
 168              		.loc 1 136 0
 169 000e 0028     		cmp	r0, #0
 170 0010 12D0     		beq	.L10
 171              		.loc 1 148 0
ARM GAS  /tmp/cc4lN0ie.s 			page 4


 172              	@ 148 "/home/matt/arm_cortex/ChibiOS/os/kernel/src/chdynamic.c" 1
 173 0012 72B6     		cpsid   i
 174              	@ 0 "" 2
 175              		.loc 1 149 0
 176              		.code	16
 177 0014 069B     		ldr	r3, [sp, #24]
 178 0016 211C     		mov	r1, r4
 179 0018 0093     		str	r3, [sp]
 180 001a 321C     		mov	r2, r6
 181 001c 2B1C     		mov	r3, r5
 182 001e FFF7FEFF 		bl	chThdCreateI
 183              	.LVL13:
 184 0022 041C     		mov	r4, r0
 185              	.LVL14:
 186              		.loc 1 150 0
 187 0024 0120     		mov	r0, #1
 188              	.LVL15:
 189 0026 6077     		strb	r0, [r4, #29]
 190              		.loc 1 151 0
 191 0028 0021     		mov	r1, #0
 192 002a 201C     		mov	r0, r4
 193 002c FFF7FEFF 		bl	chSchWakeupS
 194              	.LVL16:
 195              		.loc 1 152 0
 196              	@ 152 "/home/matt/arm_cortex/ChibiOS/os/kernel/src/chdynamic.c" 1
 197 0030 62B6     		cpsie   i
 198              	@ 0 "" 2
 199              	.LVL17:
 200              		.code	16
 201              	.L9:
 202              		.loc 1 154 0
 203 0032 201C     		mov	r0, r4
 204 0034 02B0     		add	sp, sp, #8
 205              		@ sp needed for prologue
 206              	.LVL18:
 207              	.LVL19:
 208 0036 70BD     		pop	{r4, r5, r6, pc}
 209              	.LVL20:
 210              	.L10:
 211              		.loc 1 137 0
 212 0038 0024     		mov	r4, #0
 213              	.LVL21:
 214 003a FAE7     		b	.L9
 215              		.cfi_endproc
 216              	.LFE9:
 217              		.size	chThdCreateFromHeap, .-chThdCreateFromHeap
 218 003c C046C046 		.section	.text.chThdCreateFromMemoryPool,"ax",%progbits
 219              		.align	2
 220              		.p2align 4,,15
 221              		.global	chThdCreateFromMemoryPool
 222              		.code	16
 223              		.thumb_func
 224              		.type	chThdCreateFromMemoryPool, %function
 225              	chThdCreateFromMemoryPool:
 226              	.LFB10:
 227              		.loc 1 180 0
 228              		.cfi_startproc
ARM GAS  /tmp/cc4lN0ie.s 			page 5


 229              	.LVL22:
 230 0000 F0B5     		push	{r4, r5, r6, r7, lr}
 231              	.LCFI3:
 232              		.cfi_def_cfa_offset 20
 233              		.cfi_offset 4, -20
 234              		.cfi_offset 5, -16
 235              		.cfi_offset 6, -12
 236              		.cfi_offset 7, -8
 237              		.cfi_offset 14, -4
 238 0002 83B0     		sub	sp, sp, #12
 239              	.LCFI4:
 240              		.cfi_def_cfa_offset 32
 241              		.loc 1 180 0
 242 0004 051C     		mov	r5, r0
 243 0006 0E1C     		mov	r6, r1
 244 0008 141C     		mov	r4, r2
 245 000a 1F1C     		mov	r7, r3
 246              		.loc 1 186 0
 247 000c FFF7FEFF 		bl	chPoolAlloc
 248              	.LVL23:
 249              		.loc 1 187 0
 250 0010 0028     		cmp	r0, #0
 251 0012 11D0     		beq	.L13
 252              		.loc 1 199 0
 253              	@ 199 "/home/matt/arm_cortex/ChibiOS/os/kernel/src/chdynamic.c" 1
 254 0014 72B6     		cpsid   i
 255              	@ 0 "" 2
 256              		.loc 1 200 0
 257              		.code	16
 258 0016 321C     		mov	r2, r6
 259 0018 6968     		ldr	r1, [r5, #4]
 260 001a 231C     		mov	r3, r4
 261 001c 0097     		str	r7, [sp]
 262 001e FFF7FEFF 		bl	chThdCreateI
 263              	.LVL24:
 264              		.loc 1 201 0
 265 0022 0223     		mov	r3, #2
 266 0024 4377     		strb	r3, [r0, #29]
 267              		.loc 1 202 0
 268 0026 4564     		str	r5, [r0, #68]
 269              		.loc 1 203 0
 270 0028 0021     		mov	r1, #0
 271              		.loc 1 200 0
 272 002a 061C     		mov	r6, r0
 273              	.LVL25:
 274              		.loc 1 203 0
 275 002c FFF7FEFF 		bl	chSchWakeupS
 276              	.LVL26:
 277              		.loc 1 204 0
 278              	@ 204 "/home/matt/arm_cortex/ChibiOS/os/kernel/src/chdynamic.c" 1
 279 0030 62B6     		cpsie   i
 280              	@ 0 "" 2
 281              	.LVL27:
 282              		.code	16
 283              	.L12:
 284              		.loc 1 206 0
 285 0032 301C     		mov	r0, r6
ARM GAS  /tmp/cc4lN0ie.s 			page 6


 286 0034 03B0     		add	sp, sp, #12
 287              		@ sp needed for prologue
 288              	.LVL28:
 289              	.LVL29:
 290              	.LVL30:
 291 0036 F0BD     		pop	{r4, r5, r6, r7, pc}
 292              	.LVL31:
 293              	.L13:
 294              		.loc 1 188 0
 295 0038 0026     		mov	r6, #0
 296              	.LVL32:
 297 003a FAE7     		b	.L12
 298              		.cfi_endproc
 299              	.LFE10:
 300              		.size	chThdCreateFromMemoryPool, .-chThdCreateFromMemoryPool
 301 003c C046C046 		.text
 302              	.Letext0:
 303              		.file 2 "/home/matt/arm_cortex/gcc-arm-none-eabi/bin/../lib/gcc/arm-none-eabi/4.7.4/include/stddef
 304              		.file 3 "/home/matt/arm_cortex/gcc-arm-none-eabi/bin/../lib/gcc/arm-none-eabi/4.7.4/../../../../ar
 305              		.file 4 "/home/matt/arm_cortex/ChibiOS/os/ports/GCC/ARMCMx/chtypes.h"
 306              		.file 5 "/home/matt/arm_cortex/ChibiOS/os/kernel/include/chlists.h"
 307              		.file 6 "/home/matt/arm_cortex/ChibiOS/os/kernel/include/chthreads.h"
 308              		.file 7 "/home/matt/arm_cortex/ChibiOS/os/ports/GCC/ARMCMx/chcore_v6m.h"
 309              		.file 8 "/home/matt/arm_cortex/ChibiOS/os/kernel/include/chmtx.h"
 310              		.file 9 "/home/matt/arm_cortex/ChibiOS/os/kernel/include/chmemcore.h"
 311              		.file 10 "/home/matt/arm_cortex/ChibiOS/os/kernel/include/chheap.h"
 312              		.file 11 "/home/matt/arm_cortex/ChibiOS/os/kernel/include/chmempools.h"
 313              		.file 12 "/home/matt/arm_cortex/ChibiOS/os/kernel/include/chschd.h"
 314              		.section	.debug_info,"",%progbits
 315              	.Ldebug_info0:
 316 0000 05080000 		.4byte	0x805
 317 0004 0200     		.2byte	0x2
 318 0006 00000000 		.4byte	.Ldebug_abbrev0
 319 000a 04       		.byte	0x4
 320 000b 01       		.uleb128 0x1
 321 000c 6F030000 		.4byte	.LASF88
 322 0010 01       		.byte	0x1
 323 0011 64000000 		.4byte	.LASF89
 324 0015 00000000 		.4byte	.Ldebug_ranges0+0
 325 0019 00000000 		.4byte	0
 326 001d 00000000 		.4byte	0
 327 0021 00000000 		.4byte	.Ldebug_line0
 328 0025 02       		.uleb128 0x2
 329 0026 04       		.byte	0x4
 330 0027 05       		.byte	0x5
 331 0028 696E7400 		.ascii	"int\000"
 332 002c 03       		.uleb128 0x3
 333 002d 0E000000 		.4byte	.LASF2
 334 0031 02       		.byte	0x2
 335 0032 D5       		.byte	0xd5
 336 0033 37000000 		.4byte	0x37
 337 0037 04       		.uleb128 0x4
 338 0038 04       		.byte	0x4
 339 0039 07       		.byte	0x7
 340 003a 65010000 		.4byte	.LASF0
 341 003e 04       		.uleb128 0x4
 342 003f 01       		.byte	0x1
ARM GAS  /tmp/cc4lN0ie.s 			page 7


 343 0040 06       		.byte	0x6
 344 0041 B6000000 		.4byte	.LASF1
 345 0045 03       		.uleb128 0x3
 346 0046 50030000 		.4byte	.LASF3
 347 004a 03       		.byte	0x3
 348 004b 2A       		.byte	0x2a
 349 004c 50000000 		.4byte	0x50
 350 0050 04       		.uleb128 0x4
 351 0051 01       		.byte	0x1
 352 0052 08       		.byte	0x8
 353 0053 5C020000 		.4byte	.LASF4
 354 0057 04       		.uleb128 0x4
 355 0058 02       		.byte	0x2
 356 0059 05       		.byte	0x5
 357 005a 7F020000 		.4byte	.LASF5
 358 005e 04       		.uleb128 0x4
 359 005f 02       		.byte	0x2
 360 0060 07       		.byte	0x7
 361 0061 91010000 		.4byte	.LASF6
 362 0065 03       		.uleb128 0x3
 363 0066 54020000 		.4byte	.LASF7
 364 006a 03       		.byte	0x3
 365 006b 4F       		.byte	0x4f
 366 006c 70000000 		.4byte	0x70
 367 0070 04       		.uleb128 0x4
 368 0071 04       		.byte	0x4
 369 0072 05       		.byte	0x5
 370 0073 FA000000 		.4byte	.LASF8
 371 0077 03       		.uleb128 0x3
 372 0078 E8020000 		.4byte	.LASF9
 373 007c 03       		.byte	0x3
 374 007d 50       		.byte	0x50
 375 007e 82000000 		.4byte	0x82
 376 0082 04       		.uleb128 0x4
 377 0083 04       		.byte	0x4
 378 0084 07       		.byte	0x7
 379 0085 72010000 		.4byte	.LASF10
 380 0089 04       		.uleb128 0x4
 381 008a 08       		.byte	0x8
 382 008b 05       		.byte	0x5
 383 008c A8000000 		.4byte	.LASF11
 384 0090 03       		.uleb128 0x3
 385 0091 1C000000 		.4byte	.LASF12
 386 0095 03       		.byte	0x3
 387 0096 78       		.byte	0x78
 388 0097 9B000000 		.4byte	0x9b
 389 009b 04       		.uleb128 0x4
 390 009c 08       		.byte	0x8
 391 009d 07       		.byte	0x7
 392 009e 3D000000 		.4byte	.LASF13
 393 00a2 04       		.uleb128 0x4
 394 00a3 01       		.byte	0x1
 395 00a4 02       		.byte	0x2
 396 00a5 4E020000 		.4byte	.LASF14
 397 00a9 03       		.uleb128 0x3
 398 00aa AA010000 		.4byte	.LASF15
 399 00ae 04       		.byte	0x4
ARM GAS  /tmp/cc4lN0ie.s 			page 8


 400 00af 2C       		.byte	0x2c
 401 00b0 45000000 		.4byte	0x45
 402 00b4 03       		.uleb128 0x3
 403 00b5 17010000 		.4byte	.LASF16
 404 00b9 04       		.byte	0x4
 405 00ba 2D       		.byte	0x2d
 406 00bb 45000000 		.4byte	0x45
 407 00bf 03       		.uleb128 0x3
 408 00c0 32020000 		.4byte	.LASF17
 409 00c4 04       		.byte	0x4
 410 00c5 2E       		.byte	0x2e
 411 00c6 45000000 		.4byte	0x45
 412 00ca 03       		.uleb128 0x3
 413 00cb E3000000 		.4byte	.LASF18
 414 00cf 04       		.byte	0x4
 415 00d0 2F       		.byte	0x2f
 416 00d1 45000000 		.4byte	0x45
 417 00d5 03       		.uleb128 0x3
 418 00d6 46020000 		.4byte	.LASF19
 419 00da 04       		.byte	0x4
 420 00db 30       		.byte	0x30
 421 00dc 77000000 		.4byte	0x77
 422 00e0 03       		.uleb128 0x3
 423 00e1 A4010000 		.4byte	.LASF20
 424 00e5 04       		.byte	0x4
 425 00e6 31       		.byte	0x31
 426 00e7 65000000 		.4byte	0x65
 427 00eb 03       		.uleb128 0x3
 428 00ec BE010000 		.4byte	.LASF21
 429 00f0 04       		.byte	0x4
 430 00f1 33       		.byte	0x33
 431 00f2 77000000 		.4byte	0x77
 432 00f6 03       		.uleb128 0x3
 433 00f7 02030000 		.4byte	.LASF22
 434 00fb 04       		.byte	0x4
 435 00fc 35       		.byte	0x35
 436 00fd 77000000 		.4byte	0x77
 437 0101 03       		.uleb128 0x3
 438 0102 CA020000 		.4byte	.LASF23
 439 0106 05       		.byte	0x5
 440 0107 2A       		.byte	0x2a
 441 0108 0C010000 		.4byte	0x10c
 442 010c 05       		.uleb128 0x5
 443 010d CA020000 		.4byte	.LASF23
 444 0111 48       		.byte	0x48
 445 0112 06       		.byte	0x6
 446 0113 5E       		.byte	0x5e
 447 0114 31020000 		.4byte	0x231
 448 0118 06       		.uleb128 0x6
 449 0119 AE020000 		.4byte	.LASF24
 450 011d 06       		.byte	0x6
 451 011e 5F       		.byte	0x5f
 452 011f 56020000 		.4byte	0x256
 453 0123 02       		.byte	0x2
 454 0124 23       		.byte	0x23
 455 0125 00       		.uleb128 0
 456 0126 06       		.uleb128 0x6
ARM GAS  /tmp/cc4lN0ie.s 			page 9


 457 0127 3F020000 		.4byte	.LASF25
 458 012b 06       		.byte	0x6
 459 012c 61       		.byte	0x61
 460 012d 56020000 		.4byte	0x256
 461 0131 02       		.byte	0x2
 462 0132 23       		.byte	0x23
 463 0133 04       		.uleb128 0x4
 464 0134 06       		.uleb128 0x6
 465 0135 A1000000 		.4byte	.LASF26
 466 0139 06       		.byte	0x6
 467 013a 63       		.byte	0x63
 468 013b D5000000 		.4byte	0xd5
 469 013f 02       		.byte	0x2
 470 0140 23       		.byte	0x23
 471 0141 08       		.uleb128 0x8
 472 0142 06       		.uleb128 0x6
 473 0143 A7030000 		.4byte	.LASF27
 474 0147 06       		.byte	0x6
 475 0148 64       		.byte	0x64
 476 0149 25030000 		.4byte	0x325
 477 014d 02       		.byte	0x2
 478 014e 23       		.byte	0x23
 479 014f 0C       		.uleb128 0xc
 480 0150 06       		.uleb128 0x6
 481 0151 28010000 		.4byte	.LASF28
 482 0155 06       		.byte	0x6
 483 0156 66       		.byte	0x66
 484 0157 56020000 		.4byte	0x256
 485 015b 02       		.byte	0x2
 486 015c 23       		.byte	0x23
 487 015d 10       		.uleb128 0x10
 488 015e 06       		.uleb128 0x6
 489 015f F0010000 		.4byte	.LASF29
 490 0163 06       		.byte	0x6
 491 0164 67       		.byte	0x67
 492 0165 56020000 		.4byte	0x256
 493 0169 02       		.byte	0x2
 494 016a 23       		.byte	0x23
 495 016b 14       		.uleb128 0x14
 496 016c 06       		.uleb128 0x6
 497 016d 98030000 		.4byte	.LASF30
 498 0171 06       		.byte	0x6
 499 0172 6E       		.byte	0x6e
 500 0173 00050000 		.4byte	0x500
 501 0177 02       		.byte	0x2
 502 0178 23       		.byte	0x23
 503 0179 18       		.uleb128 0x18
 504 017a 06       		.uleb128 0x6
 505 017b 89020000 		.4byte	.LASF31
 506 017f 06       		.byte	0x6
 507 0180 79       		.byte	0x79
 508 0181 B4000000 		.4byte	0xb4
 509 0185 02       		.byte	0x2
 510 0186 23       		.byte	0x23
 511 0187 1C       		.uleb128 0x1c
 512 0188 06       		.uleb128 0x6
 513 0189 B5020000 		.4byte	.LASF32
ARM GAS  /tmp/cc4lN0ie.s 			page 10


 514 018d 06       		.byte	0x6
 515 018e 7D       		.byte	0x7d
 516 018f A9000000 		.4byte	0xa9
 517 0193 02       		.byte	0x2
 518 0194 23       		.byte	0x23
 519 0195 1D       		.uleb128 0x1d
 520 0196 06       		.uleb128 0x6
 521 0197 49030000 		.4byte	.LASF33
 522 019b 06       		.byte	0x6
 523 019c 82       		.byte	0x82
 524 019d BF000000 		.4byte	0xbf
 525 01a1 02       		.byte	0x2
 526 01a2 23       		.byte	0x23
 527 01a3 1E       		.uleb128 0x1e
 528 01a4 06       		.uleb128 0x6
 529 01a5 91020000 		.4byte	.LASF34
 530 01a9 06       		.byte	0x6
 531 01aa 88       		.byte	0x88
 532 01ab CA000000 		.4byte	0xca
 533 01af 02       		.byte	0x2
 534 01b0 23       		.byte	0x23
 535 01b1 1F       		.uleb128 0x1f
 536 01b2 06       		.uleb128 0x6
 537 01b3 17030000 		.4byte	.LASF35
 538 01b7 06       		.byte	0x6
 539 01b8 8F       		.byte	0x8f
 540 01b9 4D030000 		.4byte	0x34d
 541 01bd 02       		.byte	0x2
 542 01be 23       		.byte	0x23
 543 01bf 20       		.uleb128 0x20
 544 01c0 07       		.uleb128 0x7
 545 01c1 705F7500 		.ascii	"p_u\000"
 546 01c5 06       		.byte	0x6
 547 01c6 B4       		.byte	0xb4
 548 01c7 CB040000 		.4byte	0x4cb
 549 01cb 02       		.byte	0x2
 550 01cc 23       		.byte	0x23
 551 01cd 24       		.uleb128 0x24
 552 01ce 06       		.uleb128 0x6
 553 01cf AD030000 		.4byte	.LASF36
 554 01d3 06       		.byte	0x6
 555 01d4 B9       		.byte	0xb9
 556 01d5 7E020000 		.4byte	0x27e
 557 01d9 02       		.byte	0x2
 558 01da 23       		.byte	0x23
 559 01db 28       		.uleb128 0x28
 560 01dc 06       		.uleb128 0x6
 561 01dd 25030000 		.4byte	.LASF37
 562 01e1 06       		.byte	0x6
 563 01e2 BF       		.byte	0xbf
 564 01e3 5C020000 		.4byte	0x25c
 565 01e7 02       		.byte	0x2
 566 01e8 23       		.byte	0x23
 567 01e9 2C       		.uleb128 0x2c
 568 01ea 06       		.uleb128 0x6
 569 01eb 08000000 		.4byte	.LASF38
 570 01ef 06       		.byte	0x6
ARM GAS  /tmp/cc4lN0ie.s 			page 11


 571 01f0 C3       		.byte	0xc3
 572 01f1 E0000000 		.4byte	0xe0
 573 01f5 02       		.byte	0x2
 574 01f6 23       		.byte	0x23
 575 01f7 34       		.uleb128 0x34
 576 01f8 06       		.uleb128 0x6
 577 01f9 DD020000 		.4byte	.LASF39
 578 01fd 06       		.byte	0x6
 579 01fe C9       		.byte	0xc9
 580 01ff EB000000 		.4byte	0xeb
 581 0203 02       		.byte	0x2
 582 0204 23       		.byte	0x23
 583 0205 38       		.uleb128 0x38
 584 0206 06       		.uleb128 0x6
 585 0207 75020000 		.4byte	.LASF40
 586 020b 06       		.byte	0x6
 587 020c D0       		.byte	0xd0
 588 020d 12050000 		.4byte	0x512
 589 0211 02       		.byte	0x2
 590 0212 23       		.byte	0x23
 591 0213 3C       		.uleb128 0x3c
 592 0214 06       		.uleb128 0x6
 593 0215 0C030000 		.4byte	.LASF41
 594 0219 06       		.byte	0x6
 595 021a D4       		.byte	0xd4
 596 021b D5000000 		.4byte	0xd5
 597 021f 02       		.byte	0x2
 598 0220 23       		.byte	0x23
 599 0221 40       		.uleb128 0x40
 600 0222 06       		.uleb128 0x6
 601 0223 C8000000 		.4byte	.LASF42
 602 0227 06       		.byte	0x6
 603 0228 DA       		.byte	0xda
 604 0229 94020000 		.4byte	0x294
 605 022d 02       		.byte	0x2
 606 022e 23       		.byte	0x23
 607 022f 44       		.uleb128 0x44
 608 0230 00       		.byte	0
 609 0231 08       		.uleb128 0x8
 610 0232 08       		.byte	0x8
 611 0233 05       		.byte	0x5
 612 0234 61       		.byte	0x61
 613 0235 56020000 		.4byte	0x256
 614 0239 06       		.uleb128 0x6
 615 023a AE020000 		.4byte	.LASF24
 616 023e 05       		.byte	0x5
 617 023f 62       		.byte	0x62
 618 0240 56020000 		.4byte	0x256
 619 0244 02       		.byte	0x2
 620 0245 23       		.byte	0x23
 621 0246 00       		.uleb128 0
 622 0247 06       		.uleb128 0x6
 623 0248 3F020000 		.4byte	.LASF25
 624 024c 05       		.byte	0x5
 625 024d 64       		.byte	0x64
 626 024e 56020000 		.4byte	0x256
 627 0252 02       		.byte	0x2
ARM GAS  /tmp/cc4lN0ie.s 			page 12


 628 0253 23       		.byte	0x23
 629 0254 04       		.uleb128 0x4
 630 0255 00       		.byte	0
 631 0256 09       		.uleb128 0x9
 632 0257 04       		.byte	0x4
 633 0258 01010000 		.4byte	0x101
 634 025c 03       		.uleb128 0x3
 635 025d F8010000 		.4byte	.LASF43
 636 0261 05       		.byte	0x5
 637 0262 66       		.byte	0x66
 638 0263 31020000 		.4byte	0x231
 639 0267 08       		.uleb128 0x8
 640 0268 04       		.byte	0x4
 641 0269 05       		.byte	0x5
 642 026a 6B       		.byte	0x6b
 643 026b 7E020000 		.4byte	0x27e
 644 026f 06       		.uleb128 0x6
 645 0270 AE020000 		.4byte	.LASF24
 646 0274 05       		.byte	0x5
 647 0275 6D       		.byte	0x6d
 648 0276 56020000 		.4byte	0x256
 649 027a 02       		.byte	0x2
 650 027b 23       		.byte	0x23
 651 027c 00       		.uleb128 0
 652 027d 00       		.byte	0
 653 027e 03       		.uleb128 0x3
 654 027f B2010000 		.4byte	.LASF44
 655 0283 05       		.byte	0x5
 656 0284 70       		.byte	0x70
 657 0285 67020000 		.4byte	0x267
 658 0289 03       		.uleb128 0x3
 659 028a 56010000 		.4byte	.LASF45
 660 028e 07       		.byte	0x7
 661 028f A7       		.byte	0xa7
 662 0290 94020000 		.4byte	0x294
 663 0294 0A       		.uleb128 0xa
 664 0295 04       		.byte	0x4
 665 0296 03       		.uleb128 0x3
 666 0297 DC010000 		.4byte	.LASF46
 667 029b 07       		.byte	0x7
 668 029c AD       		.byte	0xad
 669 029d 90000000 		.4byte	0x90
 670 02a1 05       		.uleb128 0x5
 671 02a2 1E030000 		.4byte	.LASF47
 672 02a6 24       		.byte	0x24
 673 02a7 07       		.byte	0x7
 674 02a8 BA       		.byte	0xba
 675 02a9 25030000 		.4byte	0x325
 676 02ad 07       		.uleb128 0x7
 677 02ae 723800   		.ascii	"r8\000"
 678 02b1 07       		.byte	0x7
 679 02b2 BB       		.byte	0xbb
 680 02b3 89020000 		.4byte	0x289
 681 02b7 02       		.byte	0x2
 682 02b8 23       		.byte	0x23
 683 02b9 00       		.uleb128 0
 684 02ba 07       		.uleb128 0x7
ARM GAS  /tmp/cc4lN0ie.s 			page 13


 685 02bb 723900   		.ascii	"r9\000"
 686 02be 07       		.byte	0x7
 687 02bf BC       		.byte	0xbc
 688 02c0 89020000 		.4byte	0x289
 689 02c4 02       		.byte	0x2
 690 02c5 23       		.byte	0x23
 691 02c6 04       		.uleb128 0x4
 692 02c7 07       		.uleb128 0x7
 693 02c8 72313000 		.ascii	"r10\000"
 694 02cc 07       		.byte	0x7
 695 02cd BD       		.byte	0xbd
 696 02ce 89020000 		.4byte	0x289
 697 02d2 02       		.byte	0x2
 698 02d3 23       		.byte	0x23
 699 02d4 08       		.uleb128 0x8
 700 02d5 07       		.uleb128 0x7
 701 02d6 72313100 		.ascii	"r11\000"
 702 02da 07       		.byte	0x7
 703 02db BE       		.byte	0xbe
 704 02dc 89020000 		.4byte	0x289
 705 02e0 02       		.byte	0x2
 706 02e1 23       		.byte	0x23
 707 02e2 0C       		.uleb128 0xc
 708 02e3 07       		.uleb128 0x7
 709 02e4 723400   		.ascii	"r4\000"
 710 02e7 07       		.byte	0x7
 711 02e8 BF       		.byte	0xbf
 712 02e9 89020000 		.4byte	0x289
 713 02ed 02       		.byte	0x2
 714 02ee 23       		.byte	0x23
 715 02ef 10       		.uleb128 0x10
 716 02f0 07       		.uleb128 0x7
 717 02f1 723500   		.ascii	"r5\000"
 718 02f4 07       		.byte	0x7
 719 02f5 C0       		.byte	0xc0
 720 02f6 89020000 		.4byte	0x289
 721 02fa 02       		.byte	0x2
 722 02fb 23       		.byte	0x23
 723 02fc 14       		.uleb128 0x14
 724 02fd 07       		.uleb128 0x7
 725 02fe 723600   		.ascii	"r6\000"
 726 0301 07       		.byte	0x7
 727 0302 C1       		.byte	0xc1
 728 0303 89020000 		.4byte	0x289
 729 0307 02       		.byte	0x2
 730 0308 23       		.byte	0x23
 731 0309 18       		.uleb128 0x18
 732 030a 07       		.uleb128 0x7
 733 030b 723700   		.ascii	"r7\000"
 734 030e 07       		.byte	0x7
 735 030f C2       		.byte	0xc2
 736 0310 89020000 		.4byte	0x289
 737 0314 02       		.byte	0x2
 738 0315 23       		.byte	0x23
 739 0316 1C       		.uleb128 0x1c
 740 0317 07       		.uleb128 0x7
 741 0318 6C7200   		.ascii	"lr\000"
ARM GAS  /tmp/cc4lN0ie.s 			page 14


 742 031b 07       		.byte	0x7
 743 031c C3       		.byte	0xc3
 744 031d 89020000 		.4byte	0x289
 745 0321 02       		.byte	0x2
 746 0322 23       		.byte	0x23
 747 0323 20       		.uleb128 0x20
 748 0324 00       		.byte	0
 749 0325 05       		.uleb128 0x5
 750 0326 84010000 		.4byte	.LASF48
 751 032a 04       		.byte	0x4
 752 032b 07       		.byte	0x7
 753 032c CD       		.byte	0xcd
 754 032d 40030000 		.4byte	0x340
 755 0331 07       		.uleb128 0x7
 756 0332 72313300 		.ascii	"r13\000"
 757 0336 07       		.byte	0x7
 758 0337 CE       		.byte	0xce
 759 0338 40030000 		.4byte	0x340
 760 033c 02       		.byte	0x2
 761 033d 23       		.byte	0x23
 762 033e 00       		.uleb128 0
 763 033f 00       		.byte	0
 764 0340 09       		.uleb128 0x9
 765 0341 04       		.byte	0x4
 766 0342 A1020000 		.4byte	0x2a1
 767 0346 04       		.uleb128 0x4
 768 0347 04       		.byte	0x4
 769 0348 07       		.byte	0x7
 770 0349 E7010000 		.4byte	.LASF49
 771 034d 0B       		.uleb128 0xb
 772 034e F6000000 		.4byte	0xf6
 773 0352 05       		.uleb128 0x5
 774 0353 CA010000 		.4byte	.LASF50
 775 0357 10       		.byte	0x10
 776 0358 08       		.byte	0x8
 777 0359 2C       		.byte	0x2c
 778 035a 89030000 		.4byte	0x389
 779 035e 06       		.uleb128 0x6
 780 035f D0000000 		.4byte	.LASF51
 781 0363 08       		.byte	0x8
 782 0364 2D       		.byte	0x2d
 783 0365 5C020000 		.4byte	0x25c
 784 0369 02       		.byte	0x2
 785 036a 23       		.byte	0x23
 786 036b 00       		.uleb128 0
 787 036c 06       		.uleb128 0x6
 788 036d 9F030000 		.4byte	.LASF52
 789 0371 08       		.byte	0x8
 790 0372 2F       		.byte	0x2f
 791 0373 56020000 		.4byte	0x256
 792 0377 02       		.byte	0x2
 793 0378 23       		.byte	0x23
 794 0379 08       		.uleb128 0x8
 795 037a 06       		.uleb128 0x6
 796 037b FB020000 		.4byte	.LASF53
 797 037f 08       		.byte	0x8
 798 0380 31       		.byte	0x31
ARM GAS  /tmp/cc4lN0ie.s 			page 15


 799 0381 89030000 		.4byte	0x389
 800 0385 02       		.byte	0x2
 801 0386 23       		.byte	0x23
 802 0387 0C       		.uleb128 0xc
 803 0388 00       		.byte	0
 804 0389 09       		.uleb128 0x9
 805 038a 04       		.byte	0x4
 806 038b 52030000 		.4byte	0x352
 807 038f 03       		.uleb128 0x3
 808 0390 CA010000 		.4byte	.LASF50
 809 0394 08       		.byte	0x8
 810 0395 33       		.byte	0x33
 811 0396 52030000 		.4byte	0x352
 812 039a 03       		.uleb128 0x3
 813 039b 30000000 		.4byte	.LASF54
 814 039f 09       		.byte	0x9
 815 03a0 2C       		.byte	0x2c
 816 03a1 A5030000 		.4byte	0x3a5
 817 03a5 09       		.uleb128 0x9
 818 03a6 04       		.byte	0x4
 819 03a7 AB030000 		.4byte	0x3ab
 820 03ab 0C       		.uleb128 0xc
 821 03ac 01       		.byte	0x1
 822 03ad 94020000 		.4byte	0x294
 823 03b1 BB030000 		.4byte	0x3bb
 824 03b5 0D       		.uleb128 0xd
 825 03b6 2C000000 		.4byte	0x2c
 826 03ba 00       		.byte	0
 827 03bb 03       		.uleb128 0x3
 828 03bc 19020000 		.4byte	.LASF55
 829 03c0 0A       		.byte	0xa
 830 03c1 34       		.byte	0x34
 831 03c2 C6030000 		.4byte	0x3c6
 832 03c6 05       		.uleb128 0x5
 833 03c7 B7030000 		.4byte	.LASF56
 834 03cb 20       		.byte	0x20
 835 03cc 0A       		.byte	0xa
 836 03cd 47       		.byte	0x47
 837 03ce FD030000 		.4byte	0x3fd
 838 03d2 06       		.uleb128 0x6
 839 03d3 6A020000 		.4byte	.LASF57
 840 03d7 0A       		.byte	0xa
 841 03d8 48       		.byte	0x48
 842 03d9 9A030000 		.4byte	0x39a
 843 03dd 02       		.byte	0x2
 844 03de 23       		.byte	0x23
 845 03df 00       		.uleb128 0
 846 03e0 06       		.uleb128 0x6
 847 03e1 5D000000 		.4byte	.LASF58
 848 03e5 0A       		.byte	0xa
 849 03e6 4A       		.byte	0x4a
 850 03e7 1C040000 		.4byte	0x41c
 851 03eb 02       		.byte	0x2
 852 03ec 23       		.byte	0x23
 853 03ed 08       		.uleb128 0x8
 854 03ee 06       		.uleb128 0x6
 855 03ef C2000000 		.4byte	.LASF59
ARM GAS  /tmp/cc4lN0ie.s 			page 16


 856 03f3 0A       		.byte	0xa
 857 03f4 4C       		.byte	0x4c
 858 03f5 8F030000 		.4byte	0x38f
 859 03f9 02       		.byte	0x2
 860 03fa 23       		.byte	0x23
 861 03fb 10       		.uleb128 0x10
 862 03fc 00       		.byte	0
 863 03fd 0E       		.uleb128 0xe
 864 03fe 04       		.byte	0x4
 865 03ff 0A       		.byte	0xa
 866 0400 3C       		.byte	0x3c
 867 0401 1C040000 		.4byte	0x41c
 868 0405 0F       		.uleb128 0xf
 869 0406 9C000000 		.4byte	.LASF60
 870 040a 0A       		.byte	0xa
 871 040b 3D       		.byte	0x3d
 872 040c 3D040000 		.4byte	0x43d
 873 0410 0F       		.uleb128 0xf
 874 0411 F1020000 		.4byte	.LASF61
 875 0415 0A       		.byte	0xa
 876 0416 3E       		.byte	0x3e
 877 0417 43040000 		.4byte	0x443
 878 041b 00       		.byte	0
 879 041c 10       		.uleb128 0x10
 880 041d 9B020000 		.4byte	.LASF90
 881 0421 08       		.byte	0x8
 882 0422 0A       		.byte	0xa
 883 0423 39       		.byte	0x39
 884 0424 3D040000 		.4byte	0x43d
 885 0428 0F       		.uleb128 0xf
 886 0429 5F010000 		.4byte	.LASF62
 887 042d 0A       		.byte	0xa
 888 042e 3A       		.byte	0x3a
 889 042f 96020000 		.4byte	0x296
 890 0433 11       		.uleb128 0x11
 891 0434 6800     		.ascii	"h\000"
 892 0436 0A       		.byte	0xa
 893 0437 41       		.byte	0x41
 894 0438 49040000 		.4byte	0x449
 895 043c 00       		.byte	0
 896 043d 09       		.uleb128 0x9
 897 043e 04       		.byte	0x4
 898 043f 1C040000 		.4byte	0x41c
 899 0443 09       		.uleb128 0x9
 900 0444 04       		.byte	0x4
 901 0445 BB030000 		.4byte	0x3bb
 902 0449 08       		.uleb128 0x8
 903 044a 08       		.byte	0x8
 904 044b 0A       		.byte	0xa
 905 044c 3B       		.byte	0x3b
 906 044d 6C040000 		.4byte	0x46c
 907 0451 07       		.uleb128 0x7
 908 0452 7500     		.ascii	"u\000"
 909 0454 0A       		.byte	0xa
 910 0455 3F       		.byte	0x3f
 911 0456 FD030000 		.4byte	0x3fd
 912 045a 02       		.byte	0x2
ARM GAS  /tmp/cc4lN0ie.s 			page 17


 913 045b 23       		.byte	0x23
 914 045c 00       		.uleb128 0
 915 045d 06       		.uleb128 0x6
 916 045e 8C010000 		.4byte	.LASF63
 917 0462 0A       		.byte	0xa
 918 0463 40       		.byte	0x40
 919 0464 2C000000 		.4byte	0x2c
 920 0468 02       		.byte	0x2
 921 0469 23       		.byte	0x23
 922 046a 04       		.uleb128 0x4
 923 046b 00       		.byte	0
 924 046c 05       		.uleb128 0x5
 925 046d 3D030000 		.4byte	.LASF64
 926 0471 04       		.byte	0x4
 927 0472 0B       		.byte	0xb
 928 0473 2C       		.byte	0x2c
 929 0474 87040000 		.4byte	0x487
 930 0478 06       		.uleb128 0x6
 931 0479 2A020000 		.4byte	.LASF65
 932 047d 0B       		.byte	0xb
 933 047e 2D       		.byte	0x2d
 934 047f 87040000 		.4byte	0x487
 935 0483 02       		.byte	0x2
 936 0484 23       		.byte	0x23
 937 0485 00       		.uleb128 0
 938 0486 00       		.byte	0
 939 0487 09       		.uleb128 0x9
 940 0488 04       		.byte	0x4
 941 0489 6C040000 		.4byte	0x46c
 942 048d 08       		.uleb128 0x8
 943 048e 0C       		.byte	0xc
 944 048f 0B       		.byte	0xb
 945 0490 34       		.byte	0x34
 946 0491 C0040000 		.4byte	0x4c0
 947 0495 06       		.uleb128 0x6
 948 0496 20010000 		.4byte	.LASF66
 949 049a 0B       		.byte	0xb
 950 049b 35       		.byte	0x35
 951 049c 87040000 		.4byte	0x487
 952 04a0 02       		.byte	0x2
 953 04a1 23       		.byte	0x23
 954 04a2 00       		.uleb128 0
 955 04a3 06       		.uleb128 0x6
 956 04a4 05020000 		.4byte	.LASF67
 957 04a8 0B       		.byte	0xb
 958 04a9 36       		.byte	0x36
 959 04aa 2C000000 		.4byte	0x2c
 960 04ae 02       		.byte	0x2
 961 04af 23       		.byte	0x23
 962 04b0 04       		.uleb128 0x4
 963 04b1 06       		.uleb128 0x6
 964 04b2 4A010000 		.4byte	.LASF68
 965 04b6 0B       		.byte	0xb
 966 04b7 38       		.byte	0x38
 967 04b8 9A030000 		.4byte	0x39a
 968 04bc 02       		.byte	0x2
 969 04bd 23       		.byte	0x23
ARM GAS  /tmp/cc4lN0ie.s 			page 18


 970 04be 08       		.uleb128 0x8
 971 04bf 00       		.byte	0
 972 04c0 03       		.uleb128 0x3
 973 04c1 25000000 		.4byte	.LASF69
 974 04c5 0B       		.byte	0xb
 975 04c6 3A       		.byte	0x3a
 976 04c7 8D040000 		.4byte	0x48d
 977 04cb 0E       		.uleb128 0xe
 978 04cc 04       		.byte	0x4
 979 04cd 06       		.byte	0x6
 980 04ce 96       		.byte	0x96
 981 04cf 00050000 		.4byte	0x500
 982 04d3 0F       		.uleb128 0xf
 983 04d4 15000000 		.4byte	.LASF70
 984 04d8 06       		.byte	0x6
 985 04d9 9D       		.byte	0x9d
 986 04da E0000000 		.4byte	0xe0
 987 04de 0F       		.uleb128 0xf
 988 04df 54000000 		.4byte	.LASF71
 989 04e3 06       		.byte	0x6
 990 04e4 A4       		.byte	0xa4
 991 04e5 E0000000 		.4byte	0xe0
 992 04e9 0F       		.uleb128 0xf
 993 04ea 91030000 		.4byte	.LASF72
 994 04ee 06       		.byte	0x6
 995 04ef AB       		.byte	0xab
 996 04f0 94020000 		.4byte	0x294
 997 04f4 0F       		.uleb128 0xf
 998 04f5 A7020000 		.4byte	.LASF73
 999 04f9 06       		.byte	0x6
 1000 04fa B2       		.byte	0xb2
 1001 04fb EB000000 		.4byte	0xeb
 1002 04ff 00       		.byte	0
 1003 0500 09       		.uleb128 0x9
 1004 0501 04       		.byte	0x4
 1005 0502 06050000 		.4byte	0x506
 1006 0506 12       		.uleb128 0x12
 1007 0507 0B050000 		.4byte	0x50b
 1008 050b 04       		.uleb128 0x4
 1009 050c 01       		.byte	0x1
 1010 050d 08       		.byte	0x8
 1011 050e F6020000 		.4byte	.LASF74
 1012 0512 09       		.uleb128 0x9
 1013 0513 04       		.byte	0x4
 1014 0514 8F030000 		.4byte	0x38f
 1015 0518 03       		.uleb128 0x3
 1016 0519 00000000 		.4byte	.LASF75
 1017 051d 06       		.byte	0x6
 1018 051e E5       		.byte	0xe5
 1019 051f 23050000 		.4byte	0x523
 1020 0523 09       		.uleb128 0x9
 1021 0524 04       		.byte	0x4
 1022 0525 29050000 		.4byte	0x529
 1023 0529 0C       		.uleb128 0xc
 1024 052a 01       		.byte	0x1
 1025 052b E0000000 		.4byte	0xe0
 1026 052f 39050000 		.4byte	0x539
ARM GAS  /tmp/cc4lN0ie.s 			page 19


 1027 0533 0D       		.uleb128 0xd
 1028 0534 94020000 		.4byte	0x294
 1029 0538 00       		.byte	0
 1030 0539 13       		.uleb128 0x13
 1031 053a 01       		.byte	0x1
 1032 053b D0010000 		.4byte	.LASF76
 1033 053f 01       		.byte	0x1
 1034 0540 34       		.byte	0x34
 1035 0541 01       		.byte	0x1
 1036 0542 56020000 		.4byte	0x256
 1037 0546 00000000 		.4byte	.LFB7
 1038 054a 0C000000 		.4byte	.LFE7
 1039 054e 02       		.byte	0x2
 1040 054f 7D       		.byte	0x7d
 1041 0550 00       		.sleb128 0
 1042 0551 01       		.byte	0x1
 1043 0552 63050000 		.4byte	0x563
 1044 0556 14       		.uleb128 0x14
 1045 0557 747000   		.ascii	"tp\000"
 1046 055a 01       		.byte	0x1
 1047 055b 34       		.byte	0x34
 1048 055c 56020000 		.4byte	0x256
 1049 0560 01       		.byte	0x1
 1050 0561 50       		.byte	0x50
 1051 0562 00       		.byte	0
 1052 0563 15       		.uleb128 0x15
 1053 0564 01       		.byte	0x1
 1054 0565 BD020000 		.4byte	.LASF91
 1055 0569 01       		.byte	0x1
 1056 056a 4A       		.byte	0x4a
 1057 056b 01       		.byte	0x1
 1058 056c 00000000 		.4byte	.LFB8
 1059 0570 4E000000 		.4byte	.LFE8
 1060 0574 00000000 		.4byte	.LLST0
 1061 0578 01       		.byte	0x1
 1062 0579 C1050000 		.4byte	0x5c1
 1063 057d 16       		.uleb128 0x16
 1064 057e 747000   		.ascii	"tp\000"
 1065 0581 01       		.byte	0x1
 1066 0582 4A       		.byte	0x4a
 1067 0583 56020000 		.4byte	0x256
 1068 0587 20000000 		.4byte	.LLST1
 1069 058b 17       		.uleb128 0x17
 1070 058c 3A020000 		.4byte	.LASF80
 1071 0590 01       		.byte	0x1
 1072 0591 4B       		.byte	0x4b
 1073 0592 BF000000 		.4byte	0xbf
 1074 0596 7E000000 		.4byte	.LLST2
 1075 059a 18       		.uleb128 0x18
 1076 059b 3A000000 		.4byte	.LVL8
 1077 059f 64070000 		.4byte	0x764
 1078 05a3 AF050000 		.4byte	0x5af
 1079 05a7 19       		.uleb128 0x19
 1080 05a8 01       		.byte	0x1
 1081 05a9 51       		.byte	0x51
 1082 05aa 03       		.byte	0x3
 1083 05ab F3       		.byte	0xf3
ARM GAS  /tmp/cc4lN0ie.s 			page 20


 1084 05ac 01       		.uleb128 0x1
 1085 05ad 50       		.byte	0x50
 1086 05ae 00       		.byte	0
 1087 05af 1A       		.uleb128 0x1a
 1088 05b0 4C000000 		.4byte	.LVL10
 1089 05b4 7D070000 		.4byte	0x77d
 1090 05b8 19       		.uleb128 0x19
 1091 05b9 01       		.byte	0x1
 1092 05ba 50       		.byte	0x50
 1093 05bb 03       		.byte	0x3
 1094 05bc F3       		.byte	0xf3
 1095 05bd 01       		.uleb128 0x1
 1096 05be 50       		.byte	0x50
 1097 05bf 00       		.byte	0
 1098 05c0 00       		.byte	0
 1099 05c1 1B       		.uleb128 0x1b
 1100 05c2 01       		.byte	0x1
 1101 05c3 03010000 		.4byte	.LASF77
 1102 05c7 01       		.byte	0x1
 1103 05c8 82       		.byte	0x82
 1104 05c9 01       		.byte	0x1
 1105 05ca 56020000 		.4byte	0x256
 1106 05ce 00000000 		.4byte	.LFB9
 1107 05d2 3C000000 		.4byte	.LFE9
 1108 05d6 CF000000 		.4byte	.LLST3
 1109 05da 01       		.byte	0x1
 1110 05db 9E060000 		.4byte	0x69e
 1111 05df 1C       		.uleb128 0x1c
 1112 05e0 24020000 		.4byte	.LASF78
 1113 05e4 01       		.byte	0x1
 1114 05e5 82       		.byte	0x82
 1115 05e6 43040000 		.4byte	0x443
 1116 05ea FB000000 		.4byte	.LLST4
 1117 05ee 1C       		.uleb128 0x1c
 1118 05ef 8C010000 		.4byte	.LASF63
 1119 05f3 01       		.byte	0x1
 1120 05f4 82       		.byte	0x82
 1121 05f5 2C000000 		.4byte	0x2c
 1122 05f9 1C010000 		.4byte	.LLST5
 1123 05fd 1C       		.uleb128 0x1c
 1124 05fe 14020000 		.4byte	.LASF79
 1125 0602 01       		.byte	0x1
 1126 0603 83       		.byte	0x83
 1127 0604 D5000000 		.4byte	0xd5
 1128 0608 61010000 		.4byte	.LLST6
 1129 060c 16       		.uleb128 0x16
 1130 060d 706600   		.ascii	"pf\000"
 1131 0610 01       		.byte	0x1
 1132 0611 83       		.byte	0x83
 1133 0612 18050000 		.4byte	0x518
 1134 0616 98010000 		.4byte	.LLST7
 1135 061a 14       		.uleb128 0x14
 1136 061b 61726700 		.ascii	"arg\000"
 1137 061f 01       		.byte	0x1
 1138 0620 83       		.byte	0x83
 1139 0621 94020000 		.4byte	0x294
 1140 0625 02       		.byte	0x2
ARM GAS  /tmp/cc4lN0ie.s 			page 21


 1141 0626 91       		.byte	0x91
 1142 0627 00       		.sleb128 0
 1143 0628 1D       		.uleb128 0x1d
 1144 0629 77737000 		.ascii	"wsp\000"
 1145 062d 01       		.byte	0x1
 1146 062e 84       		.byte	0x84
 1147 062f 94020000 		.4byte	0x294
 1148 0633 CF010000 		.4byte	.LLST8
 1149 0637 1D       		.uleb128 0x1d
 1150 0638 747000   		.ascii	"tp\000"
 1151 063b 01       		.byte	0x1
 1152 063c 85       		.byte	0x85
 1153 063d 56020000 		.4byte	0x256
 1154 0641 ED010000 		.4byte	.LLST9
 1155 0645 18       		.uleb128 0x18
 1156 0646 0E000000 		.4byte	.LVL12
 1157 064a 91070000 		.4byte	0x791
 1158 064e 60060000 		.4byte	0x660
 1159 0652 19       		.uleb128 0x19
 1160 0653 01       		.byte	0x1
 1161 0654 51       		.byte	0x51
 1162 0655 02       		.byte	0x2
 1163 0656 74       		.byte	0x74
 1164 0657 00       		.sleb128 0
 1165 0658 19       		.uleb128 0x19
 1166 0659 01       		.byte	0x1
 1167 065a 50       		.byte	0x50
 1168 065b 03       		.byte	0x3
 1169 065c F3       		.byte	0xf3
 1170 065d 01       		.uleb128 0x1
 1171 065e 50       		.byte	0x50
 1172 065f 00       		.byte	0
 1173 0660 18       		.uleb128 0x18
 1174 0661 22000000 		.4byte	.LVL13
 1175 0665 AE070000 		.4byte	0x7ae
 1176 0669 88060000 		.4byte	0x688
 1177 066d 19       		.uleb128 0x19
 1178 066e 01       		.byte	0x1
 1179 066f 53       		.byte	0x53
 1180 0670 02       		.byte	0x2
 1181 0671 75       		.byte	0x75
 1182 0672 00       		.sleb128 0
 1183 0673 19       		.uleb128 0x19
 1184 0674 01       		.byte	0x1
 1185 0675 52       		.byte	0x52
 1186 0676 02       		.byte	0x2
 1187 0677 76       		.byte	0x76
 1188 0678 00       		.sleb128 0
 1189 0679 19       		.uleb128 0x19
 1190 067a 01       		.byte	0x1
 1191 067b 51       		.byte	0x51
 1192 067c 02       		.byte	0x2
 1193 067d 74       		.byte	0x74
 1194 067e 00       		.sleb128 0
 1195 067f 19       		.uleb128 0x19
 1196 0680 02       		.byte	0x2
 1197 0681 7D       		.byte	0x7d
ARM GAS  /tmp/cc4lN0ie.s 			page 22


 1198 0682 00       		.sleb128 0
 1199 0683 03       		.byte	0x3
 1200 0684 91       		.byte	0x91
 1201 0685 00       		.sleb128 0
 1202 0686 06       		.byte	0x6
 1203 0687 00       		.byte	0
 1204 0688 1A       		.uleb128 0x1a
 1205 0689 30000000 		.4byte	.LVL16
 1206 068d DB070000 		.4byte	0x7db
 1207 0691 19       		.uleb128 0x19
 1208 0692 01       		.byte	0x1
 1209 0693 51       		.byte	0x51
 1210 0694 01       		.byte	0x1
 1211 0695 30       		.byte	0x30
 1212 0696 19       		.uleb128 0x19
 1213 0697 01       		.byte	0x1
 1214 0698 50       		.byte	0x50
 1215 0699 02       		.byte	0x2
 1216 069a 74       		.byte	0x74
 1217 069b 00       		.sleb128 0
 1218 069c 00       		.byte	0
 1219 069d 00       		.byte	0
 1220 069e 1B       		.uleb128 0x1b
 1221 069f 01       		.byte	0x1
 1222 06a0 30010000 		.4byte	.LASF81
 1223 06a4 01       		.byte	0x1
 1224 06a5 B3       		.byte	0xb3
 1225 06a6 01       		.byte	0x1
 1226 06a7 56020000 		.4byte	0x256
 1227 06ab 00000000 		.4byte	.LFB10
 1228 06af 3C000000 		.4byte	.LFE10
 1229 06b3 0B020000 		.4byte	.LLST10
 1230 06b7 01       		.byte	0x1
 1231 06b8 5E070000 		.4byte	0x75e
 1232 06bc 16       		.uleb128 0x16
 1233 06bd 6D7000   		.ascii	"mp\000"
 1234 06c0 01       		.byte	0x1
 1235 06c1 B3       		.byte	0xb3
 1236 06c2 5E070000 		.4byte	0x75e
 1237 06c6 37020000 		.4byte	.LLST11
 1238 06ca 1C       		.uleb128 0x1c
 1239 06cb 14020000 		.4byte	.LASF79
 1240 06cf 01       		.byte	0x1
 1241 06d0 B3       		.byte	0xb3
 1242 06d1 D5000000 		.4byte	0xd5
 1243 06d5 6E020000 		.4byte	.LLST12
 1244 06d9 16       		.uleb128 0x16
 1245 06da 706600   		.ascii	"pf\000"
 1246 06dd 01       		.byte	0x1
 1247 06de B4       		.byte	0xb4
 1248 06df 18050000 		.4byte	0x518
 1249 06e3 B3020000 		.4byte	.LLST13
 1250 06e7 16       		.uleb128 0x16
 1251 06e8 61726700 		.ascii	"arg\000"
 1252 06ec 01       		.byte	0x1
 1253 06ed B4       		.byte	0xb4
 1254 06ee 94020000 		.4byte	0x294
ARM GAS  /tmp/cc4lN0ie.s 			page 23


 1255 06f2 EA020000 		.4byte	.LLST14
 1256 06f6 1D       		.uleb128 0x1d
 1257 06f7 77737000 		.ascii	"wsp\000"
 1258 06fb 01       		.byte	0x1
 1259 06fc B5       		.byte	0xb5
 1260 06fd 94020000 		.4byte	0x294
 1261 0701 21030000 		.4byte	.LLST15
 1262 0705 1D       		.uleb128 0x1d
 1263 0706 747000   		.ascii	"tp\000"
 1264 0709 01       		.byte	0x1
 1265 070a B6       		.byte	0xb6
 1266 070b 56020000 		.4byte	0x256
 1267 070f 3F030000 		.4byte	.LLST16
 1268 0713 18       		.uleb128 0x18
 1269 0714 10000000 		.4byte	.LVL23
 1270 0718 F4070000 		.4byte	0x7f4
 1271 071c 27070000 		.4byte	0x727
 1272 0720 19       		.uleb128 0x19
 1273 0721 01       		.byte	0x1
 1274 0722 50       		.byte	0x50
 1275 0723 02       		.byte	0x2
 1276 0724 75       		.byte	0x75
 1277 0725 00       		.sleb128 0
 1278 0726 00       		.byte	0
 1279 0727 18       		.uleb128 0x18
 1280 0728 22000000 		.4byte	.LVL24
 1281 072c AE070000 		.4byte	0x7ae
 1282 0730 48070000 		.4byte	0x748
 1283 0734 19       		.uleb128 0x19
 1284 0735 01       		.byte	0x1
 1285 0736 53       		.byte	0x53
 1286 0737 02       		.byte	0x2
 1287 0738 74       		.byte	0x74
 1288 0739 00       		.sleb128 0
 1289 073a 19       		.uleb128 0x19
 1290 073b 01       		.byte	0x1
 1291 073c 52       		.byte	0x52
 1292 073d 02       		.byte	0x2
 1293 073e 76       		.byte	0x76
 1294 073f 00       		.sleb128 0
 1295 0740 19       		.uleb128 0x19
 1296 0741 02       		.byte	0x2
 1297 0742 7D       		.byte	0x7d
 1298 0743 00       		.sleb128 0
 1299 0744 02       		.byte	0x2
 1300 0745 77       		.byte	0x77
 1301 0746 00       		.sleb128 0
 1302 0747 00       		.byte	0
 1303 0748 1A       		.uleb128 0x1a
 1304 0749 30000000 		.4byte	.LVL26
 1305 074d DB070000 		.4byte	0x7db
 1306 0751 19       		.uleb128 0x19
 1307 0752 01       		.byte	0x1
 1308 0753 51       		.byte	0x51
 1309 0754 01       		.byte	0x1
 1310 0755 30       		.byte	0x30
 1311 0756 19       		.uleb128 0x19
ARM GAS  /tmp/cc4lN0ie.s 			page 24


 1312 0757 01       		.byte	0x1
 1313 0758 50       		.byte	0x50
 1314 0759 02       		.byte	0x2
 1315 075a 76       		.byte	0x76
 1316 075b 00       		.sleb128 0
 1317 075c 00       		.byte	0
 1318 075d 00       		.byte	0
 1319 075e 09       		.uleb128 0x9
 1320 075f 04       		.byte	0x4
 1321 0760 C0040000 		.4byte	0x4c0
 1322 0764 1E       		.uleb128 0x1e
 1323 0765 01       		.byte	0x1
 1324 0766 64030000 		.4byte	.LASF82
 1325 076a 0B       		.byte	0xb
 1326 076b 84       		.byte	0x84
 1327 076c 01       		.byte	0x1
 1328 076d 01       		.byte	0x1
 1329 076e 7D070000 		.4byte	0x77d
 1330 0772 0D       		.uleb128 0xd
 1331 0773 5E070000 		.4byte	0x75e
 1332 0777 0D       		.uleb128 0xd
 1333 0778 94020000 		.4byte	0x294
 1334 077c 00       		.byte	0
 1335 077d 1E       		.uleb128 0x1e
 1336 077e 01       		.byte	0x1
 1337 077f D8000000 		.4byte	.LASF83
 1338 0783 0A       		.byte	0xa
 1339 0784 5A       		.byte	0x5a
 1340 0785 01       		.byte	0x1
 1341 0786 01       		.byte	0x1
 1342 0787 91070000 		.4byte	0x791
 1343 078b 0D       		.uleb128 0xd
 1344 078c 94020000 		.4byte	0x294
 1345 0790 00       		.byte	0
 1346 0791 1F       		.uleb128 0x1f
 1347 0792 01       		.byte	0x1
 1348 0793 D1020000 		.4byte	.LASF84
 1349 0797 0A       		.byte	0xa
 1350 0798 59       		.byte	0x59
 1351 0799 01       		.byte	0x1
 1352 079a 94020000 		.4byte	0x294
 1353 079e 01       		.byte	0x1
 1354 079f AE070000 		.4byte	0x7ae
 1355 07a3 0D       		.uleb128 0xd
 1356 07a4 43040000 		.4byte	0x443
 1357 07a8 0D       		.uleb128 0xd
 1358 07a9 2C000000 		.4byte	0x2c
 1359 07ad 00       		.byte	0
 1360 07ae 20       		.uleb128 0x20
 1361 07af 01       		.byte	0x1
 1362 07b0 ED000000 		.4byte	.LASF85
 1363 07b4 06       		.byte	0x6
 1364 07b5 6E01     		.2byte	0x16e
 1365 07b7 01       		.byte	0x1
 1366 07b8 56020000 		.4byte	0x256
 1367 07bc 01       		.byte	0x1
 1368 07bd DB070000 		.4byte	0x7db
ARM GAS  /tmp/cc4lN0ie.s 			page 25


 1369 07c1 0D       		.uleb128 0xd
 1370 07c2 94020000 		.4byte	0x294
 1371 07c6 0D       		.uleb128 0xd
 1372 07c7 2C000000 		.4byte	0x2c
 1373 07cb 0D       		.uleb128 0xd
 1374 07cc D5000000 		.4byte	0xd5
 1375 07d0 0D       		.uleb128 0xd
 1376 07d1 18050000 		.4byte	0x518
 1377 07d5 0D       		.uleb128 0xd
 1378 07d6 94020000 		.4byte	0x294
 1379 07da 00       		.byte	0
 1380 07db 1E       		.uleb128 0x1e
 1381 07dc 01       		.byte	0x1
 1382 07dd 30030000 		.4byte	.LASF86
 1383 07e1 0C       		.byte	0xc
 1384 07e2 99       		.byte	0x99
 1385 07e3 01       		.byte	0x1
 1386 07e4 01       		.byte	0x1
 1387 07e5 F4070000 		.4byte	0x7f4
 1388 07e9 0D       		.uleb128 0xd
 1389 07ea 56020000 		.4byte	0x256
 1390 07ee 0D       		.uleb128 0xd
 1391 07ef E0000000 		.4byte	0xe0
 1392 07f3 00       		.byte	0
 1393 07f4 21       		.uleb128 0x21
 1394 07f5 01       		.byte	0x1
 1395 07f6 58030000 		.4byte	.LASF87
 1396 07fa 0B       		.byte	0xb
 1397 07fb 82       		.byte	0x82
 1398 07fc 01       		.byte	0x1
 1399 07fd 94020000 		.4byte	0x294
 1400 0801 01       		.byte	0x1
 1401 0802 0D       		.uleb128 0xd
 1402 0803 5E070000 		.4byte	0x75e
 1403 0807 00       		.byte	0
 1404 0808 00       		.byte	0
 1405              		.section	.debug_abbrev,"",%progbits
 1406              	.Ldebug_abbrev0:
 1407 0000 01       		.uleb128 0x1
 1408 0001 11       		.uleb128 0x11
 1409 0002 01       		.byte	0x1
 1410 0003 25       		.uleb128 0x25
 1411 0004 0E       		.uleb128 0xe
 1412 0005 13       		.uleb128 0x13
 1413 0006 0B       		.uleb128 0xb
 1414 0007 03       		.uleb128 0x3
 1415 0008 0E       		.uleb128 0xe
 1416 0009 55       		.uleb128 0x55
 1417 000a 06       		.uleb128 0x6
 1418 000b 11       		.uleb128 0x11
 1419 000c 01       		.uleb128 0x1
 1420 000d 52       		.uleb128 0x52
 1421 000e 01       		.uleb128 0x1
 1422 000f 10       		.uleb128 0x10
 1423 0010 06       		.uleb128 0x6
 1424 0011 00       		.byte	0
 1425 0012 00       		.byte	0
ARM GAS  /tmp/cc4lN0ie.s 			page 26


 1426 0013 02       		.uleb128 0x2
 1427 0014 24       		.uleb128 0x24
 1428 0015 00       		.byte	0
 1429 0016 0B       		.uleb128 0xb
 1430 0017 0B       		.uleb128 0xb
 1431 0018 3E       		.uleb128 0x3e
 1432 0019 0B       		.uleb128 0xb
 1433 001a 03       		.uleb128 0x3
 1434 001b 08       		.uleb128 0x8
 1435 001c 00       		.byte	0
 1436 001d 00       		.byte	0
 1437 001e 03       		.uleb128 0x3
 1438 001f 16       		.uleb128 0x16
 1439 0020 00       		.byte	0
 1440 0021 03       		.uleb128 0x3
 1441 0022 0E       		.uleb128 0xe
 1442 0023 3A       		.uleb128 0x3a
 1443 0024 0B       		.uleb128 0xb
 1444 0025 3B       		.uleb128 0x3b
 1445 0026 0B       		.uleb128 0xb
 1446 0027 49       		.uleb128 0x49
 1447 0028 13       		.uleb128 0x13
 1448 0029 00       		.byte	0
 1449 002a 00       		.byte	0
 1450 002b 04       		.uleb128 0x4
 1451 002c 24       		.uleb128 0x24
 1452 002d 00       		.byte	0
 1453 002e 0B       		.uleb128 0xb
 1454 002f 0B       		.uleb128 0xb
 1455 0030 3E       		.uleb128 0x3e
 1456 0031 0B       		.uleb128 0xb
 1457 0032 03       		.uleb128 0x3
 1458 0033 0E       		.uleb128 0xe
 1459 0034 00       		.byte	0
 1460 0035 00       		.byte	0
 1461 0036 05       		.uleb128 0x5
 1462 0037 13       		.uleb128 0x13
 1463 0038 01       		.byte	0x1
 1464 0039 03       		.uleb128 0x3
 1465 003a 0E       		.uleb128 0xe
 1466 003b 0B       		.uleb128 0xb
 1467 003c 0B       		.uleb128 0xb
 1468 003d 3A       		.uleb128 0x3a
 1469 003e 0B       		.uleb128 0xb
 1470 003f 3B       		.uleb128 0x3b
 1471 0040 0B       		.uleb128 0xb
 1472 0041 01       		.uleb128 0x1
 1473 0042 13       		.uleb128 0x13
 1474 0043 00       		.byte	0
 1475 0044 00       		.byte	0
 1476 0045 06       		.uleb128 0x6
 1477 0046 0D       		.uleb128 0xd
 1478 0047 00       		.byte	0
 1479 0048 03       		.uleb128 0x3
 1480 0049 0E       		.uleb128 0xe
 1481 004a 3A       		.uleb128 0x3a
 1482 004b 0B       		.uleb128 0xb
ARM GAS  /tmp/cc4lN0ie.s 			page 27


 1483 004c 3B       		.uleb128 0x3b
 1484 004d 0B       		.uleb128 0xb
 1485 004e 49       		.uleb128 0x49
 1486 004f 13       		.uleb128 0x13
 1487 0050 38       		.uleb128 0x38
 1488 0051 0A       		.uleb128 0xa
 1489 0052 00       		.byte	0
 1490 0053 00       		.byte	0
 1491 0054 07       		.uleb128 0x7
 1492 0055 0D       		.uleb128 0xd
 1493 0056 00       		.byte	0
 1494 0057 03       		.uleb128 0x3
 1495 0058 08       		.uleb128 0x8
 1496 0059 3A       		.uleb128 0x3a
 1497 005a 0B       		.uleb128 0xb
 1498 005b 3B       		.uleb128 0x3b
 1499 005c 0B       		.uleb128 0xb
 1500 005d 49       		.uleb128 0x49
 1501 005e 13       		.uleb128 0x13
 1502 005f 38       		.uleb128 0x38
 1503 0060 0A       		.uleb128 0xa
 1504 0061 00       		.byte	0
 1505 0062 00       		.byte	0
 1506 0063 08       		.uleb128 0x8
 1507 0064 13       		.uleb128 0x13
 1508 0065 01       		.byte	0x1
 1509 0066 0B       		.uleb128 0xb
 1510 0067 0B       		.uleb128 0xb
 1511 0068 3A       		.uleb128 0x3a
 1512 0069 0B       		.uleb128 0xb
 1513 006a 3B       		.uleb128 0x3b
 1514 006b 0B       		.uleb128 0xb
 1515 006c 01       		.uleb128 0x1
 1516 006d 13       		.uleb128 0x13
 1517 006e 00       		.byte	0
 1518 006f 00       		.byte	0
 1519 0070 09       		.uleb128 0x9
 1520 0071 0F       		.uleb128 0xf
 1521 0072 00       		.byte	0
 1522 0073 0B       		.uleb128 0xb
 1523 0074 0B       		.uleb128 0xb
 1524 0075 49       		.uleb128 0x49
 1525 0076 13       		.uleb128 0x13
 1526 0077 00       		.byte	0
 1527 0078 00       		.byte	0
 1528 0079 0A       		.uleb128 0xa
 1529 007a 0F       		.uleb128 0xf
 1530 007b 00       		.byte	0
 1531 007c 0B       		.uleb128 0xb
 1532 007d 0B       		.uleb128 0xb
 1533 007e 00       		.byte	0
 1534 007f 00       		.byte	0
 1535 0080 0B       		.uleb128 0xb
 1536 0081 35       		.uleb128 0x35
 1537 0082 00       		.byte	0
 1538 0083 49       		.uleb128 0x49
 1539 0084 13       		.uleb128 0x13
ARM GAS  /tmp/cc4lN0ie.s 			page 28


 1540 0085 00       		.byte	0
 1541 0086 00       		.byte	0
 1542 0087 0C       		.uleb128 0xc
 1543 0088 15       		.uleb128 0x15
 1544 0089 01       		.byte	0x1
 1545 008a 27       		.uleb128 0x27
 1546 008b 0C       		.uleb128 0xc
 1547 008c 49       		.uleb128 0x49
 1548 008d 13       		.uleb128 0x13
 1549 008e 01       		.uleb128 0x1
 1550 008f 13       		.uleb128 0x13
 1551 0090 00       		.byte	0
 1552 0091 00       		.byte	0
 1553 0092 0D       		.uleb128 0xd
 1554 0093 05       		.uleb128 0x5
 1555 0094 00       		.byte	0
 1556 0095 49       		.uleb128 0x49
 1557 0096 13       		.uleb128 0x13
 1558 0097 00       		.byte	0
 1559 0098 00       		.byte	0
 1560 0099 0E       		.uleb128 0xe
 1561 009a 17       		.uleb128 0x17
 1562 009b 01       		.byte	0x1
 1563 009c 0B       		.uleb128 0xb
 1564 009d 0B       		.uleb128 0xb
 1565 009e 3A       		.uleb128 0x3a
 1566 009f 0B       		.uleb128 0xb
 1567 00a0 3B       		.uleb128 0x3b
 1568 00a1 0B       		.uleb128 0xb
 1569 00a2 01       		.uleb128 0x1
 1570 00a3 13       		.uleb128 0x13
 1571 00a4 00       		.byte	0
 1572 00a5 00       		.byte	0
 1573 00a6 0F       		.uleb128 0xf
 1574 00a7 0D       		.uleb128 0xd
 1575 00a8 00       		.byte	0
 1576 00a9 03       		.uleb128 0x3
 1577 00aa 0E       		.uleb128 0xe
 1578 00ab 3A       		.uleb128 0x3a
 1579 00ac 0B       		.uleb128 0xb
 1580 00ad 3B       		.uleb128 0x3b
 1581 00ae 0B       		.uleb128 0xb
 1582 00af 49       		.uleb128 0x49
 1583 00b0 13       		.uleb128 0x13
 1584 00b1 00       		.byte	0
 1585 00b2 00       		.byte	0
 1586 00b3 10       		.uleb128 0x10
 1587 00b4 17       		.uleb128 0x17
 1588 00b5 01       		.byte	0x1
 1589 00b6 03       		.uleb128 0x3
 1590 00b7 0E       		.uleb128 0xe
 1591 00b8 0B       		.uleb128 0xb
 1592 00b9 0B       		.uleb128 0xb
 1593 00ba 3A       		.uleb128 0x3a
 1594 00bb 0B       		.uleb128 0xb
 1595 00bc 3B       		.uleb128 0x3b
 1596 00bd 0B       		.uleb128 0xb
ARM GAS  /tmp/cc4lN0ie.s 			page 29


 1597 00be 01       		.uleb128 0x1
 1598 00bf 13       		.uleb128 0x13
 1599 00c0 00       		.byte	0
 1600 00c1 00       		.byte	0
 1601 00c2 11       		.uleb128 0x11
 1602 00c3 0D       		.uleb128 0xd
 1603 00c4 00       		.byte	0
 1604 00c5 03       		.uleb128 0x3
 1605 00c6 08       		.uleb128 0x8
 1606 00c7 3A       		.uleb128 0x3a
 1607 00c8 0B       		.uleb128 0xb
 1608 00c9 3B       		.uleb128 0x3b
 1609 00ca 0B       		.uleb128 0xb
 1610 00cb 49       		.uleb128 0x49
 1611 00cc 13       		.uleb128 0x13
 1612 00cd 00       		.byte	0
 1613 00ce 00       		.byte	0
 1614 00cf 12       		.uleb128 0x12
 1615 00d0 26       		.uleb128 0x26
 1616 00d1 00       		.byte	0
 1617 00d2 49       		.uleb128 0x49
 1618 00d3 13       		.uleb128 0x13
 1619 00d4 00       		.byte	0
 1620 00d5 00       		.byte	0
 1621 00d6 13       		.uleb128 0x13
 1622 00d7 2E       		.uleb128 0x2e
 1623 00d8 01       		.byte	0x1
 1624 00d9 3F       		.uleb128 0x3f
 1625 00da 0C       		.uleb128 0xc
 1626 00db 03       		.uleb128 0x3
 1627 00dc 0E       		.uleb128 0xe
 1628 00dd 3A       		.uleb128 0x3a
 1629 00de 0B       		.uleb128 0xb
 1630 00df 3B       		.uleb128 0x3b
 1631 00e0 0B       		.uleb128 0xb
 1632 00e1 27       		.uleb128 0x27
 1633 00e2 0C       		.uleb128 0xc
 1634 00e3 49       		.uleb128 0x49
 1635 00e4 13       		.uleb128 0x13
 1636 00e5 11       		.uleb128 0x11
 1637 00e6 01       		.uleb128 0x1
 1638 00e7 12       		.uleb128 0x12
 1639 00e8 01       		.uleb128 0x1
 1640 00e9 40       		.uleb128 0x40
 1641 00ea 0A       		.uleb128 0xa
 1642 00eb 9742     		.uleb128 0x2117
 1643 00ed 0C       		.uleb128 0xc
 1644 00ee 01       		.uleb128 0x1
 1645 00ef 13       		.uleb128 0x13
 1646 00f0 00       		.byte	0
 1647 00f1 00       		.byte	0
 1648 00f2 14       		.uleb128 0x14
 1649 00f3 05       		.uleb128 0x5
 1650 00f4 00       		.byte	0
 1651 00f5 03       		.uleb128 0x3
 1652 00f6 08       		.uleb128 0x8
 1653 00f7 3A       		.uleb128 0x3a
ARM GAS  /tmp/cc4lN0ie.s 			page 30


 1654 00f8 0B       		.uleb128 0xb
 1655 00f9 3B       		.uleb128 0x3b
 1656 00fa 0B       		.uleb128 0xb
 1657 00fb 49       		.uleb128 0x49
 1658 00fc 13       		.uleb128 0x13
 1659 00fd 02       		.uleb128 0x2
 1660 00fe 0A       		.uleb128 0xa
 1661 00ff 00       		.byte	0
 1662 0100 00       		.byte	0
 1663 0101 15       		.uleb128 0x15
 1664 0102 2E       		.uleb128 0x2e
 1665 0103 01       		.byte	0x1
 1666 0104 3F       		.uleb128 0x3f
 1667 0105 0C       		.uleb128 0xc
 1668 0106 03       		.uleb128 0x3
 1669 0107 0E       		.uleb128 0xe
 1670 0108 3A       		.uleb128 0x3a
 1671 0109 0B       		.uleb128 0xb
 1672 010a 3B       		.uleb128 0x3b
 1673 010b 0B       		.uleb128 0xb
 1674 010c 27       		.uleb128 0x27
 1675 010d 0C       		.uleb128 0xc
 1676 010e 11       		.uleb128 0x11
 1677 010f 01       		.uleb128 0x1
 1678 0110 12       		.uleb128 0x12
 1679 0111 01       		.uleb128 0x1
 1680 0112 40       		.uleb128 0x40
 1681 0113 06       		.uleb128 0x6
 1682 0114 9742     		.uleb128 0x2117
 1683 0116 0C       		.uleb128 0xc
 1684 0117 01       		.uleb128 0x1
 1685 0118 13       		.uleb128 0x13
 1686 0119 00       		.byte	0
 1687 011a 00       		.byte	0
 1688 011b 16       		.uleb128 0x16
 1689 011c 05       		.uleb128 0x5
 1690 011d 00       		.byte	0
 1691 011e 03       		.uleb128 0x3
 1692 011f 08       		.uleb128 0x8
 1693 0120 3A       		.uleb128 0x3a
 1694 0121 0B       		.uleb128 0xb
 1695 0122 3B       		.uleb128 0x3b
 1696 0123 0B       		.uleb128 0xb
 1697 0124 49       		.uleb128 0x49
 1698 0125 13       		.uleb128 0x13
 1699 0126 02       		.uleb128 0x2
 1700 0127 06       		.uleb128 0x6
 1701 0128 00       		.byte	0
 1702 0129 00       		.byte	0
 1703 012a 17       		.uleb128 0x17
 1704 012b 34       		.uleb128 0x34
 1705 012c 00       		.byte	0
 1706 012d 03       		.uleb128 0x3
 1707 012e 0E       		.uleb128 0xe
 1708 012f 3A       		.uleb128 0x3a
 1709 0130 0B       		.uleb128 0xb
 1710 0131 3B       		.uleb128 0x3b
ARM GAS  /tmp/cc4lN0ie.s 			page 31


 1711 0132 0B       		.uleb128 0xb
 1712 0133 49       		.uleb128 0x49
 1713 0134 13       		.uleb128 0x13
 1714 0135 02       		.uleb128 0x2
 1715 0136 06       		.uleb128 0x6
 1716 0137 00       		.byte	0
 1717 0138 00       		.byte	0
 1718 0139 18       		.uleb128 0x18
 1719 013a 898201   		.uleb128 0x4109
 1720 013d 01       		.byte	0x1
 1721 013e 11       		.uleb128 0x11
 1722 013f 01       		.uleb128 0x1
 1723 0140 31       		.uleb128 0x31
 1724 0141 13       		.uleb128 0x13
 1725 0142 01       		.uleb128 0x1
 1726 0143 13       		.uleb128 0x13
 1727 0144 00       		.byte	0
 1728 0145 00       		.byte	0
 1729 0146 19       		.uleb128 0x19
 1730 0147 8A8201   		.uleb128 0x410a
 1731 014a 00       		.byte	0
 1732 014b 02       		.uleb128 0x2
 1733 014c 0A       		.uleb128 0xa
 1734 014d 9142     		.uleb128 0x2111
 1735 014f 0A       		.uleb128 0xa
 1736 0150 00       		.byte	0
 1737 0151 00       		.byte	0
 1738 0152 1A       		.uleb128 0x1a
 1739 0153 898201   		.uleb128 0x4109
 1740 0156 01       		.byte	0x1
 1741 0157 11       		.uleb128 0x11
 1742 0158 01       		.uleb128 0x1
 1743 0159 31       		.uleb128 0x31
 1744 015a 13       		.uleb128 0x13
 1745 015b 00       		.byte	0
 1746 015c 00       		.byte	0
 1747 015d 1B       		.uleb128 0x1b
 1748 015e 2E       		.uleb128 0x2e
 1749 015f 01       		.byte	0x1
 1750 0160 3F       		.uleb128 0x3f
 1751 0161 0C       		.uleb128 0xc
 1752 0162 03       		.uleb128 0x3
 1753 0163 0E       		.uleb128 0xe
 1754 0164 3A       		.uleb128 0x3a
 1755 0165 0B       		.uleb128 0xb
 1756 0166 3B       		.uleb128 0x3b
 1757 0167 0B       		.uleb128 0xb
 1758 0168 27       		.uleb128 0x27
 1759 0169 0C       		.uleb128 0xc
 1760 016a 49       		.uleb128 0x49
 1761 016b 13       		.uleb128 0x13
 1762 016c 11       		.uleb128 0x11
 1763 016d 01       		.uleb128 0x1
 1764 016e 12       		.uleb128 0x12
 1765 016f 01       		.uleb128 0x1
 1766 0170 40       		.uleb128 0x40
 1767 0171 06       		.uleb128 0x6
ARM GAS  /tmp/cc4lN0ie.s 			page 32


 1768 0172 9742     		.uleb128 0x2117
 1769 0174 0C       		.uleb128 0xc
 1770 0175 01       		.uleb128 0x1
 1771 0176 13       		.uleb128 0x13
 1772 0177 00       		.byte	0
 1773 0178 00       		.byte	0
 1774 0179 1C       		.uleb128 0x1c
 1775 017a 05       		.uleb128 0x5
 1776 017b 00       		.byte	0
 1777 017c 03       		.uleb128 0x3
 1778 017d 0E       		.uleb128 0xe
 1779 017e 3A       		.uleb128 0x3a
 1780 017f 0B       		.uleb128 0xb
 1781 0180 3B       		.uleb128 0x3b
 1782 0181 0B       		.uleb128 0xb
 1783 0182 49       		.uleb128 0x49
 1784 0183 13       		.uleb128 0x13
 1785 0184 02       		.uleb128 0x2
 1786 0185 06       		.uleb128 0x6
 1787 0186 00       		.byte	0
 1788 0187 00       		.byte	0
 1789 0188 1D       		.uleb128 0x1d
 1790 0189 34       		.uleb128 0x34
 1791 018a 00       		.byte	0
 1792 018b 03       		.uleb128 0x3
 1793 018c 08       		.uleb128 0x8
 1794 018d 3A       		.uleb128 0x3a
 1795 018e 0B       		.uleb128 0xb
 1796 018f 3B       		.uleb128 0x3b
 1797 0190 0B       		.uleb128 0xb
 1798 0191 49       		.uleb128 0x49
 1799 0192 13       		.uleb128 0x13
 1800 0193 02       		.uleb128 0x2
 1801 0194 06       		.uleb128 0x6
 1802 0195 00       		.byte	0
 1803 0196 00       		.byte	0
 1804 0197 1E       		.uleb128 0x1e
 1805 0198 2E       		.uleb128 0x2e
 1806 0199 01       		.byte	0x1
 1807 019a 3F       		.uleb128 0x3f
 1808 019b 0C       		.uleb128 0xc
 1809 019c 03       		.uleb128 0x3
 1810 019d 0E       		.uleb128 0xe
 1811 019e 3A       		.uleb128 0x3a
 1812 019f 0B       		.uleb128 0xb
 1813 01a0 3B       		.uleb128 0x3b
 1814 01a1 0B       		.uleb128 0xb
 1815 01a2 27       		.uleb128 0x27
 1816 01a3 0C       		.uleb128 0xc
 1817 01a4 3C       		.uleb128 0x3c
 1818 01a5 0C       		.uleb128 0xc
 1819 01a6 01       		.uleb128 0x1
 1820 01a7 13       		.uleb128 0x13
 1821 01a8 00       		.byte	0
 1822 01a9 00       		.byte	0
 1823 01aa 1F       		.uleb128 0x1f
 1824 01ab 2E       		.uleb128 0x2e
ARM GAS  /tmp/cc4lN0ie.s 			page 33


 1825 01ac 01       		.byte	0x1
 1826 01ad 3F       		.uleb128 0x3f
 1827 01ae 0C       		.uleb128 0xc
 1828 01af 03       		.uleb128 0x3
 1829 01b0 0E       		.uleb128 0xe
 1830 01b1 3A       		.uleb128 0x3a
 1831 01b2 0B       		.uleb128 0xb
 1832 01b3 3B       		.uleb128 0x3b
 1833 01b4 0B       		.uleb128 0xb
 1834 01b5 27       		.uleb128 0x27
 1835 01b6 0C       		.uleb128 0xc
 1836 01b7 49       		.uleb128 0x49
 1837 01b8 13       		.uleb128 0x13
 1838 01b9 3C       		.uleb128 0x3c
 1839 01ba 0C       		.uleb128 0xc
 1840 01bb 01       		.uleb128 0x1
 1841 01bc 13       		.uleb128 0x13
 1842 01bd 00       		.byte	0
 1843 01be 00       		.byte	0
 1844 01bf 20       		.uleb128 0x20
 1845 01c0 2E       		.uleb128 0x2e
 1846 01c1 01       		.byte	0x1
 1847 01c2 3F       		.uleb128 0x3f
 1848 01c3 0C       		.uleb128 0xc
 1849 01c4 03       		.uleb128 0x3
 1850 01c5 0E       		.uleb128 0xe
 1851 01c6 3A       		.uleb128 0x3a
 1852 01c7 0B       		.uleb128 0xb
 1853 01c8 3B       		.uleb128 0x3b
 1854 01c9 05       		.uleb128 0x5
 1855 01ca 27       		.uleb128 0x27
 1856 01cb 0C       		.uleb128 0xc
 1857 01cc 49       		.uleb128 0x49
 1858 01cd 13       		.uleb128 0x13
 1859 01ce 3C       		.uleb128 0x3c
 1860 01cf 0C       		.uleb128 0xc
 1861 01d0 01       		.uleb128 0x1
 1862 01d1 13       		.uleb128 0x13
 1863 01d2 00       		.byte	0
 1864 01d3 00       		.byte	0
 1865 01d4 21       		.uleb128 0x21
 1866 01d5 2E       		.uleb128 0x2e
 1867 01d6 01       		.byte	0x1
 1868 01d7 3F       		.uleb128 0x3f
 1869 01d8 0C       		.uleb128 0xc
 1870 01d9 03       		.uleb128 0x3
 1871 01da 0E       		.uleb128 0xe
 1872 01db 3A       		.uleb128 0x3a
 1873 01dc 0B       		.uleb128 0xb
 1874 01dd 3B       		.uleb128 0x3b
 1875 01de 0B       		.uleb128 0xb
 1876 01df 27       		.uleb128 0x27
 1877 01e0 0C       		.uleb128 0xc
 1878 01e1 49       		.uleb128 0x49
 1879 01e2 13       		.uleb128 0x13
 1880 01e3 3C       		.uleb128 0x3c
 1881 01e4 0C       		.uleb128 0xc
ARM GAS  /tmp/cc4lN0ie.s 			page 34


 1882 01e5 00       		.byte	0
 1883 01e6 00       		.byte	0
 1884 01e7 00       		.byte	0
 1885              		.section	.debug_loc,"",%progbits
 1886              	.Ldebug_loc0:
 1887              	.LLST0:
 1888 0000 00000000 		.4byte	.LFB8
 1889 0004 02000000 		.4byte	.LCFI0
 1890 0008 0200     		.2byte	0x2
 1891 000a 7D       		.byte	0x7d
 1892 000b 00       		.sleb128 0
 1893 000c 02000000 		.4byte	.LCFI0
 1894 0010 4E000000 		.4byte	.LFE8
 1895 0014 0200     		.2byte	0x2
 1896 0016 7D       		.byte	0x7d
 1897 0017 08       		.sleb128 8
 1898 0018 00000000 		.4byte	0
 1899 001c 00000000 		.4byte	0
 1900              	.LLST1:
 1901 0020 00000000 		.4byte	.LVL1
 1902 0024 0C000000 		.4byte	.LVL2
 1903 0028 0100     		.2byte	0x1
 1904 002a 50       		.byte	0x50
 1905 002b 0C000000 		.4byte	.LVL2
 1906 002f 1A000000 		.4byte	.LVL4
 1907 0033 0100     		.2byte	0x1
 1908 0035 51       		.byte	0x51
 1909 0036 1A000000 		.4byte	.LVL4
 1910 003a 1C000000 		.4byte	.LVL5
 1911 003e 0400     		.2byte	0x4
 1912 0040 F3       		.byte	0xf3
 1913 0041 01       		.uleb128 0x1
 1914 0042 50       		.byte	0x50
 1915 0043 9F       		.byte	0x9f
 1916 0044 1C000000 		.4byte	.LVL5
 1917 0048 39000000 		.4byte	.LVL8-1
 1918 004c 0100     		.2byte	0x1
 1919 004e 51       		.byte	0x51
 1920 004f 39000000 		.4byte	.LVL8-1
 1921 0053 3C000000 		.4byte	.LVL9
 1922 0057 0400     		.2byte	0x4
 1923 0059 F3       		.byte	0xf3
 1924 005a 01       		.uleb128 0x1
 1925 005b 50       		.byte	0x50
 1926 005c 9F       		.byte	0x9f
 1927 005d 3C000000 		.4byte	.LVL9
 1928 0061 4B000000 		.4byte	.LVL10-1
 1929 0065 0100     		.2byte	0x1
 1930 0067 51       		.byte	0x51
 1931 0068 4B000000 		.4byte	.LVL10-1
 1932 006c 4E000000 		.4byte	.LFE8
 1933 0070 0400     		.2byte	0x4
 1934 0072 F3       		.byte	0xf3
 1935 0073 01       		.uleb128 0x1
 1936 0074 50       		.byte	0x50
 1937 0075 9F       		.byte	0x9f
 1938 0076 00000000 		.4byte	0
ARM GAS  /tmp/cc4lN0ie.s 			page 35


 1939 007a 00000000 		.4byte	0
 1940              	.LLST2:
 1941 007e 0E000000 		.4byte	.LVL3
 1942 0082 1A000000 		.4byte	.LVL4
 1943 0086 0100     		.2byte	0x1
 1944 0088 53       		.byte	0x53
 1945 0089 1C000000 		.4byte	.LVL5
 1946 008d 1E000000 		.4byte	.LVL6
 1947 0091 0100     		.2byte	0x1
 1948 0093 53       		.byte	0x53
 1949 0094 1E000000 		.4byte	.LVL6
 1950 0098 20000000 		.4byte	.LVL7
 1951 009c 0100     		.2byte	0x1
 1952 009e 50       		.byte	0x50
 1953 009f 20000000 		.4byte	.LVL7
 1954 00a3 39000000 		.4byte	.LVL8-1
 1955 00a7 0A00     		.2byte	0xa
 1956 00a9 71       		.byte	0x71
 1957 00aa 1E       		.sleb128 30
 1958 00ab 94       		.byte	0x94
 1959 00ac 01       		.byte	0x1
 1960 00ad 08       		.byte	0x8
 1961 00ae FF       		.byte	0xff
 1962 00af 1A       		.byte	0x1a
 1963 00b0 31       		.byte	0x31
 1964 00b1 1C       		.byte	0x1c
 1965 00b2 9F       		.byte	0x9f
 1966 00b3 3C000000 		.4byte	.LVL9
 1967 00b7 4B000000 		.4byte	.LVL10-1
 1968 00bb 0A00     		.2byte	0xa
 1969 00bd 71       		.byte	0x71
 1970 00be 1E       		.sleb128 30
 1971 00bf 94       		.byte	0x94
 1972 00c0 01       		.byte	0x1
 1973 00c1 08       		.byte	0x8
 1974 00c2 FF       		.byte	0xff
 1975 00c3 1A       		.byte	0x1a
 1976 00c4 31       		.byte	0x31
 1977 00c5 1C       		.byte	0x1c
 1978 00c6 9F       		.byte	0x9f
 1979 00c7 00000000 		.4byte	0
 1980 00cb 00000000 		.4byte	0
 1981              	.LLST3:
 1982 00cf 00000000 		.4byte	.LFB9
 1983 00d3 02000000 		.4byte	.LCFI1
 1984 00d7 0200     		.2byte	0x2
 1985 00d9 7D       		.byte	0x7d
 1986 00da 00       		.sleb128 0
 1987 00db 02000000 		.4byte	.LCFI1
 1988 00df 04000000 		.4byte	.LCFI2
 1989 00e3 0200     		.2byte	0x2
 1990 00e5 7D       		.byte	0x7d
 1991 00e6 10       		.sleb128 16
 1992 00e7 04000000 		.4byte	.LCFI2
 1993 00eb 3C000000 		.4byte	.LFE9
 1994 00ef 0200     		.2byte	0x2
 1995 00f1 7D       		.byte	0x7d
ARM GAS  /tmp/cc4lN0ie.s 			page 36


 1996 00f2 18       		.sleb128 24
 1997 00f3 00000000 		.4byte	0
 1998 00f7 00000000 		.4byte	0
 1999              	.LLST4:
 2000 00fb 00000000 		.4byte	.LVL11
 2001 00ff 0D000000 		.4byte	.LVL12-1
 2002 0103 0100     		.2byte	0x1
 2003 0105 50       		.byte	0x50
 2004 0106 0D000000 		.4byte	.LVL12-1
 2005 010a 3C000000 		.4byte	.LFE9
 2006 010e 0400     		.2byte	0x4
 2007 0110 F3       		.byte	0xf3
 2008 0111 01       		.uleb128 0x1
 2009 0112 50       		.byte	0x50
 2010 0113 9F       		.byte	0x9f
 2011 0114 00000000 		.4byte	0
 2012 0118 00000000 		.4byte	0
 2013              	.LLST5:
 2014 011c 00000000 		.4byte	.LVL11
 2015 0120 0D000000 		.4byte	.LVL12-1
 2016 0124 0100     		.2byte	0x1
 2017 0126 51       		.byte	0x51
 2018 0127 0D000000 		.4byte	.LVL12-1
 2019 012b 24000000 		.4byte	.LVL14
 2020 012f 0100     		.2byte	0x1
 2021 0131 54       		.byte	0x54
 2022 0132 24000000 		.4byte	.LVL14
 2023 0136 38000000 		.4byte	.LVL20
 2024 013a 0400     		.2byte	0x4
 2025 013c F3       		.byte	0xf3
 2026 013d 01       		.uleb128 0x1
 2027 013e 51       		.byte	0x51
 2028 013f 9F       		.byte	0x9f
 2029 0140 38000000 		.4byte	.LVL20
 2030 0144 3A000000 		.4byte	.LVL21
 2031 0148 0100     		.2byte	0x1
 2032 014a 54       		.byte	0x54
 2033 014b 3A000000 		.4byte	.LVL21
 2034 014f 3C000000 		.4byte	.LFE9
 2035 0153 0400     		.2byte	0x4
 2036 0155 F3       		.byte	0xf3
 2037 0156 01       		.uleb128 0x1
 2038 0157 51       		.byte	0x51
 2039 0158 9F       		.byte	0x9f
 2040 0159 00000000 		.4byte	0
 2041 015d 00000000 		.4byte	0
 2042              	.LLST6:
 2043 0161 00000000 		.4byte	.LVL11
 2044 0165 0D000000 		.4byte	.LVL12-1
 2045 0169 0100     		.2byte	0x1
 2046 016b 52       		.byte	0x52
 2047 016c 0D000000 		.4byte	.LVL12-1
 2048 0170 36000000 		.4byte	.LVL19
 2049 0174 0100     		.2byte	0x1
 2050 0176 56       		.byte	0x56
 2051 0177 36000000 		.4byte	.LVL19
 2052 017b 38000000 		.4byte	.LVL20
ARM GAS  /tmp/cc4lN0ie.s 			page 37


 2053 017f 0400     		.2byte	0x4
 2054 0181 F3       		.byte	0xf3
 2055 0182 01       		.uleb128 0x1
 2056 0183 52       		.byte	0x52
 2057 0184 9F       		.byte	0x9f
 2058 0185 38000000 		.4byte	.LVL20
 2059 0189 3C000000 		.4byte	.LFE9
 2060 018d 0100     		.2byte	0x1
 2061 018f 56       		.byte	0x56
 2062 0190 00000000 		.4byte	0
 2063 0194 00000000 		.4byte	0
 2064              	.LLST7:
 2065 0198 00000000 		.4byte	.LVL11
 2066 019c 0D000000 		.4byte	.LVL12-1
 2067 01a0 0100     		.2byte	0x1
 2068 01a2 53       		.byte	0x53
 2069 01a3 0D000000 		.4byte	.LVL12-1
 2070 01a7 36000000 		.4byte	.LVL18
 2071 01ab 0100     		.2byte	0x1
 2072 01ad 55       		.byte	0x55
 2073 01ae 36000000 		.4byte	.LVL18
 2074 01b2 38000000 		.4byte	.LVL20
 2075 01b6 0400     		.2byte	0x4
 2076 01b8 F3       		.byte	0xf3
 2077 01b9 01       		.uleb128 0x1
 2078 01ba 53       		.byte	0x53
 2079 01bb 9F       		.byte	0x9f
 2080 01bc 38000000 		.4byte	.LVL20
 2081 01c0 3C000000 		.4byte	.LFE9
 2082 01c4 0100     		.2byte	0x1
 2083 01c6 55       		.byte	0x55
 2084 01c7 00000000 		.4byte	0
 2085 01cb 00000000 		.4byte	0
 2086              	.LLST8:
 2087 01cf 0E000000 		.4byte	.LVL12
 2088 01d3 21000000 		.4byte	.LVL13-1
 2089 01d7 0100     		.2byte	0x1
 2090 01d9 50       		.byte	0x50
 2091 01da 38000000 		.4byte	.LVL20
 2092 01de 3C000000 		.4byte	.LFE9
 2093 01e2 0100     		.2byte	0x1
 2094 01e4 50       		.byte	0x50
 2095 01e5 00000000 		.4byte	0
 2096 01e9 00000000 		.4byte	0
 2097              	.LLST9:
 2098 01ed 24000000 		.4byte	.LVL14
 2099 01f1 26000000 		.4byte	.LVL15
 2100 01f5 0100     		.2byte	0x1
 2101 01f7 50       		.byte	0x50
 2102 01f8 26000000 		.4byte	.LVL15
 2103 01fc 32000000 		.4byte	.LVL17
 2104 0200 0100     		.2byte	0x1
 2105 0202 54       		.byte	0x54
 2106 0203 00000000 		.4byte	0
 2107 0207 00000000 		.4byte	0
 2108              	.LLST10:
 2109 020b 00000000 		.4byte	.LFB10
ARM GAS  /tmp/cc4lN0ie.s 			page 38


 2110 020f 02000000 		.4byte	.LCFI3
 2111 0213 0200     		.2byte	0x2
 2112 0215 7D       		.byte	0x7d
 2113 0216 00       		.sleb128 0
 2114 0217 02000000 		.4byte	.LCFI3
 2115 021b 04000000 		.4byte	.LCFI4
 2116 021f 0200     		.2byte	0x2
 2117 0221 7D       		.byte	0x7d
 2118 0222 14       		.sleb128 20
 2119 0223 04000000 		.4byte	.LCFI4
 2120 0227 3C000000 		.4byte	.LFE10
 2121 022b 0200     		.2byte	0x2
 2122 022d 7D       		.byte	0x7d
 2123 022e 20       		.sleb128 32
 2124 022f 00000000 		.4byte	0
 2125 0233 00000000 		.4byte	0
 2126              	.LLST11:
 2127 0237 00000000 		.4byte	.LVL22
 2128 023b 0F000000 		.4byte	.LVL23-1
 2129 023f 0100     		.2byte	0x1
 2130 0241 50       		.byte	0x50
 2131 0242 0F000000 		.4byte	.LVL23-1
 2132 0246 36000000 		.4byte	.LVL29
 2133 024a 0100     		.2byte	0x1
 2134 024c 55       		.byte	0x55
 2135 024d 36000000 		.4byte	.LVL29
 2136 0251 38000000 		.4byte	.LVL31
 2137 0255 0400     		.2byte	0x4
 2138 0257 F3       		.byte	0xf3
 2139 0258 01       		.uleb128 0x1
 2140 0259 50       		.byte	0x50
 2141 025a 9F       		.byte	0x9f
 2142 025b 38000000 		.4byte	.LVL31
 2143 025f 3C000000 		.4byte	.LFE10
 2144 0263 0100     		.2byte	0x1
 2145 0265 55       		.byte	0x55
 2146 0266 00000000 		.4byte	0
 2147 026a 00000000 		.4byte	0
 2148              	.LLST12:
 2149 026e 00000000 		.4byte	.LVL22
 2150 0272 0F000000 		.4byte	.LVL23-1
 2151 0276 0100     		.2byte	0x1
 2152 0278 51       		.byte	0x51
 2153 0279 0F000000 		.4byte	.LVL23-1
 2154 027d 2C000000 		.4byte	.LVL25
 2155 0281 0100     		.2byte	0x1
 2156 0283 56       		.byte	0x56
 2157 0284 2C000000 		.4byte	.LVL25
 2158 0288 38000000 		.4byte	.LVL31
 2159 028c 0400     		.2byte	0x4
 2160 028e F3       		.byte	0xf3
 2161 028f 01       		.uleb128 0x1
 2162 0290 51       		.byte	0x51
 2163 0291 9F       		.byte	0x9f
 2164 0292 38000000 		.4byte	.LVL31
 2165 0296 3A000000 		.4byte	.LVL32
 2166 029a 0100     		.2byte	0x1
ARM GAS  /tmp/cc4lN0ie.s 			page 39


 2167 029c 56       		.byte	0x56
 2168 029d 3A000000 		.4byte	.LVL32
 2169 02a1 3C000000 		.4byte	.LFE10
 2170 02a5 0400     		.2byte	0x4
 2171 02a7 F3       		.byte	0xf3
 2172 02a8 01       		.uleb128 0x1
 2173 02a9 51       		.byte	0x51
 2174 02aa 9F       		.byte	0x9f
 2175 02ab 00000000 		.4byte	0
 2176 02af 00000000 		.4byte	0
 2177              	.LLST13:
 2178 02b3 00000000 		.4byte	.LVL22
 2179 02b7 0F000000 		.4byte	.LVL23-1
 2180 02bb 0100     		.2byte	0x1
 2181 02bd 52       		.byte	0x52
 2182 02be 0F000000 		.4byte	.LVL23-1
 2183 02c2 36000000 		.4byte	.LVL28
 2184 02c6 0100     		.2byte	0x1
 2185 02c8 54       		.byte	0x54
 2186 02c9 36000000 		.4byte	.LVL28
 2187 02cd 38000000 		.4byte	.LVL31
 2188 02d1 0400     		.2byte	0x4
 2189 02d3 F3       		.byte	0xf3
 2190 02d4 01       		.uleb128 0x1
 2191 02d5 52       		.byte	0x52
 2192 02d6 9F       		.byte	0x9f
 2193 02d7 38000000 		.4byte	.LVL31
 2194 02db 3C000000 		.4byte	.LFE10
 2195 02df 0100     		.2byte	0x1
 2196 02e1 54       		.byte	0x54
 2197 02e2 00000000 		.4byte	0
 2198 02e6 00000000 		.4byte	0
 2199              	.LLST14:
 2200 02ea 00000000 		.4byte	.LVL22
 2201 02ee 0F000000 		.4byte	.LVL23-1
 2202 02f2 0100     		.2byte	0x1
 2203 02f4 53       		.byte	0x53
 2204 02f5 0F000000 		.4byte	.LVL23-1
 2205 02f9 36000000 		.4byte	.LVL30
 2206 02fd 0100     		.2byte	0x1
 2207 02ff 57       		.byte	0x57
 2208 0300 36000000 		.4byte	.LVL30
 2209 0304 38000000 		.4byte	.LVL31
 2210 0308 0400     		.2byte	0x4
 2211 030a F3       		.byte	0xf3
 2212 030b 01       		.uleb128 0x1
 2213 030c 53       		.byte	0x53
 2214 030d 9F       		.byte	0x9f
 2215 030e 38000000 		.4byte	.LVL31
 2216 0312 3C000000 		.4byte	.LFE10
 2217 0316 0100     		.2byte	0x1
 2218 0318 57       		.byte	0x57
 2219 0319 00000000 		.4byte	0
 2220 031d 00000000 		.4byte	0
 2221              	.LLST15:
 2222 0321 10000000 		.4byte	.LVL23
 2223 0325 21000000 		.4byte	.LVL24-1
ARM GAS  /tmp/cc4lN0ie.s 			page 40


 2224 0329 0100     		.2byte	0x1
 2225 032b 50       		.byte	0x50
 2226 032c 38000000 		.4byte	.LVL31
 2227 0330 3C000000 		.4byte	.LFE10
 2228 0334 0100     		.2byte	0x1
 2229 0336 50       		.byte	0x50
 2230 0337 00000000 		.4byte	0
 2231 033b 00000000 		.4byte	0
 2232              	.LLST16:
 2233 033f 2C000000 		.4byte	.LVL25
 2234 0343 2F000000 		.4byte	.LVL26-1
 2235 0347 0100     		.2byte	0x1
 2236 0349 50       		.byte	0x50
 2237 034a 2F000000 		.4byte	.LVL26-1
 2238 034e 32000000 		.4byte	.LVL27
 2239 0352 0100     		.2byte	0x1
 2240 0354 56       		.byte	0x56
 2241 0355 00000000 		.4byte	0
 2242 0359 00000000 		.4byte	0
 2243              		.section	.debug_aranges,"",%progbits
 2244 0000 34000000 		.4byte	0x34
 2245 0004 0200     		.2byte	0x2
 2246 0006 00000000 		.4byte	.Ldebug_info0
 2247 000a 04       		.byte	0x4
 2248 000b 00       		.byte	0
 2249 000c 0000     		.2byte	0
 2250 000e 0000     		.2byte	0
 2251 0010 00000000 		.4byte	.LFB7
 2252 0014 0C000000 		.4byte	.LFE7-.LFB7
 2253 0018 00000000 		.4byte	.LFB8
 2254 001c 4E000000 		.4byte	.LFE8-.LFB8
 2255 0020 00000000 		.4byte	.LFB9
 2256 0024 3C000000 		.4byte	.LFE9-.LFB9
 2257 0028 00000000 		.4byte	.LFB10
 2258 002c 3C000000 		.4byte	.LFE10-.LFB10
 2259 0030 00000000 		.4byte	0
 2260 0034 00000000 		.4byte	0
 2261              		.section	.debug_ranges,"",%progbits
 2262              	.Ldebug_ranges0:
 2263 0000 00000000 		.4byte	.LFB7
 2264 0004 0C000000 		.4byte	.LFE7
 2265 0008 00000000 		.4byte	.LFB8
 2266 000c 4E000000 		.4byte	.LFE8
 2267 0010 00000000 		.4byte	.LFB9
 2268 0014 3C000000 		.4byte	.LFE9
 2269 0018 00000000 		.4byte	.LFB10
 2270 001c 3C000000 		.4byte	.LFE10
 2271 0020 00000000 		.4byte	0
 2272 0024 00000000 		.4byte	0
 2273              		.section	.debug_line,"",%progbits
 2274              	.Ldebug_line0:
 2275 0000 87020000 		.section	.debug_str,"MS",%progbits,1
 2275      02000302 
 2275      00000201 
 2275      FB0E0D00 
 2275      01010101 
 2276              	.LASF75:
ARM GAS  /tmp/cc4lN0ie.s 			page 41


 2277 0000 7466756E 		.ascii	"tfunc_t\000"
 2277      635F7400 
 2278              	.LASF38:
 2279 0008 705F6D73 		.ascii	"p_msg\000"
 2279      6700
 2280              	.LASF2:
 2281 000e 73697A65 		.ascii	"size_t\000"
 2281      5F7400
 2282              	.LASF70:
 2283 0015 7264796D 		.ascii	"rdymsg\000"
 2283      736700
 2284              	.LASF12:
 2285 001c 75696E74 		.ascii	"uint64_t\000"
 2285      36345F74 
 2285      00
 2286              	.LASF69:
 2287 0025 4D656D6F 		.ascii	"MemoryPool\000"
 2287      7279506F 
 2287      6F6C00
 2288              	.LASF54:
 2289 0030 6D656D67 		.ascii	"memgetfunc_t\000"
 2289      65746675 
 2289      6E635F74 
 2289      00
 2290              	.LASF13:
 2291 003d 6C6F6E67 		.ascii	"long long unsigned int\000"
 2291      206C6F6E 
 2291      6720756E 
 2291      7369676E 
 2291      65642069 
 2292              	.LASF71:
 2293 0054 65786974 		.ascii	"exitcode\000"
 2293      636F6465 
 2293      00
 2294              	.LASF58:
 2295 005d 685F6672 		.ascii	"h_free\000"
 2295      656500
 2296              	.LASF89:
 2297 0064 2F686F6D 		.ascii	"/home/matt/arm_cortex/ChibiOS/os/kernel/src/chdynam"
 2297      652F6D61 
 2297      74742F61 
 2297      726D5F63 
 2297      6F727465 
 2298 0097 69632E63 		.ascii	"ic.c\000"
 2298      00
 2299              	.LASF60:
 2300 009c 6E657874 		.ascii	"next\000"
 2300      00
 2301              	.LASF26:
 2302 00a1 705F7072 		.ascii	"p_prio\000"
 2302      696F00
 2303              	.LASF11:
 2304 00a8 6C6F6E67 		.ascii	"long long int\000"
 2304      206C6F6E 
 2304      6720696E 
 2304      7400
 2305              	.LASF1:
ARM GAS  /tmp/cc4lN0ie.s 			page 42


 2306 00b6 7369676E 		.ascii	"signed char\000"
 2306      65642063 
 2306      68617200 
 2307              	.LASF59:
 2308 00c2 685F6D74 		.ascii	"h_mtx\000"
 2308      7800
 2309              	.LASF42:
 2310 00c8 705F6D70 		.ascii	"p_mpool\000"
 2310      6F6F6C00 
 2311              	.LASF51:
 2312 00d0 6D5F7175 		.ascii	"m_queue\000"
 2312      65756500 
 2313              	.LASF83:
 2314 00d8 63684865 		.ascii	"chHeapFree\000"
 2314      61704672 
 2314      656500
 2315              	.LASF18:
 2316 00e3 74736C69 		.ascii	"tslices_t\000"
 2316      6365735F 
 2316      7400
 2317              	.LASF85:
 2318 00ed 63685468 		.ascii	"chThdCreateI\000"
 2318      64437265 
 2318      61746549 
 2318      00
 2319              	.LASF8:
 2320 00fa 6C6F6E67 		.ascii	"long int\000"
 2320      20696E74 
 2320      00
 2321              	.LASF77:
 2322 0103 63685468 		.ascii	"chThdCreateFromHeap\000"
 2322      64437265 
 2322      61746546 
 2322      726F6D48 
 2322      65617000 
 2323              	.LASF16:
 2324 0117 74737461 		.ascii	"tstate_t\000"
 2324      74655F74 
 2324      00
 2325              	.LASF66:
 2326 0120 6D705F6E 		.ascii	"mp_next\000"
 2326      65787400 
 2327              	.LASF28:
 2328 0128 705F6E65 		.ascii	"p_newer\000"
 2328      77657200 
 2329              	.LASF81:
 2330 0130 63685468 		.ascii	"chThdCreateFromMemoryPool\000"
 2330      64437265 
 2330      61746546 
 2330      726F6D4D 
 2330      656D6F72 
 2331              	.LASF68:
 2332 014a 6D705F70 		.ascii	"mp_provider\000"
 2332      726F7669 
 2332      64657200 
 2333              	.LASF45:
 2334 0156 72656761 		.ascii	"regarm_t\000"
ARM GAS  /tmp/cc4lN0ie.s 			page 43


 2334      726D5F74 
 2334      00
 2335              	.LASF62:
 2336 015f 616C6967 		.ascii	"align\000"
 2336      6E00
 2337              	.LASF0:
 2338 0165 756E7369 		.ascii	"unsigned int\000"
 2338      676E6564 
 2338      20696E74 
 2338      00
 2339              	.LASF10:
 2340 0172 6C6F6E67 		.ascii	"long unsigned int\000"
 2340      20756E73 
 2340      69676E65 
 2340      6420696E 
 2340      7400
 2341              	.LASF48:
 2342 0184 636F6E74 		.ascii	"context\000"
 2342      65787400 
 2343              	.LASF63:
 2344 018c 73697A65 		.ascii	"size\000"
 2344      00
 2345              	.LASF6:
 2346 0191 73686F72 		.ascii	"short unsigned int\000"
 2346      7420756E 
 2346      7369676E 
 2346      65642069 
 2346      6E7400
 2347              	.LASF20:
 2348 01a4 6D73675F 		.ascii	"msg_t\000"
 2348      7400
 2349              	.LASF15:
 2350 01aa 746D6F64 		.ascii	"tmode_t\000"
 2350      655F7400 
 2351              	.LASF44:
 2352 01b2 54687265 		.ascii	"ThreadsList\000"
 2352      6164734C 
 2352      69737400 
 2353              	.LASF21:
 2354 01be 6576656E 		.ascii	"eventmask_t\000"
 2354      746D6173 
 2354      6B5F7400 
 2355              	.LASF50:
 2356 01ca 4D757465 		.ascii	"Mutex\000"
 2356      7800
 2357              	.LASF76:
 2358 01d0 63685468 		.ascii	"chThdAddRef\000"
 2358      64416464 
 2358      52656600 
 2359              	.LASF46:
 2360 01dc 73746B61 		.ascii	"stkalign_t\000"
 2360      6C69676E 
 2360      5F7400
 2361              	.LASF49:
 2362 01e7 73697A65 		.ascii	"sizetype\000"
 2362      74797065 
 2362      00
ARM GAS  /tmp/cc4lN0ie.s 			page 44


 2363              	.LASF29:
 2364 01f0 705F6F6C 		.ascii	"p_older\000"
 2364      64657200 
 2365              	.LASF43:
 2366 01f8 54687265 		.ascii	"ThreadsQueue\000"
 2366      61647351 
 2366      75657565 
 2366      00
 2367              	.LASF67:
 2368 0205 6D705F6F 		.ascii	"mp_object_size\000"
 2368      626A6563 
 2368      745F7369 
 2368      7A6500
 2369              	.LASF79:
 2370 0214 7072696F 		.ascii	"prio\000"
 2370      00
 2371              	.LASF55:
 2372 0219 4D656D6F 		.ascii	"MemoryHeap\000"
 2372      72794865 
 2372      617000
 2373              	.LASF78:
 2374 0224 68656170 		.ascii	"heapp\000"
 2374      7000
 2375              	.LASF65:
 2376 022a 70685F6E 		.ascii	"ph_next\000"
 2376      65787400 
 2377              	.LASF17:
 2378 0232 74726566 		.ascii	"trefs_t\000"
 2378      735F7400 
 2379              	.LASF80:
 2380 023a 72656673 		.ascii	"refs\000"
 2380      00
 2381              	.LASF25:
 2382 023f 705F7072 		.ascii	"p_prev\000"
 2382      657600
 2383              	.LASF19:
 2384 0246 74707269 		.ascii	"tprio_t\000"
 2384      6F5F7400 
 2385              	.LASF14:
 2386 024e 5F426F6F 		.ascii	"_Bool\000"
 2386      6C00
 2387              	.LASF7:
 2388 0254 696E7433 		.ascii	"int32_t\000"
 2388      325F7400 
 2389              	.LASF4:
 2390 025c 756E7369 		.ascii	"unsigned char\000"
 2390      676E6564 
 2390      20636861 
 2390      7200
 2391              	.LASF57:
 2392 026a 685F7072 		.ascii	"h_provider\000"
 2392      6F766964 
 2392      657200
 2393              	.LASF40:
 2394 0275 705F6D74 		.ascii	"p_mtxlist\000"
 2394      786C6973 
 2394      7400
ARM GAS  /tmp/cc4lN0ie.s 			page 45


 2395              	.LASF5:
 2396 027f 73686F72 		.ascii	"short int\000"
 2396      7420696E 
 2396      7400
 2397              	.LASF31:
 2398 0289 705F7374 		.ascii	"p_state\000"
 2398      61746500 
 2399              	.LASF34:
 2400 0291 705F7072 		.ascii	"p_preempt\000"
 2400      65656D70 
 2400      7400
 2401              	.LASF90:
 2402 029b 68656170 		.ascii	"heap_header\000"
 2402      5F686561 
 2402      64657200 
 2403              	.LASF73:
 2404 02a7 65776D61 		.ascii	"ewmask\000"
 2404      736B00
 2405              	.LASF24:
 2406 02ae 705F6E65 		.ascii	"p_next\000"
 2406      787400
 2407              	.LASF32:
 2408 02b5 705F666C 		.ascii	"p_flags\000"
 2408      61677300 
 2409              	.LASF91:
 2410 02bd 63685468 		.ascii	"chThdRelease\000"
 2410      6452656C 
 2410      65617365 
 2410      00
 2411              	.LASF23:
 2412 02ca 54687265 		.ascii	"Thread\000"
 2412      616400
 2413              	.LASF84:
 2414 02d1 63684865 		.ascii	"chHeapAlloc\000"
 2414      6170416C 
 2414      6C6F6300 
 2415              	.LASF39:
 2416 02dd 705F6570 		.ascii	"p_epending\000"
 2416      656E6469 
 2416      6E6700
 2417              	.LASF9:
 2418 02e8 75696E74 		.ascii	"uint32_t\000"
 2418      33325F74 
 2418      00
 2419              	.LASF61:
 2420 02f1 68656170 		.ascii	"heap\000"
 2420      00
 2421              	.LASF74:
 2422 02f6 63686172 		.ascii	"char\000"
 2422      00
 2423              	.LASF53:
 2424 02fb 6D5F6E65 		.ascii	"m_next\000"
 2424      787400
 2425              	.LASF22:
 2426 0302 73797374 		.ascii	"systime_t\000"
 2426      696D655F 
 2426      7400
ARM GAS  /tmp/cc4lN0ie.s 			page 46


 2427              	.LASF41:
 2428 030c 705F7265 		.ascii	"p_realprio\000"
 2428      616C7072 
 2428      696F00
 2429              	.LASF35:
 2430 0317 705F7469 		.ascii	"p_time\000"
 2430      6D6500
 2431              	.LASF47:
 2432 031e 696E7463 		.ascii	"intctx\000"
 2432      747800
 2433              	.LASF37:
 2434 0325 705F6D73 		.ascii	"p_msgqueue\000"
 2434      67717565 
 2434      756500
 2435              	.LASF86:
 2436 0330 63685363 		.ascii	"chSchWakeupS\000"
 2436      6857616B 
 2436      65757053 
 2436      00
 2437              	.LASF64:
 2438 033d 706F6F6C 		.ascii	"pool_header\000"
 2438      5F686561 
 2438      64657200 
 2439              	.LASF33:
 2440 0349 705F7265 		.ascii	"p_refs\000"
 2440      667300
 2441              	.LASF3:
 2442 0350 75696E74 		.ascii	"uint8_t\000"
 2442      385F7400 
 2443              	.LASF87:
 2444 0358 6368506F 		.ascii	"chPoolAlloc\000"
 2444      6F6C416C 
 2444      6C6F6300 
 2445              	.LASF82:
 2446 0364 6368506F 		.ascii	"chPoolFree\000"
 2446      6F6C4672 
 2446      656500
 2447              	.LASF88:
 2448 036f 474E5520 		.ascii	"GNU C 4.7.4 20130913 (prerelease)\000"
 2448      4320342E 
 2448      372E3420 
 2448      32303133 
 2448      30393133 
 2449              	.LASF72:
 2450 0391 77746F62 		.ascii	"wtobjp\000"
 2450      6A7000
 2451              	.LASF30:
 2452 0398 705F6E61 		.ascii	"p_name\000"
 2452      6D6500
 2453              	.LASF52:
 2454 039f 6D5F6F77 		.ascii	"m_owner\000"
 2454      6E657200 
 2455              	.LASF27:
 2456 03a7 705F6374 		.ascii	"p_ctx\000"
 2456      7800
 2457              	.LASF36:
 2458 03ad 705F7761 		.ascii	"p_waiting\000"
ARM GAS  /tmp/cc4lN0ie.s 			page 47


 2458      6974696E 
 2458      6700
 2459              	.LASF56:
 2460 03b7 6D656D6F 		.ascii	"memory_heap\000"
 2460      72795F68 
 2460      65617000 
 2461              		.ident	"GCC: (GNU Tools for ARM Embedded Processors / bleeding-edge-toolchain-131005) 4.7.4 201309
ARM GAS  /tmp/cc4lN0ie.s 			page 48


DEFINED SYMBOLS
                            *ABS*:0000000000000000 chdynamic.c
     /tmp/cc4lN0ie.s:18     .text.chThdAddRef:0000000000000000 $t
     /tmp/cc4lN0ie.s:24     .text.chThdAddRef:0000000000000000 chThdAddRef
     /tmp/cc4lN0ie.s:51     .text.chThdRelease:0000000000000000 $t
     /tmp/cc4lN0ie.s:57     .text.chThdRelease:0000000000000000 chThdRelease
     /tmp/cc4lN0ie.s:140    .text.chThdCreateFromHeap:0000000000000000 $t
     /tmp/cc4lN0ie.s:146    .text.chThdCreateFromHeap:0000000000000000 chThdCreateFromHeap
     /tmp/cc4lN0ie.s:219    .text.chThdCreateFromMemoryPool:0000000000000000 $t
     /tmp/cc4lN0ie.s:225    .text.chThdCreateFromMemoryPool:0000000000000000 chThdCreateFromMemoryPool
                     .debug_frame:0000000000000010 $d

UNDEFINED SYMBOLS
chPoolFree
chHeapFree
chHeapAlloc
chThdCreateI
chSchWakeupS
chPoolAlloc
