ARM GAS  /tmp/ccUYhhnj.s 			page 1


   1              		.cpu cortex-m0
   2              		.fpu softvfp
   3              		.eabi_attribute 20, 1
   4              		.eabi_attribute 21, 1
   5              		.eabi_attribute 23, 3
   6              		.eabi_attribute 24, 1
   7              		.eabi_attribute 25, 1
   8              		.eabi_attribute 26, 1
   9              		.eabi_attribute 30, 2
  10              		.eabi_attribute 34, 0
  11              		.eabi_attribute 18, 4
  12              		.code	16
  13              		.file	"chregistry.c"
  14              		.text
  15              	.Ltext0:
  16              		.cfi_sections	.debug_frame
  17              		.section	.text.chRegFirstThread,"ax",%progbits
  18              		.align	2
  19              		.p2align 4,,15
  20              		.global	chRegFirstThread
  21              		.code	16
  22              		.thumb_func
  23              		.type	chRegFirstThread, %function
  24              	chRegFirstThread:
  25              	.LFB7:
  26              		.file 1 "/home/matt/arm_cortex/ChibiOS/os/kernel/src/chregistry.c"
  27              		.loc 1 117 0
  28              		.cfi_startproc
  29              		.loc 1 120 0
  30              	@ 120 "/home/matt/arm_cortex/ChibiOS/os/kernel/src/chregistry.c" 1
  31 0000 72B6     		cpsid   i
  32              	@ 0 "" 2
  33              		.loc 1 121 0
  34              		.code	16
  35 0002 034B     		ldr	r3, .L2
  36 0004 1869     		ldr	r0, [r3, #16]
  37              	.LVL0:
  38              		.loc 1 123 0
  39 0006 817F     		ldrb	r1, [r0, #30]
  40 0008 0131     		add	r1, r1, #1
  41 000a 8177     		strb	r1, [r0, #30]
  42              		.loc 1 125 0
  43              	@ 125 "/home/matt/arm_cortex/ChibiOS/os/kernel/src/chregistry.c" 1
  44 000c 62B6     		cpsie   i
  45              	@ 0 "" 2
  46              		.loc 1 127 0
  47              		.code	16
  48              		@ sp needed for prologue
  49 000e 7047     		bx	lr
  50              	.L3:
  51              		.align	2
  52              	.L2:
  53 0010 00000000 		.word	rlist
  54              		.cfi_endproc
  55              	.LFE7:
  56              		.size	chRegFirstThread, .-chRegFirstThread
  57 0014 C046C046 		.section	.text.chRegNextThread,"ax",%progbits
ARM GAS  /tmp/ccUYhhnj.s 			page 2


  57      C046C046 
  57      C046C046 
  58              		.align	2
  59              		.p2align 4,,15
  60              		.global	chRegNextThread
  61              		.code	16
  62              		.thumb_func
  63              		.type	chRegNextThread, %function
  64              	chRegNextThread:
  65              	.LFB8:
  66              		.loc 1 140 0
  67              		.cfi_startproc
  68              	.LVL1:
  69 0000 10B5     		push	{r4, lr}
  70              	.LCFI0:
  71              		.cfi_def_cfa_offset 8
  72              		.cfi_offset 4, -8
  73              		.cfi_offset 14, -4
  74              		.loc 1 143 0
  75              	@ 143 "/home/matt/arm_cortex/ChibiOS/os/kernel/src/chregistry.c" 1
  76 0002 72B6     		cpsid   i
  77              	@ 0 "" 2
  78              		.loc 1 145 0
  79              		.code	16
  80 0004 064B     		ldr	r3, .L8
  81              		.loc 1 144 0
  82 0006 0469     		ldr	r4, [r0, #16]
  83              	.LVL2:
  84              		.loc 1 145 0
  85 0008 9C42     		cmp	r4, r3
  86 000a 07D0     		beq	.L6
  87              		.loc 1 151 0
  88 000c A17F     		ldrb	r1, [r4, #30]
  89 000e 0131     		add	r1, r1, #1
  90 0010 A177     		strb	r1, [r4, #30]
  91              	.LVL3:
  92              	.L5:
  93              		.loc 1 154 0
  94              	@ 154 "/home/matt/arm_cortex/ChibiOS/os/kernel/src/chregistry.c" 1
  95 0012 62B6     		cpsie   i
  96              	@ 0 "" 2
  97              		.loc 1 156 0
  98              		.code	16
  99 0014 FFF7FEFF 		bl	chThdRelease
 100              	.LVL4:
 101              		.loc 1 159 0
 102              		@ sp needed for prologue
 103 0018 201C     		mov	r0, r4
 104              	.LVL5:
 105 001a 10BD     		pop	{r4, pc}
 106              	.LVL6:
 107              	.L6:
 108              		.loc 1 146 0
 109 001c 0024     		mov	r4, #0
 110              	.LVL7:
 111 001e F8E7     		b	.L5
 112              	.L9:
ARM GAS  /tmp/ccUYhhnj.s 			page 3


 113              		.align	2
 114              	.L8:
 115 0020 00000000 		.word	rlist
 116              		.cfi_endproc
 117              	.LFE8:
 118              		.size	chRegNextThread, .-chRegNextThread
 119              		.global	ch_debug
 120 0024 C046C046 		.section	.rodata.ch_debug,"a",%progbits
 120      C046C046 
 120      C046C046 
 121              		.align	2
 122              		.type	ch_debug, %object
 123              		.size	ch_debug, 22
 124              	ch_debug:
 125 0000 6D61696E 		.ascii	"main"
 126 0004 00       		.byte	0
 127 0005 16       		.byte	22
 128 0006 8111     		.short	4481
 129 0008 04       		.byte	4
 130 0009 04       		.byte	4
 131 000a 48       		.byte	72
 132 000b 08       		.byte	8
 133 000c 0C       		.byte	12
 134 000d 10       		.byte	16
 135 000e 14       		.byte	20
 136 000f 18       		.byte	24
 137 0010 00       		.byte	0
 138 0011 1C       		.byte	28
 139 0012 1D       		.byte	29
 140 0013 1E       		.byte	30
 141 0014 1F       		.byte	31
 142 0015 20       		.byte	32
 143 0016 0000     		.text
 144              	.Letext0:
 145              		.file 2 "/home/matt/arm_cortex/gcc-arm-none-eabi/bin/../lib/gcc/arm-none-eabi/4.7.4/include/stddef
 146              		.file 3 "/home/matt/arm_cortex/gcc-arm-none-eabi/bin/../lib/gcc/arm-none-eabi/4.7.4/../../../../ar
 147              		.file 4 "/home/matt/arm_cortex/ChibiOS/os/ports/GCC/ARMCMx/chtypes.h"
 148              		.file 5 "/home/matt/arm_cortex/ChibiOS/os/kernel/include/chlists.h"
 149              		.file 6 "/home/matt/arm_cortex/ChibiOS/os/kernel/include/chthreads.h"
 150              		.file 7 "/home/matt/arm_cortex/ChibiOS/os/ports/GCC/ARMCMx/chcore_v6m.h"
 151              		.file 8 "/home/matt/arm_cortex/ChibiOS/os/kernel/include/chschd.h"
 152              		.file 9 "/home/matt/arm_cortex/ChibiOS/os/kernel/include/chmtx.h"
 153              		.file 10 "/home/matt/arm_cortex/ChibiOS/os/kernel/include/chregistry.h"
 154              		.file 11 "/home/matt/arm_cortex/ChibiOS/os/kernel/include/chdynamic.h"
 155              		.section	.debug_info,"",%progbits
 156              	.Ldebug_info0:
 157 0000 04060000 		.4byte	0x604
 158 0004 0200     		.2byte	0x2
 159 0006 00000000 		.4byte	.Ldebug_abbrev0
 160 000a 04       		.byte	0x4
 161 000b 01       		.uleb128 0x1
 162 000c 7C030000 		.4byte	.LASF88
 163 0010 01       		.byte	0x1
 164 0011 7E020000 		.4byte	.LASF89
 165 0015 00000000 		.4byte	.Ldebug_ranges0+0
 166 0019 00000000 		.4byte	0
 167 001d 00000000 		.4byte	0
ARM GAS  /tmp/ccUYhhnj.s 			page 4


 168 0021 00000000 		.4byte	.Ldebug_line0
 169 0025 02       		.uleb128 0x2
 170 0026 04       		.byte	0x4
 171 0027 05       		.byte	0x5
 172 0028 696E7400 		.ascii	"int\000"
 173 002c 03       		.uleb128 0x3
 174 002d 13000000 		.4byte	.LASF2
 175 0031 02       		.byte	0x2
 176 0032 D5       		.byte	0xd5
 177 0033 37000000 		.4byte	0x37
 178 0037 04       		.uleb128 0x4
 179 0038 04       		.byte	0x4
 180 0039 07       		.byte	0x7
 181 003a 03010000 		.4byte	.LASF0
 182 003e 04       		.uleb128 0x4
 183 003f 01       		.byte	0x1
 184 0040 06       		.byte	0x6
 185 0041 82000000 		.4byte	.LASF1
 186 0045 03       		.uleb128 0x3
 187 0046 74030000 		.4byte	.LASF3
 188 004a 03       		.byte	0x3
 189 004b 2A       		.byte	0x2a
 190 004c 50000000 		.4byte	0x50
 191 0050 04       		.uleb128 0x4
 192 0051 01       		.byte	0x1
 193 0052 08       		.byte	0x8
 194 0053 29020000 		.4byte	.LASF4
 195 0057 04       		.uleb128 0x4
 196 0058 02       		.byte	0x2
 197 0059 05       		.byte	0x5
 198 005a 41020000 		.4byte	.LASF5
 199 005e 03       		.uleb128 0x3
 200 005f D7000000 		.4byte	.LASF6
 201 0063 03       		.byte	0x3
 202 0064 36       		.byte	0x36
 203 0065 69000000 		.4byte	0x69
 204 0069 04       		.uleb128 0x4
 205 006a 02       		.byte	0x2
 206 006b 07       		.byte	0x7
 207 006c 50010000 		.4byte	.LASF7
 208 0070 03       		.uleb128 0x3
 209 0071 21020000 		.4byte	.LASF8
 210 0075 03       		.byte	0x3
 211 0076 4F       		.byte	0x4f
 212 0077 7B000000 		.4byte	0x7b
 213 007b 04       		.uleb128 0x4
 214 007c 04       		.byte	0x4
 215 007d 05       		.byte	0x5
 216 007e C5000000 		.4byte	.LASF9
 217 0082 03       		.uleb128 0x3
 218 0083 EB020000 		.4byte	.LASF10
 219 0087 03       		.byte	0x3
 220 0088 50       		.byte	0x50
 221 0089 8D000000 		.4byte	0x8d
 222 008d 04       		.uleb128 0x4
 223 008e 04       		.byte	0x4
 224 008f 07       		.byte	0x7
ARM GAS  /tmp/ccUYhhnj.s 			page 5


 225 0090 10010000 		.4byte	.LASF11
 226 0094 04       		.uleb128 0x4
 227 0095 08       		.byte	0x8
 228 0096 05       		.byte	0x5
 229 0097 74000000 		.4byte	.LASF12
 230 009b 04       		.uleb128 0x4
 231 009c 08       		.byte	0x8
 232 009d 07       		.byte	0x7
 233 009e 21000000 		.4byte	.LASF13
 234 00a2 04       		.uleb128 0x4
 235 00a3 01       		.byte	0x1
 236 00a4 02       		.byte	0x2
 237 00a5 1B020000 		.4byte	.LASF14
 238 00a9 03       		.uleb128 0x3
 239 00aa 69010000 		.4byte	.LASF15
 240 00ae 04       		.byte	0x4
 241 00af 2C       		.byte	0x2c
 242 00b0 45000000 		.4byte	0x45
 243 00b4 03       		.uleb128 0x3
 244 00b5 CE000000 		.4byte	.LASF16
 245 00b9 04       		.byte	0x4
 246 00ba 2D       		.byte	0x2d
 247 00bb 45000000 		.4byte	0x45
 248 00bf 03       		.uleb128 0x3
 249 00c0 F9010000 		.4byte	.LASF17
 250 00c4 04       		.byte	0x4
 251 00c5 2E       		.byte	0x2e
 252 00c6 45000000 		.4byte	0x45
 253 00ca 03       		.uleb128 0x3
 254 00cb BB000000 		.4byte	.LASF18
 255 00cf 04       		.byte	0x4
 256 00d0 2F       		.byte	0x2f
 257 00d1 45000000 		.4byte	0x45
 258 00d5 03       		.uleb128 0x3
 259 00d6 13020000 		.4byte	.LASF19
 260 00da 04       		.byte	0x4
 261 00db 30       		.byte	0x30
 262 00dc 82000000 		.4byte	0x82
 263 00e0 03       		.uleb128 0x3
 264 00e1 63010000 		.4byte	.LASF20
 265 00e5 04       		.byte	0x4
 266 00e6 31       		.byte	0x31
 267 00e7 70000000 		.4byte	0x70
 268 00eb 03       		.uleb128 0x3
 269 00ec 7D010000 		.4byte	.LASF21
 270 00f0 04       		.byte	0x4
 271 00f1 33       		.byte	0x33
 272 00f2 82000000 		.4byte	0x82
 273 00f6 03       		.uleb128 0x3
 274 00f7 24030000 		.4byte	.LASF22
 275 00fb 04       		.byte	0x4
 276 00fc 35       		.byte	0x35
 277 00fd 82000000 		.4byte	0x82
 278 0101 03       		.uleb128 0x3
 279 0102 CC020000 		.4byte	.LASF23
 280 0106 05       		.byte	0x5
 281 0107 2A       		.byte	0x2a
ARM GAS  /tmp/ccUYhhnj.s 			page 6


 282 0108 0C010000 		.4byte	0x10c
 283 010c 05       		.uleb128 0x5
 284 010d CC020000 		.4byte	.LASF23
 285 0111 48       		.byte	0x48
 286 0112 06       		.byte	0x6
 287 0113 5E       		.byte	0x5e
 288 0114 31020000 		.4byte	0x231
 289 0118 06       		.uleb128 0x6
 290 0119 77020000 		.4byte	.LASF24
 291 011d 06       		.byte	0x6
 292 011e 5F       		.byte	0x5f
 293 011f 56020000 		.4byte	0x256
 294 0123 02       		.byte	0x2
 295 0124 23       		.byte	0x23
 296 0125 00       		.uleb128 0
 297 0126 06       		.uleb128 0x6
 298 0127 0C020000 		.4byte	.LASF25
 299 012b 06       		.byte	0x6
 300 012c 61       		.byte	0x61
 301 012d 56020000 		.4byte	0x256
 302 0131 02       		.byte	0x2
 303 0132 23       		.byte	0x23
 304 0133 04       		.uleb128 0x4
 305 0134 06       		.uleb128 0x6
 306 0135 60000000 		.4byte	.LASF26
 307 0139 06       		.byte	0x6
 308 013a 63       		.byte	0x63
 309 013b D5000000 		.4byte	0xd5
 310 013f 02       		.byte	0x2
 311 0140 23       		.byte	0x23
 312 0141 08       		.uleb128 0x8
 313 0142 06       		.uleb128 0x6
 314 0143 BF030000 		.4byte	.LASF27
 315 0147 06       		.byte	0x6
 316 0148 64       		.byte	0x64
 317 0149 1A030000 		.4byte	0x31a
 318 014d 02       		.byte	0x2
 319 014e 23       		.byte	0x23
 320 014f 0C       		.uleb128 0xc
 321 0150 06       		.uleb128 0x6
 322 0151 EA000000 		.4byte	.LASF28
 323 0155 06       		.byte	0x6
 324 0156 66       		.byte	0x66
 325 0157 56020000 		.4byte	0x256
 326 015b 02       		.byte	0x2
 327 015c 23       		.byte	0x23
 328 015d 10       		.uleb128 0x10
 329 015e 06       		.uleb128 0x6
 330 015f C4010000 		.4byte	.LASF29
 331 0163 06       		.byte	0x6
 332 0164 67       		.byte	0x67
 333 0165 56020000 		.4byte	0x256
 334 0169 02       		.byte	0x2
 335 016a 23       		.byte	0x23
 336 016b 14       		.uleb128 0x14
 337 016c 06       		.uleb128 0x6
 338 016d A5030000 		.4byte	.LASF30
ARM GAS  /tmp/ccUYhhnj.s 			page 7


 339 0171 06       		.byte	0x6
 340 0172 6E       		.byte	0x6e
 341 0173 2C040000 		.4byte	0x42c
 342 0177 02       		.byte	0x2
 343 0178 23       		.byte	0x23
 344 0179 18       		.uleb128 0x18
 345 017a 06       		.uleb128 0x6
 346 017b 4B020000 		.4byte	.LASF31
 347 017f 06       		.byte	0x6
 348 0180 79       		.byte	0x79
 349 0181 B4000000 		.4byte	0xb4
 350 0185 02       		.byte	0x2
 351 0186 23       		.byte	0x23
 352 0187 1C       		.uleb128 0x1c
 353 0188 06       		.uleb128 0x6
 354 0189 B7020000 		.4byte	.LASF32
 355 018d 06       		.byte	0x6
 356 018e 7D       		.byte	0x7d
 357 018f A9000000 		.4byte	0xa9
 358 0193 02       		.byte	0x2
 359 0194 23       		.byte	0x23
 360 0195 1D       		.uleb128 0x1d
 361 0196 06       		.uleb128 0x6
 362 0197 5D030000 		.4byte	.LASF33
 363 019b 06       		.byte	0x6
 364 019c 82       		.byte	0x82
 365 019d BF000000 		.4byte	0xbf
 366 01a1 02       		.byte	0x2
 367 01a2 23       		.byte	0x23
 368 01a3 1E       		.uleb128 0x1e
 369 01a4 06       		.uleb128 0x6
 370 01a5 53020000 		.4byte	.LASF34
 371 01a9 06       		.byte	0x6
 372 01aa 88       		.byte	0x88
 373 01ab CA000000 		.4byte	0xca
 374 01af 02       		.byte	0x2
 375 01b0 23       		.byte	0x23
 376 01b1 1F       		.uleb128 0x1f
 377 01b2 06       		.uleb128 0x6
 378 01b3 39030000 		.4byte	.LASF35
 379 01b7 06       		.byte	0x6
 380 01b8 8F       		.byte	0x8f
 381 01b9 42030000 		.4byte	0x342
 382 01bd 02       		.byte	0x2
 383 01be 23       		.byte	0x23
 384 01bf 20       		.uleb128 0x20
 385 01c0 07       		.uleb128 0x7
 386 01c1 705F7500 		.ascii	"p_u\000"
 387 01c5 06       		.byte	0x6
 388 01c6 B4       		.byte	0xb4
 389 01c7 F7030000 		.4byte	0x3f7
 390 01cb 02       		.byte	0x2
 391 01cc 23       		.byte	0x23
 392 01cd 24       		.uleb128 0x24
 393 01ce 06       		.uleb128 0x6
 394 01cf C5030000 		.4byte	.LASF36
 395 01d3 06       		.byte	0x6
ARM GAS  /tmp/ccUYhhnj.s 			page 8


 396 01d4 B9       		.byte	0xb9
 397 01d5 7E020000 		.4byte	0x27e
 398 01d9 02       		.byte	0x2
 399 01da 23       		.byte	0x23
 400 01db 28       		.uleb128 0x28
 401 01dc 06       		.uleb128 0x6
 402 01dd 47030000 		.4byte	.LASF37
 403 01e1 06       		.byte	0x6
 404 01e2 BF       		.byte	0xbf
 405 01e3 5C020000 		.4byte	0x25c
 406 01e7 02       		.byte	0x2
 407 01e8 23       		.byte	0x23
 408 01e9 2C       		.uleb128 0x2c
 409 01ea 06       		.uleb128 0x6
 410 01eb 0D000000 		.4byte	.LASF38
 411 01ef 06       		.byte	0x6
 412 01f0 C3       		.byte	0xc3
 413 01f1 E0000000 		.4byte	0xe0
 414 01f5 02       		.byte	0x2
 415 01f6 23       		.byte	0x23
 416 01f7 34       		.uleb128 0x34
 417 01f8 06       		.uleb128 0x6
 418 01f9 E0020000 		.4byte	.LASF39
 419 01fd 06       		.byte	0x6
 420 01fe C9       		.byte	0xc9
 421 01ff EB000000 		.4byte	0xeb
 422 0203 02       		.byte	0x2
 423 0204 23       		.byte	0x23
 424 0205 38       		.uleb128 0x38
 425 0206 06       		.uleb128 0x6
 426 0207 37020000 		.4byte	.LASF40
 427 020b 06       		.byte	0x6
 428 020c D0       		.byte	0xd0
 429 020d 3E040000 		.4byte	0x43e
 430 0211 02       		.byte	0x2
 431 0212 23       		.byte	0x23
 432 0213 3C       		.uleb128 0x3c
 433 0214 06       		.uleb128 0x6
 434 0215 2E030000 		.4byte	.LASF41
 435 0219 06       		.byte	0x6
 436 021a D4       		.byte	0xd4
 437 021b D5000000 		.4byte	0xd5
 438 021f 02       		.byte	0x2
 439 0220 23       		.byte	0x23
 440 0221 40       		.uleb128 0x40
 441 0222 06       		.uleb128 0x6
 442 0223 AB000000 		.4byte	.LASF42
 443 0227 06       		.byte	0x6
 444 0228 DA       		.byte	0xda
 445 0229 94020000 		.4byte	0x294
 446 022d 02       		.byte	0x2
 447 022e 23       		.byte	0x23
 448 022f 44       		.uleb128 0x44
 449 0230 00       		.byte	0
 450 0231 08       		.uleb128 0x8
 451 0232 08       		.byte	0x8
 452 0233 05       		.byte	0x5
ARM GAS  /tmp/ccUYhhnj.s 			page 9


 453 0234 61       		.byte	0x61
 454 0235 56020000 		.4byte	0x256
 455 0239 06       		.uleb128 0x6
 456 023a 77020000 		.4byte	.LASF24
 457 023e 05       		.byte	0x5
 458 023f 62       		.byte	0x62
 459 0240 56020000 		.4byte	0x256
 460 0244 02       		.byte	0x2
 461 0245 23       		.byte	0x23
 462 0246 00       		.uleb128 0
 463 0247 06       		.uleb128 0x6
 464 0248 0C020000 		.4byte	.LASF25
 465 024c 05       		.byte	0x5
 466 024d 64       		.byte	0x64
 467 024e 56020000 		.4byte	0x256
 468 0252 02       		.byte	0x2
 469 0253 23       		.byte	0x23
 470 0254 04       		.uleb128 0x4
 471 0255 00       		.byte	0
 472 0256 09       		.uleb128 0x9
 473 0257 04       		.byte	0x4
 474 0258 01010000 		.4byte	0x101
 475 025c 03       		.uleb128 0x3
 476 025d D2010000 		.4byte	.LASF43
 477 0261 05       		.byte	0x5
 478 0262 66       		.byte	0x66
 479 0263 31020000 		.4byte	0x231
 480 0267 08       		.uleb128 0x8
 481 0268 04       		.byte	0x4
 482 0269 05       		.byte	0x5
 483 026a 6B       		.byte	0x6b
 484 026b 7E020000 		.4byte	0x27e
 485 026f 06       		.uleb128 0x6
 486 0270 77020000 		.4byte	.LASF24
 487 0274 05       		.byte	0x5
 488 0275 6D       		.byte	0x6d
 489 0276 56020000 		.4byte	0x256
 490 027a 02       		.byte	0x2
 491 027b 23       		.byte	0x23
 492 027c 00       		.uleb128 0
 493 027d 00       		.byte	0
 494 027e 03       		.uleb128 0x3
 495 027f 71010000 		.4byte	.LASF44
 496 0283 05       		.byte	0x5
 497 0284 70       		.byte	0x70
 498 0285 67020000 		.4byte	0x267
 499 0289 03       		.uleb128 0x3
 500 028a FA000000 		.4byte	.LASF45
 501 028e 07       		.byte	0x7
 502 028f A7       		.byte	0xa7
 503 0290 94020000 		.4byte	0x294
 504 0294 0A       		.uleb128 0xa
 505 0295 04       		.byte	0x4
 506 0296 05       		.uleb128 0x5
 507 0297 40030000 		.4byte	.LASF46
 508 029b 24       		.byte	0x24
 509 029c 07       		.byte	0x7
ARM GAS  /tmp/ccUYhhnj.s 			page 10


 510 029d BA       		.byte	0xba
 511 029e 1A030000 		.4byte	0x31a
 512 02a2 07       		.uleb128 0x7
 513 02a3 723800   		.ascii	"r8\000"
 514 02a6 07       		.byte	0x7
 515 02a7 BB       		.byte	0xbb
 516 02a8 89020000 		.4byte	0x289
 517 02ac 02       		.byte	0x2
 518 02ad 23       		.byte	0x23
 519 02ae 00       		.uleb128 0
 520 02af 07       		.uleb128 0x7
 521 02b0 723900   		.ascii	"r9\000"
 522 02b3 07       		.byte	0x7
 523 02b4 BC       		.byte	0xbc
 524 02b5 89020000 		.4byte	0x289
 525 02b9 02       		.byte	0x2
 526 02ba 23       		.byte	0x23
 527 02bb 04       		.uleb128 0x4
 528 02bc 07       		.uleb128 0x7
 529 02bd 72313000 		.ascii	"r10\000"
 530 02c1 07       		.byte	0x7
 531 02c2 BD       		.byte	0xbd
 532 02c3 89020000 		.4byte	0x289
 533 02c7 02       		.byte	0x2
 534 02c8 23       		.byte	0x23
 535 02c9 08       		.uleb128 0x8
 536 02ca 07       		.uleb128 0x7
 537 02cb 72313100 		.ascii	"r11\000"
 538 02cf 07       		.byte	0x7
 539 02d0 BE       		.byte	0xbe
 540 02d1 89020000 		.4byte	0x289
 541 02d5 02       		.byte	0x2
 542 02d6 23       		.byte	0x23
 543 02d7 0C       		.uleb128 0xc
 544 02d8 07       		.uleb128 0x7
 545 02d9 723400   		.ascii	"r4\000"
 546 02dc 07       		.byte	0x7
 547 02dd BF       		.byte	0xbf
 548 02de 89020000 		.4byte	0x289
 549 02e2 02       		.byte	0x2
 550 02e3 23       		.byte	0x23
 551 02e4 10       		.uleb128 0x10
 552 02e5 07       		.uleb128 0x7
 553 02e6 723500   		.ascii	"r5\000"
 554 02e9 07       		.byte	0x7
 555 02ea C0       		.byte	0xc0
 556 02eb 89020000 		.4byte	0x289
 557 02ef 02       		.byte	0x2
 558 02f0 23       		.byte	0x23
 559 02f1 14       		.uleb128 0x14
 560 02f2 07       		.uleb128 0x7
 561 02f3 723600   		.ascii	"r6\000"
 562 02f6 07       		.byte	0x7
 563 02f7 C1       		.byte	0xc1
 564 02f8 89020000 		.4byte	0x289
 565 02fc 02       		.byte	0x2
 566 02fd 23       		.byte	0x23
ARM GAS  /tmp/ccUYhhnj.s 			page 11


 567 02fe 18       		.uleb128 0x18
 568 02ff 07       		.uleb128 0x7
 569 0300 723700   		.ascii	"r7\000"
 570 0303 07       		.byte	0x7
 571 0304 C2       		.byte	0xc2
 572 0305 89020000 		.4byte	0x289
 573 0309 02       		.byte	0x2
 574 030a 23       		.byte	0x23
 575 030b 1C       		.uleb128 0x1c
 576 030c 07       		.uleb128 0x7
 577 030d 6C7200   		.ascii	"lr\000"
 578 0310 07       		.byte	0x7
 579 0311 C3       		.byte	0xc3
 580 0312 89020000 		.4byte	0x289
 581 0316 02       		.byte	0x2
 582 0317 23       		.byte	0x23
 583 0318 20       		.uleb128 0x20
 584 0319 00       		.byte	0
 585 031a 05       		.uleb128 0x5
 586 031b 48010000 		.4byte	.LASF47
 587 031f 04       		.byte	0x4
 588 0320 07       		.byte	0x7
 589 0321 CD       		.byte	0xcd
 590 0322 35030000 		.4byte	0x335
 591 0326 07       		.uleb128 0x7
 592 0327 72313300 		.ascii	"r13\000"
 593 032b 07       		.byte	0x7
 594 032c CE       		.byte	0xce
 595 032d 35030000 		.4byte	0x335
 596 0331 02       		.byte	0x2
 597 0332 23       		.byte	0x23
 598 0333 00       		.uleb128 0
 599 0334 00       		.byte	0
 600 0335 09       		.uleb128 0x9
 601 0336 04       		.byte	0x4
 602 0337 96020000 		.4byte	0x296
 603 033b 04       		.uleb128 0x4
 604 033c 04       		.byte	0x4
 605 033d 07       		.byte	0x7
 606 033e A3010000 		.4byte	.LASF48
 607 0342 0B       		.uleb128 0xb
 608 0343 F6000000 		.4byte	0xf6
 609 0347 08       		.uleb128 0x8
 610 0348 1C       		.byte	0x1c
 611 0349 08       		.byte	0x8
 612 034a 5E       		.byte	0x5e
 613 034b A4030000 		.4byte	0x3a4
 614 034f 06       		.uleb128 0x6
 615 0350 00030000 		.4byte	.LASF49
 616 0354 08       		.byte	0x8
 617 0355 5F       		.byte	0x5f
 618 0356 5C020000 		.4byte	0x25c
 619 035a 02       		.byte	0x2
 620 035b 23       		.byte	0x23
 621 035c 00       		.uleb128 0
 622 035d 06       		.uleb128 0x6
 623 035e 69020000 		.4byte	.LASF50
ARM GAS  /tmp/ccUYhhnj.s 			page 12


 624 0362 08       		.byte	0x8
 625 0363 60       		.byte	0x60
 626 0364 D5000000 		.4byte	0xd5
 627 0368 02       		.byte	0x2
 628 0369 23       		.byte	0x23
 629 036a 08       		.uleb128 0x8
 630 036b 06       		.uleb128 0x6
 631 036c CC010000 		.4byte	.LASF51
 632 0370 08       		.byte	0x8
 633 0371 62       		.byte	0x62
 634 0372 1A030000 		.4byte	0x31a
 635 0376 02       		.byte	0x2
 636 0377 23       		.byte	0x23
 637 0378 0C       		.uleb128 0xc
 638 0379 06       		.uleb128 0x6
 639 037a F2000000 		.4byte	.LASF52
 640 037e 08       		.byte	0x8
 641 037f 65       		.byte	0x65
 642 0380 56020000 		.4byte	0x256
 643 0384 02       		.byte	0x2
 644 0385 23       		.byte	0x23
 645 0386 10       		.uleb128 0x10
 646 0387 06       		.uleb128 0x6
 647 0388 F1010000 		.4byte	.LASF53
 648 038c 08       		.byte	0x8
 649 038d 66       		.byte	0x66
 650 038e 56020000 		.4byte	0x256
 651 0392 02       		.byte	0x2
 652 0393 23       		.byte	0x23
 653 0394 14       		.uleb128 0x14
 654 0395 06       		.uleb128 0x6
 655 0396 E7010000 		.4byte	.LASF54
 656 039a 08       		.byte	0x8
 657 039b 69       		.byte	0x69
 658 039c 56020000 		.4byte	0x256
 659 03a0 02       		.byte	0x2
 660 03a1 23       		.byte	0x23
 661 03a2 18       		.uleb128 0x18
 662 03a3 00       		.byte	0
 663 03a4 03       		.uleb128 0x3
 664 03a5 64030000 		.4byte	.LASF55
 665 03a9 08       		.byte	0x8
 666 03aa 6B       		.byte	0x6b
 667 03ab 47030000 		.4byte	0x347
 668 03af 05       		.uleb128 0x5
 669 03b0 89010000 		.4byte	.LASF56
 670 03b4 10       		.byte	0x10
 671 03b5 09       		.byte	0x9
 672 03b6 2C       		.byte	0x2c
 673 03b7 E6030000 		.4byte	0x3e6
 674 03bb 06       		.uleb128 0x6
 675 03bc B3000000 		.4byte	.LASF57
 676 03c0 09       		.byte	0x9
 677 03c1 2D       		.byte	0x2d
 678 03c2 5C020000 		.4byte	0x25c
 679 03c6 02       		.byte	0x2
 680 03c7 23       		.byte	0x23
ARM GAS  /tmp/ccUYhhnj.s 			page 13


 681 03c8 00       		.uleb128 0
 682 03c9 06       		.uleb128 0x6
 683 03ca B7030000 		.4byte	.LASF58
 684 03ce 09       		.byte	0x9
 685 03cf 2F       		.byte	0x2f
 686 03d0 56020000 		.4byte	0x256
 687 03d4 02       		.byte	0x2
 688 03d5 23       		.byte	0x23
 689 03d6 08       		.uleb128 0x8
 690 03d7 06       		.uleb128 0x6
 691 03d8 1D030000 		.4byte	.LASF59
 692 03dc 09       		.byte	0x9
 693 03dd 31       		.byte	0x31
 694 03de E6030000 		.4byte	0x3e6
 695 03e2 02       		.byte	0x2
 696 03e3 23       		.byte	0x23
 697 03e4 0C       		.uleb128 0xc
 698 03e5 00       		.byte	0
 699 03e6 09       		.uleb128 0x9
 700 03e7 04       		.byte	0x4
 701 03e8 AF030000 		.4byte	0x3af
 702 03ec 03       		.uleb128 0x3
 703 03ed 89010000 		.4byte	.LASF56
 704 03f1 09       		.byte	0x9
 705 03f2 33       		.byte	0x33
 706 03f3 AF030000 		.4byte	0x3af
 707 03f7 0C       		.uleb128 0xc
 708 03f8 04       		.byte	0x4
 709 03f9 06       		.byte	0x6
 710 03fa 96       		.byte	0x96
 711 03fb 2C040000 		.4byte	0x42c
 712 03ff 0D       		.uleb128 0xd
 713 0400 1A000000 		.4byte	.LASF60
 714 0404 06       		.byte	0x6
 715 0405 9D       		.byte	0x9d
 716 0406 E0000000 		.4byte	0xe0
 717 040a 0D       		.uleb128 0xd
 718 040b 46000000 		.4byte	.LASF61
 719 040f 06       		.byte	0x6
 720 0410 A4       		.byte	0xa4
 721 0411 E0000000 		.4byte	0xe0
 722 0415 0D       		.uleb128 0xd
 723 0416 9E030000 		.4byte	.LASF62
 724 041a 06       		.byte	0x6
 725 041b AB       		.byte	0xab
 726 041c 94020000 		.4byte	0x294
 727 0420 0D       		.uleb128 0xd
 728 0421 70020000 		.4byte	.LASF63
 729 0425 06       		.byte	0x6
 730 0426 B2       		.byte	0xb2
 731 0427 EB000000 		.4byte	0xeb
 732 042b 00       		.byte	0
 733 042c 09       		.uleb128 0x9
 734 042d 04       		.byte	0x4
 735 042e 32040000 		.4byte	0x432
 736 0432 0E       		.uleb128 0xe
 737 0433 37040000 		.4byte	0x437
ARM GAS  /tmp/ccUYhhnj.s 			page 14


 738 0437 04       		.uleb128 0x4
 739 0438 01       		.byte	0x1
 740 0439 08       		.byte	0x8
 741 043a 08030000 		.4byte	.LASF64
 742 043e 09       		.uleb128 0x9
 743 043f 04       		.byte	0x4
 744 0440 EC030000 		.4byte	0x3ec
 745 0444 08       		.uleb128 0x8
 746 0445 16       		.byte	0x16
 747 0446 0A       		.byte	0xa
 748 0447 2C       		.byte	0x2c
 749 0448 49050000 		.4byte	0x549
 750 044c 06       		.uleb128 0x6
 751 044d 2B010000 		.4byte	.LASF65
 752 0451 0A       		.byte	0xa
 753 0452 2D       		.byte	0x2d
 754 0453 49050000 		.4byte	0x549
 755 0457 02       		.byte	0x2
 756 0458 23       		.byte	0x23
 757 0459 00       		.uleb128 0
 758 045a 06       		.uleb128 0x6
 759 045b 8F010000 		.4byte	.LASF66
 760 045f 0A       		.byte	0xa
 761 0460 2E       		.byte	0x2e
 762 0461 45000000 		.4byte	0x45
 763 0465 02       		.byte	0x2
 764 0466 23       		.byte	0x23
 765 0467 04       		.uleb128 0x4
 766 0468 06       		.uleb128 0x6
 767 0469 DF010000 		.4byte	.LASF67
 768 046d 0A       		.byte	0xa
 769 046e 2F       		.byte	0x2f
 770 046f 45000000 		.4byte	0x45
 771 0473 02       		.byte	0x2
 772 0474 23       		.byte	0x23
 773 0475 05       		.uleb128 0x5
 774 0476 06       		.uleb128 0x6
 775 0477 AC030000 		.4byte	.LASF68
 776 047b 0A       		.byte	0xa
 777 047c 30       		.byte	0x30
 778 047d 5E000000 		.4byte	0x5e
 779 0481 02       		.byte	0x2
 780 0482 23       		.byte	0x23
 781 0483 06       		.uleb128 0x6
 782 0484 06       		.uleb128 0x6
 783 0485 01020000 		.4byte	.LASF69
 784 0489 0A       		.byte	0xa
 785 048a 31       		.byte	0x31
 786 048b 45000000 		.4byte	0x45
 787 048f 02       		.byte	0x2
 788 0490 23       		.byte	0x23
 789 0491 08       		.uleb128 0x8
 790 0492 06       		.uleb128 0x6
 791 0493 AC010000 		.4byte	.LASF70
 792 0497 0A       		.byte	0xa
 793 0498 32       		.byte	0x32
 794 0499 45000000 		.4byte	0x45
ARM GAS  /tmp/ccUYhhnj.s 			page 15


 795 049d 02       		.byte	0x2
 796 049e 23       		.byte	0x23
 797 049f 09       		.uleb128 0x9
 798 04a0 06       		.uleb128 0x6
 799 04a1 38000000 		.4byte	.LASF71
 800 04a5 0A       		.byte	0xa
 801 04a6 33       		.byte	0x33
 802 04a7 45000000 		.4byte	0x45
 803 04ab 02       		.byte	0x2
 804 04ac 23       		.byte	0x23
 805 04ad 0A       		.uleb128 0xa
 806 04ae 06       		.uleb128 0x6
 807 04af F4020000 		.4byte	.LASF72
 808 04b3 0A       		.byte	0xa
 809 04b4 34       		.byte	0x34
 810 04b5 45000000 		.4byte	0x45
 811 04b9 02       		.byte	0x2
 812 04ba 23       		.byte	0x23
 813 04bb 0B       		.uleb128 0xb
 814 04bc 06       		.uleb128 0x6
 815 04bd 52030000 		.4byte	.LASF73
 816 04c1 0A       		.byte	0xa
 817 04c2 35       		.byte	0x35
 818 04c3 45000000 		.4byte	0x45
 819 04c7 02       		.byte	0x2
 820 04c8 23       		.byte	0x23
 821 04c9 0C       		.uleb128 0xc
 822 04ca 06       		.uleb128 0x6
 823 04cb D3020000 		.4byte	.LASF74
 824 04cf 0A       		.byte	0xa
 825 04d0 36       		.byte	0x36
 826 04d1 45000000 		.4byte	0x45
 827 04d5 02       		.byte	0x2
 828 04d6 23       		.byte	0x23
 829 04d7 0D       		.uleb128 0xd
 830 04d8 06       		.uleb128 0x6
 831 04d9 00000000 		.4byte	.LASF75
 832 04dd 0A       		.byte	0xa
 833 04de 37       		.byte	0x37
 834 04df 45000000 		.4byte	0x45
 835 04e3 02       		.byte	0x2
 836 04e4 23       		.byte	0x23
 837 04e5 0E       		.uleb128 0xe
 838 04e6 06       		.uleb128 0x6
 839 04e7 B8010000 		.4byte	.LASF76
 840 04eb 0A       		.byte	0xa
 841 04ec 38       		.byte	0x38
 842 04ed 45000000 		.4byte	0x45
 843 04f1 02       		.byte	0x2
 844 04f2 23       		.byte	0x23
 845 04f3 0F       		.uleb128 0xf
 846 04f4 06       		.uleb128 0x6
 847 04f5 8E000000 		.4byte	.LASF77
 848 04f9 0A       		.byte	0xa
 849 04fa 39       		.byte	0x39
 850 04fb 45000000 		.4byte	0x45
 851 04ff 02       		.byte	0x2
ARM GAS  /tmp/ccUYhhnj.s 			page 16


 852 0500 23       		.byte	0x23
 853 0501 10       		.uleb128 0x10
 854 0502 06       		.uleb128 0x6
 855 0503 67000000 		.4byte	.LASF78
 856 0507 0A       		.byte	0xa
 857 0508 3B       		.byte	0x3b
 858 0509 45000000 		.4byte	0x45
 859 050d 02       		.byte	0x2
 860 050e 23       		.byte	0x23
 861 050f 11       		.uleb128 0x11
 862 0510 06       		.uleb128 0x6
 863 0511 9E000000 		.4byte	.LASF79
 864 0515 0A       		.byte	0xa
 865 0516 3C       		.byte	0x3c
 866 0517 45000000 		.4byte	0x45
 867 051b 02       		.byte	0x2
 868 051c 23       		.byte	0x23
 869 051d 12       		.uleb128 0x12
 870 051e 06       		.uleb128 0x6
 871 051f 97010000 		.4byte	.LASF80
 872 0523 0A       		.byte	0xa
 873 0524 3D       		.byte	0x3d
 874 0525 45000000 		.4byte	0x45
 875 0529 02       		.byte	0x2
 876 052a 23       		.byte	0x23
 877 052b 13       		.uleb128 0x13
 878 052c 06       		.uleb128 0x6
 879 052d 39010000 		.4byte	.LASF81
 880 0531 0A       		.byte	0xa
 881 0532 3E       		.byte	0x3e
 882 0533 45000000 		.4byte	0x45
 883 0537 02       		.byte	0x2
 884 0538 23       		.byte	0x23
 885 0539 14       		.uleb128 0x14
 886 053a 06       		.uleb128 0x6
 887 053b 5D020000 		.4byte	.LASF82
 888 053f 0A       		.byte	0xa
 889 0540 40       		.byte	0x40
 890 0541 45000000 		.4byte	0x45
 891 0545 02       		.byte	0x2
 892 0546 23       		.byte	0x23
 893 0547 15       		.uleb128 0x15
 894 0548 00       		.byte	0
 895 0549 0F       		.uleb128 0xf
 896 054a 37040000 		.4byte	0x437
 897 054e 59050000 		.4byte	0x559
 898 0552 10       		.uleb128 0x10
 899 0553 3B030000 		.4byte	0x33b
 900 0557 03       		.byte	0x3
 901 0558 00       		.byte	0
 902 0559 03       		.uleb128 0x3
 903 055a E0000000 		.4byte	.LASF83
 904 055e 0A       		.byte	0xa
 905 055f 41       		.byte	0x41
 906 0560 44040000 		.4byte	0x444
 907 0564 11       		.uleb128 0x11
 908 0565 01       		.byte	0x1
ARM GAS  /tmp/ccUYhhnj.s 			page 17


 909 0566 4F000000 		.4byte	.LASF84
 910 056a 01       		.byte	0x1
 911 056b 75       		.byte	0x75
 912 056c 01       		.byte	0x1
 913 056d 56020000 		.4byte	0x256
 914 0571 00000000 		.4byte	.LFB7
 915 0575 14000000 		.4byte	.LFE7
 916 0579 02       		.byte	0x2
 917 057a 7D       		.byte	0x7d
 918 057b 00       		.sleb128 0
 919 057c 01       		.byte	0x1
 920 057d 8E050000 		.4byte	0x58e
 921 0581 12       		.uleb128 0x12
 922 0582 747000   		.ascii	"tp\000"
 923 0585 01       		.byte	0x1
 924 0586 76       		.byte	0x76
 925 0587 56020000 		.4byte	0x256
 926 058b 01       		.byte	0x1
 927 058c 50       		.byte	0x50
 928 058d 00       		.byte	0
 929 058e 13       		.uleb128 0x13
 930 058f 01       		.byte	0x1
 931 0590 0D030000 		.4byte	.LASF85
 932 0594 01       		.byte	0x1
 933 0595 8C       		.byte	0x8c
 934 0596 01       		.byte	0x1
 935 0597 56020000 		.4byte	0x256
 936 059b 00000000 		.4byte	.LFB8
 937 059f 24000000 		.4byte	.LFE8
 938 05a3 00000000 		.4byte	.LLST0
 939 05a7 01       		.byte	0x1
 940 05a8 D3050000 		.4byte	0x5d3
 941 05ac 14       		.uleb128 0x14
 942 05ad 747000   		.ascii	"tp\000"
 943 05b0 01       		.byte	0x1
 944 05b1 8C       		.byte	0x8c
 945 05b2 56020000 		.4byte	0x256
 946 05b6 20000000 		.4byte	.LLST1
 947 05ba 15       		.uleb128 0x15
 948 05bb 6E747000 		.ascii	"ntp\000"
 949 05bf 01       		.byte	0x1
 950 05c0 8D       		.byte	0x8d
 951 05c1 56020000 		.4byte	0x256
 952 05c5 4C000000 		.4byte	.LLST2
 953 05c9 16       		.uleb128 0x16
 954 05ca 18000000 		.4byte	.LVL4
 955 05ce F7050000 		.4byte	0x5f7
 956 05d2 00       		.byte	0
 957 05d3 17       		.uleb128 0x17
 958 05d4 6E030000 		.4byte	.LASF86
 959 05d8 08       		.byte	0x8
 960 05d9 6F       		.byte	0x6f
 961 05da A4030000 		.4byte	0x3a4
 962 05de 01       		.byte	0x1
 963 05df 01       		.byte	0x1
 964 05e0 18       		.uleb128 0x18
 965 05e1 22010000 		.4byte	.LASF87
ARM GAS  /tmp/ccUYhhnj.s 			page 18


 966 05e5 01       		.byte	0x1
 967 05e6 42       		.byte	0x42
 968 05e7 F2050000 		.4byte	0x5f2
 969 05eb 01       		.byte	0x1
 970 05ec 05       		.byte	0x5
 971 05ed 03       		.byte	0x3
 972 05ee 00000000 		.4byte	ch_debug
 973 05f2 0E       		.uleb128 0xe
 974 05f3 59050000 		.4byte	0x559
 975 05f7 19       		.uleb128 0x19
 976 05f8 01       		.byte	0x1
 977 05f9 BF020000 		.4byte	.LASF90
 978 05fd 0B       		.byte	0xb
 979 05fe 3A       		.byte	0x3a
 980 05ff 01       		.byte	0x1
 981 0600 01       		.byte	0x1
 982 0601 1A       		.uleb128 0x1a
 983 0602 56020000 		.4byte	0x256
 984 0606 00       		.byte	0
 985 0607 00       		.byte	0
 986              		.section	.debug_abbrev,"",%progbits
 987              	.Ldebug_abbrev0:
 988 0000 01       		.uleb128 0x1
 989 0001 11       		.uleb128 0x11
 990 0002 01       		.byte	0x1
 991 0003 25       		.uleb128 0x25
 992 0004 0E       		.uleb128 0xe
 993 0005 13       		.uleb128 0x13
 994 0006 0B       		.uleb128 0xb
 995 0007 03       		.uleb128 0x3
 996 0008 0E       		.uleb128 0xe
 997 0009 55       		.uleb128 0x55
 998 000a 06       		.uleb128 0x6
 999 000b 11       		.uleb128 0x11
 1000 000c 01       		.uleb128 0x1
 1001 000d 52       		.uleb128 0x52
 1002 000e 01       		.uleb128 0x1
 1003 000f 10       		.uleb128 0x10
 1004 0010 06       		.uleb128 0x6
 1005 0011 00       		.byte	0
 1006 0012 00       		.byte	0
 1007 0013 02       		.uleb128 0x2
 1008 0014 24       		.uleb128 0x24
 1009 0015 00       		.byte	0
 1010 0016 0B       		.uleb128 0xb
 1011 0017 0B       		.uleb128 0xb
 1012 0018 3E       		.uleb128 0x3e
 1013 0019 0B       		.uleb128 0xb
 1014 001a 03       		.uleb128 0x3
 1015 001b 08       		.uleb128 0x8
 1016 001c 00       		.byte	0
 1017 001d 00       		.byte	0
 1018 001e 03       		.uleb128 0x3
 1019 001f 16       		.uleb128 0x16
 1020 0020 00       		.byte	0
 1021 0021 03       		.uleb128 0x3
 1022 0022 0E       		.uleb128 0xe
ARM GAS  /tmp/ccUYhhnj.s 			page 19


 1023 0023 3A       		.uleb128 0x3a
 1024 0024 0B       		.uleb128 0xb
 1025 0025 3B       		.uleb128 0x3b
 1026 0026 0B       		.uleb128 0xb
 1027 0027 49       		.uleb128 0x49
 1028 0028 13       		.uleb128 0x13
 1029 0029 00       		.byte	0
 1030 002a 00       		.byte	0
 1031 002b 04       		.uleb128 0x4
 1032 002c 24       		.uleb128 0x24
 1033 002d 00       		.byte	0
 1034 002e 0B       		.uleb128 0xb
 1035 002f 0B       		.uleb128 0xb
 1036 0030 3E       		.uleb128 0x3e
 1037 0031 0B       		.uleb128 0xb
 1038 0032 03       		.uleb128 0x3
 1039 0033 0E       		.uleb128 0xe
 1040 0034 00       		.byte	0
 1041 0035 00       		.byte	0
 1042 0036 05       		.uleb128 0x5
 1043 0037 13       		.uleb128 0x13
 1044 0038 01       		.byte	0x1
 1045 0039 03       		.uleb128 0x3
 1046 003a 0E       		.uleb128 0xe
 1047 003b 0B       		.uleb128 0xb
 1048 003c 0B       		.uleb128 0xb
 1049 003d 3A       		.uleb128 0x3a
 1050 003e 0B       		.uleb128 0xb
 1051 003f 3B       		.uleb128 0x3b
 1052 0040 0B       		.uleb128 0xb
 1053 0041 01       		.uleb128 0x1
 1054 0042 13       		.uleb128 0x13
 1055 0043 00       		.byte	0
 1056 0044 00       		.byte	0
 1057 0045 06       		.uleb128 0x6
 1058 0046 0D       		.uleb128 0xd
 1059 0047 00       		.byte	0
 1060 0048 03       		.uleb128 0x3
 1061 0049 0E       		.uleb128 0xe
 1062 004a 3A       		.uleb128 0x3a
 1063 004b 0B       		.uleb128 0xb
 1064 004c 3B       		.uleb128 0x3b
 1065 004d 0B       		.uleb128 0xb
 1066 004e 49       		.uleb128 0x49
 1067 004f 13       		.uleb128 0x13
 1068 0050 38       		.uleb128 0x38
 1069 0051 0A       		.uleb128 0xa
 1070 0052 00       		.byte	0
 1071 0053 00       		.byte	0
 1072 0054 07       		.uleb128 0x7
 1073 0055 0D       		.uleb128 0xd
 1074 0056 00       		.byte	0
 1075 0057 03       		.uleb128 0x3
 1076 0058 08       		.uleb128 0x8
 1077 0059 3A       		.uleb128 0x3a
 1078 005a 0B       		.uleb128 0xb
 1079 005b 3B       		.uleb128 0x3b
ARM GAS  /tmp/ccUYhhnj.s 			page 20


 1080 005c 0B       		.uleb128 0xb
 1081 005d 49       		.uleb128 0x49
 1082 005e 13       		.uleb128 0x13
 1083 005f 38       		.uleb128 0x38
 1084 0060 0A       		.uleb128 0xa
 1085 0061 00       		.byte	0
 1086 0062 00       		.byte	0
 1087 0063 08       		.uleb128 0x8
 1088 0064 13       		.uleb128 0x13
 1089 0065 01       		.byte	0x1
 1090 0066 0B       		.uleb128 0xb
 1091 0067 0B       		.uleb128 0xb
 1092 0068 3A       		.uleb128 0x3a
 1093 0069 0B       		.uleb128 0xb
 1094 006a 3B       		.uleb128 0x3b
 1095 006b 0B       		.uleb128 0xb
 1096 006c 01       		.uleb128 0x1
 1097 006d 13       		.uleb128 0x13
 1098 006e 00       		.byte	0
 1099 006f 00       		.byte	0
 1100 0070 09       		.uleb128 0x9
 1101 0071 0F       		.uleb128 0xf
 1102 0072 00       		.byte	0
 1103 0073 0B       		.uleb128 0xb
 1104 0074 0B       		.uleb128 0xb
 1105 0075 49       		.uleb128 0x49
 1106 0076 13       		.uleb128 0x13
 1107 0077 00       		.byte	0
 1108 0078 00       		.byte	0
 1109 0079 0A       		.uleb128 0xa
 1110 007a 0F       		.uleb128 0xf
 1111 007b 00       		.byte	0
 1112 007c 0B       		.uleb128 0xb
 1113 007d 0B       		.uleb128 0xb
 1114 007e 00       		.byte	0
 1115 007f 00       		.byte	0
 1116 0080 0B       		.uleb128 0xb
 1117 0081 35       		.uleb128 0x35
 1118 0082 00       		.byte	0
 1119 0083 49       		.uleb128 0x49
 1120 0084 13       		.uleb128 0x13
 1121 0085 00       		.byte	0
 1122 0086 00       		.byte	0
 1123 0087 0C       		.uleb128 0xc
 1124 0088 17       		.uleb128 0x17
 1125 0089 01       		.byte	0x1
 1126 008a 0B       		.uleb128 0xb
 1127 008b 0B       		.uleb128 0xb
 1128 008c 3A       		.uleb128 0x3a
 1129 008d 0B       		.uleb128 0xb
 1130 008e 3B       		.uleb128 0x3b
 1131 008f 0B       		.uleb128 0xb
 1132 0090 01       		.uleb128 0x1
 1133 0091 13       		.uleb128 0x13
 1134 0092 00       		.byte	0
 1135 0093 00       		.byte	0
 1136 0094 0D       		.uleb128 0xd
ARM GAS  /tmp/ccUYhhnj.s 			page 21


 1137 0095 0D       		.uleb128 0xd
 1138 0096 00       		.byte	0
 1139 0097 03       		.uleb128 0x3
 1140 0098 0E       		.uleb128 0xe
 1141 0099 3A       		.uleb128 0x3a
 1142 009a 0B       		.uleb128 0xb
 1143 009b 3B       		.uleb128 0x3b
 1144 009c 0B       		.uleb128 0xb
 1145 009d 49       		.uleb128 0x49
 1146 009e 13       		.uleb128 0x13
 1147 009f 00       		.byte	0
 1148 00a0 00       		.byte	0
 1149 00a1 0E       		.uleb128 0xe
 1150 00a2 26       		.uleb128 0x26
 1151 00a3 00       		.byte	0
 1152 00a4 49       		.uleb128 0x49
 1153 00a5 13       		.uleb128 0x13
 1154 00a6 00       		.byte	0
 1155 00a7 00       		.byte	0
 1156 00a8 0F       		.uleb128 0xf
 1157 00a9 01       		.uleb128 0x1
 1158 00aa 01       		.byte	0x1
 1159 00ab 49       		.uleb128 0x49
 1160 00ac 13       		.uleb128 0x13
 1161 00ad 01       		.uleb128 0x1
 1162 00ae 13       		.uleb128 0x13
 1163 00af 00       		.byte	0
 1164 00b0 00       		.byte	0
 1165 00b1 10       		.uleb128 0x10
 1166 00b2 21       		.uleb128 0x21
 1167 00b3 00       		.byte	0
 1168 00b4 49       		.uleb128 0x49
 1169 00b5 13       		.uleb128 0x13
 1170 00b6 2F       		.uleb128 0x2f
 1171 00b7 0B       		.uleb128 0xb
 1172 00b8 00       		.byte	0
 1173 00b9 00       		.byte	0
 1174 00ba 11       		.uleb128 0x11
 1175 00bb 2E       		.uleb128 0x2e
 1176 00bc 01       		.byte	0x1
 1177 00bd 3F       		.uleb128 0x3f
 1178 00be 0C       		.uleb128 0xc
 1179 00bf 03       		.uleb128 0x3
 1180 00c0 0E       		.uleb128 0xe
 1181 00c1 3A       		.uleb128 0x3a
 1182 00c2 0B       		.uleb128 0xb
 1183 00c3 3B       		.uleb128 0x3b
 1184 00c4 0B       		.uleb128 0xb
 1185 00c5 27       		.uleb128 0x27
 1186 00c6 0C       		.uleb128 0xc
 1187 00c7 49       		.uleb128 0x49
 1188 00c8 13       		.uleb128 0x13
 1189 00c9 11       		.uleb128 0x11
 1190 00ca 01       		.uleb128 0x1
 1191 00cb 12       		.uleb128 0x12
 1192 00cc 01       		.uleb128 0x1
 1193 00cd 40       		.uleb128 0x40
ARM GAS  /tmp/ccUYhhnj.s 			page 22


 1194 00ce 0A       		.uleb128 0xa
 1195 00cf 9742     		.uleb128 0x2117
 1196 00d1 0C       		.uleb128 0xc
 1197 00d2 01       		.uleb128 0x1
 1198 00d3 13       		.uleb128 0x13
 1199 00d4 00       		.byte	0
 1200 00d5 00       		.byte	0
 1201 00d6 12       		.uleb128 0x12
 1202 00d7 34       		.uleb128 0x34
 1203 00d8 00       		.byte	0
 1204 00d9 03       		.uleb128 0x3
 1205 00da 08       		.uleb128 0x8
 1206 00db 3A       		.uleb128 0x3a
 1207 00dc 0B       		.uleb128 0xb
 1208 00dd 3B       		.uleb128 0x3b
 1209 00de 0B       		.uleb128 0xb
 1210 00df 49       		.uleb128 0x49
 1211 00e0 13       		.uleb128 0x13
 1212 00e1 02       		.uleb128 0x2
 1213 00e2 0A       		.uleb128 0xa
 1214 00e3 00       		.byte	0
 1215 00e4 00       		.byte	0
 1216 00e5 13       		.uleb128 0x13
 1217 00e6 2E       		.uleb128 0x2e
 1218 00e7 01       		.byte	0x1
 1219 00e8 3F       		.uleb128 0x3f
 1220 00e9 0C       		.uleb128 0xc
 1221 00ea 03       		.uleb128 0x3
 1222 00eb 0E       		.uleb128 0xe
 1223 00ec 3A       		.uleb128 0x3a
 1224 00ed 0B       		.uleb128 0xb
 1225 00ee 3B       		.uleb128 0x3b
 1226 00ef 0B       		.uleb128 0xb
 1227 00f0 27       		.uleb128 0x27
 1228 00f1 0C       		.uleb128 0xc
 1229 00f2 49       		.uleb128 0x49
 1230 00f3 13       		.uleb128 0x13
 1231 00f4 11       		.uleb128 0x11
 1232 00f5 01       		.uleb128 0x1
 1233 00f6 12       		.uleb128 0x12
 1234 00f7 01       		.uleb128 0x1
 1235 00f8 40       		.uleb128 0x40
 1236 00f9 06       		.uleb128 0x6
 1237 00fa 9742     		.uleb128 0x2117
 1238 00fc 0C       		.uleb128 0xc
 1239 00fd 01       		.uleb128 0x1
 1240 00fe 13       		.uleb128 0x13
 1241 00ff 00       		.byte	0
 1242 0100 00       		.byte	0
 1243 0101 14       		.uleb128 0x14
 1244 0102 05       		.uleb128 0x5
 1245 0103 00       		.byte	0
 1246 0104 03       		.uleb128 0x3
 1247 0105 08       		.uleb128 0x8
 1248 0106 3A       		.uleb128 0x3a
 1249 0107 0B       		.uleb128 0xb
 1250 0108 3B       		.uleb128 0x3b
ARM GAS  /tmp/ccUYhhnj.s 			page 23


 1251 0109 0B       		.uleb128 0xb
 1252 010a 49       		.uleb128 0x49
 1253 010b 13       		.uleb128 0x13
 1254 010c 02       		.uleb128 0x2
 1255 010d 06       		.uleb128 0x6
 1256 010e 00       		.byte	0
 1257 010f 00       		.byte	0
 1258 0110 15       		.uleb128 0x15
 1259 0111 34       		.uleb128 0x34
 1260 0112 00       		.byte	0
 1261 0113 03       		.uleb128 0x3
 1262 0114 08       		.uleb128 0x8
 1263 0115 3A       		.uleb128 0x3a
 1264 0116 0B       		.uleb128 0xb
 1265 0117 3B       		.uleb128 0x3b
 1266 0118 0B       		.uleb128 0xb
 1267 0119 49       		.uleb128 0x49
 1268 011a 13       		.uleb128 0x13
 1269 011b 02       		.uleb128 0x2
 1270 011c 06       		.uleb128 0x6
 1271 011d 00       		.byte	0
 1272 011e 00       		.byte	0
 1273 011f 16       		.uleb128 0x16
 1274 0120 898201   		.uleb128 0x4109
 1275 0123 00       		.byte	0
 1276 0124 11       		.uleb128 0x11
 1277 0125 01       		.uleb128 0x1
 1278 0126 31       		.uleb128 0x31
 1279 0127 13       		.uleb128 0x13
 1280 0128 00       		.byte	0
 1281 0129 00       		.byte	0
 1282 012a 17       		.uleb128 0x17
 1283 012b 34       		.uleb128 0x34
 1284 012c 00       		.byte	0
 1285 012d 03       		.uleb128 0x3
 1286 012e 0E       		.uleb128 0xe
 1287 012f 3A       		.uleb128 0x3a
 1288 0130 0B       		.uleb128 0xb
 1289 0131 3B       		.uleb128 0x3b
 1290 0132 0B       		.uleb128 0xb
 1291 0133 49       		.uleb128 0x49
 1292 0134 13       		.uleb128 0x13
 1293 0135 3F       		.uleb128 0x3f
 1294 0136 0C       		.uleb128 0xc
 1295 0137 3C       		.uleb128 0x3c
 1296 0138 0C       		.uleb128 0xc
 1297 0139 00       		.byte	0
 1298 013a 00       		.byte	0
 1299 013b 18       		.uleb128 0x18
 1300 013c 34       		.uleb128 0x34
 1301 013d 00       		.byte	0
 1302 013e 03       		.uleb128 0x3
 1303 013f 0E       		.uleb128 0xe
 1304 0140 3A       		.uleb128 0x3a
 1305 0141 0B       		.uleb128 0xb
 1306 0142 3B       		.uleb128 0x3b
 1307 0143 0B       		.uleb128 0xb
ARM GAS  /tmp/ccUYhhnj.s 			page 24


 1308 0144 49       		.uleb128 0x49
 1309 0145 13       		.uleb128 0x13
 1310 0146 3F       		.uleb128 0x3f
 1311 0147 0C       		.uleb128 0xc
 1312 0148 02       		.uleb128 0x2
 1313 0149 0A       		.uleb128 0xa
 1314 014a 00       		.byte	0
 1315 014b 00       		.byte	0
 1316 014c 19       		.uleb128 0x19
 1317 014d 2E       		.uleb128 0x2e
 1318 014e 01       		.byte	0x1
 1319 014f 3F       		.uleb128 0x3f
 1320 0150 0C       		.uleb128 0xc
 1321 0151 03       		.uleb128 0x3
 1322 0152 0E       		.uleb128 0xe
 1323 0153 3A       		.uleb128 0x3a
 1324 0154 0B       		.uleb128 0xb
 1325 0155 3B       		.uleb128 0x3b
 1326 0156 0B       		.uleb128 0xb
 1327 0157 27       		.uleb128 0x27
 1328 0158 0C       		.uleb128 0xc
 1329 0159 3C       		.uleb128 0x3c
 1330 015a 0C       		.uleb128 0xc
 1331 015b 00       		.byte	0
 1332 015c 00       		.byte	0
 1333 015d 1A       		.uleb128 0x1a
 1334 015e 05       		.uleb128 0x5
 1335 015f 00       		.byte	0
 1336 0160 49       		.uleb128 0x49
 1337 0161 13       		.uleb128 0x13
 1338 0162 00       		.byte	0
 1339 0163 00       		.byte	0
 1340 0164 00       		.byte	0
 1341              		.section	.debug_loc,"",%progbits
 1342              	.Ldebug_loc0:
 1343              	.LLST0:
 1344 0000 00000000 		.4byte	.LFB8
 1345 0004 02000000 		.4byte	.LCFI0
 1346 0008 0200     		.2byte	0x2
 1347 000a 7D       		.byte	0x7d
 1348 000b 00       		.sleb128 0
 1349 000c 02000000 		.4byte	.LCFI0
 1350 0010 24000000 		.4byte	.LFE8
 1351 0014 0200     		.2byte	0x2
 1352 0016 7D       		.byte	0x7d
 1353 0017 08       		.sleb128 8
 1354 0018 00000000 		.4byte	0
 1355 001c 00000000 		.4byte	0
 1356              	.LLST1:
 1357 0020 00000000 		.4byte	.LVL1
 1358 0024 17000000 		.4byte	.LVL4-1
 1359 0028 0100     		.2byte	0x1
 1360 002a 50       		.byte	0x50
 1361 002b 17000000 		.4byte	.LVL4-1
 1362 002f 1C000000 		.4byte	.LVL6
 1363 0033 0400     		.2byte	0x4
 1364 0035 F3       		.byte	0xf3
ARM GAS  /tmp/ccUYhhnj.s 			page 25


 1365 0036 01       		.uleb128 0x1
 1366 0037 50       		.byte	0x50
 1367 0038 9F       		.byte	0x9f
 1368 0039 1C000000 		.4byte	.LVL6
 1369 003d 24000000 		.4byte	.LFE8
 1370 0041 0100     		.2byte	0x1
 1371 0043 50       		.byte	0x50
 1372 0044 00000000 		.4byte	0
 1373 0048 00000000 		.4byte	0
 1374              	.LLST2:
 1375 004c 08000000 		.4byte	.LVL2
 1376 0050 1A000000 		.4byte	.LVL5
 1377 0054 0100     		.2byte	0x1
 1378 0056 54       		.byte	0x54
 1379 0057 1A000000 		.4byte	.LVL5
 1380 005b 1C000000 		.4byte	.LVL6
 1381 005f 0100     		.2byte	0x1
 1382 0061 50       		.byte	0x50
 1383 0062 1C000000 		.4byte	.LVL6
 1384 0066 1E000000 		.4byte	.LVL7
 1385 006a 0100     		.2byte	0x1
 1386 006c 54       		.byte	0x54
 1387 006d 1E000000 		.4byte	.LVL7
 1388 0071 24000000 		.4byte	.LFE8
 1389 0075 0200     		.2byte	0x2
 1390 0077 70       		.byte	0x70
 1391 0078 10       		.sleb128 16
 1392 0079 00000000 		.4byte	0
 1393 007d 00000000 		.4byte	0
 1394              		.section	.debug_aranges,"",%progbits
 1395 0000 24000000 		.4byte	0x24
 1396 0004 0200     		.2byte	0x2
 1397 0006 00000000 		.4byte	.Ldebug_info0
 1398 000a 04       		.byte	0x4
 1399 000b 00       		.byte	0
 1400 000c 0000     		.2byte	0
 1401 000e 0000     		.2byte	0
 1402 0010 00000000 		.4byte	.LFB7
 1403 0014 14000000 		.4byte	.LFE7-.LFB7
 1404 0018 00000000 		.4byte	.LFB8
 1405 001c 24000000 		.4byte	.LFE8-.LFB8
 1406 0020 00000000 		.4byte	0
 1407 0024 00000000 		.4byte	0
 1408              		.section	.debug_ranges,"",%progbits
 1409              	.Ldebug_ranges0:
 1410 0000 00000000 		.4byte	.LFB7
 1411 0004 14000000 		.4byte	.LFE7
 1412 0008 00000000 		.4byte	.LFB8
 1413 000c 24000000 		.4byte	.LFE8
 1414 0010 00000000 		.4byte	0
 1415 0014 00000000 		.4byte	0
 1416              		.section	.debug_line,"",%progbits
 1417              	.Ldebug_line0:
 1418 0000 2E020000 		.section	.debug_str,"MS",%progbits,1
 1418      0200F801 
 1418      00000201 
 1418      FB0E0D00 
ARM GAS  /tmp/ccUYhhnj.s 			page 26


 1418      01010101 
 1419              	.LASF75:
 1420 0000 63665F6F 		.ascii	"cf_off_older\000"
 1420      66665F6F 
 1420      6C646572 
 1420      00
 1421              	.LASF38:
 1422 000d 705F6D73 		.ascii	"p_msg\000"
 1422      6700
 1423              	.LASF2:
 1424 0013 73697A65 		.ascii	"size_t\000"
 1424      5F7400
 1425              	.LASF60:
 1426 001a 7264796D 		.ascii	"rdymsg\000"
 1426      736700
 1427              	.LASF13:
 1428 0021 6C6F6E67 		.ascii	"long long unsigned int\000"
 1428      206C6F6E 
 1428      6720756E 
 1428      7369676E 
 1428      65642069 
 1429              	.LASF71:
 1430 0038 63685F74 		.ascii	"ch_threadsize\000"
 1430      68726561 
 1430      6473697A 
 1430      6500
 1431              	.LASF61:
 1432 0046 65786974 		.ascii	"exitcode\000"
 1432      636F6465 
 1432      00
 1433              	.LASF84:
 1434 004f 63685265 		.ascii	"chRegFirstThread\000"
 1434      67466972 
 1434      73745468 
 1434      72656164 
 1434      00
 1435              	.LASF26:
 1436 0060 705F7072 		.ascii	"p_prio\000"
 1436      696F00
 1437              	.LASF78:
 1438 0067 63665F6F 		.ascii	"cf_off_state\000"
 1438      66665F73 
 1438      74617465 
 1438      00
 1439              	.LASF12:
 1440 0074 6C6F6E67 		.ascii	"long long int\000"
 1440      206C6F6E 
 1440      6720696E 
 1440      7400
 1441              	.LASF1:
 1442 0082 7369676E 		.ascii	"signed char\000"
 1442      65642063 
 1442      68617200 
 1443              	.LASF77:
 1444 008e 63665F6F 		.ascii	"cf_off_stklimit\000"
 1444      66665F73 
 1444      746B6C69 
ARM GAS  /tmp/ccUYhhnj.s 			page 27


 1444      6D697400 
 1445              	.LASF79:
 1446 009e 63665F6F 		.ascii	"cf_off_flags\000"
 1446      66665F66 
 1446      6C616773 
 1446      00
 1447              	.LASF42:
 1448 00ab 705F6D70 		.ascii	"p_mpool\000"
 1448      6F6F6C00 
 1449              	.LASF57:
 1450 00b3 6D5F7175 		.ascii	"m_queue\000"
 1450      65756500 
 1451              	.LASF18:
 1452 00bb 74736C69 		.ascii	"tslices_t\000"
 1452      6365735F 
 1452      7400
 1453              	.LASF9:
 1454 00c5 6C6F6E67 		.ascii	"long int\000"
 1454      20696E74 
 1454      00
 1455              	.LASF16:
 1456 00ce 74737461 		.ascii	"tstate_t\000"
 1456      74655F74 
 1456      00
 1457              	.LASF6:
 1458 00d7 75696E74 		.ascii	"uint16_t\000"
 1458      31365F74 
 1458      00
 1459              	.LASF83:
 1460 00e0 63686465 		.ascii	"chdebug_t\000"
 1460      6275675F 
 1460      7400
 1461              	.LASF28:
 1462 00ea 705F6E65 		.ascii	"p_newer\000"
 1462      77657200 
 1463              	.LASF52:
 1464 00f2 725F6E65 		.ascii	"r_newer\000"
 1464      77657200 
 1465              	.LASF45:
 1466 00fa 72656761 		.ascii	"regarm_t\000"
 1466      726D5F74 
 1466      00
 1467              	.LASF0:
 1468 0103 756E7369 		.ascii	"unsigned int\000"
 1468      676E6564 
 1468      20696E74 
 1468      00
 1469              	.LASF11:
 1470 0110 6C6F6E67 		.ascii	"long unsigned int\000"
 1470      20756E73 
 1470      69676E65 
 1470      6420696E 
 1470      7400
 1471              	.LASF87:
 1472 0122 63685F64 		.ascii	"ch_debug\000"
 1472      65627567 
 1472      00
ARM GAS  /tmp/ccUYhhnj.s 			page 28


 1473              	.LASF65:
 1474 012b 63685F69 		.ascii	"ch_identifier\000"
 1474      64656E74 
 1474      69666965 
 1474      7200
 1475              	.LASF81:
 1476 0139 63665F6F 		.ascii	"cf_off_preempt\000"
 1476      66665F70 
 1476      7265656D 
 1476      707400
 1477              	.LASF47:
 1478 0148 636F6E74 		.ascii	"context\000"
 1478      65787400 
 1479              	.LASF7:
 1480 0150 73686F72 		.ascii	"short unsigned int\000"
 1480      7420756E 
 1480      7369676E 
 1480      65642069 
 1480      6E7400
 1481              	.LASF20:
 1482 0163 6D73675F 		.ascii	"msg_t\000"
 1482      7400
 1483              	.LASF15:
 1484 0169 746D6F64 		.ascii	"tmode_t\000"
 1484      655F7400 
 1485              	.LASF44:
 1486 0171 54687265 		.ascii	"ThreadsList\000"
 1486      6164734C 
 1486      69737400 
 1487              	.LASF21:
 1488 017d 6576656E 		.ascii	"eventmask_t\000"
 1488      746D6173 
 1488      6B5F7400 
 1489              	.LASF56:
 1490 0189 4D757465 		.ascii	"Mutex\000"
 1490      7800
 1491              	.LASF66:
 1492 018f 63685F7A 		.ascii	"ch_zero\000"
 1492      65726F00 
 1493              	.LASF80:
 1494 0197 63665F6F 		.ascii	"cf_off_refs\000"
 1494      66665F72 
 1494      65667300 
 1495              	.LASF48:
 1496 01a3 73697A65 		.ascii	"sizetype\000"
 1496      74797065 
 1496      00
 1497              	.LASF70:
 1498 01ac 63685F74 		.ascii	"ch_timesize\000"
 1498      696D6573 
 1498      697A6500 
 1499              	.LASF76:
 1500 01b8 63665F6F 		.ascii	"cf_off_name\000"
 1500      66665F6E 
 1500      616D6500 
 1501              	.LASF29:
 1502 01c4 705F6F6C 		.ascii	"p_older\000"
ARM GAS  /tmp/ccUYhhnj.s 			page 29


 1502      64657200 
 1503              	.LASF51:
 1504 01cc 725F6374 		.ascii	"r_ctx\000"
 1504      7800
 1505              	.LASF43:
 1506 01d2 54687265 		.ascii	"ThreadsQueue\000"
 1506      61647351 
 1506      75657565 
 1506      00
 1507              	.LASF67:
 1508 01df 63685F73 		.ascii	"ch_size\000"
 1508      697A6500 
 1509              	.LASF54:
 1510 01e7 725F6375 		.ascii	"r_current\000"
 1510      7272656E 
 1510      7400
 1511              	.LASF53:
 1512 01f1 725F6F6C 		.ascii	"r_older\000"
 1512      64657200 
 1513              	.LASF17:
 1514 01f9 74726566 		.ascii	"trefs_t\000"
 1514      735F7400 
 1515              	.LASF69:
 1516 0201 63685F70 		.ascii	"ch_ptrsize\000"
 1516      74727369 
 1516      7A6500
 1517              	.LASF25:
 1518 020c 705F7072 		.ascii	"p_prev\000"
 1518      657600
 1519              	.LASF19:
 1520 0213 74707269 		.ascii	"tprio_t\000"
 1520      6F5F7400 
 1521              	.LASF14:
 1522 021b 5F426F6F 		.ascii	"_Bool\000"
 1522      6C00
 1523              	.LASF8:
 1524 0221 696E7433 		.ascii	"int32_t\000"
 1524      325F7400 
 1525              	.LASF4:
 1526 0229 756E7369 		.ascii	"unsigned char\000"
 1526      676E6564 
 1526      20636861 
 1526      7200
 1527              	.LASF40:
 1528 0237 705F6D74 		.ascii	"p_mtxlist\000"
 1528      786C6973 
 1528      7400
 1529              	.LASF5:
 1530 0241 73686F72 		.ascii	"short int\000"
 1530      7420696E 
 1530      7400
 1531              	.LASF31:
 1532 024b 705F7374 		.ascii	"p_state\000"
 1532      61746500 
 1533              	.LASF34:
 1534 0253 705F7072 		.ascii	"p_preempt\000"
 1534      65656D70 
ARM GAS  /tmp/ccUYhhnj.s 			page 30


 1534      7400
 1535              	.LASF82:
 1536 025d 63665F6F 		.ascii	"cf_off_time\000"
 1536      66665F74 
 1536      696D6500 
 1537              	.LASF50:
 1538 0269 725F7072 		.ascii	"r_prio\000"
 1538      696F00
 1539              	.LASF63:
 1540 0270 65776D61 		.ascii	"ewmask\000"
 1540      736B00
 1541              	.LASF24:
 1542 0277 705F6E65 		.ascii	"p_next\000"
 1542      787400
 1543              	.LASF89:
 1544 027e 2F686F6D 		.ascii	"/home/matt/arm_cortex/ChibiOS/os/kernel/src/chregis"
 1544      652F6D61 
 1544      74742F61 
 1544      726D5F63 
 1544      6F727465 
 1545 02b1 7472792E 		.ascii	"try.c\000"
 1545      6300
 1546              	.LASF32:
 1547 02b7 705F666C 		.ascii	"p_flags\000"
 1547      61677300 
 1548              	.LASF90:
 1549 02bf 63685468 		.ascii	"chThdRelease\000"
 1549      6452656C 
 1549      65617365 
 1549      00
 1550              	.LASF23:
 1551 02cc 54687265 		.ascii	"Thread\000"
 1551      616400
 1552              	.LASF74:
 1553 02d3 63665F6F 		.ascii	"cf_off_newer\000"
 1553      66665F6E 
 1553      65776572 
 1553      00
 1554              	.LASF39:
 1555 02e0 705F6570 		.ascii	"p_epending\000"
 1555      656E6469 
 1555      6E6700
 1556              	.LASF10:
 1557 02eb 75696E74 		.ascii	"uint32_t\000"
 1557      33325F74 
 1557      00
 1558              	.LASF72:
 1559 02f4 63665F6F 		.ascii	"cf_off_prio\000"
 1559      66665F70 
 1559      72696F00 
 1560              	.LASF49:
 1561 0300 725F7175 		.ascii	"r_queue\000"
 1561      65756500 
 1562              	.LASF64:
 1563 0308 63686172 		.ascii	"char\000"
 1563      00
 1564              	.LASF85:
ARM GAS  /tmp/ccUYhhnj.s 			page 31


 1565 030d 63685265 		.ascii	"chRegNextThread\000"
 1565      674E6578 
 1565      74546872 
 1565      65616400 
 1566              	.LASF59:
 1567 031d 6D5F6E65 		.ascii	"m_next\000"
 1567      787400
 1568              	.LASF22:
 1569 0324 73797374 		.ascii	"systime_t\000"
 1569      696D655F 
 1569      7400
 1570              	.LASF41:
 1571 032e 705F7265 		.ascii	"p_realprio\000"
 1571      616C7072 
 1571      696F00
 1572              	.LASF35:
 1573 0339 705F7469 		.ascii	"p_time\000"
 1573      6D6500
 1574              	.LASF46:
 1575 0340 696E7463 		.ascii	"intctx\000"
 1575      747800
 1576              	.LASF37:
 1577 0347 705F6D73 		.ascii	"p_msgqueue\000"
 1577      67717565 
 1577      756500
 1578              	.LASF73:
 1579 0352 63665F6F 		.ascii	"cf_off_ctx\000"
 1579      66665F63 
 1579      747800
 1580              	.LASF33:
 1581 035d 705F7265 		.ascii	"p_refs\000"
 1581      667300
 1582              	.LASF55:
 1583 0364 52656164 		.ascii	"ReadyList\000"
 1583      794C6973 
 1583      7400
 1584              	.LASF86:
 1585 036e 726C6973 		.ascii	"rlist\000"
 1585      7400
 1586              	.LASF3:
 1587 0374 75696E74 		.ascii	"uint8_t\000"
 1587      385F7400 
 1588              	.LASF88:
 1589 037c 474E5520 		.ascii	"GNU C 4.7.4 20130913 (prerelease)\000"
 1589      4320342E 
 1589      372E3420 
 1589      32303133 
 1589      30393133 
 1590              	.LASF62:
 1591 039e 77746F62 		.ascii	"wtobjp\000"
 1591      6A7000
 1592              	.LASF30:
 1593 03a5 705F6E61 		.ascii	"p_name\000"
 1593      6D6500
 1594              	.LASF68:
 1595 03ac 63685F76 		.ascii	"ch_version\000"
 1595      65727369 
ARM GAS  /tmp/ccUYhhnj.s 			page 32


 1595      6F6E00
 1596              	.LASF58:
 1597 03b7 6D5F6F77 		.ascii	"m_owner\000"
 1597      6E657200 
 1598              	.LASF27:
 1599 03bf 705F6374 		.ascii	"p_ctx\000"
 1599      7800
 1600              	.LASF36:
 1601 03c5 705F7761 		.ascii	"p_waiting\000"
 1601      6974696E 
 1601      6700
 1602              		.ident	"GCC: (GNU Tools for ARM Embedded Processors / bleeding-edge-toolchain-131005) 4.7.4 201309
ARM GAS  /tmp/ccUYhhnj.s 			page 33


DEFINED SYMBOLS
                            *ABS*:0000000000000000 chregistry.c
     /tmp/ccUYhhnj.s:18     .text.chRegFirstThread:0000000000000000 $t
     /tmp/ccUYhhnj.s:24     .text.chRegFirstThread:0000000000000000 chRegFirstThread
     /tmp/ccUYhhnj.s:53     .text.chRegFirstThread:0000000000000010 $d
     /tmp/ccUYhhnj.s:58     .text.chRegNextThread:0000000000000000 $t
     /tmp/ccUYhhnj.s:64     .text.chRegNextThread:0000000000000000 chRegNextThread
     /tmp/ccUYhhnj.s:115    .text.chRegNextThread:0000000000000020 $d
     /tmp/ccUYhhnj.s:124    .rodata.ch_debug:0000000000000000 ch_debug
     /tmp/ccUYhhnj.s:121    .rodata.ch_debug:0000000000000000 $d
                     .debug_frame:0000000000000010 $d
     /tmp/ccUYhhnj.s:57     .text.chRegFirstThread:0000000000000014 $t
     /tmp/ccUYhhnj.s:120    .text.chRegNextThread:0000000000000024 $t

UNDEFINED SYMBOLS
rlist
chThdRelease
