ARM GAS  /tmp/ccFlPPVG.s 			page 1


   1              		.cpu cortex-m0
   2              		.fpu softvfp
   3              		.eabi_attribute 20, 1
   4              		.eabi_attribute 21, 1
   5              		.eabi_attribute 23, 3
   6              		.eabi_attribute 24, 1
   7              		.eabi_attribute 25, 1
   8              		.eabi_attribute 26, 1
   9              		.eabi_attribute 30, 2
  10              		.eabi_attribute 34, 0
  11              		.eabi_attribute 18, 4
  12              		.code	16
  13              		.file	"chsys.c"
  14              		.text
  15              	.Ltext0:
  16              		.cfi_sections	.debug_frame
  17              		.section	.text._idle_thread,"ax",%progbits
  18              		.align	2
  19              		.p2align 4,,15
  20              		.global	_idle_thread
  21              		.code	16
  22              		.thumb_func
  23              		.type	_idle_thread, %function
  24              	_idle_thread:
  25              	.LFB7:
  26              		.file 1 "/home/matt/arm_cortex/ChibiOS/os/kernel/src/chsys.c"
  27              		.loc 1 61 0
  28              		.cfi_startproc
  29              	.LVL0:
  30              		.loc 1 64 0
  31 0000 024B     		ldr	r3, .L4
  32 0002 034A     		ldr	r2, .L4+4
  33 0004 9869     		ldr	r0, [r3, #24]
  34              	.LVL1:
  35 0006 8261     		str	r2, [r0, #24]
  36              	.L2:
  37 0008 FEE7     		b	.L2
  38              	.L5:
  39 000a C046     		.align	2
  40              	.L4:
  41 000c 00000000 		.word	rlist
  42 0010 00000000 		.word	.LC1
  43              		.cfi_endproc
  44              	.LFE7:
  45              		.size	_idle_thread, .-_idle_thread
  46 0014 C046C046 		.section	.text.chSysInit,"ax",%progbits
  46      C046C046 
  46      C046C046 
  47              		.align	2
  48              		.p2align 4,,15
  49              		.global	chSysInit
  50              		.code	16
  51              		.thumb_func
  52              		.type	chSysInit, %function
  53              	chSysInit:
  54              	.LFB8:
  55              		.loc 1 84 0
ARM GAS  /tmp/ccFlPPVG.s 			page 2


  56              		.cfi_startproc
  57 0000 00B5     		push	{lr}
  58              	.LCFI0:
  59              		.cfi_def_cfa_offset 4
  60              		.cfi_offset 14, -4
  61              		.loc 1 90 0
  62 0002 154A     		ldr	r2, .L7
  63 0004 154B     		ldr	r3, .L7+4
  64              		.loc 1 84 0
  65 0006 83B0     		sub	sp, sp, #12
  66              	.LCFI1:
  67              		.cfi_def_cfa_offset 16
  68              		.loc 1 90 0
  69 0008 DA60     		str	r2, [r3, #12]
  70 000a 0A20     		mov	r0, #10
  71 000c 0021     		mov	r1, #0
  72 000e FFF7FEFF 		bl	nvicSetSystemHandlerPriority
  73              	.LVL2:
  74 0012 0B20     		mov	r0, #11
  75 0014 8021     		mov	r1, #128
  76 0016 FFF7FEFF 		bl	nvicSetSystemHandlerPriority
  77              	.LVL3:
  78              		.loc 1 91 0
  79 001a FFF7FEFF 		bl	_scheduler_init
  80              	.LVL4:
  81              		.loc 1 92 0
  82 001e FFF7FEFF 		bl	_vt_init
  83              	.LVL5:
  84              		.loc 1 94 0
  85 0022 FFF7FEFF 		bl	_core_init
  86              	.LVL6:
  87              		.loc 1 97 0
  88 0026 FFF7FEFF 		bl	_heap_init
  89              	.LVL7:
  90              		.loc 1 104 0
  91 002a 4021     		mov	r1, #64
  92 002c 0C48     		ldr	r0, .L7+8
  93 002e FFF7FEFF 		bl	_thread_init
  94              	.LVL8:
  95 0032 0C49     		ldr	r1, .L7+12
  96              		.loc 1 105 0
  97 0034 0122     		mov	r2, #1
  98              		.loc 1 104 0
  99 0036 8861     		str	r0, [r1, #24]
 100              		.loc 1 105 0
 101 0038 0277     		strb	r2, [r0, #28]
 102              		.loc 1 111 0
 103              	@ 111 "/home/matt/arm_cortex/ChibiOS/os/kernel/src/chsys.c" 1
 104 003a 62B6     		cpsie   i
 105              	@ 0 "" 2
 106              		.loc 1 115 0
 107              		.code	16
 108 003c 0A4B     		ldr	r3, .L7+16
 109 003e 8869     		ldr	r0, [r1, #24]
 110              		.loc 1 121 0
 111 0040 0021     		mov	r1, #0
 112              		.loc 1 115 0
ARM GAS  /tmp/ccFlPPVG.s 			page 3


 113 0042 8361     		str	r3, [r0, #24]
 114              		.loc 1 121 0
 115 0044 0122     		mov	r2, #1
 116 0046 0091     		str	r1, [sp]
 117 0048 084B     		ldr	r3, .L7+20
 118 004a C021     		mov	r1, #192
 119 004c 0848     		ldr	r0, .L7+24
 120 004e FFF7FEFF 		bl	chThdCreateStatic
 121              	.LVL9:
 122              		.loc 1 124 0
 123 0052 03B0     		add	sp, sp, #12
 124              		@ sp needed for prologue
 125 0054 00BD     		pop	{pc}
 126              	.L8:
 127 0056 C046     		.align	2
 128              	.L7:
 129 0058 0000FA05 		.word	100270080
 130 005c 00ED00E0 		.word	-536810240
 131 0060 00000000 		.word	.LANCHOR0
 132 0064 00000000 		.word	rlist
 133 0068 00000000 		.word	ch_debug
 134 006c 00000000 		.word	_idle_thread
 135 0070 00000000 		.word	.LANCHOR1
 136              		.cfi_endproc
 137              	.LFE8:
 138              		.size	chSysInit, .-chSysInit
 139 0074 C046C046 		.section	.text.chSysTimerHandlerI,"ax",%progbits
 139      C046C046 
 139      C046C046 
 140              		.align	2
 141              		.p2align 4,,15
 142              		.global	chSysTimerHandlerI
 143              		.code	16
 144              		.thumb_func
 145              		.type	chSysTimerHandlerI, %function
 146              	chSysTimerHandlerI:
 147              	.LFB9:
 148              		.loc 1 137 0
 149              		.cfi_startproc
 150 0000 38B5     		push	{r3, r4, r5, lr}
 151              	.LCFI2:
 152              		.cfi_def_cfa_offset 16
 153              		.cfi_offset 3, -16
 154              		.cfi_offset 4, -12
 155              		.cfi_offset 5, -8
 156              		.cfi_offset 14, -4
 157              		.loc 1 143 0
 158 0002 124B     		ldr	r3, .L22
 159 0004 9869     		ldr	r0, [r3, #24]
 160 0006 C27F     		ldrb	r2, [r0, #31]
 161 0008 002A     		cmp	r2, #0
 162 000a 01D0     		beq	.L10
 163              		.loc 1 145 0
 164 000c 013A     		sub	r2, r2, #1
 165 000e C277     		strb	r2, [r0, #31]
 166              	.L10:
 167              		.loc 1 148 0
ARM GAS  /tmp/ccFlPPVG.s 			page 4


 168 0010 016A     		ldr	r1, [r0, #32]
 169              		.loc 1 150 0
 170 0012 0F4C     		ldr	r4, .L22+4
 171              		.loc 1 148 0
 172 0014 0131     		add	r1, r1, #1
 173 0016 0162     		str	r1, [r0, #32]
 174              		.loc 1 150 0
 175 0018 E568     		ldr	r5, [r4, #12]
 176 001a 2368     		ldr	r3, [r4]
 177 001c 0135     		add	r5, r5, #1
 178 001e E560     		str	r5, [r4, #12]
 179 0020 A342     		cmp	r3, r4
 180 0022 12D0     		beq	.L9
 181              	.LBB2:
 182              		.loc 1 150 0 is_stmt 0 discriminator 1
 183 0024 9868     		ldr	r0, [r3, #8]
 184 0026 0138     		sub	r0, r0, #1
 185 0028 9860     		str	r0, [r3, #8]
 186              	.LVL10:
 187 002a 0028     		cmp	r0, #0
 188 002c 0DD1     		bne	.L9
 189              	.LBB3:
 190              		.loc 1 150 0 discriminator 3
 191 002e 0025     		mov	r5, #0
 192              	.L18:
 193 0030 1A68     		ldr	r2, [r3]
 194 0032 D968     		ldr	r1, [r3, #12]
 195              	.LVL11:
 196 0034 5460     		str	r4, [r2, #4]
 197 0036 DD60     		str	r5, [r3, #12]
 198 0038 2260     		str	r2, [r4]
 199              	@ 150 "/home/matt/arm_cortex/ChibiOS/os/kernel/src/chsys.c" 1
 200 003a 62B6     		cpsie   i
 201              	@ 0 "" 2
 202              		.code	16
 203 003c 1869     		ldr	r0, [r3, #16]
 204 003e 8847     		blx	r1
 205              	.LVL12:
 206              	@ 150 "/home/matt/arm_cortex/ChibiOS/os/kernel/src/chsys.c" 1
 207 0040 72B6     		cpsid   i
 208              	@ 0 "" 2
 209              		.code	16
 210              	.LBE3:
 211 0042 2368     		ldr	r3, [r4]
 212              	.LVL13:
 213 0044 9868     		ldr	r0, [r3, #8]
 214 0046 0028     		cmp	r0, #0
 215 0048 F2D0     		beq	.L18
 216              	.LVL14:
 217              	.L9:
 218              	.LBE2:
 219              		.loc 1 154 0 is_stmt 1
 220              		@ sp needed for prologue
 221 004a 38BD     		pop	{r3, r4, r5, pc}
 222              	.L23:
 223              		.align	2
 224              	.L22:
ARM GAS  /tmp/ccFlPPVG.s 			page 5


 225 004c 00000000 		.word	rlist
 226 0050 00000000 		.word	vtlist
 227              		.cfi_endproc
 228              	.LFE9:
 229              		.size	chSysTimerHandlerI, .-chSysTimerHandlerI
 230              		.global	_idle_thread_wa
 231 0054 C046C046 		.section	.bss.mainthread.4774,"aw",%nobits
 231      C046C046 
 231      C046C046 
 232              		.align	2
 233              		.set	.LANCHOR0,. + 0
 234              		.type	mainthread.4774, %object
 235              		.size	mainthread.4774, 72
 236              	mainthread.4774:
 237 0000 00000000 		.space	72
 237      00000000 
 237      00000000 
 237      00000000 
 237      00000000 
 238              		.section	.rodata.str1.4,"aMS",%progbits,1
 239              		.align	2
 240              	.LC1:
 241 0000 69646C65 		.ascii	"idle\000"
 241      00
 242 0005 000000   		.section	.bss._idle_thread_wa,"aw",%nobits
 243              		.align	3
 244              		.set	.LANCHOR1,. + 0
 245              		.type	_idle_thread_wa, %object
 246              		.size	_idle_thread_wa, 192
 247              	_idle_thread_wa:
 248 0000 00000000 		.space	192
 248      00000000 
 248      00000000 
 248      00000000 
 248      00000000 
 249              		.text
 250              	.Letext0:
 251              		.file 2 "/home/matt/arm_cortex/gcc-arm-none-eabi/bin/../lib/gcc/arm-none-eabi/4.7.4/include/stddef
 252              		.file 3 "/home/matt/arm_cortex/gcc-arm-none-eabi/bin/../lib/gcc/arm-none-eabi/4.7.4/../../../../ar
 253              		.file 4 "/home/matt/arm_cortex/ChibiOS/os/ports/GCC/ARMCMx/chtypes.h"
 254              		.file 5 "/home/matt/arm_cortex/ChibiOS/os/kernel/include/chlists.h"
 255              		.file 6 "/home/matt/arm_cortex/ChibiOS/os/kernel/include/chthreads.h"
 256              		.file 7 "/home/matt/arm_cortex/ChibiOS/os/ports/GCC/ARMCMx/chcore_v6m.h"
 257              		.file 8 "/home/matt/arm_cortex/ChibiOS/os/ports/common/ARMCMx/nvic.h"
 258              		.file 9 "/home/matt/arm_cortex/ChibiOS/os/kernel/include/chvt.h"
 259              		.file 10 "/home/matt/arm_cortex/ChibiOS/os/kernel/include/chschd.h"
 260              		.file 11 "/home/matt/arm_cortex/ChibiOS/os/kernel/include/chmtx.h"
 261              		.file 12 "/home/matt/arm_cortex/ChibiOS/os/kernel/include/chregistry.h"
 262              		.file 13 "/home/matt/arm_cortex/ChibiOS/os/kernel/include/chmemcore.h"
 263              		.file 14 "/home/matt/arm_cortex/ChibiOS/os/kernel/include/chheap.h"
 264              		.section	.debug_info,"",%progbits
 265              	.Ldebug_info0:
 266 0000 1E0A0000 		.4byte	0xa1e
 267 0004 0200     		.2byte	0x2
 268 0006 00000000 		.4byte	.Ldebug_abbrev0
 269 000a 04       		.byte	0x4
 270 000b 01       		.uleb128 0x1
ARM GAS  /tmp/ccFlPPVG.s 			page 6


 271 000c BC040000 		.4byte	.LASF127
 272 0010 01       		.byte	0x1
 273 0011 CE010000 		.4byte	.LASF128
 274 0015 00000000 		.4byte	.Ldebug_ranges0+0
 275 0019 00000000 		.4byte	0
 276 001d 00000000 		.4byte	0
 277 0021 00000000 		.4byte	.Ldebug_line0
 278 0025 02       		.uleb128 0x2
 279 0026 04       		.byte	0x4
 280 0027 05       		.byte	0x5
 281 0028 696E7400 		.ascii	"int\000"
 282 002c 03       		.uleb128 0x3
 283 002d 28000000 		.4byte	.LASF2
 284 0031 02       		.byte	0x2
 285 0032 D5       		.byte	0xd5
 286 0033 37000000 		.4byte	0x37
 287 0037 04       		.uleb128 0x4
 288 0038 04       		.byte	0x4
 289 0039 07       		.byte	0x7
 290 003a 80010000 		.4byte	.LASF0
 291 003e 04       		.uleb128 0x4
 292 003f 01       		.byte	0x1
 293 0040 06       		.byte	0x6
 294 0041 CD000000 		.4byte	.LASF1
 295 0045 03       		.uleb128 0x3
 296 0046 B4040000 		.4byte	.LASF3
 297 004a 03       		.byte	0x3
 298 004b 2A       		.byte	0x2a
 299 004c 50000000 		.4byte	0x50
 300 0050 04       		.uleb128 0x4
 301 0051 01       		.byte	0x1
 302 0052 08       		.byte	0x8
 303 0053 4A030000 		.4byte	.LASF4
 304 0057 04       		.uleb128 0x4
 305 0058 02       		.byte	0x2
 306 0059 05       		.byte	0x5
 307 005a 73030000 		.4byte	.LASF5
 308 005e 03       		.uleb128 0x3
 309 005f 22010000 		.4byte	.LASF6
 310 0063 03       		.byte	0x3
 311 0064 36       		.byte	0x36
 312 0065 69000000 		.4byte	0x69
 313 0069 04       		.uleb128 0x4
 314 006a 02       		.byte	0x2
 315 006b 07       		.byte	0x7
 316 006c 0A020000 		.4byte	.LASF7
 317 0070 03       		.uleb128 0x3
 318 0071 42030000 		.4byte	.LASF8
 319 0075 03       		.byte	0x3
 320 0076 4F       		.byte	0x4f
 321 0077 7B000000 		.4byte	0x7b
 322 007b 04       		.uleb128 0x4
 323 007c 04       		.byte	0x4
 324 007d 05       		.byte	0x5
 325 007e 10010000 		.4byte	.LASF9
 326 0082 03       		.uleb128 0x3
 327 0083 03040000 		.4byte	.LASF10
ARM GAS  /tmp/ccFlPPVG.s 			page 7


 328 0087 03       		.byte	0x3
 329 0088 50       		.byte	0x50
 330 0089 8D000000 		.4byte	0x8d
 331 008d 04       		.uleb128 0x4
 332 008e 04       		.byte	0x4
 333 008f 07       		.byte	0x7
 334 0090 A2010000 		.4byte	.LASF11
 335 0094 04       		.uleb128 0x4
 336 0095 08       		.byte	0x8
 337 0096 05       		.byte	0x5
 338 0097 BF000000 		.4byte	.LASF12
 339 009b 03       		.uleb128 0x3
 340 009c 36000000 		.4byte	.LASF13
 341 00a0 03       		.byte	0x3
 342 00a1 78       		.byte	0x78
 343 00a2 A6000000 		.4byte	0xa6
 344 00a6 04       		.uleb128 0x4
 345 00a7 08       		.byte	0x8
 346 00a8 07       		.byte	0x7
 347 00a9 61000000 		.4byte	.LASF14
 348 00ad 04       		.uleb128 0x4
 349 00ae 01       		.byte	0x1
 350 00af 02       		.byte	0x2
 351 00b0 3C030000 		.4byte	.LASF15
 352 00b4 03       		.uleb128 0x3
 353 00b5 39020000 		.4byte	.LASF16
 354 00b9 04       		.byte	0x4
 355 00ba 2C       		.byte	0x2c
 356 00bb 45000000 		.4byte	0x45
 357 00bf 03       		.uleb128 0x3
 358 00c0 19010000 		.4byte	.LASF17
 359 00c4 04       		.byte	0x4
 360 00c5 2D       		.byte	0x2d
 361 00c6 45000000 		.4byte	0x45
 362 00ca 03       		.uleb128 0x3
 363 00cb 1A030000 		.4byte	.LASF18
 364 00cf 04       		.byte	0x4
 365 00d0 2E       		.byte	0x2e
 366 00d1 45000000 		.4byte	0x45
 367 00d5 03       		.uleb128 0x3
 368 00d6 06010000 		.4byte	.LASF19
 369 00da 04       		.byte	0x4
 370 00db 2F       		.byte	0x2f
 371 00dc 45000000 		.4byte	0x45
 372 00e0 03       		.uleb128 0x3
 373 00e1 34030000 		.4byte	.LASF20
 374 00e5 04       		.byte	0x4
 375 00e6 30       		.byte	0x30
 376 00e7 82000000 		.4byte	0x82
 377 00eb 03       		.uleb128 0x3
 378 00ec 22020000 		.4byte	.LASF21
 379 00f0 04       		.byte	0x4
 380 00f1 31       		.byte	0x31
 381 00f2 70000000 		.4byte	0x70
 382 00f6 03       		.uleb128 0x3
 383 00f7 4D020000 		.4byte	.LASF22
 384 00fb 04       		.byte	0x4
ARM GAS  /tmp/ccFlPPVG.s 			page 8


 385 00fc 33       		.byte	0x33
 386 00fd 82000000 		.4byte	0x82
 387 0101 03       		.uleb128 0x3
 388 0102 41040000 		.4byte	.LASF23
 389 0106 04       		.byte	0x4
 390 0107 35       		.byte	0x35
 391 0108 82000000 		.4byte	0x82
 392 010c 03       		.uleb128 0x3
 393 010d E4030000 		.4byte	.LASF24
 394 0111 05       		.byte	0x5
 395 0112 2A       		.byte	0x2a
 396 0113 17010000 		.4byte	0x117
 397 0117 05       		.uleb128 0x5
 398 0118 E4030000 		.4byte	.LASF24
 399 011c 48       		.byte	0x48
 400 011d 06       		.byte	0x6
 401 011e 5E       		.byte	0x5e
 402 011f 3C020000 		.4byte	0x23c
 403 0123 06       		.uleb128 0x6
 404 0124 C6030000 		.4byte	.LASF25
 405 0128 06       		.byte	0x6
 406 0129 5F       		.byte	0x5f
 407 012a 61020000 		.4byte	0x261
 408 012e 02       		.byte	0x2
 409 012f 23       		.byte	0x23
 410 0130 00       		.uleb128 0
 411 0131 06       		.uleb128 0x6
 412 0132 2D030000 		.4byte	.LASF26
 413 0136 06       		.byte	0x6
 414 0137 61       		.byte	0x61
 415 0138 61020000 		.4byte	0x261
 416 013c 02       		.byte	0x2
 417 013d 23       		.byte	0x23
 418 013e 04       		.uleb128 0x4
 419 013f 06       		.uleb128 0x6
 420 0140 A0000000 		.4byte	.LASF27
 421 0144 06       		.byte	0x6
 422 0145 63       		.byte	0x63
 423 0146 E0000000 		.4byte	0xe0
 424 014a 02       		.byte	0x2
 425 014b 23       		.byte	0x23
 426 014c 08       		.uleb128 0x8
 427 014d 06       		.uleb128 0x6
 428 014e 11050000 		.4byte	.LASF28
 429 0152 06       		.byte	0x6
 430 0153 64       		.byte	0x64
 431 0154 30030000 		.4byte	0x330
 432 0158 02       		.byte	0x2
 433 0159 23       		.byte	0x23
 434 015a 0C       		.uleb128 0xc
 435 015b 06       		.uleb128 0x6
 436 015c 35010000 		.4byte	.LASF29
 437 0160 06       		.byte	0x6
 438 0161 66       		.byte	0x66
 439 0162 61020000 		.4byte	0x261
 440 0166 02       		.byte	0x2
 441 0167 23       		.byte	0x23
ARM GAS  /tmp/ccFlPPVG.s 			page 9


 442 0168 10       		.uleb128 0x10
 443 0169 06       		.uleb128 0x6
 444 016a CA020000 		.4byte	.LASF30
 445 016e 06       		.byte	0x6
 446 016f 67       		.byte	0x67
 447 0170 61020000 		.4byte	0x261
 448 0174 02       		.byte	0x2
 449 0175 23       		.byte	0x23
 450 0176 14       		.uleb128 0x14
 451 0177 06       		.uleb128 0x6
 452 0178 E5040000 		.4byte	.LASF31
 453 017c 06       		.byte	0x6
 454 017d 6E       		.byte	0x6e
 455 017e B3060000 		.4byte	0x6b3
 456 0182 02       		.byte	0x2
 457 0183 23       		.byte	0x23
 458 0184 18       		.uleb128 0x18
 459 0185 06       		.uleb128 0x6
 460 0186 7D030000 		.4byte	.LASF32
 461 018a 06       		.byte	0x6
 462 018b 79       		.byte	0x79
 463 018c BF000000 		.4byte	0xbf
 464 0190 02       		.byte	0x2
 465 0191 23       		.byte	0x23
 466 0192 1C       		.uleb128 0x1c
 467 0193 06       		.uleb128 0x6
 468 0194 DC030000 		.4byte	.LASF33
 469 0198 06       		.byte	0x6
 470 0199 7D       		.byte	0x7d
 471 019a B4000000 		.4byte	0xb4
 472 019e 02       		.byte	0x2
 473 019f 23       		.byte	0x23
 474 01a0 1D       		.uleb128 0x1d
 475 01a1 06       		.uleb128 0x6
 476 01a2 98040000 		.4byte	.LASF34
 477 01a6 06       		.byte	0x6
 478 01a7 82       		.byte	0x82
 479 01a8 CA000000 		.4byte	0xca
 480 01ac 02       		.byte	0x2
 481 01ad 23       		.byte	0x23
 482 01ae 1E       		.uleb128 0x1e
 483 01af 06       		.uleb128 0x6
 484 01b0 85030000 		.4byte	.LASF35
 485 01b4 06       		.byte	0x6
 486 01b5 88       		.byte	0x88
 487 01b6 D5000000 		.4byte	0xd5
 488 01ba 02       		.byte	0x2
 489 01bb 23       		.byte	0x23
 490 01bc 1F       		.uleb128 0x1f
 491 01bd 06       		.uleb128 0x6
 492 01be 68040000 		.4byte	.LASF36
 493 01c2 06       		.byte	0x6
 494 01c3 8F       		.byte	0x8f
 495 01c4 BE050000 		.4byte	0x5be
 496 01c8 02       		.byte	0x2
 497 01c9 23       		.byte	0x23
 498 01ca 20       		.uleb128 0x20
ARM GAS  /tmp/ccFlPPVG.s 			page 10


 499 01cb 07       		.uleb128 0x7
 500 01cc 705F7500 		.ascii	"p_u\000"
 501 01d0 06       		.byte	0x6
 502 01d1 B4       		.byte	0xb4
 503 01d2 7E060000 		.4byte	0x67e
 504 01d6 02       		.byte	0x2
 505 01d7 23       		.byte	0x23
 506 01d8 24       		.uleb128 0x24
 507 01d9 06       		.uleb128 0x6
 508 01da 17050000 		.4byte	.LASF37
 509 01de 06       		.byte	0x6
 510 01df B9       		.byte	0xb9
 511 01e0 89020000 		.4byte	0x289
 512 01e4 02       		.byte	0x2
 513 01e5 23       		.byte	0x23
 514 01e6 28       		.uleb128 0x28
 515 01e7 06       		.uleb128 0x6
 516 01e8 7B040000 		.4byte	.LASF38
 517 01ec 06       		.byte	0x6
 518 01ed BF       		.byte	0xbf
 519 01ee 67020000 		.4byte	0x267
 520 01f2 02       		.byte	0x2
 521 01f3 23       		.byte	0x23
 522 01f4 2C       		.uleb128 0x2c
 523 01f5 06       		.uleb128 0x6
 524 01f6 22000000 		.4byte	.LASF39
 525 01fa 06       		.byte	0x6
 526 01fb C3       		.byte	0xc3
 527 01fc EB000000 		.4byte	0xeb
 528 0200 02       		.byte	0x2
 529 0201 23       		.byte	0x23
 530 0202 34       		.uleb128 0x34
 531 0203 06       		.uleb128 0x6
 532 0204 F8030000 		.4byte	.LASF40
 533 0208 06       		.byte	0x6
 534 0209 C9       		.byte	0xc9
 535 020a F6000000 		.4byte	0xf6
 536 020e 02       		.byte	0x2
 537 020f 23       		.byte	0x23
 538 0210 38       		.uleb128 0x38
 539 0211 06       		.uleb128 0x6
 540 0212 69030000 		.4byte	.LASF41
 541 0216 06       		.byte	0x6
 542 0217 D0       		.byte	0xd0
 543 0218 C5060000 		.4byte	0x6c5
 544 021c 02       		.byte	0x2
 545 021d 23       		.byte	0x23
 546 021e 3C       		.uleb128 0x3c
 547 021f 06       		.uleb128 0x6
 548 0220 4B040000 		.4byte	.LASF42
 549 0224 06       		.byte	0x6
 550 0225 D4       		.byte	0xd4
 551 0226 E0000000 		.4byte	0xe0
 552 022a 02       		.byte	0x2
 553 022b 23       		.byte	0x23
 554 022c 40       		.uleb128 0x40
 555 022d 06       		.uleb128 0x6
ARM GAS  /tmp/ccFlPPVG.s 			page 11


 556 022e F6000000 		.4byte	.LASF43
 557 0232 06       		.byte	0x6
 558 0233 DA       		.byte	0xda
 559 0234 9F020000 		.4byte	0x29f
 560 0238 02       		.byte	0x2
 561 0239 23       		.byte	0x23
 562 023a 44       		.uleb128 0x44
 563 023b 00       		.byte	0
 564 023c 08       		.uleb128 0x8
 565 023d 08       		.byte	0x8
 566 023e 05       		.byte	0x5
 567 023f 61       		.byte	0x61
 568 0240 61020000 		.4byte	0x261
 569 0244 06       		.uleb128 0x6
 570 0245 C6030000 		.4byte	.LASF25
 571 0249 05       		.byte	0x5
 572 024a 62       		.byte	0x62
 573 024b 61020000 		.4byte	0x261
 574 024f 02       		.byte	0x2
 575 0250 23       		.byte	0x23
 576 0251 00       		.uleb128 0
 577 0252 06       		.uleb128 0x6
 578 0253 2D030000 		.4byte	.LASF26
 579 0257 05       		.byte	0x5
 580 0258 64       		.byte	0x64
 581 0259 61020000 		.4byte	0x261
 582 025d 02       		.byte	0x2
 583 025e 23       		.byte	0x23
 584 025f 04       		.uleb128 0x4
 585 0260 00       		.byte	0
 586 0261 09       		.uleb128 0x9
 587 0262 04       		.byte	0x4
 588 0263 0C010000 		.4byte	0x10c
 589 0267 03       		.uleb128 0x3
 590 0268 D8020000 		.4byte	.LASF44
 591 026c 05       		.byte	0x5
 592 026d 66       		.byte	0x66
 593 026e 3C020000 		.4byte	0x23c
 594 0272 08       		.uleb128 0x8
 595 0273 04       		.byte	0x4
 596 0274 05       		.byte	0x5
 597 0275 6B       		.byte	0x6b
 598 0276 89020000 		.4byte	0x289
 599 027a 06       		.uleb128 0x6
 600 027b C6030000 		.4byte	.LASF25
 601 027f 05       		.byte	0x5
 602 0280 6D       		.byte	0x6d
 603 0281 61020000 		.4byte	0x261
 604 0285 02       		.byte	0x2
 605 0286 23       		.byte	0x23
 606 0287 00       		.uleb128 0
 607 0288 00       		.byte	0
 608 0289 03       		.uleb128 0x3
 609 028a 41020000 		.4byte	.LASF45
 610 028e 05       		.byte	0x5
 611 028f 70       		.byte	0x70
 612 0290 72020000 		.4byte	0x272
ARM GAS  /tmp/ccFlPPVG.s 			page 12


 613 0294 03       		.uleb128 0x3
 614 0295 5A010000 		.4byte	.LASF46
 615 0299 07       		.byte	0x7
 616 029a A7       		.byte	0xa7
 617 029b 9F020000 		.4byte	0x29f
 618 029f 0A       		.uleb128 0xa
 619 02a0 04       		.byte	0x4
 620 02a1 03       		.uleb128 0x3
 621 02a2 5F020000 		.4byte	.LASF47
 622 02a6 07       		.byte	0x7
 623 02a7 AD       		.byte	0xad
 624 02a8 9B000000 		.4byte	0x9b
 625 02ac 05       		.uleb128 0x5
 626 02ad 74040000 		.4byte	.LASF48
 627 02b1 24       		.byte	0x24
 628 02b2 07       		.byte	0x7
 629 02b3 BA       		.byte	0xba
 630 02b4 30030000 		.4byte	0x330
 631 02b8 07       		.uleb128 0x7
 632 02b9 723800   		.ascii	"r8\000"
 633 02bc 07       		.byte	0x7
 634 02bd BB       		.byte	0xbb
 635 02be 94020000 		.4byte	0x294
 636 02c2 02       		.byte	0x2
 637 02c3 23       		.byte	0x23
 638 02c4 00       		.uleb128 0
 639 02c5 07       		.uleb128 0x7
 640 02c6 723900   		.ascii	"r9\000"
 641 02c9 07       		.byte	0x7
 642 02ca BC       		.byte	0xbc
 643 02cb 94020000 		.4byte	0x294
 644 02cf 02       		.byte	0x2
 645 02d0 23       		.byte	0x23
 646 02d1 04       		.uleb128 0x4
 647 02d2 07       		.uleb128 0x7
 648 02d3 72313000 		.ascii	"r10\000"
 649 02d7 07       		.byte	0x7
 650 02d8 BD       		.byte	0xbd
 651 02d9 94020000 		.4byte	0x294
 652 02dd 02       		.byte	0x2
 653 02de 23       		.byte	0x23
 654 02df 08       		.uleb128 0x8
 655 02e0 07       		.uleb128 0x7
 656 02e1 72313100 		.ascii	"r11\000"
 657 02e5 07       		.byte	0x7
 658 02e6 BE       		.byte	0xbe
 659 02e7 94020000 		.4byte	0x294
 660 02eb 02       		.byte	0x2
 661 02ec 23       		.byte	0x23
 662 02ed 0C       		.uleb128 0xc
 663 02ee 07       		.uleb128 0x7
 664 02ef 723400   		.ascii	"r4\000"
 665 02f2 07       		.byte	0x7
 666 02f3 BF       		.byte	0xbf
 667 02f4 94020000 		.4byte	0x294
 668 02f8 02       		.byte	0x2
 669 02f9 23       		.byte	0x23
ARM GAS  /tmp/ccFlPPVG.s 			page 13


 670 02fa 10       		.uleb128 0x10
 671 02fb 07       		.uleb128 0x7
 672 02fc 723500   		.ascii	"r5\000"
 673 02ff 07       		.byte	0x7
 674 0300 C0       		.byte	0xc0
 675 0301 94020000 		.4byte	0x294
 676 0305 02       		.byte	0x2
 677 0306 23       		.byte	0x23
 678 0307 14       		.uleb128 0x14
 679 0308 07       		.uleb128 0x7
 680 0309 723600   		.ascii	"r6\000"
 681 030c 07       		.byte	0x7
 682 030d C1       		.byte	0xc1
 683 030e 94020000 		.4byte	0x294
 684 0312 02       		.byte	0x2
 685 0313 23       		.byte	0x23
 686 0314 18       		.uleb128 0x18
 687 0315 07       		.uleb128 0x7
 688 0316 723700   		.ascii	"r7\000"
 689 0319 07       		.byte	0x7
 690 031a C2       		.byte	0xc2
 691 031b 94020000 		.4byte	0x294
 692 031f 02       		.byte	0x2
 693 0320 23       		.byte	0x23
 694 0321 1C       		.uleb128 0x1c
 695 0322 07       		.uleb128 0x7
 696 0323 6C7200   		.ascii	"lr\000"
 697 0326 07       		.byte	0x7
 698 0327 C3       		.byte	0xc3
 699 0328 94020000 		.4byte	0x294
 700 032c 02       		.byte	0x2
 701 032d 23       		.byte	0x23
 702 032e 20       		.uleb128 0x20
 703 032f 00       		.byte	0
 704 0330 05       		.uleb128 0x5
 705 0331 02020000 		.4byte	.LASF49
 706 0335 04       		.byte	0x4
 707 0336 07       		.byte	0x7
 708 0337 CD       		.byte	0xcd
 709 0338 4B030000 		.4byte	0x34b
 710 033c 07       		.uleb128 0x7
 711 033d 72313300 		.ascii	"r13\000"
 712 0341 07       		.byte	0x7
 713 0342 CE       		.byte	0xce
 714 0343 4B030000 		.4byte	0x34b
 715 0347 02       		.byte	0x2
 716 0348 23       		.byte	0x23
 717 0349 00       		.uleb128 0
 718 034a 00       		.byte	0
 719 034b 09       		.uleb128 0x9
 720 034c 04       		.byte	0x4
 721 034d AC020000 		.4byte	0x2ac
 722 0351 03       		.uleb128 0x3
 723 0352 32040000 		.4byte	.LASF50
 724 0356 08       		.byte	0x8
 725 0357 3A       		.byte	0x3a
 726 0358 5C030000 		.4byte	0x35c
ARM GAS  /tmp/ccFlPPVG.s 			page 14


 727 035c 0B       		.uleb128 0xb
 728 035d 82000000 		.4byte	0x82
 729 0361 04       		.uleb128 0x4
 730 0362 04       		.byte	0x4
 731 0363 07       		.byte	0x7
 732 0364 A8020000 		.4byte	.LASF51
 733 0368 08       		.uleb128 0x8
 734 0369 8C       		.byte	0x8c
 735 036a 08       		.byte	0x8
 736 036b 89       		.byte	0x89
 737 036c 98040000 		.4byte	0x498
 738 0370 06       		.uleb128 0x6
 739 0371 9A000000 		.4byte	.LASF52
 740 0375 08       		.byte	0x8
 741 0376 8A       		.byte	0x8a
 742 0377 51030000 		.4byte	0x351
 743 037b 02       		.byte	0x2
 744 037c 23       		.byte	0x23
 745 037d 00       		.uleb128 0
 746 037e 06       		.uleb128 0x6
 747 037f 1D020000 		.4byte	.LASF53
 748 0383 08       		.byte	0x8
 749 0384 8B       		.byte	0x8b
 750 0385 51030000 		.4byte	0x351
 751 0389 02       		.byte	0x2
 752 038a 23       		.byte	0x23
 753 038b 04       		.uleb128 0x4
 754 038c 06       		.uleb128 0x6
 755 038d C9010000 		.4byte	.LASF54
 756 0391 08       		.byte	0x8
 757 0392 8C       		.byte	0x8c
 758 0393 51030000 		.4byte	0x351
 759 0397 02       		.byte	0x2
 760 0398 23       		.byte	0x23
 761 0399 08       		.uleb128 0x8
 762 039a 06       		.uleb128 0x6
 763 039b 28020000 		.4byte	.LASF55
 764 039f 08       		.byte	0x8
 765 03a0 8D       		.byte	0x8d
 766 03a1 51030000 		.4byte	0x351
 767 03a5 02       		.byte	0x2
 768 03a6 23       		.byte	0x23
 769 03a7 0C       		.uleb128 0xc
 770 03a8 07       		.uleb128 0x7
 771 03a9 53435200 		.ascii	"SCR\000"
 772 03ad 08       		.byte	0x8
 773 03ae 8E       		.byte	0x8e
 774 03af 51030000 		.4byte	0x351
 775 03b3 02       		.byte	0x2
 776 03b4 23       		.byte	0x23
 777 03b5 10       		.uleb128 0x10
 778 03b6 07       		.uleb128 0x7
 779 03b7 43435200 		.ascii	"CCR\000"
 780 03bb 08       		.byte	0x8
 781 03bc 8F       		.byte	0x8f
 782 03bd 51030000 		.4byte	0x351
 783 03c1 02       		.byte	0x2
ARM GAS  /tmp/ccFlPPVG.s 			page 15


 784 03c2 23       		.byte	0x23
 785 03c3 14       		.uleb128 0x14
 786 03c4 06       		.uleb128 0x6
 787 03c5 6F040000 		.4byte	.LASF56
 788 03c9 08       		.byte	0x8
 789 03ca 90       		.byte	0x90
 790 03cb A8040000 		.4byte	0x4a8
 791 03cf 02       		.byte	0x2
 792 03d0 23       		.byte	0x23
 793 03d1 18       		.uleb128 0x18
 794 03d2 06       		.uleb128 0x6
 795 03d3 63030000 		.4byte	.LASF57
 796 03d7 08       		.byte	0x8
 797 03d8 91       		.byte	0x91
 798 03d9 51030000 		.4byte	0x351
 799 03dd 02       		.byte	0x2
 800 03de 23       		.byte	0x23
 801 03df 24       		.uleb128 0x24
 802 03e0 06       		.uleb128 0x6
 803 03e1 B9020000 		.4byte	.LASF58
 804 03e5 08       		.byte	0x8
 805 03e6 92       		.byte	0x92
 806 03e7 51030000 		.4byte	0x351
 807 03eb 02       		.byte	0x2
 808 03ec 23       		.byte	0x23
 809 03ed 28       		.uleb128 0x28
 810 03ee 06       		.uleb128 0x6
 811 03ef 04050000 		.4byte	.LASF59
 812 03f3 08       		.byte	0x8
 813 03f4 93       		.byte	0x93
 814 03f5 51030000 		.4byte	0x351
 815 03f9 02       		.byte	0x2
 816 03fa 23       		.byte	0x23
 817 03fb 2C       		.uleb128 0x2c
 818 03fc 06       		.uleb128 0x6
 819 03fd 2E020000 		.4byte	.LASF60
 820 0401 08       		.byte	0x8
 821 0402 94       		.byte	0x94
 822 0403 51030000 		.4byte	0x351
 823 0407 02       		.byte	0x2
 824 0408 23       		.byte	0x23
 825 0409 30       		.uleb128 0x30
 826 040a 06       		.uleb128 0x6
 827 040b 33020000 		.4byte	.LASF61
 828 040f 08       		.byte	0x8
 829 0410 95       		.byte	0x95
 830 0411 51030000 		.4byte	0x351
 831 0415 02       		.byte	0x2
 832 0416 23       		.byte	0x23
 833 0417 34       		.uleb128 0x34
 834 0418 06       		.uleb128 0x6
 835 0419 4D010000 		.4byte	.LASF62
 836 041d 08       		.byte	0x8
 837 041e 96       		.byte	0x96
 838 041f 51030000 		.4byte	0x351
 839 0423 02       		.byte	0x2
 840 0424 23       		.byte	0x23
ARM GAS  /tmp/ccFlPPVG.s 			page 16


 841 0425 38       		.uleb128 0x38
 842 0426 06       		.uleb128 0x6
 843 0427 20040000 		.4byte	.LASF63
 844 042b 08       		.byte	0x8
 845 042c 97       		.byte	0x97
 846 042d 51030000 		.4byte	0x351
 847 0431 02       		.byte	0x2
 848 0432 23       		.byte	0x23
 849 0433 3C       		.uleb128 0x3c
 850 0434 07       		.uleb128 0x7
 851 0435 50465200 		.ascii	"PFR\000"
 852 0439 08       		.byte	0x8
 853 043a 98       		.byte	0x98
 854 043b BD040000 		.4byte	0x4bd
 855 043f 02       		.byte	0x2
 856 0440 23       		.byte	0x23
 857 0441 40       		.uleb128 0x40
 858 0442 07       		.uleb128 0x7
 859 0443 44465200 		.ascii	"DFR\000"
 860 0447 08       		.byte	0x8
 861 0448 99       		.byte	0x99
 862 0449 51030000 		.4byte	0x351
 863 044d 02       		.byte	0x2
 864 044e 23       		.byte	0x23
 865 044f 48       		.uleb128 0x48
 866 0450 07       		.uleb128 0x7
 867 0451 41445200 		.ascii	"ADR\000"
 868 0455 08       		.byte	0x8
 869 0456 9A       		.byte	0x9a
 870 0457 51030000 		.4byte	0x351
 871 045b 02       		.byte	0x2
 872 045c 23       		.byte	0x23
 873 045d 4C       		.uleb128 0x4c
 874 045e 06       		.uleb128 0x6
 875 045f A9040000 		.4byte	.LASF64
 876 0463 08       		.byte	0x8
 877 0464 9B       		.byte	0x9b
 878 0465 D2040000 		.4byte	0x4d2
 879 0469 02       		.byte	0x2
 880 046a 23       		.byte	0x23
 881 046b 50       		.uleb128 0x50
 882 046c 07       		.uleb128 0x7
 883 046d 53415200 		.ascii	"SAR\000"
 884 0471 08       		.byte	0x8
 885 0472 9C       		.byte	0x9c
 886 0473 E7040000 		.4byte	0x4e7
 887 0477 02       		.byte	0x2
 888 0478 23       		.byte	0x23
 889 0479 60       		.uleb128 0x60
 890 047a 06       		.uleb128 0x6
 891 047b 25040000 		.4byte	.LASF65
 892 047f 08       		.byte	0x8
 893 0480 9D       		.byte	0x9d
 894 0481 EC040000 		.4byte	0x4ec
 895 0485 02       		.byte	0x2
 896 0486 23       		.byte	0x23
 897 0487 74       		.uleb128 0x74
ARM GAS  /tmp/ccFlPPVG.s 			page 17


 898 0488 06       		.uleb128 0x6
 899 0489 FE040000 		.4byte	.LASF66
 900 048d 08       		.byte	0x8
 901 048e 9E       		.byte	0x9e
 902 048f 51030000 		.4byte	0x351
 903 0493 03       		.byte	0x3
 904 0494 23       		.byte	0x23
 905 0495 8801     		.uleb128 0x88
 906 0497 00       		.byte	0
 907 0498 0C       		.uleb128 0xc
 908 0499 51030000 		.4byte	0x351
 909 049d A8040000 		.4byte	0x4a8
 910 04a1 0D       		.uleb128 0xd
 911 04a2 61030000 		.4byte	0x361
 912 04a6 02       		.byte	0x2
 913 04a7 00       		.byte	0
 914 04a8 0B       		.uleb128 0xb
 915 04a9 98040000 		.4byte	0x498
 916 04ad 0C       		.uleb128 0xc
 917 04ae 51030000 		.4byte	0x351
 918 04b2 BD040000 		.4byte	0x4bd
 919 04b6 0D       		.uleb128 0xd
 920 04b7 61030000 		.4byte	0x361
 921 04bb 01       		.byte	0x1
 922 04bc 00       		.byte	0
 923 04bd 0B       		.uleb128 0xb
 924 04be AD040000 		.4byte	0x4ad
 925 04c2 0C       		.uleb128 0xc
 926 04c3 51030000 		.4byte	0x351
 927 04c7 D2040000 		.4byte	0x4d2
 928 04cb 0D       		.uleb128 0xd
 929 04cc 61030000 		.4byte	0x361
 930 04d0 03       		.byte	0x3
 931 04d1 00       		.byte	0
 932 04d2 0B       		.uleb128 0xb
 933 04d3 C2040000 		.4byte	0x4c2
 934 04d7 0C       		.uleb128 0xc
 935 04d8 51030000 		.4byte	0x351
 936 04dc E7040000 		.4byte	0x4e7
 937 04e0 0D       		.uleb128 0xd
 938 04e1 61030000 		.4byte	0x361
 939 04e5 04       		.byte	0x4
 940 04e6 00       		.byte	0
 941 04e7 0B       		.uleb128 0xb
 942 04e8 D7040000 		.4byte	0x4d7
 943 04ec 0B       		.uleb128 0xb
 944 04ed D7040000 		.4byte	0x4d7
 945 04f1 03       		.uleb128 0x3
 946 04f2 3F000000 		.4byte	.LASF67
 947 04f6 08       		.byte	0x8
 948 04f7 9F       		.byte	0x9f
 949 04f8 68030000 		.4byte	0x368
 950 04fc 03       		.uleb128 0x3
 951 04fd 56040000 		.4byte	.LASF68
 952 0501 09       		.byte	0x9
 953 0502 58       		.byte	0x58
 954 0503 07050000 		.4byte	0x507
ARM GAS  /tmp/ccFlPPVG.s 			page 18


 955 0507 09       		.uleb128 0x9
 956 0508 04       		.byte	0x4
 957 0509 0D050000 		.4byte	0x50d
 958 050d 0E       		.uleb128 0xe
 959 050e 01       		.byte	0x1
 960 050f 19050000 		.4byte	0x519
 961 0513 0F       		.uleb128 0xf
 962 0514 9F020000 		.4byte	0x29f
 963 0518 00       		.byte	0
 964 0519 03       		.uleb128 0x3
 965 051a 15000000 		.4byte	.LASF69
 966 051e 09       		.byte	0x9
 967 051f 5D       		.byte	0x5d
 968 0520 24050000 		.4byte	0x524
 969 0524 05       		.uleb128 0x5
 970 0525 15000000 		.4byte	.LASF69
 971 0529 14       		.byte	0x14
 972 052a 09       		.byte	0x9
 973 052b 64       		.byte	0x64
 974 052c 77050000 		.4byte	0x577
 975 0530 06       		.uleb128 0x6
 976 0531 9A010000 		.4byte	.LASF70
 977 0535 09       		.byte	0x9
 978 0536 65       		.byte	0x65
 979 0537 77050000 		.4byte	0x577
 980 053b 02       		.byte	0x2
 981 053c 23       		.byte	0x23
 982 053d 00       		.uleb128 0
 983 053e 06       		.uleb128 0x6
 984 053f 63010000 		.4byte	.LASF71
 985 0543 09       		.byte	0x9
 986 0544 67       		.byte	0x67
 987 0545 77050000 		.4byte	0x577
 988 0549 02       		.byte	0x2
 989 054a 23       		.byte	0x23
 990 054b 04       		.uleb128 0x4
 991 054c 06       		.uleb128 0x6
 992 054d A0020000 		.4byte	.LASF72
 993 0551 09       		.byte	0x9
 994 0552 69       		.byte	0x69
 995 0553 01010000 		.4byte	0x101
 996 0557 02       		.byte	0x2
 997 0558 23       		.byte	0x23
 998 0559 08       		.uleb128 0x8
 999 055a 06       		.uleb128 0x6
 1000 055b B1020000 		.4byte	.LASF73
 1001 055f 09       		.byte	0x9
 1002 0560 6A       		.byte	0x6a
 1003 0561 FC040000 		.4byte	0x4fc
 1004 0565 02       		.byte	0x2
 1005 0566 23       		.byte	0x23
 1006 0567 0C       		.uleb128 0xc
 1007 0568 06       		.uleb128 0x6
 1008 0569 86040000 		.4byte	.LASF74
 1009 056d 09       		.byte	0x9
 1010 056e 6C       		.byte	0x6c
 1011 056f 9F020000 		.4byte	0x29f
ARM GAS  /tmp/ccFlPPVG.s 			page 19


 1012 0573 02       		.byte	0x2
 1013 0574 23       		.byte	0x23
 1014 0575 10       		.uleb128 0x10
 1015 0576 00       		.byte	0
 1016 0577 09       		.uleb128 0x9
 1017 0578 04       		.byte	0x4
 1018 0579 19050000 		.4byte	0x519
 1019 057d 08       		.uleb128 0x8
 1020 057e 10       		.byte	0x10
 1021 057f 09       		.byte	0x9
 1022 0580 76       		.byte	0x76
 1023 0581 BE050000 		.4byte	0x5be
 1024 0585 06       		.uleb128 0x6
 1025 0586 9A010000 		.4byte	.LASF70
 1026 058a 09       		.byte	0x9
 1027 058b 77       		.byte	0x77
 1028 058c 77050000 		.4byte	0x577
 1029 0590 02       		.byte	0x2
 1030 0591 23       		.byte	0x23
 1031 0592 00       		.uleb128 0
 1032 0593 06       		.uleb128 0x6
 1033 0594 63010000 		.4byte	.LASF71
 1034 0598 09       		.byte	0x9
 1035 0599 79       		.byte	0x79
 1036 059a 77050000 		.4byte	0x577
 1037 059e 02       		.byte	0x2
 1038 059f 23       		.byte	0x23
 1039 05a0 04       		.uleb128 0x4
 1040 05a1 06       		.uleb128 0x6
 1041 05a2 A0020000 		.4byte	.LASF72
 1042 05a6 09       		.byte	0x9
 1043 05a7 7B       		.byte	0x7b
 1044 05a8 01010000 		.4byte	0x101
 1045 05ac 02       		.byte	0x2
 1046 05ad 23       		.byte	0x23
 1047 05ae 08       		.uleb128 0x8
 1048 05af 06       		.uleb128 0x6
 1049 05b0 B4000000 		.4byte	.LASF75
 1050 05b4 09       		.byte	0x9
 1051 05b5 7C       		.byte	0x7c
 1052 05b6 BE050000 		.4byte	0x5be
 1053 05ba 02       		.byte	0x2
 1054 05bb 23       		.byte	0x23
 1055 05bc 0C       		.uleb128 0xc
 1056 05bd 00       		.byte	0
 1057 05be 0B       		.uleb128 0xb
 1058 05bf 01010000 		.4byte	0x101
 1059 05c3 03       		.uleb128 0x3
 1060 05c4 F7040000 		.4byte	.LASF76
 1061 05c8 09       		.byte	0x9
 1062 05c9 7D       		.byte	0x7d
 1063 05ca 7D050000 		.4byte	0x57d
 1064 05ce 08       		.uleb128 0x8
 1065 05cf 1C       		.byte	0x1c
 1066 05d0 0A       		.byte	0xa
 1067 05d1 5E       		.byte	0x5e
 1068 05d2 2B060000 		.4byte	0x62b
ARM GAS  /tmp/ccFlPPVG.s 			page 20


 1069 05d6 06       		.uleb128 0x6
 1070 05d7 18040000 		.4byte	.LASF77
 1071 05db 0A       		.byte	0xa
 1072 05dc 5F       		.byte	0x5f
 1073 05dd 67020000 		.4byte	0x267
 1074 05e1 02       		.byte	0x2
 1075 05e2 23       		.byte	0x23
 1076 05e3 00       		.uleb128 0
 1077 05e4 06       		.uleb128 0x6
 1078 05e5 B8030000 		.4byte	.LASF78
 1079 05e9 0A       		.byte	0xa
 1080 05ea 60       		.byte	0x60
 1081 05eb E0000000 		.4byte	0xe0
 1082 05ef 02       		.byte	0x2
 1083 05f0 23       		.byte	0x23
 1084 05f1 08       		.uleb128 0x8
 1085 05f2 06       		.uleb128 0x6
 1086 05f3 D2020000 		.4byte	.LASF79
 1087 05f7 0A       		.byte	0xa
 1088 05f8 62       		.byte	0x62
 1089 05f9 30030000 		.4byte	0x330
 1090 05fd 02       		.byte	0x2
 1091 05fe 23       		.byte	0x23
 1092 05ff 0C       		.uleb128 0xc
 1093 0600 06       		.uleb128 0x6
 1094 0601 52010000 		.4byte	.LASF80
 1095 0605 0A       		.byte	0xa
 1096 0606 65       		.byte	0x65
 1097 0607 61020000 		.4byte	0x261
 1098 060b 02       		.byte	0x2
 1099 060c 23       		.byte	0x23
 1100 060d 10       		.uleb128 0x10
 1101 060e 06       		.uleb128 0x6
 1102 060f 05030000 		.4byte	.LASF81
 1103 0613 0A       		.byte	0xa
 1104 0614 66       		.byte	0x66
 1105 0615 61020000 		.4byte	0x261
 1106 0619 02       		.byte	0x2
 1107 061a 23       		.byte	0x23
 1108 061b 14       		.uleb128 0x14
 1109 061c 06       		.uleb128 0x6
 1110 061d FB020000 		.4byte	.LASF82
 1111 0621 0A       		.byte	0xa
 1112 0622 69       		.byte	0x69
 1113 0623 61020000 		.4byte	0x261
 1114 0627 02       		.byte	0x2
 1115 0628 23       		.byte	0x23
 1116 0629 18       		.uleb128 0x18
 1117 062a 00       		.byte	0
 1118 062b 03       		.uleb128 0x3
 1119 062c 9F040000 		.4byte	.LASF83
 1120 0630 0A       		.byte	0xa
 1121 0631 6B       		.byte	0x6b
 1122 0632 CE050000 		.4byte	0x5ce
 1123 0636 05       		.uleb128 0x5
 1124 0637 59020000 		.4byte	.LASF84
 1125 063b 10       		.byte	0x10
ARM GAS  /tmp/ccFlPPVG.s 			page 21


 1126 063c 0B       		.byte	0xb
 1127 063d 2C       		.byte	0x2c
 1128 063e 6D060000 		.4byte	0x66d
 1129 0642 06       		.uleb128 0x6
 1130 0643 FE000000 		.4byte	.LASF85
 1131 0647 0B       		.byte	0xb
 1132 0648 2D       		.byte	0x2d
 1133 0649 67020000 		.4byte	0x267
 1134 064d 02       		.byte	0x2
 1135 064e 23       		.byte	0x23
 1136 064f 00       		.uleb128 0
 1137 0650 06       		.uleb128 0x6
 1138 0651 09050000 		.4byte	.LASF86
 1139 0655 0B       		.byte	0xb
 1140 0656 2F       		.byte	0x2f
 1141 0657 61020000 		.4byte	0x261
 1142 065b 02       		.byte	0x2
 1143 065c 23       		.byte	0x23
 1144 065d 08       		.uleb128 0x8
 1145 065e 06       		.uleb128 0x6
 1146 065f 3A040000 		.4byte	.LASF87
 1147 0663 0B       		.byte	0xb
 1148 0664 31       		.byte	0x31
 1149 0665 6D060000 		.4byte	0x66d
 1150 0669 02       		.byte	0x2
 1151 066a 23       		.byte	0x23
 1152 066b 0C       		.uleb128 0xc
 1153 066c 00       		.byte	0
 1154 066d 09       		.uleb128 0x9
 1155 066e 04       		.byte	0x4
 1156 066f 36060000 		.4byte	0x636
 1157 0673 03       		.uleb128 0x3
 1158 0674 59020000 		.4byte	.LASF84
 1159 0678 0B       		.byte	0xb
 1160 0679 33       		.byte	0x33
 1161 067a 36060000 		.4byte	0x636
 1162 067e 10       		.uleb128 0x10
 1163 067f 04       		.byte	0x4
 1164 0680 06       		.byte	0x6
 1165 0681 96       		.byte	0x96
 1166 0682 B3060000 		.4byte	0x6b3
 1167 0686 11       		.uleb128 0x11
 1168 0687 2F000000 		.4byte	.LASF88
 1169 068b 06       		.byte	0x6
 1170 068c 9D       		.byte	0x9d
 1171 068d EB000000 		.4byte	0xeb
 1172 0691 11       		.uleb128 0x11
 1173 0692 86000000 		.4byte	.LASF89
 1174 0696 06       		.byte	0x6
 1175 0697 A4       		.byte	0xa4
 1176 0698 EB000000 		.4byte	0xeb
 1177 069c 11       		.uleb128 0x11
 1178 069d DE040000 		.4byte	.LASF90
 1179 06a1 06       		.byte	0x6
 1180 06a2 AB       		.byte	0xab
 1181 06a3 9F020000 		.4byte	0x29f
 1182 06a7 11       		.uleb128 0x11
ARM GAS  /tmp/ccFlPPVG.s 			page 22


 1183 06a8 BF030000 		.4byte	.LASF91
 1184 06ac 06       		.byte	0x6
 1185 06ad B2       		.byte	0xb2
 1186 06ae F6000000 		.4byte	0xf6
 1187 06b2 00       		.byte	0
 1188 06b3 09       		.uleb128 0x9
 1189 06b4 04       		.byte	0x4
 1190 06b5 B9060000 		.4byte	0x6b9
 1191 06b9 12       		.uleb128 0x12
 1192 06ba BE060000 		.4byte	0x6be
 1193 06be 04       		.uleb128 0x4
 1194 06bf 01       		.byte	0x1
 1195 06c0 08       		.byte	0x8
 1196 06c1 2D040000 		.4byte	.LASF92
 1197 06c5 09       		.uleb128 0x9
 1198 06c6 04       		.byte	0x4
 1199 06c7 73060000 		.4byte	0x673
 1200 06cb 03       		.uleb128 0x3
 1201 06cc 00000000 		.4byte	.LASF93
 1202 06d0 06       		.byte	0x6
 1203 06d1 E5       		.byte	0xe5
 1204 06d2 D6060000 		.4byte	0x6d6
 1205 06d6 09       		.uleb128 0x9
 1206 06d7 04       		.byte	0x4
 1207 06d8 DC060000 		.4byte	0x6dc
 1208 06dc 13       		.uleb128 0x13
 1209 06dd 01       		.byte	0x1
 1210 06de EB000000 		.4byte	0xeb
 1211 06e2 EC060000 		.4byte	0x6ec
 1212 06e6 0F       		.uleb128 0xf
 1213 06e7 9F020000 		.4byte	0x29f
 1214 06eb 00       		.byte	0
 1215 06ec 08       		.uleb128 0x8
 1216 06ed 16       		.byte	0x16
 1217 06ee 0C       		.byte	0xc
 1218 06ef 2C       		.byte	0x2c
 1219 06f0 F1070000 		.4byte	0x7f1
 1220 06f4 06       		.uleb128 0x6
 1221 06f5 ED020000 		.4byte	.LASF94
 1222 06f9 0C       		.byte	0xc
 1223 06fa 2D       		.byte	0x2d
 1224 06fb F1070000 		.4byte	0x7f1
 1225 06ff 02       		.byte	0x2
 1226 0700 23       		.byte	0x23
 1227 0701 00       		.uleb128 0
 1228 0702 06       		.uleb128 0x6
 1229 0703 8C020000 		.4byte	.LASF95
 1230 0707 0C       		.byte	0xc
 1231 0708 2E       		.byte	0x2e
 1232 0709 45000000 		.4byte	0x45
 1233 070d 02       		.byte	0x2
 1234 070e 23       		.byte	0x23
 1235 070f 04       		.uleb128 0x4
 1236 0710 06       		.uleb128 0x6
 1237 0711 E5020000 		.4byte	.LASF96
 1238 0715 0C       		.byte	0xc
 1239 0716 2F       		.byte	0x2f
ARM GAS  /tmp/ccFlPPVG.s 			page 23


 1240 0717 45000000 		.4byte	0x45
 1241 071b 02       		.byte	0x2
 1242 071c 23       		.byte	0x23
 1243 071d 05       		.uleb128 0x5
 1244 071e 06       		.uleb128 0x6
 1245 071f EC040000 		.4byte	.LASF97
 1246 0723 0C       		.byte	0xc
 1247 0724 30       		.byte	0x30
 1248 0725 5E000000 		.4byte	0x5e
 1249 0729 02       		.byte	0x2
 1250 072a 23       		.byte	0x23
 1251 072b 06       		.uleb128 0x6
 1252 072c 06       		.uleb128 0x6
 1253 072d 22030000 		.4byte	.LASF98
 1254 0731 0C       		.byte	0xc
 1255 0732 31       		.byte	0x31
 1256 0733 45000000 		.4byte	0x45
 1257 0737 02       		.byte	0x2
 1258 0738 23       		.byte	0x23
 1259 0739 08       		.uleb128 0x8
 1260 073a 06       		.uleb128 0x6
 1261 073b BD010000 		.4byte	.LASF99
 1262 073f 0C       		.byte	0xc
 1263 0740 32       		.byte	0x32
 1264 0741 45000000 		.4byte	0x45
 1265 0745 02       		.byte	0x2
 1266 0746 23       		.byte	0x23
 1267 0747 09       		.uleb128 0x9
 1268 0748 06       		.uleb128 0x6
 1269 0749 78000000 		.4byte	.LASF100
 1270 074d 0C       		.byte	0xc
 1271 074e 33       		.byte	0x33
 1272 074f 45000000 		.4byte	0x45
 1273 0753 02       		.byte	0x2
 1274 0754 23       		.byte	0x23
 1275 0755 0A       		.uleb128 0xa
 1276 0756 06       		.uleb128 0x6
 1277 0757 0C040000 		.4byte	.LASF101
 1278 075b 0C       		.byte	0xc
 1279 075c 34       		.byte	0x34
 1280 075d 45000000 		.4byte	0x45
 1281 0761 02       		.byte	0x2
 1282 0762 23       		.byte	0x23
 1283 0763 0B       		.uleb128 0xb
 1284 0764 06       		.uleb128 0x6
 1285 0765 8D040000 		.4byte	.LASF102
 1286 0769 0C       		.byte	0xc
 1287 076a 35       		.byte	0x35
 1288 076b 45000000 		.4byte	0x45
 1289 076f 02       		.byte	0x2
 1290 0770 23       		.byte	0x23
 1291 0771 0C       		.uleb128 0xc
 1292 0772 06       		.uleb128 0x6
 1293 0773 EB030000 		.4byte	.LASF103
 1294 0777 0C       		.byte	0xc
 1295 0778 36       		.byte	0x36
 1296 0779 45000000 		.4byte	0x45
ARM GAS  /tmp/ccFlPPVG.s 			page 24


 1297 077d 02       		.byte	0x2
 1298 077e 23       		.byte	0x23
 1299 077f 0D       		.uleb128 0xd
 1300 0780 06       		.uleb128 0x6
 1301 0781 08000000 		.4byte	.LASF104
 1302 0785 0C       		.byte	0xc
 1303 0786 37       		.byte	0x37
 1304 0787 45000000 		.4byte	0x45
 1305 078b 02       		.byte	0x2
 1306 078c 23       		.byte	0x23
 1307 078d 0E       		.uleb128 0xe
 1308 078e 06       		.uleb128 0x6
 1309 078f BE020000 		.4byte	.LASF105
 1310 0793 0C       		.byte	0xc
 1311 0794 38       		.byte	0x38
 1312 0795 45000000 		.4byte	0x45
 1313 0799 02       		.byte	0x2
 1314 079a 23       		.byte	0x23
 1315 079b 0F       		.uleb128 0xf
 1316 079c 06       		.uleb128 0x6
 1317 079d D9000000 		.4byte	.LASF106
 1318 07a1 0C       		.byte	0xc
 1319 07a2 39       		.byte	0x39
 1320 07a3 45000000 		.4byte	0x45
 1321 07a7 02       		.byte	0x2
 1322 07a8 23       		.byte	0x23
 1323 07a9 10       		.uleb128 0x10
 1324 07aa 06       		.uleb128 0x6
 1325 07ab A7000000 		.4byte	.LASF107
 1326 07af 0C       		.byte	0xc
 1327 07b0 3B       		.byte	0x3b
 1328 07b1 45000000 		.4byte	0x45
 1329 07b5 02       		.byte	0x2
 1330 07b6 23       		.byte	0x23
 1331 07b7 11       		.uleb128 0x11
 1332 07b8 06       		.uleb128 0x6
 1333 07b9 E9000000 		.4byte	.LASF108
 1334 07bd 0C       		.byte	0xc
 1335 07be 3C       		.byte	0x3c
 1336 07bf 45000000 		.4byte	0x45
 1337 07c3 02       		.byte	0x2
 1338 07c4 23       		.byte	0x23
 1339 07c5 12       		.uleb128 0x12
 1340 07c6 06       		.uleb128 0x6
 1341 07c7 94020000 		.4byte	.LASF109
 1342 07cb 0C       		.byte	0xc
 1343 07cc 3D       		.byte	0x3d
 1344 07cd 45000000 		.4byte	0x45
 1345 07d1 02       		.byte	0x2
 1346 07d2 23       		.byte	0x23
 1347 07d3 13       		.uleb128 0x13
 1348 07d4 06       		.uleb128 0x6
 1349 07d5 CD030000 		.4byte	.LASF110
 1350 07d9 0C       		.byte	0xc
 1351 07da 3E       		.byte	0x3e
 1352 07db 45000000 		.4byte	0x45
 1353 07df 02       		.byte	0x2
ARM GAS  /tmp/ccFlPPVG.s 			page 25


 1354 07e0 23       		.byte	0x23
 1355 07e1 14       		.uleb128 0x14
 1356 07e2 06       		.uleb128 0x6
 1357 07e3 8F030000 		.4byte	.LASF111
 1358 07e7 0C       		.byte	0xc
 1359 07e8 40       		.byte	0x40
 1360 07e9 45000000 		.4byte	0x45
 1361 07ed 02       		.byte	0x2
 1362 07ee 23       		.byte	0x23
 1363 07ef 15       		.uleb128 0x15
 1364 07f0 00       		.byte	0
 1365 07f1 0C       		.uleb128 0xc
 1366 07f2 BE060000 		.4byte	0x6be
 1367 07f6 01080000 		.4byte	0x801
 1368 07fa 0D       		.uleb128 0xd
 1369 07fb 61030000 		.4byte	0x361
 1370 07ff 03       		.byte	0x3
 1371 0800 00       		.byte	0
 1372 0801 03       		.uleb128 0x3
 1373 0802 2B010000 		.4byte	.LASF112
 1374 0806 0C       		.byte	0xc
 1375 0807 41       		.byte	0x41
 1376 0808 EC060000 		.4byte	0x6ec
 1377 080c 14       		.uleb128 0x14
 1378 080d 01       		.byte	0x1
 1379 080e 0D030000 		.4byte	.LASF113
 1380 0812 01       		.byte	0x1
 1381 0813 3D       		.byte	0x3d
 1382 0814 01       		.byte	0x1
 1383 0815 00000000 		.4byte	.LFB7
 1384 0819 14000000 		.4byte	.LFE7
 1385 081d 02       		.byte	0x2
 1386 081e 7D       		.byte	0x7d
 1387 081f 00       		.sleb128 0
 1388 0820 01       		.byte	0x1
 1389 0821 33080000 		.4byte	0x833
 1390 0825 15       		.uleb128 0x15
 1391 0826 7000     		.ascii	"p\000"
 1392 0828 01       		.byte	0x1
 1393 0829 3D       		.byte	0x3d
 1394 082a 9F020000 		.4byte	0x29f
 1395 082e 00000000 		.4byte	.LLST0
 1396 0832 00       		.byte	0
 1397 0833 16       		.uleb128 0x16
 1398 0834 01       		.byte	0x1
 1399 0835 6B010000 		.4byte	.LASF114
 1400 0839 01       		.byte	0x1
 1401 083a 54       		.byte	0x54
 1402 083b 01       		.byte	0x1
 1403 083c 00000000 		.4byte	.LFB8
 1404 0840 74000000 		.4byte	.LFE8
 1405 0844 21000000 		.4byte	.LLST1
 1406 0848 01       		.byte	0x1
 1407 0849 FE080000 		.4byte	0x8fe
 1408 084d 17       		.uleb128 0x17
 1409 084e 8F000000 		.4byte	.LASF116
 1410 0852 01       		.byte	0x1
ARM GAS  /tmp/ccFlPPVG.s 			page 26


 1411 0853 55       		.byte	0x55
 1412 0854 0C010000 		.4byte	0x10c
 1413 0858 05       		.byte	0x5
 1414 0859 03       		.byte	0x3
 1415 085a 00000000 		.4byte	mainthread.4774
 1416 085e 18       		.uleb128 0x18
 1417 085f 12000000 		.4byte	.LVL2
 1418 0863 98090000 		.4byte	0x998
 1419 0867 76080000 		.4byte	0x876
 1420 086b 19       		.uleb128 0x19
 1421 086c 01       		.byte	0x1
 1422 086d 51       		.byte	0x51
 1423 086e 01       		.byte	0x1
 1424 086f 30       		.byte	0x30
 1425 0870 19       		.uleb128 0x19
 1426 0871 01       		.byte	0x1
 1427 0872 50       		.byte	0x50
 1428 0873 01       		.byte	0x1
 1429 0874 3A       		.byte	0x3a
 1430 0875 00       		.byte	0
 1431 0876 18       		.uleb128 0x18
 1432 0877 1A000000 		.4byte	.LVL3
 1433 087b 98090000 		.4byte	0x998
 1434 087f 8F080000 		.4byte	0x88f
 1435 0883 19       		.uleb128 0x19
 1436 0884 01       		.byte	0x1
 1437 0885 51       		.byte	0x51
 1438 0886 02       		.byte	0x2
 1439 0887 08       		.byte	0x8
 1440 0888 80       		.byte	0x80
 1441 0889 19       		.uleb128 0x19
 1442 088a 01       		.byte	0x1
 1443 088b 50       		.byte	0x50
 1444 088c 01       		.byte	0x1
 1445 088d 3B       		.byte	0x3b
 1446 088e 00       		.byte	0
 1447 088f 1A       		.uleb128 0x1a
 1448 0890 1E000000 		.4byte	.LVL4
 1449 0894 B2090000 		.4byte	0x9b2
 1450 0898 1A       		.uleb128 0x1a
 1451 0899 22000000 		.4byte	.LVL5
 1452 089d BC090000 		.4byte	0x9bc
 1453 08a1 1A       		.uleb128 0x1a
 1454 08a2 26000000 		.4byte	.LVL6
 1455 08a6 C6090000 		.4byte	0x9c6
 1456 08aa 1A       		.uleb128 0x1a
 1457 08ab 2A000000 		.4byte	.LVL7
 1458 08af D0090000 		.4byte	0x9d0
 1459 08b3 18       		.uleb128 0x18
 1460 08b4 32000000 		.4byte	.LVL8
 1461 08b8 DA090000 		.4byte	0x9da
 1462 08bc D0080000 		.4byte	0x8d0
 1463 08c0 19       		.uleb128 0x19
 1464 08c1 01       		.byte	0x1
 1465 08c2 51       		.byte	0x51
 1466 08c3 02       		.byte	0x2
 1467 08c4 08       		.byte	0x8
ARM GAS  /tmp/ccFlPPVG.s 			page 27


 1468 08c5 40       		.byte	0x40
 1469 08c6 19       		.uleb128 0x19
 1470 08c7 01       		.byte	0x1
 1471 08c8 50       		.byte	0x50
 1472 08c9 05       		.byte	0x5
 1473 08ca 03       		.byte	0x3
 1474 08cb 00000000 		.4byte	.LANCHOR0
 1475 08cf 00       		.byte	0
 1476 08d0 1B       		.uleb128 0x1b
 1477 08d1 52000000 		.4byte	.LVL9
 1478 08d5 F8090000 		.4byte	0x9f8
 1479 08d9 19       		.uleb128 0x19
 1480 08da 01       		.byte	0x1
 1481 08db 53       		.byte	0x53
 1482 08dc 05       		.byte	0x5
 1483 08dd 03       		.byte	0x3
 1484 08de 00000000 		.4byte	_idle_thread
 1485 08e2 19       		.uleb128 0x19
 1486 08e3 01       		.byte	0x1
 1487 08e4 52       		.byte	0x52
 1488 08e5 01       		.byte	0x1
 1489 08e6 31       		.byte	0x31
 1490 08e7 19       		.uleb128 0x19
 1491 08e8 01       		.byte	0x1
 1492 08e9 51       		.byte	0x51
 1493 08ea 02       		.byte	0x2
 1494 08eb 08       		.byte	0x8
 1495 08ec C0       		.byte	0xc0
 1496 08ed 19       		.uleb128 0x19
 1497 08ee 01       		.byte	0x1
 1498 08ef 50       		.byte	0x50
 1499 08f0 05       		.byte	0x5
 1500 08f1 03       		.byte	0x3
 1501 08f2 00000000 		.4byte	.LANCHOR1
 1502 08f6 19       		.uleb128 0x19
 1503 08f7 02       		.byte	0x2
 1504 08f8 7D       		.byte	0x7d
 1505 08f9 00       		.sleb128 0
 1506 08fa 01       		.byte	0x1
 1507 08fb 30       		.byte	0x30
 1508 08fc 00       		.byte	0
 1509 08fd 00       		.byte	0
 1510 08fe 1C       		.uleb128 0x1c
 1511 08ff 01       		.byte	0x1
 1512 0900 4E000000 		.4byte	.LASF115
 1513 0904 01       		.byte	0x1
 1514 0905 89       		.byte	0x89
 1515 0906 01       		.byte	0x1
 1516 0907 00000000 		.4byte	.LFB9
 1517 090b 54000000 		.4byte	.LFE9
 1518 090f 4D000000 		.4byte	.LLST2
 1519 0913 01       		.byte	0x1
 1520 0914 4A090000 		.4byte	0x94a
 1521 0918 1D       		.uleb128 0x1d
 1522 0919 24000000 		.4byte	.LBB2
 1523 091d 4A000000 		.4byte	.LBE2
 1524 0921 1E       		.uleb128 0x1e
ARM GAS  /tmp/ccFlPPVG.s 			page 28


 1525 0922 76747000 		.ascii	"vtp\000"
 1526 0926 01       		.byte	0x1
 1527 0927 96       		.byte	0x96
 1528 0928 77050000 		.4byte	0x577
 1529 092c 6D000000 		.4byte	.LLST3
 1530 0930 1D       		.uleb128 0x1d
 1531 0931 2E000000 		.4byte	.LBB3
 1532 0935 42000000 		.4byte	.LBE3
 1533 0939 1E       		.uleb128 0x1e
 1534 093a 666E00   		.ascii	"fn\000"
 1535 093d 01       		.byte	0x1
 1536 093e 96       		.byte	0x96
 1537 093f FC040000 		.4byte	0x4fc
 1538 0943 8B000000 		.4byte	.LLST4
 1539 0947 00       		.byte	0
 1540 0948 00       		.byte	0
 1541 0949 00       		.byte	0
 1542 094a 1F       		.uleb128 0x1f
 1543 094b 47000000 		.4byte	.LASF117
 1544 094f 09       		.byte	0x9
 1545 0950 DB       		.byte	0xdb
 1546 0951 C3050000 		.4byte	0x5c3
 1547 0955 01       		.byte	0x1
 1548 0956 01       		.byte	0x1
 1549 0957 1F       		.uleb128 0x1f
 1550 0958 AE040000 		.4byte	.LASF118
 1551 095c 0A       		.byte	0xa
 1552 095d 6F       		.byte	0x6f
 1553 095e 2B060000 		.4byte	0x62b
 1554 0962 01       		.byte	0x1
 1555 0963 01       		.byte	0x1
 1556 0964 1F       		.uleb128 0x1f
 1557 0965 B4010000 		.4byte	.LASF119
 1558 0969 0C       		.byte	0xc
 1559 096a 7E       		.byte	0x7e
 1560 096b 71090000 		.4byte	0x971
 1561 096f 01       		.byte	0x1
 1562 0970 01       		.byte	0x1
 1563 0971 12       		.uleb128 0x12
 1564 0972 01080000 		.4byte	0x801
 1565 0976 0C       		.uleb128 0xc
 1566 0977 A1020000 		.4byte	0x2a1
 1567 097b 86090000 		.4byte	0x986
 1568 097f 0D       		.uleb128 0xd
 1569 0980 61030000 		.4byte	0x361
 1570 0984 17       		.byte	0x17
 1571 0985 00       		.byte	0
 1572 0986 20       		.uleb128 0x20
 1573 0987 3D010000 		.4byte	.LASF120
 1574 098b 01       		.byte	0x1
 1575 098c 31       		.byte	0x31
 1576 098d 76090000 		.4byte	0x976
 1577 0991 01       		.byte	0x1
 1578 0992 05       		.byte	0x5
 1579 0993 03       		.byte	0x3
 1580 0994 00000000 		.4byte	_idle_thread_wa
 1581 0998 21       		.uleb128 0x21
ARM GAS  /tmp/ccFlPPVG.s 			page 29


 1582 0999 01       		.byte	0x1
 1583 099a 9B030000 		.4byte	.LASF125
 1584 099e 08       		.byte	0x8
 1585 099f 2501     		.2byte	0x125
 1586 09a1 01       		.byte	0x1
 1587 09a2 01       		.byte	0x1
 1588 09a3 B2090000 		.4byte	0x9b2
 1589 09a7 0F       		.uleb128 0xf
 1590 09a8 82000000 		.4byte	0x82
 1591 09ac 0F       		.uleb128 0xf
 1592 09ad 82000000 		.4byte	0x82
 1593 09b1 00       		.byte	0
 1594 09b2 22       		.uleb128 0x22
 1595 09b3 01       		.byte	0x1
 1596 09b4 7C020000 		.4byte	.LASF121
 1597 09b8 0A       		.byte	0xa
 1598 09b9 8E       		.byte	0x8e
 1599 09ba 01       		.byte	0x1
 1600 09bb 01       		.byte	0x1
 1601 09bc 22       		.uleb128 0x22
 1602 09bd 01       		.byte	0x1
 1603 09be 5F040000 		.4byte	.LASF122
 1604 09c2 09       		.byte	0x9
 1605 09c3 E3       		.byte	0xe3
 1606 09c4 01       		.byte	0x1
 1607 09c5 01       		.byte	0x1
 1608 09c6 22       		.uleb128 0x22
 1609 09c7 01       		.byte	0x1
 1610 09c8 58030000 		.4byte	.LASF123
 1611 09cc 0D       		.byte	0xd
 1612 09cd 51       		.byte	0x51
 1613 09ce 01       		.byte	0x1
 1614 09cf 01       		.byte	0x1
 1615 09d0 22       		.uleb128 0x22
 1616 09d1 01       		.byte	0x1
 1617 09d2 75010000 		.4byte	.LASF124
 1618 09d6 0E       		.byte	0xe
 1619 09d7 55       		.byte	0x55
 1620 09d8 01       		.byte	0x1
 1621 09d9 01       		.byte	0x1
 1622 09da 23       		.uleb128 0x23
 1623 09db 01       		.byte	0x1
 1624 09dc 8D010000 		.4byte	.LASF129
 1625 09e0 06       		.byte	0x6
 1626 09e1 6A01     		.2byte	0x16a
 1627 09e3 01       		.byte	0x1
 1628 09e4 61020000 		.4byte	0x261
 1629 09e8 01       		.byte	0x1
 1630 09e9 F8090000 		.4byte	0x9f8
 1631 09ed 0F       		.uleb128 0xf
 1632 09ee 61020000 		.4byte	0x261
 1633 09f2 0F       		.uleb128 0xf
 1634 09f3 E0000000 		.4byte	0xe0
 1635 09f7 00       		.byte	0
 1636 09f8 24       		.uleb128 0x24
 1637 09f9 01       		.byte	0x1
 1638 09fa 6A020000 		.4byte	.LASF126
ARM GAS  /tmp/ccFlPPVG.s 			page 30


 1639 09fe 06       		.byte	0x6
 1640 09ff 7001     		.2byte	0x170
 1641 0a01 01       		.byte	0x1
 1642 0a02 61020000 		.4byte	0x261
 1643 0a06 01       		.byte	0x1
 1644 0a07 0F       		.uleb128 0xf
 1645 0a08 9F020000 		.4byte	0x29f
 1646 0a0c 0F       		.uleb128 0xf
 1647 0a0d 2C000000 		.4byte	0x2c
 1648 0a11 0F       		.uleb128 0xf
 1649 0a12 E0000000 		.4byte	0xe0
 1650 0a16 0F       		.uleb128 0xf
 1651 0a17 CB060000 		.4byte	0x6cb
 1652 0a1b 0F       		.uleb128 0xf
 1653 0a1c 9F020000 		.4byte	0x29f
 1654 0a20 00       		.byte	0
 1655 0a21 00       		.byte	0
 1656              		.section	.debug_abbrev,"",%progbits
 1657              	.Ldebug_abbrev0:
 1658 0000 01       		.uleb128 0x1
 1659 0001 11       		.uleb128 0x11
 1660 0002 01       		.byte	0x1
 1661 0003 25       		.uleb128 0x25
 1662 0004 0E       		.uleb128 0xe
 1663 0005 13       		.uleb128 0x13
 1664 0006 0B       		.uleb128 0xb
 1665 0007 03       		.uleb128 0x3
 1666 0008 0E       		.uleb128 0xe
 1667 0009 55       		.uleb128 0x55
 1668 000a 06       		.uleb128 0x6
 1669 000b 11       		.uleb128 0x11
 1670 000c 01       		.uleb128 0x1
 1671 000d 52       		.uleb128 0x52
 1672 000e 01       		.uleb128 0x1
 1673 000f 10       		.uleb128 0x10
 1674 0010 06       		.uleb128 0x6
 1675 0011 00       		.byte	0
 1676 0012 00       		.byte	0
 1677 0013 02       		.uleb128 0x2
 1678 0014 24       		.uleb128 0x24
 1679 0015 00       		.byte	0
 1680 0016 0B       		.uleb128 0xb
 1681 0017 0B       		.uleb128 0xb
 1682 0018 3E       		.uleb128 0x3e
 1683 0019 0B       		.uleb128 0xb
 1684 001a 03       		.uleb128 0x3
 1685 001b 08       		.uleb128 0x8
 1686 001c 00       		.byte	0
 1687 001d 00       		.byte	0
 1688 001e 03       		.uleb128 0x3
 1689 001f 16       		.uleb128 0x16
 1690 0020 00       		.byte	0
 1691 0021 03       		.uleb128 0x3
 1692 0022 0E       		.uleb128 0xe
 1693 0023 3A       		.uleb128 0x3a
 1694 0024 0B       		.uleb128 0xb
 1695 0025 3B       		.uleb128 0x3b
ARM GAS  /tmp/ccFlPPVG.s 			page 31


 1696 0026 0B       		.uleb128 0xb
 1697 0027 49       		.uleb128 0x49
 1698 0028 13       		.uleb128 0x13
 1699 0029 00       		.byte	0
 1700 002a 00       		.byte	0
 1701 002b 04       		.uleb128 0x4
 1702 002c 24       		.uleb128 0x24
 1703 002d 00       		.byte	0
 1704 002e 0B       		.uleb128 0xb
 1705 002f 0B       		.uleb128 0xb
 1706 0030 3E       		.uleb128 0x3e
 1707 0031 0B       		.uleb128 0xb
 1708 0032 03       		.uleb128 0x3
 1709 0033 0E       		.uleb128 0xe
 1710 0034 00       		.byte	0
 1711 0035 00       		.byte	0
 1712 0036 05       		.uleb128 0x5
 1713 0037 13       		.uleb128 0x13
 1714 0038 01       		.byte	0x1
 1715 0039 03       		.uleb128 0x3
 1716 003a 0E       		.uleb128 0xe
 1717 003b 0B       		.uleb128 0xb
 1718 003c 0B       		.uleb128 0xb
 1719 003d 3A       		.uleb128 0x3a
 1720 003e 0B       		.uleb128 0xb
 1721 003f 3B       		.uleb128 0x3b
 1722 0040 0B       		.uleb128 0xb
 1723 0041 01       		.uleb128 0x1
 1724 0042 13       		.uleb128 0x13
 1725 0043 00       		.byte	0
 1726 0044 00       		.byte	0
 1727 0045 06       		.uleb128 0x6
 1728 0046 0D       		.uleb128 0xd
 1729 0047 00       		.byte	0
 1730 0048 03       		.uleb128 0x3
 1731 0049 0E       		.uleb128 0xe
 1732 004a 3A       		.uleb128 0x3a
 1733 004b 0B       		.uleb128 0xb
 1734 004c 3B       		.uleb128 0x3b
 1735 004d 0B       		.uleb128 0xb
 1736 004e 49       		.uleb128 0x49
 1737 004f 13       		.uleb128 0x13
 1738 0050 38       		.uleb128 0x38
 1739 0051 0A       		.uleb128 0xa
 1740 0052 00       		.byte	0
 1741 0053 00       		.byte	0
 1742 0054 07       		.uleb128 0x7
 1743 0055 0D       		.uleb128 0xd
 1744 0056 00       		.byte	0
 1745 0057 03       		.uleb128 0x3
 1746 0058 08       		.uleb128 0x8
 1747 0059 3A       		.uleb128 0x3a
 1748 005a 0B       		.uleb128 0xb
 1749 005b 3B       		.uleb128 0x3b
 1750 005c 0B       		.uleb128 0xb
 1751 005d 49       		.uleb128 0x49
 1752 005e 13       		.uleb128 0x13
ARM GAS  /tmp/ccFlPPVG.s 			page 32


 1753 005f 38       		.uleb128 0x38
 1754 0060 0A       		.uleb128 0xa
 1755 0061 00       		.byte	0
 1756 0062 00       		.byte	0
 1757 0063 08       		.uleb128 0x8
 1758 0064 13       		.uleb128 0x13
 1759 0065 01       		.byte	0x1
 1760 0066 0B       		.uleb128 0xb
 1761 0067 0B       		.uleb128 0xb
 1762 0068 3A       		.uleb128 0x3a
 1763 0069 0B       		.uleb128 0xb
 1764 006a 3B       		.uleb128 0x3b
 1765 006b 0B       		.uleb128 0xb
 1766 006c 01       		.uleb128 0x1
 1767 006d 13       		.uleb128 0x13
 1768 006e 00       		.byte	0
 1769 006f 00       		.byte	0
 1770 0070 09       		.uleb128 0x9
 1771 0071 0F       		.uleb128 0xf
 1772 0072 00       		.byte	0
 1773 0073 0B       		.uleb128 0xb
 1774 0074 0B       		.uleb128 0xb
 1775 0075 49       		.uleb128 0x49
 1776 0076 13       		.uleb128 0x13
 1777 0077 00       		.byte	0
 1778 0078 00       		.byte	0
 1779 0079 0A       		.uleb128 0xa
 1780 007a 0F       		.uleb128 0xf
 1781 007b 00       		.byte	0
 1782 007c 0B       		.uleb128 0xb
 1783 007d 0B       		.uleb128 0xb
 1784 007e 00       		.byte	0
 1785 007f 00       		.byte	0
 1786 0080 0B       		.uleb128 0xb
 1787 0081 35       		.uleb128 0x35
 1788 0082 00       		.byte	0
 1789 0083 49       		.uleb128 0x49
 1790 0084 13       		.uleb128 0x13
 1791 0085 00       		.byte	0
 1792 0086 00       		.byte	0
 1793 0087 0C       		.uleb128 0xc
 1794 0088 01       		.uleb128 0x1
 1795 0089 01       		.byte	0x1
 1796 008a 49       		.uleb128 0x49
 1797 008b 13       		.uleb128 0x13
 1798 008c 01       		.uleb128 0x1
 1799 008d 13       		.uleb128 0x13
 1800 008e 00       		.byte	0
 1801 008f 00       		.byte	0
 1802 0090 0D       		.uleb128 0xd
 1803 0091 21       		.uleb128 0x21
 1804 0092 00       		.byte	0
 1805 0093 49       		.uleb128 0x49
 1806 0094 13       		.uleb128 0x13
 1807 0095 2F       		.uleb128 0x2f
 1808 0096 0B       		.uleb128 0xb
 1809 0097 00       		.byte	0
ARM GAS  /tmp/ccFlPPVG.s 			page 33


 1810 0098 00       		.byte	0
 1811 0099 0E       		.uleb128 0xe
 1812 009a 15       		.uleb128 0x15
 1813 009b 01       		.byte	0x1
 1814 009c 27       		.uleb128 0x27
 1815 009d 0C       		.uleb128 0xc
 1816 009e 01       		.uleb128 0x1
 1817 009f 13       		.uleb128 0x13
 1818 00a0 00       		.byte	0
 1819 00a1 00       		.byte	0
 1820 00a2 0F       		.uleb128 0xf
 1821 00a3 05       		.uleb128 0x5
 1822 00a4 00       		.byte	0
 1823 00a5 49       		.uleb128 0x49
 1824 00a6 13       		.uleb128 0x13
 1825 00a7 00       		.byte	0
 1826 00a8 00       		.byte	0
 1827 00a9 10       		.uleb128 0x10
 1828 00aa 17       		.uleb128 0x17
 1829 00ab 01       		.byte	0x1
 1830 00ac 0B       		.uleb128 0xb
 1831 00ad 0B       		.uleb128 0xb
 1832 00ae 3A       		.uleb128 0x3a
 1833 00af 0B       		.uleb128 0xb
 1834 00b0 3B       		.uleb128 0x3b
 1835 00b1 0B       		.uleb128 0xb
 1836 00b2 01       		.uleb128 0x1
 1837 00b3 13       		.uleb128 0x13
 1838 00b4 00       		.byte	0
 1839 00b5 00       		.byte	0
 1840 00b6 11       		.uleb128 0x11
 1841 00b7 0D       		.uleb128 0xd
 1842 00b8 00       		.byte	0
 1843 00b9 03       		.uleb128 0x3
 1844 00ba 0E       		.uleb128 0xe
 1845 00bb 3A       		.uleb128 0x3a
 1846 00bc 0B       		.uleb128 0xb
 1847 00bd 3B       		.uleb128 0x3b
 1848 00be 0B       		.uleb128 0xb
 1849 00bf 49       		.uleb128 0x49
 1850 00c0 13       		.uleb128 0x13
 1851 00c1 00       		.byte	0
 1852 00c2 00       		.byte	0
 1853 00c3 12       		.uleb128 0x12
 1854 00c4 26       		.uleb128 0x26
 1855 00c5 00       		.byte	0
 1856 00c6 49       		.uleb128 0x49
 1857 00c7 13       		.uleb128 0x13
 1858 00c8 00       		.byte	0
 1859 00c9 00       		.byte	0
 1860 00ca 13       		.uleb128 0x13
 1861 00cb 15       		.uleb128 0x15
 1862 00cc 01       		.byte	0x1
 1863 00cd 27       		.uleb128 0x27
 1864 00ce 0C       		.uleb128 0xc
 1865 00cf 49       		.uleb128 0x49
 1866 00d0 13       		.uleb128 0x13
ARM GAS  /tmp/ccFlPPVG.s 			page 34


 1867 00d1 01       		.uleb128 0x1
 1868 00d2 13       		.uleb128 0x13
 1869 00d3 00       		.byte	0
 1870 00d4 00       		.byte	0
 1871 00d5 14       		.uleb128 0x14
 1872 00d6 2E       		.uleb128 0x2e
 1873 00d7 01       		.byte	0x1
 1874 00d8 3F       		.uleb128 0x3f
 1875 00d9 0C       		.uleb128 0xc
 1876 00da 03       		.uleb128 0x3
 1877 00db 0E       		.uleb128 0xe
 1878 00dc 3A       		.uleb128 0x3a
 1879 00dd 0B       		.uleb128 0xb
 1880 00de 3B       		.uleb128 0x3b
 1881 00df 0B       		.uleb128 0xb
 1882 00e0 27       		.uleb128 0x27
 1883 00e1 0C       		.uleb128 0xc
 1884 00e2 11       		.uleb128 0x11
 1885 00e3 01       		.uleb128 0x1
 1886 00e4 12       		.uleb128 0x12
 1887 00e5 01       		.uleb128 0x1
 1888 00e6 40       		.uleb128 0x40
 1889 00e7 0A       		.uleb128 0xa
 1890 00e8 9742     		.uleb128 0x2117
 1891 00ea 0C       		.uleb128 0xc
 1892 00eb 01       		.uleb128 0x1
 1893 00ec 13       		.uleb128 0x13
 1894 00ed 00       		.byte	0
 1895 00ee 00       		.byte	0
 1896 00ef 15       		.uleb128 0x15
 1897 00f0 05       		.uleb128 0x5
 1898 00f1 00       		.byte	0
 1899 00f2 03       		.uleb128 0x3
 1900 00f3 08       		.uleb128 0x8
 1901 00f4 3A       		.uleb128 0x3a
 1902 00f5 0B       		.uleb128 0xb
 1903 00f6 3B       		.uleb128 0x3b
 1904 00f7 0B       		.uleb128 0xb
 1905 00f8 49       		.uleb128 0x49
 1906 00f9 13       		.uleb128 0x13
 1907 00fa 02       		.uleb128 0x2
 1908 00fb 06       		.uleb128 0x6
 1909 00fc 00       		.byte	0
 1910 00fd 00       		.byte	0
 1911 00fe 16       		.uleb128 0x16
 1912 00ff 2E       		.uleb128 0x2e
 1913 0100 01       		.byte	0x1
 1914 0101 3F       		.uleb128 0x3f
 1915 0102 0C       		.uleb128 0xc
 1916 0103 03       		.uleb128 0x3
 1917 0104 0E       		.uleb128 0xe
 1918 0105 3A       		.uleb128 0x3a
 1919 0106 0B       		.uleb128 0xb
 1920 0107 3B       		.uleb128 0x3b
 1921 0108 0B       		.uleb128 0xb
 1922 0109 27       		.uleb128 0x27
 1923 010a 0C       		.uleb128 0xc
ARM GAS  /tmp/ccFlPPVG.s 			page 35


 1924 010b 11       		.uleb128 0x11
 1925 010c 01       		.uleb128 0x1
 1926 010d 12       		.uleb128 0x12
 1927 010e 01       		.uleb128 0x1
 1928 010f 40       		.uleb128 0x40
 1929 0110 06       		.uleb128 0x6
 1930 0111 9742     		.uleb128 0x2117
 1931 0113 0C       		.uleb128 0xc
 1932 0114 01       		.uleb128 0x1
 1933 0115 13       		.uleb128 0x13
 1934 0116 00       		.byte	0
 1935 0117 00       		.byte	0
 1936 0118 17       		.uleb128 0x17
 1937 0119 34       		.uleb128 0x34
 1938 011a 00       		.byte	0
 1939 011b 03       		.uleb128 0x3
 1940 011c 0E       		.uleb128 0xe
 1941 011d 3A       		.uleb128 0x3a
 1942 011e 0B       		.uleb128 0xb
 1943 011f 3B       		.uleb128 0x3b
 1944 0120 0B       		.uleb128 0xb
 1945 0121 49       		.uleb128 0x49
 1946 0122 13       		.uleb128 0x13
 1947 0123 02       		.uleb128 0x2
 1948 0124 0A       		.uleb128 0xa
 1949 0125 00       		.byte	0
 1950 0126 00       		.byte	0
 1951 0127 18       		.uleb128 0x18
 1952 0128 898201   		.uleb128 0x4109
 1953 012b 01       		.byte	0x1
 1954 012c 11       		.uleb128 0x11
 1955 012d 01       		.uleb128 0x1
 1956 012e 31       		.uleb128 0x31
 1957 012f 13       		.uleb128 0x13
 1958 0130 01       		.uleb128 0x1
 1959 0131 13       		.uleb128 0x13
 1960 0132 00       		.byte	0
 1961 0133 00       		.byte	0
 1962 0134 19       		.uleb128 0x19
 1963 0135 8A8201   		.uleb128 0x410a
 1964 0138 00       		.byte	0
 1965 0139 02       		.uleb128 0x2
 1966 013a 0A       		.uleb128 0xa
 1967 013b 9142     		.uleb128 0x2111
 1968 013d 0A       		.uleb128 0xa
 1969 013e 00       		.byte	0
 1970 013f 00       		.byte	0
 1971 0140 1A       		.uleb128 0x1a
 1972 0141 898201   		.uleb128 0x4109
 1973 0144 00       		.byte	0
 1974 0145 11       		.uleb128 0x11
 1975 0146 01       		.uleb128 0x1
 1976 0147 31       		.uleb128 0x31
 1977 0148 13       		.uleb128 0x13
 1978 0149 00       		.byte	0
 1979 014a 00       		.byte	0
 1980 014b 1B       		.uleb128 0x1b
ARM GAS  /tmp/ccFlPPVG.s 			page 36


 1981 014c 898201   		.uleb128 0x4109
 1982 014f 01       		.byte	0x1
 1983 0150 11       		.uleb128 0x11
 1984 0151 01       		.uleb128 0x1
 1985 0152 31       		.uleb128 0x31
 1986 0153 13       		.uleb128 0x13
 1987 0154 00       		.byte	0
 1988 0155 00       		.byte	0
 1989 0156 1C       		.uleb128 0x1c
 1990 0157 2E       		.uleb128 0x2e
 1991 0158 01       		.byte	0x1
 1992 0159 3F       		.uleb128 0x3f
 1993 015a 0C       		.uleb128 0xc
 1994 015b 03       		.uleb128 0x3
 1995 015c 0E       		.uleb128 0xe
 1996 015d 3A       		.uleb128 0x3a
 1997 015e 0B       		.uleb128 0xb
 1998 015f 3B       		.uleb128 0x3b
 1999 0160 0B       		.uleb128 0xb
 2000 0161 27       		.uleb128 0x27
 2001 0162 0C       		.uleb128 0xc
 2002 0163 11       		.uleb128 0x11
 2003 0164 01       		.uleb128 0x1
 2004 0165 12       		.uleb128 0x12
 2005 0166 01       		.uleb128 0x1
 2006 0167 40       		.uleb128 0x40
 2007 0168 06       		.uleb128 0x6
 2008 0169 9642     		.uleb128 0x2116
 2009 016b 0C       		.uleb128 0xc
 2010 016c 01       		.uleb128 0x1
 2011 016d 13       		.uleb128 0x13
 2012 016e 00       		.byte	0
 2013 016f 00       		.byte	0
 2014 0170 1D       		.uleb128 0x1d
 2015 0171 0B       		.uleb128 0xb
 2016 0172 01       		.byte	0x1
 2017 0173 11       		.uleb128 0x11
 2018 0174 01       		.uleb128 0x1
 2019 0175 12       		.uleb128 0x12
 2020 0176 01       		.uleb128 0x1
 2021 0177 00       		.byte	0
 2022 0178 00       		.byte	0
 2023 0179 1E       		.uleb128 0x1e
 2024 017a 34       		.uleb128 0x34
 2025 017b 00       		.byte	0
 2026 017c 03       		.uleb128 0x3
 2027 017d 08       		.uleb128 0x8
 2028 017e 3A       		.uleb128 0x3a
 2029 017f 0B       		.uleb128 0xb
 2030 0180 3B       		.uleb128 0x3b
 2031 0181 0B       		.uleb128 0xb
 2032 0182 49       		.uleb128 0x49
 2033 0183 13       		.uleb128 0x13
 2034 0184 02       		.uleb128 0x2
 2035 0185 06       		.uleb128 0x6
 2036 0186 00       		.byte	0
 2037 0187 00       		.byte	0
ARM GAS  /tmp/ccFlPPVG.s 			page 37


 2038 0188 1F       		.uleb128 0x1f
 2039 0189 34       		.uleb128 0x34
 2040 018a 00       		.byte	0
 2041 018b 03       		.uleb128 0x3
 2042 018c 0E       		.uleb128 0xe
 2043 018d 3A       		.uleb128 0x3a
 2044 018e 0B       		.uleb128 0xb
 2045 018f 3B       		.uleb128 0x3b
 2046 0190 0B       		.uleb128 0xb
 2047 0191 49       		.uleb128 0x49
 2048 0192 13       		.uleb128 0x13
 2049 0193 3F       		.uleb128 0x3f
 2050 0194 0C       		.uleb128 0xc
 2051 0195 3C       		.uleb128 0x3c
 2052 0196 0C       		.uleb128 0xc
 2053 0197 00       		.byte	0
 2054 0198 00       		.byte	0
 2055 0199 20       		.uleb128 0x20
 2056 019a 34       		.uleb128 0x34
 2057 019b 00       		.byte	0
 2058 019c 03       		.uleb128 0x3
 2059 019d 0E       		.uleb128 0xe
 2060 019e 3A       		.uleb128 0x3a
 2061 019f 0B       		.uleb128 0xb
 2062 01a0 3B       		.uleb128 0x3b
 2063 01a1 0B       		.uleb128 0xb
 2064 01a2 49       		.uleb128 0x49
 2065 01a3 13       		.uleb128 0x13
 2066 01a4 3F       		.uleb128 0x3f
 2067 01a5 0C       		.uleb128 0xc
 2068 01a6 02       		.uleb128 0x2
 2069 01a7 0A       		.uleb128 0xa
 2070 01a8 00       		.byte	0
 2071 01a9 00       		.byte	0
 2072 01aa 21       		.uleb128 0x21
 2073 01ab 2E       		.uleb128 0x2e
 2074 01ac 01       		.byte	0x1
 2075 01ad 3F       		.uleb128 0x3f
 2076 01ae 0C       		.uleb128 0xc
 2077 01af 03       		.uleb128 0x3
 2078 01b0 0E       		.uleb128 0xe
 2079 01b1 3A       		.uleb128 0x3a
 2080 01b2 0B       		.uleb128 0xb
 2081 01b3 3B       		.uleb128 0x3b
 2082 01b4 05       		.uleb128 0x5
 2083 01b5 27       		.uleb128 0x27
 2084 01b6 0C       		.uleb128 0xc
 2085 01b7 3C       		.uleb128 0x3c
 2086 01b8 0C       		.uleb128 0xc
 2087 01b9 01       		.uleb128 0x1
 2088 01ba 13       		.uleb128 0x13
 2089 01bb 00       		.byte	0
 2090 01bc 00       		.byte	0
 2091 01bd 22       		.uleb128 0x22
 2092 01be 2E       		.uleb128 0x2e
 2093 01bf 00       		.byte	0
 2094 01c0 3F       		.uleb128 0x3f
ARM GAS  /tmp/ccFlPPVG.s 			page 38


 2095 01c1 0C       		.uleb128 0xc
 2096 01c2 03       		.uleb128 0x3
 2097 01c3 0E       		.uleb128 0xe
 2098 01c4 3A       		.uleb128 0x3a
 2099 01c5 0B       		.uleb128 0xb
 2100 01c6 3B       		.uleb128 0x3b
 2101 01c7 0B       		.uleb128 0xb
 2102 01c8 27       		.uleb128 0x27
 2103 01c9 0C       		.uleb128 0xc
 2104 01ca 3C       		.uleb128 0x3c
 2105 01cb 0C       		.uleb128 0xc
 2106 01cc 00       		.byte	0
 2107 01cd 00       		.byte	0
 2108 01ce 23       		.uleb128 0x23
 2109 01cf 2E       		.uleb128 0x2e
 2110 01d0 01       		.byte	0x1
 2111 01d1 3F       		.uleb128 0x3f
 2112 01d2 0C       		.uleb128 0xc
 2113 01d3 03       		.uleb128 0x3
 2114 01d4 0E       		.uleb128 0xe
 2115 01d5 3A       		.uleb128 0x3a
 2116 01d6 0B       		.uleb128 0xb
 2117 01d7 3B       		.uleb128 0x3b
 2118 01d8 05       		.uleb128 0x5
 2119 01d9 27       		.uleb128 0x27
 2120 01da 0C       		.uleb128 0xc
 2121 01db 49       		.uleb128 0x49
 2122 01dc 13       		.uleb128 0x13
 2123 01dd 3C       		.uleb128 0x3c
 2124 01de 0C       		.uleb128 0xc
 2125 01df 01       		.uleb128 0x1
 2126 01e0 13       		.uleb128 0x13
 2127 01e1 00       		.byte	0
 2128 01e2 00       		.byte	0
 2129 01e3 24       		.uleb128 0x24
 2130 01e4 2E       		.uleb128 0x2e
 2131 01e5 01       		.byte	0x1
 2132 01e6 3F       		.uleb128 0x3f
 2133 01e7 0C       		.uleb128 0xc
 2134 01e8 03       		.uleb128 0x3
 2135 01e9 0E       		.uleb128 0xe
 2136 01ea 3A       		.uleb128 0x3a
 2137 01eb 0B       		.uleb128 0xb
 2138 01ec 3B       		.uleb128 0x3b
 2139 01ed 05       		.uleb128 0x5
 2140 01ee 27       		.uleb128 0x27
 2141 01ef 0C       		.uleb128 0xc
 2142 01f0 49       		.uleb128 0x49
 2143 01f1 13       		.uleb128 0x13
 2144 01f2 3C       		.uleb128 0x3c
 2145 01f3 0C       		.uleb128 0xc
 2146 01f4 00       		.byte	0
 2147 01f5 00       		.byte	0
 2148 01f6 00       		.byte	0
 2149              		.section	.debug_loc,"",%progbits
 2150              	.Ldebug_loc0:
 2151              	.LLST0:
ARM GAS  /tmp/ccFlPPVG.s 			page 39


 2152 0000 00000000 		.4byte	.LVL0
 2153 0004 06000000 		.4byte	.LVL1
 2154 0008 0100     		.2byte	0x1
 2155 000a 50       		.byte	0x50
 2156 000b 06000000 		.4byte	.LVL1
 2157 000f 14000000 		.4byte	.LFE7
 2158 0013 0400     		.2byte	0x4
 2159 0015 F3       		.byte	0xf3
 2160 0016 01       		.uleb128 0x1
 2161 0017 50       		.byte	0x50
 2162 0018 9F       		.byte	0x9f
 2163 0019 00000000 		.4byte	0
 2164 001d 00000000 		.4byte	0
 2165              	.LLST1:
 2166 0021 00000000 		.4byte	.LFB8
 2167 0025 02000000 		.4byte	.LCFI0
 2168 0029 0200     		.2byte	0x2
 2169 002b 7D       		.byte	0x7d
 2170 002c 00       		.sleb128 0
 2171 002d 02000000 		.4byte	.LCFI0
 2172 0031 08000000 		.4byte	.LCFI1
 2173 0035 0200     		.2byte	0x2
 2174 0037 7D       		.byte	0x7d
 2175 0038 04       		.sleb128 4
 2176 0039 08000000 		.4byte	.LCFI1
 2177 003d 74000000 		.4byte	.LFE8
 2178 0041 0200     		.2byte	0x2
 2179 0043 7D       		.byte	0x7d
 2180 0044 10       		.sleb128 16
 2181 0045 00000000 		.4byte	0
 2182 0049 00000000 		.4byte	0
 2183              	.LLST2:
 2184 004d 00000000 		.4byte	.LFB9
 2185 0051 02000000 		.4byte	.LCFI2
 2186 0055 0200     		.2byte	0x2
 2187 0057 7D       		.byte	0x7d
 2188 0058 00       		.sleb128 0
 2189 0059 02000000 		.4byte	.LCFI2
 2190 005d 54000000 		.4byte	.LFE9
 2191 0061 0200     		.2byte	0x2
 2192 0063 7D       		.byte	0x7d
 2193 0064 10       		.sleb128 16
 2194 0065 00000000 		.4byte	0
 2195 0069 00000000 		.4byte	0
 2196              	.LLST3:
 2197 006d 2A000000 		.4byte	.LVL10
 2198 0071 3F000000 		.4byte	.LVL12-1
 2199 0075 0100     		.2byte	0x1
 2200 0077 53       		.byte	0x53
 2201 0078 44000000 		.4byte	.LVL13
 2202 007c 4A000000 		.4byte	.LVL14
 2203 0080 0100     		.2byte	0x1
 2204 0082 53       		.byte	0x53
 2205 0083 00000000 		.4byte	0
 2206 0087 00000000 		.4byte	0
 2207              	.LLST4:
 2208 008b 34000000 		.4byte	.LVL11
ARM GAS  /tmp/ccFlPPVG.s 			page 40


 2209 008f 3F000000 		.4byte	.LVL12-1
 2210 0093 0100     		.2byte	0x1
 2211 0095 51       		.byte	0x51
 2212 0096 00000000 		.4byte	0
 2213 009a 00000000 		.4byte	0
 2214              		.section	.debug_aranges,"",%progbits
 2215 0000 2C000000 		.4byte	0x2c
 2216 0004 0200     		.2byte	0x2
 2217 0006 00000000 		.4byte	.Ldebug_info0
 2218 000a 04       		.byte	0x4
 2219 000b 00       		.byte	0
 2220 000c 0000     		.2byte	0
 2221 000e 0000     		.2byte	0
 2222 0010 00000000 		.4byte	.LFB7
 2223 0014 14000000 		.4byte	.LFE7-.LFB7
 2224 0018 00000000 		.4byte	.LFB8
 2225 001c 74000000 		.4byte	.LFE8-.LFB8
 2226 0020 00000000 		.4byte	.LFB9
 2227 0024 54000000 		.4byte	.LFE9-.LFB9
 2228 0028 00000000 		.4byte	0
 2229 002c 00000000 		.4byte	0
 2230              		.section	.debug_ranges,"",%progbits
 2231              	.Ldebug_ranges0:
 2232 0000 00000000 		.4byte	.LFB7
 2233 0004 14000000 		.4byte	.LFE7
 2234 0008 00000000 		.4byte	.LFB8
 2235 000c 74000000 		.4byte	.LFE8
 2236 0010 00000000 		.4byte	.LFB9
 2237 0014 54000000 		.4byte	.LFE9
 2238 0018 00000000 		.4byte	0
 2239 001c 00000000 		.4byte	0
 2240              		.section	.debug_line,"",%progbits
 2241              	.Ldebug_line0:
 2242 0000 A5020000 		.section	.debug_str,"MS",%progbits,1
 2242      02004802 
 2242      00000201 
 2242      FB0E0D00 
 2242      01010101 
 2243              	.LASF93:
 2244 0000 7466756E 		.ascii	"tfunc_t\000"
 2244      635F7400 
 2245              	.LASF104:
 2246 0008 63665F6F 		.ascii	"cf_off_older\000"
 2246      66665F6F 
 2246      6C646572 
 2246      00
 2247              	.LASF69:
 2248 0015 56697274 		.ascii	"VirtualTimer\000"
 2248      75616C54 
 2248      696D6572 
 2248      00
 2249              	.LASF39:
 2250 0022 705F6D73 		.ascii	"p_msg\000"
 2250      6700
 2251              	.LASF2:
 2252 0028 73697A65 		.ascii	"size_t\000"
 2252      5F7400
ARM GAS  /tmp/ccFlPPVG.s 			page 41


 2253              	.LASF88:
 2254 002f 7264796D 		.ascii	"rdymsg\000"
 2254      736700
 2255              	.LASF13:
 2256 0036 75696E74 		.ascii	"uint64_t\000"
 2256      36345F74 
 2256      00
 2257              	.LASF67:
 2258 003f 434D785F 		.ascii	"CMx_SCB\000"
 2258      53434200 
 2259              	.LASF117:
 2260 0047 76746C69 		.ascii	"vtlist\000"
 2260      737400
 2261              	.LASF115:
 2262 004e 63685379 		.ascii	"chSysTimerHandlerI\000"
 2262      7354696D 
 2262      65724861 
 2262      6E646C65 
 2262      724900
 2263              	.LASF14:
 2264 0061 6C6F6E67 		.ascii	"long long unsigned int\000"
 2264      206C6F6E 
 2264      6720756E 
 2264      7369676E 
 2264      65642069 
 2265              	.LASF100:
 2266 0078 63685F74 		.ascii	"ch_threadsize\000"
 2266      68726561 
 2266      6473697A 
 2266      6500
 2267              	.LASF89:
 2268 0086 65786974 		.ascii	"exitcode\000"
 2268      636F6465 
 2268      00
 2269              	.LASF116:
 2270 008f 6D61696E 		.ascii	"mainthread\000"
 2270      74687265 
 2270      616400
 2271              	.LASF52:
 2272 009a 43505549 		.ascii	"CPUID\000"
 2272      4400
 2273              	.LASF27:
 2274 00a0 705F7072 		.ascii	"p_prio\000"
 2274      696F00
 2275              	.LASF107:
 2276 00a7 63665F6F 		.ascii	"cf_off_state\000"
 2276      66665F73 
 2276      74617465 
 2276      00
 2277              	.LASF75:
 2278 00b4 76745F73 		.ascii	"vt_systime\000"
 2278      79737469 
 2278      6D6500
 2279              	.LASF12:
 2280 00bf 6C6F6E67 		.ascii	"long long int\000"
 2280      206C6F6E 
 2280      6720696E 
ARM GAS  /tmp/ccFlPPVG.s 			page 42


 2280      7400
 2281              	.LASF1:
 2282 00cd 7369676E 		.ascii	"signed char\000"
 2282      65642063 
 2282      68617200 
 2283              	.LASF106:
 2284 00d9 63665F6F 		.ascii	"cf_off_stklimit\000"
 2284      66665F73 
 2284      746B6C69 
 2284      6D697400 
 2285              	.LASF108:
 2286 00e9 63665F6F 		.ascii	"cf_off_flags\000"
 2286      66665F66 
 2286      6C616773 
 2286      00
 2287              	.LASF43:
 2288 00f6 705F6D70 		.ascii	"p_mpool\000"
 2288      6F6F6C00 
 2289              	.LASF85:
 2290 00fe 6D5F7175 		.ascii	"m_queue\000"
 2290      65756500 
 2291              	.LASF19:
 2292 0106 74736C69 		.ascii	"tslices_t\000"
 2292      6365735F 
 2292      7400
 2293              	.LASF9:
 2294 0110 6C6F6E67 		.ascii	"long int\000"
 2294      20696E74 
 2294      00
 2295              	.LASF17:
 2296 0119 74737461 		.ascii	"tstate_t\000"
 2296      74655F74 
 2296      00
 2297              	.LASF6:
 2298 0122 75696E74 		.ascii	"uint16_t\000"
 2298      31365F74 
 2298      00
 2299              	.LASF112:
 2300 012b 63686465 		.ascii	"chdebug_t\000"
 2300      6275675F 
 2300      7400
 2301              	.LASF29:
 2302 0135 705F6E65 		.ascii	"p_newer\000"
 2302      77657200 
 2303              	.LASF120:
 2304 013d 5F69646C 		.ascii	"_idle_thread_wa\000"
 2304      655F7468 
 2304      72656164 
 2304      5F776100 
 2305              	.LASF62:
 2306 014d 42464152 		.ascii	"BFAR\000"
 2306      00
 2307              	.LASF80:
 2308 0152 725F6E65 		.ascii	"r_newer\000"
 2308      77657200 
 2309              	.LASF46:
 2310 015a 72656761 		.ascii	"regarm_t\000"
ARM GAS  /tmp/ccFlPPVG.s 			page 43


 2310      726D5F74 
 2310      00
 2311              	.LASF71:
 2312 0163 76745F70 		.ascii	"vt_prev\000"
 2312      72657600 
 2313              	.LASF114:
 2314 016b 63685379 		.ascii	"chSysInit\000"
 2314      73496E69 
 2314      7400
 2315              	.LASF124:
 2316 0175 5F686561 		.ascii	"_heap_init\000"
 2316      705F696E 
 2316      697400
 2317              	.LASF0:
 2318 0180 756E7369 		.ascii	"unsigned int\000"
 2318      676E6564 
 2318      20696E74 
 2318      00
 2319              	.LASF129:
 2320 018d 5F746872 		.ascii	"_thread_init\000"
 2320      6561645F 
 2320      696E6974 
 2320      00
 2321              	.LASF70:
 2322 019a 76745F6E 		.ascii	"vt_next\000"
 2322      65787400 
 2323              	.LASF11:
 2324 01a2 6C6F6E67 		.ascii	"long unsigned int\000"
 2324      20756E73 
 2324      69676E65 
 2324      6420696E 
 2324      7400
 2325              	.LASF119:
 2326 01b4 63685F64 		.ascii	"ch_debug\000"
 2326      65627567 
 2326      00
 2327              	.LASF99:
 2328 01bd 63685F74 		.ascii	"ch_timesize\000"
 2328      696D6573 
 2328      697A6500 
 2329              	.LASF54:
 2330 01c9 56544F52 		.ascii	"VTOR\000"
 2330      00
 2331              	.LASF128:
 2332 01ce 2F686F6D 		.ascii	"/home/matt/arm_cortex/ChibiOS/os/kernel/src/chsys.c"
 2332      652F6D61 
 2332      74742F61 
 2332      726D5F63 
 2332      6F727465 
 2333 0201 00       		.ascii	"\000"
 2334              	.LASF49:
 2335 0202 636F6E74 		.ascii	"context\000"
 2335      65787400 
 2336              	.LASF7:
 2337 020a 73686F72 		.ascii	"short unsigned int\000"
 2337      7420756E 
 2337      7369676E 
ARM GAS  /tmp/ccFlPPVG.s 			page 44


 2337      65642069 
 2337      6E7400
 2338              	.LASF53:
 2339 021d 49435352 		.ascii	"ICSR\000"
 2339      00
 2340              	.LASF21:
 2341 0222 6D73675F 		.ascii	"msg_t\000"
 2341      7400
 2342              	.LASF55:
 2343 0228 41495243 		.ascii	"AIRCR\000"
 2343      5200
 2344              	.LASF60:
 2345 022e 44465352 		.ascii	"DFSR\000"
 2345      00
 2346              	.LASF61:
 2347 0233 4D4D4641 		.ascii	"MMFAR\000"
 2347      5200
 2348              	.LASF16:
 2349 0239 746D6F64 		.ascii	"tmode_t\000"
 2349      655F7400 
 2350              	.LASF45:
 2351 0241 54687265 		.ascii	"ThreadsList\000"
 2351      6164734C 
 2351      69737400 
 2352              	.LASF22:
 2353 024d 6576656E 		.ascii	"eventmask_t\000"
 2353      746D6173 
 2353      6B5F7400 
 2354              	.LASF84:
 2355 0259 4D757465 		.ascii	"Mutex\000"
 2355      7800
 2356              	.LASF47:
 2357 025f 73746B61 		.ascii	"stkalign_t\000"
 2357      6C69676E 
 2357      5F7400
 2358              	.LASF126:
 2359 026a 63685468 		.ascii	"chThdCreateStatic\000"
 2359      64437265 
 2359      61746553 
 2359      74617469 
 2359      6300
 2360              	.LASF121:
 2361 027c 5F736368 		.ascii	"_scheduler_init\000"
 2361      6564756C 
 2361      65725F69 
 2361      6E697400 
 2362              	.LASF95:
 2363 028c 63685F7A 		.ascii	"ch_zero\000"
 2363      65726F00 
 2364              	.LASF109:
 2365 0294 63665F6F 		.ascii	"cf_off_refs\000"
 2365      66665F72 
 2365      65667300 
 2366              	.LASF72:
 2367 02a0 76745F74 		.ascii	"vt_time\000"
 2367      696D6500 
 2368              	.LASF51:
ARM GAS  /tmp/ccFlPPVG.s 			page 45


 2369 02a8 73697A65 		.ascii	"sizetype\000"
 2369      74797065 
 2369      00
 2370              	.LASF73:
 2371 02b1 76745F66 		.ascii	"vt_func\000"
 2371      756E6300 
 2372              	.LASF58:
 2373 02b9 43465352 		.ascii	"CFSR\000"
 2373      00
 2374              	.LASF105:
 2375 02be 63665F6F 		.ascii	"cf_off_name\000"
 2375      66665F6E 
 2375      616D6500 
 2376              	.LASF30:
 2377 02ca 705F6F6C 		.ascii	"p_older\000"
 2377      64657200 
 2378              	.LASF79:
 2379 02d2 725F6374 		.ascii	"r_ctx\000"
 2379      7800
 2380              	.LASF44:
 2381 02d8 54687265 		.ascii	"ThreadsQueue\000"
 2381      61647351 
 2381      75657565 
 2381      00
 2382              	.LASF96:
 2383 02e5 63685F73 		.ascii	"ch_size\000"
 2383      697A6500 
 2384              	.LASF94:
 2385 02ed 63685F69 		.ascii	"ch_identifier\000"
 2385      64656E74 
 2385      69666965 
 2385      7200
 2386              	.LASF82:
 2387 02fb 725F6375 		.ascii	"r_current\000"
 2387      7272656E 
 2387      7400
 2388              	.LASF81:
 2389 0305 725F6F6C 		.ascii	"r_older\000"
 2389      64657200 
 2390              	.LASF113:
 2391 030d 5F69646C 		.ascii	"_idle_thread\000"
 2391      655F7468 
 2391      72656164 
 2391      00
 2392              	.LASF18:
 2393 031a 74726566 		.ascii	"trefs_t\000"
 2393      735F7400 
 2394              	.LASF98:
 2395 0322 63685F70 		.ascii	"ch_ptrsize\000"
 2395      74727369 
 2395      7A6500
 2396              	.LASF26:
 2397 032d 705F7072 		.ascii	"p_prev\000"
 2397      657600
 2398              	.LASF20:
 2399 0334 74707269 		.ascii	"tprio_t\000"
 2399      6F5F7400 
ARM GAS  /tmp/ccFlPPVG.s 			page 46


 2400              	.LASF15:
 2401 033c 5F426F6F 		.ascii	"_Bool\000"
 2401      6C00
 2402              	.LASF8:
 2403 0342 696E7433 		.ascii	"int32_t\000"
 2403      325F7400 
 2404              	.LASF4:
 2405 034a 756E7369 		.ascii	"unsigned char\000"
 2405      676E6564 
 2405      20636861 
 2405      7200
 2406              	.LASF123:
 2407 0358 5F636F72 		.ascii	"_core_init\000"
 2407      655F696E 
 2407      697400
 2408              	.LASF57:
 2409 0363 53484353 		.ascii	"SHCSR\000"
 2409      5200
 2410              	.LASF41:
 2411 0369 705F6D74 		.ascii	"p_mtxlist\000"
 2411      786C6973 
 2411      7400
 2412              	.LASF5:
 2413 0373 73686F72 		.ascii	"short int\000"
 2413      7420696E 
 2413      7400
 2414              	.LASF32:
 2415 037d 705F7374 		.ascii	"p_state\000"
 2415      61746500 
 2416              	.LASF35:
 2417 0385 705F7072 		.ascii	"p_preempt\000"
 2417      65656D70 
 2417      7400
 2418              	.LASF111:
 2419 038f 63665F6F 		.ascii	"cf_off_time\000"
 2419      66665F74 
 2419      696D6500 
 2420              	.LASF125:
 2421 039b 6E766963 		.ascii	"nvicSetSystemHandlerPriority\000"
 2421      53657453 
 2421      79737465 
 2421      6D48616E 
 2421      646C6572 
 2422              	.LASF78:
 2423 03b8 725F7072 		.ascii	"r_prio\000"
 2423      696F00
 2424              	.LASF91:
 2425 03bf 65776D61 		.ascii	"ewmask\000"
 2425      736B00
 2426              	.LASF25:
 2427 03c6 705F6E65 		.ascii	"p_next\000"
 2427      787400
 2428              	.LASF110:
 2429 03cd 63665F6F 		.ascii	"cf_off_preempt\000"
 2429      66665F70 
 2429      7265656D 
 2429      707400
ARM GAS  /tmp/ccFlPPVG.s 			page 47


 2430              	.LASF33:
 2431 03dc 705F666C 		.ascii	"p_flags\000"
 2431      61677300 
 2432              	.LASF24:
 2433 03e4 54687265 		.ascii	"Thread\000"
 2433      616400
 2434              	.LASF103:
 2435 03eb 63665F6F 		.ascii	"cf_off_newer\000"
 2435      66665F6E 
 2435      65776572 
 2435      00
 2436              	.LASF40:
 2437 03f8 705F6570 		.ascii	"p_epending\000"
 2437      656E6469 
 2437      6E6700
 2438              	.LASF10:
 2439 0403 75696E74 		.ascii	"uint32_t\000"
 2439      33325F74 
 2439      00
 2440              	.LASF101:
 2441 040c 63665F6F 		.ascii	"cf_off_prio\000"
 2441      66665F70 
 2441      72696F00 
 2442              	.LASF77:
 2443 0418 725F7175 		.ascii	"r_queue\000"
 2443      65756500 
 2444              	.LASF63:
 2445 0420 41465352 		.ascii	"AFSR\000"
 2445      00
 2446              	.LASF65:
 2447 0425 756E7573 		.ascii	"unused1\000"
 2447      65643100 
 2448              	.LASF92:
 2449 042d 63686172 		.ascii	"char\000"
 2449      00
 2450              	.LASF50:
 2451 0432 494F5245 		.ascii	"IOREG32\000"
 2451      47333200 
 2452              	.LASF87:
 2453 043a 6D5F6E65 		.ascii	"m_next\000"
 2453      787400
 2454              	.LASF23:
 2455 0441 73797374 		.ascii	"systime_t\000"
 2455      696D655F 
 2455      7400
 2456              	.LASF42:
 2457 044b 705F7265 		.ascii	"p_realprio\000"
 2457      616C7072 
 2457      696F00
 2458              	.LASF68:
 2459 0456 76746675 		.ascii	"vtfunc_t\000"
 2459      6E635F74 
 2459      00
 2460              	.LASF122:
 2461 045f 5F76745F 		.ascii	"_vt_init\000"
 2461      696E6974 
 2461      00
ARM GAS  /tmp/ccFlPPVG.s 			page 48


 2462              	.LASF36:
 2463 0468 705F7469 		.ascii	"p_time\000"
 2463      6D6500
 2464              	.LASF56:
 2465 046f 53485052 		.ascii	"SHPR\000"
 2465      00
 2466              	.LASF48:
 2467 0474 696E7463 		.ascii	"intctx\000"
 2467      747800
 2468              	.LASF38:
 2469 047b 705F6D73 		.ascii	"p_msgqueue\000"
 2469      67717565 
 2469      756500
 2470              	.LASF74:
 2471 0486 76745F70 		.ascii	"vt_par\000"
 2471      617200
 2472              	.LASF102:
 2473 048d 63665F6F 		.ascii	"cf_off_ctx\000"
 2473      66665F63 
 2473      747800
 2474              	.LASF34:
 2475 0498 705F7265 		.ascii	"p_refs\000"
 2475      667300
 2476              	.LASF83:
 2477 049f 52656164 		.ascii	"ReadyList\000"
 2477      794C6973 
 2477      7400
 2478              	.LASF64:
 2479 04a9 4D4D4652 		.ascii	"MMFR\000"
 2479      00
 2480              	.LASF118:
 2481 04ae 726C6973 		.ascii	"rlist\000"
 2481      7400
 2482              	.LASF3:
 2483 04b4 75696E74 		.ascii	"uint8_t\000"
 2483      385F7400 
 2484              	.LASF127:
 2485 04bc 474E5520 		.ascii	"GNU C 4.7.4 20130913 (prerelease)\000"
 2485      4320342E 
 2485      372E3420 
 2485      32303133 
 2485      30393133 
 2486              	.LASF90:
 2487 04de 77746F62 		.ascii	"wtobjp\000"
 2487      6A7000
 2488              	.LASF31:
 2489 04e5 705F6E61 		.ascii	"p_name\000"
 2489      6D6500
 2490              	.LASF97:
 2491 04ec 63685F76 		.ascii	"ch_version\000"
 2491      65727369 
 2491      6F6E00
 2492              	.LASF76:
 2493 04f7 56544C69 		.ascii	"VTList\000"
 2493      737400
 2494              	.LASF66:
 2495 04fe 43504143 		.ascii	"CPACR\000"
ARM GAS  /tmp/ccFlPPVG.s 			page 49


 2495      5200
 2496              	.LASF59:
 2497 0504 48465352 		.ascii	"HFSR\000"
 2497      00
 2498              	.LASF86:
 2499 0509 6D5F6F77 		.ascii	"m_owner\000"
 2499      6E657200 
 2500              	.LASF28:
 2501 0511 705F6374 		.ascii	"p_ctx\000"
 2501      7800
 2502              	.LASF37:
 2503 0517 705F7761 		.ascii	"p_waiting\000"
 2503      6974696E 
 2503      6700
 2504              		.ident	"GCC: (GNU Tools for ARM Embedded Processors / bleeding-edge-toolchain-131005) 4.7.4 201309
ARM GAS  /tmp/ccFlPPVG.s 			page 50


DEFINED SYMBOLS
                            *ABS*:0000000000000000 chsys.c
     /tmp/ccFlPPVG.s:18     .text._idle_thread:0000000000000000 $t
     /tmp/ccFlPPVG.s:24     .text._idle_thread:0000000000000000 _idle_thread
     /tmp/ccFlPPVG.s:41     .text._idle_thread:000000000000000c $d
     /tmp/ccFlPPVG.s:47     .text.chSysInit:0000000000000000 $t
     /tmp/ccFlPPVG.s:53     .text.chSysInit:0000000000000000 chSysInit
     /tmp/ccFlPPVG.s:129    .text.chSysInit:0000000000000058 $d
     /tmp/ccFlPPVG.s:140    .text.chSysTimerHandlerI:0000000000000000 $t
     /tmp/ccFlPPVG.s:146    .text.chSysTimerHandlerI:0000000000000000 chSysTimerHandlerI
     /tmp/ccFlPPVG.s:225    .text.chSysTimerHandlerI:000000000000004c $d
     /tmp/ccFlPPVG.s:247    .bss._idle_thread_wa:0000000000000000 _idle_thread_wa
     /tmp/ccFlPPVG.s:232    .bss.mainthread.4774:0000000000000000 $d
     /tmp/ccFlPPVG.s:236    .bss.mainthread.4774:0000000000000000 mainthread.4774
     /tmp/ccFlPPVG.s:239    .rodata.str1.4:0000000000000000 $d
     /tmp/ccFlPPVG.s:243    .bss._idle_thread_wa:0000000000000000 $d
                     .debug_frame:0000000000000010 $d
     /tmp/ccFlPPVG.s:46     .text._idle_thread:0000000000000014 $t
     /tmp/ccFlPPVG.s:139    .text.chSysInit:0000000000000074 $t
     /tmp/ccFlPPVG.s:231    .text.chSysTimerHandlerI:0000000000000054 $t

UNDEFINED SYMBOLS
rlist
nvicSetSystemHandlerPriority
_scheduler_init
_vt_init
_core_init
_heap_init
_thread_init
chThdCreateStatic
ch_debug
vtlist
