ARM GAS  /tmp/ccuTEkOT.s 			page 1


   1              		.cpu cortex-m0
   2              		.fpu softvfp
   3              		.eabi_attribute 20, 1
   4              		.eabi_attribute 21, 1
   5              		.eabi_attribute 23, 3
   6              		.eabi_attribute 24, 1
   7              		.eabi_attribute 25, 1
   8              		.eabi_attribute 26, 1
   9              		.eabi_attribute 30, 2
  10              		.eabi_attribute 34, 0
  11              		.eabi_attribute 18, 4
  12              		.code	16
  13              		.file	"chvt.c"
  14              		.text
  15              	.Ltext0:
  16              		.cfi_sections	.debug_frame
  17              		.section	.text._vt_init,"ax",%progbits
  18              		.align	2
  19              		.p2align 4,,15
  20              		.global	_vt_init
  21              		.code	16
  22              		.thumb_func
  23              		.type	_vt_init, %function
  24              	_vt_init:
  25              	.LFB7:
  26              		.file 1 "/home/matt/arm_cortex/ChibiOS/os/kernel/src/chvt.c"
  27              		.loc 1 50 0
  28              		.cfi_startproc
  29              		.loc 1 52 0
  30 0000 044B     		ldr	r3, .L2
  31              		.loc 1 53 0
  32 0002 0122     		mov	r2, #1
  33 0004 5042     		neg	r0, r2
  34              		.loc 1 54 0
  35 0006 0021     		mov	r1, #0
  36              		.loc 1 52 0
  37 0008 5B60     		str	r3, [r3, #4]
  38 000a 1B60     		str	r3, [r3]
  39              		.loc 1 53 0
  40 000c 9860     		str	r0, [r3, #8]
  41              		.loc 1 54 0
  42 000e D960     		str	r1, [r3, #12]
  43              		.loc 1 55 0
  44              		@ sp needed for prologue
  45 0010 7047     		bx	lr
  46              	.L3:
  47 0012 C046     		.align	2
  48              	.L2:
  49 0014 00000000 		.word	.LANCHOR0
  50              		.cfi_endproc
  51              	.LFE7:
  52              		.size	_vt_init, .-_vt_init
  53 0018 C046C046 		.section	.text.chVTSetI,"ax",%progbits
  53      C046C046 
  54              		.align	2
  55              		.p2align 4,,15
  56              		.global	chVTSetI
ARM GAS  /tmp/ccuTEkOT.s 			page 2


  57              		.code	16
  58              		.thumb_func
  59              		.type	chVTSetI, %function
  60              	chVTSetI:
  61              	.LFB8:
  62              		.loc 1 76 0
  63              		.cfi_startproc
  64              	.LVL0:
  65 0000 10B5     		push	{r4, lr}
  66              	.LCFI0:
  67              		.cfi_def_cfa_offset 8
  68              		.cfi_offset 4, -8
  69              		.cfi_offset 14, -4
  70              		.loc 1 85 0
  71 0002 0C4C     		ldr	r4, .L11
  72              		.loc 1 83 0
  73 0004 0361     		str	r3, [r0, #16]
  74              		.loc 1 85 0
  75 0006 2368     		ldr	r3, [r4]
  76              	.LVL1:
  77              		.loc 1 84 0
  78 0008 C260     		str	r2, [r0, #12]
  79              		.loc 1 86 0
  80 000a 9A68     		ldr	r2, [r3, #8]
  81              	.LVL2:
  82 000c 9142     		cmp	r1, r2
  83 000e 04D9     		bls	.L5
  84              	.L8:
  85              		.loc 1 88 0
  86 0010 1B68     		ldr	r3, [r3]
  87              	.LVL3:
  88              		.loc 1 87 0
  89 0012 891A     		sub	r1, r1, r2
  90              	.LVL4:
  91              		.loc 1 86 0
  92 0014 9A68     		ldr	r2, [r3, #8]
  93 0016 8A42     		cmp	r2, r1
  94 0018 FAD3     		bcc	.L8
  95              	.L5:
  96              		.loc 1 91 0
  97 001a 5A68     		ldr	r2, [r3, #4]
  98 001c 0360     		str	r3, [r0]
  99 001e 4260     		str	r2, [r0, #4]
 100              		.loc 1 92 0
 101 0020 1060     		str	r0, [r2]
 102 0022 5860     		str	r0, [r3, #4]
 103              		.loc 1 93 0
 104 0024 8160     		str	r1, [r0, #8]
 105              		.loc 1 94 0
 106 0026 A342     		cmp	r3, r4
 107 0028 02D0     		beq	.L4
 108              		.loc 1 95 0
 109 002a 9868     		ldr	r0, [r3, #8]
 110              	.LVL5:
 111 002c 411A     		sub	r1, r0, r1
 112              	.LVL6:
 113 002e 9960     		str	r1, [r3, #8]
ARM GAS  /tmp/ccuTEkOT.s 			page 3


 114              	.L4:
 115              		.loc 1 96 0
 116              		@ sp needed for prologue
 117 0030 10BD     		pop	{r4, pc}
 118              	.L12:
 119 0032 C046     		.align	2
 120              	.L11:
 121 0034 00000000 		.word	.LANCHOR0
 122              		.cfi_endproc
 123              	.LFE8:
 124              		.size	chVTSetI, .-chVTSetI
 125 0038 C046C046 		.section	.text.chVTResetI,"ax",%progbits
 125      C046C046 
 126              		.align	2
 127              		.p2align 4,,15
 128              		.global	chVTResetI
 129              		.code	16
 130              		.thumb_func
 131              		.type	chVTResetI, %function
 132              	chVTResetI:
 133              	.LFB9:
 134              		.loc 1 106 0
 135              		.cfi_startproc
 136              	.LVL7:
 137              		.loc 1 114 0
 138 0000 0368     		ldr	r3, [r0]
 139 0002 074A     		ldr	r2, .L15
 140              		.loc 1 106 0
 141 0004 10B5     		push	{r4, lr}
 142              	.LCFI1:
 143              		.cfi_def_cfa_offset 8
 144              		.cfi_offset 4, -8
 145              		.cfi_offset 14, -4
 146              		.loc 1 114 0
 147 0006 9342     		cmp	r3, r2
 148 0008 03D0     		beq	.L14
 149              		.loc 1 115 0
 150 000a 9968     		ldr	r1, [r3, #8]
 151 000c 8468     		ldr	r4, [r0, #8]
 152 000e 0A19     		add	r2, r1, r4
 153 0010 9A60     		str	r2, [r3, #8]
 154              	.L14:
 155              		.loc 1 116 0
 156 0012 4168     		ldr	r1, [r0, #4]
 157              		.loc 1 118 0
 158 0014 0024     		mov	r4, #0
 159              		.loc 1 116 0
 160 0016 0B60     		str	r3, [r1]
 161              		.loc 1 117 0
 162 0018 0368     		ldr	r3, [r0]
 163              		.loc 1 118 0
 164 001a C460     		str	r4, [r0, #12]
 165              		.loc 1 117 0
 166 001c 5960     		str	r1, [r3, #4]
 167              		.loc 1 119 0
 168              		@ sp needed for prologue
 169 001e 10BD     		pop	{r4, pc}
ARM GAS  /tmp/ccuTEkOT.s 			page 4


 170              	.L16:
 171              		.align	2
 172              	.L15:
 173 0020 00000000 		.word	.LANCHOR0
 174              		.cfi_endproc
 175              	.LFE9:
 176              		.size	chVTResetI, .-chVTResetI
 177 0024 C046C046 		.section	.text.chTimeIsWithin,"ax",%progbits
 177      C046C046 
 177      C046C046 
 178              		.align	2
 179              		.p2align 4,,15
 180              		.global	chTimeIsWithin
 181              		.code	16
 182              		.thumb_func
 183              		.type	chTimeIsWithin, %function
 184              	chTimeIsWithin:
 185              	.LFB10:
 186              		.loc 1 134 0
 187              		.cfi_startproc
 188              	.LVL8:
 189              		.loc 1 136 0
 190 0000 074A     		ldr	r2, .L25
 191              		.loc 1 134 0
 192 0002 031C     		mov	r3, r0
 193              		.loc 1 136 0
 194 0004 D268     		ldr	r2, [r2, #12]
 195              	.LVL9:
 196              		.loc 1 137 0
 197 0006 8142     		cmp	r1, r0
 198 0008 06D9     		bls	.L18
 199              		.loc 1 137 0 is_stmt 0 discriminator 1
 200 000a 0020     		mov	r0, #0
 201              	.LVL10:
 202 000c 9A42     		cmp	r2, r3
 203 000e 02D3     		bcc	.L20
 204              	.L24:
 205              		.loc 1 138 0 is_stmt 1 discriminator 2
 206 0010 8A42     		cmp	r2, r1
 207 0012 8041     		sbc	r0, r0, r0
 208 0014 4042     		neg	r0, r0
 209              	.L20:
 210              		.loc 1 139 0 discriminator 2
 211              		@ sp needed for prologue
 212 0016 7047     		bx	lr
 213              	.LVL11:
 214              	.L18:
 215              		.loc 1 138 0
 216 0018 0120     		mov	r0, #1
 217              	.LVL12:
 218 001a 9A42     		cmp	r2, r3
 219 001c FBD2     		bcs	.L20
 220 001e F7E7     		b	.L24
 221              	.L26:
 222              		.align	2
 223              	.L25:
 224 0020 00000000 		.word	.LANCHOR0
ARM GAS  /tmp/ccuTEkOT.s 			page 5


 225              		.cfi_endproc
 226              	.LFE10:
 227              		.size	chTimeIsWithin, .-chTimeIsWithin
 228              		.global	vtlist
 229 0024 C046C046 		.section	.bss.vtlist,"aw",%nobits
 229      C046C046 
 229      C046C046 
 230              		.align	2
 231              		.set	.LANCHOR0,. + 0
 232              		.type	vtlist, %object
 233              		.size	vtlist, 16
 234              	vtlist:
 235 0000 00000000 		.space	16
 235      00000000 
 235      00000000 
 235      00000000 
 236              		.text
 237              	.Letext0:
 238              		.file 2 "/home/matt/arm_cortex/gcc-arm-none-eabi/bin/../lib/gcc/arm-none-eabi/4.7.4/../../../../ar
 239              		.file 3 "/home/matt/arm_cortex/ChibiOS/os/ports/GCC/ARMCMx/chtypes.h"
 240              		.file 4 "/home/matt/arm_cortex/ChibiOS/os/kernel/include/chvt.h"
 241              		.section	.debug_info,"",%progbits
 242              	.Ldebug_info0:
 243 0000 6C020000 		.4byte	0x26c
 244 0004 0200     		.2byte	0x2
 245 0006 00000000 		.4byte	.Ldebug_abbrev0
 246 000a 04       		.byte	0x4
 247 000b 01       		.uleb128 0x1
 248 000c 00000000 		.4byte	.LASF29
 249 0010 01       		.byte	0x1
 250 0011 35000000 		.4byte	.LASF30
 251 0015 00000000 		.4byte	.Ldebug_ranges0+0
 252 0019 00000000 		.4byte	0
 253 001d 00000000 		.4byte	0
 254 0021 00000000 		.4byte	.Ldebug_line0
 255 0025 02       		.uleb128 0x2
 256 0026 04       		.byte	0x4
 257 0027 05       		.byte	0x5
 258 0028 696E7400 		.ascii	"int\000"
 259 002c 03       		.uleb128 0x3
 260 002d 04       		.byte	0x4
 261 002e 07       		.byte	0x7
 262 002f C7000000 		.4byte	.LASF0
 263 0033 03       		.uleb128 0x3
 264 0034 01       		.byte	0x1
 265 0035 06       		.byte	0x6
 266 0036 6F010000 		.4byte	.LASF1
 267 003a 03       		.uleb128 0x3
 268 003b 01       		.byte	0x1
 269 003c 08       		.byte	0x8
 270 003d B0000000 		.4byte	.LASF2
 271 0041 03       		.uleb128 0x3
 272 0042 02       		.byte	0x2
 273 0043 05       		.byte	0x5
 274 0044 3C010000 		.4byte	.LASF3
 275 0048 03       		.uleb128 0x3
 276 0049 02       		.byte	0x2
ARM GAS  /tmp/ccuTEkOT.s 			page 6


 277 004a 07       		.byte	0x7
 278 004b 90000000 		.4byte	.LASF4
 279 004f 03       		.uleb128 0x3
 280 0050 04       		.byte	0x4
 281 0051 05       		.byte	0x5
 282 0052 66010000 		.4byte	.LASF5
 283 0056 04       		.uleb128 0x4
 284 0057 5D010000 		.4byte	.LASF9
 285 005b 02       		.byte	0x2
 286 005c 50       		.byte	0x50
 287 005d 61000000 		.4byte	0x61
 288 0061 03       		.uleb128 0x3
 289 0062 04       		.byte	0x4
 290 0063 07       		.byte	0x7
 291 0064 7E000000 		.4byte	.LASF6
 292 0068 03       		.uleb128 0x3
 293 0069 08       		.byte	0x8
 294 006a 05       		.byte	0x5
 295 006b 13010000 		.4byte	.LASF7
 296 006f 03       		.uleb128 0x3
 297 0070 08       		.byte	0x8
 298 0071 07       		.byte	0x7
 299 0072 D4000000 		.4byte	.LASF8
 300 0076 04       		.uleb128 0x4
 301 0077 6E000000 		.4byte	.LASF10
 302 007b 03       		.byte	0x3
 303 007c 2B       		.byte	0x2b
 304 007d 81000000 		.4byte	0x81
 305 0081 03       		.uleb128 0x3
 306 0082 01       		.byte	0x1
 307 0083 02       		.byte	0x2
 308 0084 95010000 		.4byte	.LASF11
 309 0088 04       		.uleb128 0x4
 310 0089 2B000000 		.4byte	.LASF12
 311 008d 03       		.byte	0x3
 312 008e 35       		.byte	0x35
 313 008f 56000000 		.4byte	0x56
 314 0093 05       		.uleb128 0x5
 315 0094 04       		.byte	0x4
 316 0095 03       		.uleb128 0x3
 317 0096 04       		.byte	0x4
 318 0097 07       		.byte	0x7
 319 0098 FF000000 		.4byte	.LASF13
 320 009c 04       		.uleb128 0x4
 321 009d 75000000 		.4byte	.LASF14
 322 00a1 04       		.byte	0x4
 323 00a2 58       		.byte	0x58
 324 00a3 A7000000 		.4byte	0xa7
 325 00a7 06       		.uleb128 0x6
 326 00a8 04       		.byte	0x4
 327 00a9 AD000000 		.4byte	0xad
 328 00ad 07       		.uleb128 0x7
 329 00ae 01       		.byte	0x1
 330 00af B9000000 		.4byte	0xb9
 331 00b3 08       		.uleb128 0x8
 332 00b4 93000000 		.4byte	0x93
 333 00b8 00       		.byte	0
ARM GAS  /tmp/ccuTEkOT.s 			page 7


 334 00b9 04       		.uleb128 0x4
 335 00ba A3000000 		.4byte	.LASF15
 336 00be 04       		.byte	0x4
 337 00bf 5D       		.byte	0x5d
 338 00c0 C4000000 		.4byte	0xc4
 339 00c4 09       		.uleb128 0x9
 340 00c5 A3000000 		.4byte	.LASF15
 341 00c9 14       		.byte	0x14
 342 00ca 04       		.byte	0x4
 343 00cb 64       		.byte	0x64
 344 00cc 17010000 		.4byte	0x117
 345 00d0 0A       		.uleb128 0xa
 346 00d1 82010000 		.4byte	.LASF16
 347 00d5 04       		.byte	0x4
 348 00d6 65       		.byte	0x65
 349 00d7 17010000 		.4byte	0x117
 350 00db 02       		.byte	0x2
 351 00dc 23       		.byte	0x23
 352 00dd 00       		.uleb128 0
 353 00de 0A       		.uleb128 0xa
 354 00df 55010000 		.4byte	.LASF17
 355 00e3 04       		.byte	0x4
 356 00e4 67       		.byte	0x67
 357 00e5 17010000 		.4byte	0x117
 358 00e9 02       		.byte	0x2
 359 00ea 23       		.byte	0x23
 360 00eb 04       		.uleb128 0x4
 361 00ec 0A       		.uleb128 0xa
 362 00ed F7000000 		.4byte	.LASF18
 363 00f1 04       		.byte	0x4
 364 00f2 69       		.byte	0x69
 365 00f3 88000000 		.4byte	0x88
 366 00f7 02       		.byte	0x2
 367 00f8 23       		.byte	0x23
 368 00f9 08       		.uleb128 0x8
 369 00fa 0A       		.uleb128 0xa
 370 00fb 21010000 		.4byte	.LASF19
 371 00ff 04       		.byte	0x4
 372 0100 6A       		.byte	0x6a
 373 0101 9C000000 		.4byte	0x9c
 374 0105 02       		.byte	0x2
 375 0106 23       		.byte	0x23
 376 0107 0C       		.uleb128 0xc
 377 0108 0A       		.uleb128 0xa
 378 0109 35010000 		.4byte	.LASF20
 379 010d 04       		.byte	0x4
 380 010e 6C       		.byte	0x6c
 381 010f 93000000 		.4byte	0x93
 382 0113 02       		.byte	0x2
 383 0114 23       		.byte	0x23
 384 0115 10       		.uleb128 0x10
 385 0116 00       		.byte	0
 386 0117 06       		.uleb128 0x6
 387 0118 04       		.byte	0x4
 388 0119 B9000000 		.4byte	0xb9
 389 011d 0B       		.uleb128 0xb
 390 011e 10       		.byte	0x10
ARM GAS  /tmp/ccuTEkOT.s 			page 8


 391 011f 04       		.byte	0x4
 392 0120 76       		.byte	0x76
 393 0121 5E010000 		.4byte	0x15e
 394 0125 0A       		.uleb128 0xa
 395 0126 82010000 		.4byte	.LASF16
 396 012a 04       		.byte	0x4
 397 012b 77       		.byte	0x77
 398 012c 17010000 		.4byte	0x117
 399 0130 02       		.byte	0x2
 400 0131 23       		.byte	0x23
 401 0132 00       		.uleb128 0
 402 0133 0A       		.uleb128 0xa
 403 0134 55010000 		.4byte	.LASF17
 404 0138 04       		.byte	0x4
 405 0139 79       		.byte	0x79
 406 013a 17010000 		.4byte	0x117
 407 013e 02       		.byte	0x2
 408 013f 23       		.byte	0x23
 409 0140 04       		.uleb128 0x4
 410 0141 0A       		.uleb128 0xa
 411 0142 F7000000 		.4byte	.LASF18
 412 0146 04       		.byte	0x4
 413 0147 7B       		.byte	0x7b
 414 0148 88000000 		.4byte	0x88
 415 014c 02       		.byte	0x2
 416 014d 23       		.byte	0x23
 417 014e 08       		.uleb128 0x8
 418 014f 0A       		.uleb128 0xa
 419 0150 08010000 		.4byte	.LASF21
 420 0154 04       		.byte	0x4
 421 0155 7C       		.byte	0x7c
 422 0156 5E010000 		.4byte	0x15e
 423 015a 02       		.byte	0x2
 424 015b 23       		.byte	0x23
 425 015c 0C       		.uleb128 0xc
 426 015d 00       		.byte	0
 427 015e 0C       		.uleb128 0xc
 428 015f 88000000 		.4byte	0x88
 429 0163 04       		.uleb128 0x4
 430 0164 7B010000 		.4byte	.LASF22
 431 0168 04       		.byte	0x4
 432 0169 7D       		.byte	0x7d
 433 016a 1D010000 		.4byte	0x11d
 434 016e 03       		.uleb128 0x3
 435 016f 01       		.byte	0x1
 436 0170 08       		.byte	0x8
 437 0171 30010000 		.4byte	.LASF23
 438 0175 0D       		.uleb128 0xd
 439 0176 01       		.byte	0x1
 440 0177 BE000000 		.4byte	.LASF31
 441 017b 01       		.byte	0x1
 442 017c 32       		.byte	0x32
 443 017d 01       		.byte	0x1
 444 017e 00000000 		.4byte	.LFB7
 445 0182 18000000 		.4byte	.LFE7
 446 0186 02       		.byte	0x2
 447 0187 7D       		.byte	0x7d
ARM GAS  /tmp/ccuTEkOT.s 			page 9


 448 0188 00       		.sleb128 0
 449 0189 01       		.byte	0x1
 450 018a 0E       		.uleb128 0xe
 451 018b 01       		.byte	0x1
 452 018c 22000000 		.4byte	.LASF26
 453 0190 01       		.byte	0x1
 454 0191 4C       		.byte	0x4c
 455 0192 01       		.byte	0x1
 456 0193 00000000 		.4byte	.LFB8
 457 0197 38000000 		.4byte	.LFE8
 458 019b 00000000 		.4byte	.LLST0
 459 019f 01       		.byte	0x1
 460 01a0 EE010000 		.4byte	0x1ee
 461 01a4 0F       		.uleb128 0xf
 462 01a5 76747000 		.ascii	"vtp\000"
 463 01a9 01       		.byte	0x1
 464 01aa 4C       		.byte	0x4c
 465 01ab 17010000 		.4byte	0x117
 466 01af 20000000 		.4byte	.LLST1
 467 01b3 10       		.uleb128 0x10
 468 01b4 F2000000 		.4byte	.LASF24
 469 01b8 01       		.byte	0x1
 470 01b9 4C       		.byte	0x4c
 471 01ba 88000000 		.4byte	0x88
 472 01be 3F000000 		.4byte	.LLST2
 473 01c2 10       		.uleb128 0x10
 474 01c3 29010000 		.4byte	.LASF25
 475 01c7 01       		.byte	0x1
 476 01c8 4C       		.byte	0x4c
 477 01c9 9C000000 		.4byte	0x9c
 478 01cd 6C000000 		.4byte	.LLST3
 479 01d1 0F       		.uleb128 0xf
 480 01d2 70617200 		.ascii	"par\000"
 481 01d6 01       		.byte	0x1
 482 01d7 4C       		.byte	0x4c
 483 01d8 93000000 		.4byte	0x93
 484 01dc 9A000000 		.4byte	.LLST4
 485 01e0 11       		.uleb128 0x11
 486 01e1 7000     		.ascii	"p\000"
 487 01e3 01       		.byte	0x1
 488 01e4 4D       		.byte	0x4d
 489 01e5 17010000 		.4byte	0x117
 490 01e9 C8000000 		.4byte	.LLST5
 491 01ed 00       		.byte	0
 492 01ee 0E       		.uleb128 0xe
 493 01ef 01       		.byte	0x1
 494 01f0 8A010000 		.4byte	.LASF27
 495 01f4 01       		.byte	0x1
 496 01f5 6A       		.byte	0x6a
 497 01f6 01       		.byte	0x1
 498 01f7 00000000 		.4byte	.LFB9
 499 01fb 24000000 		.4byte	.LFE9
 500 01ff E6000000 		.4byte	.LLST6
 501 0203 01       		.byte	0x1
 502 0204 16020000 		.4byte	0x216
 503 0208 12       		.uleb128 0x12
 504 0209 76747000 		.ascii	"vtp\000"
ARM GAS  /tmp/ccuTEkOT.s 			page 10


 505 020d 01       		.byte	0x1
 506 020e 6A       		.byte	0x6a
 507 020f 17010000 		.4byte	0x117
 508 0213 01       		.byte	0x1
 509 0214 50       		.byte	0x50
 510 0215 00       		.byte	0
 511 0216 13       		.uleb128 0x13
 512 0217 01       		.byte	0x1
 513 0218 46010000 		.4byte	.LASF32
 514 021c 01       		.byte	0x1
 515 021d 86       		.byte	0x86
 516 021e 01       		.byte	0x1
 517 021f 76000000 		.4byte	0x76
 518 0223 00000000 		.4byte	.LFB10
 519 0227 24000000 		.4byte	.LFE10
 520 022b 02       		.byte	0x2
 521 022c 7D       		.byte	0x7d
 522 022d 00       		.sleb128 0
 523 022e 01       		.byte	0x1
 524 022f 5D020000 		.4byte	0x25d
 525 0233 10       		.uleb128 0x10
 526 0234 68000000 		.4byte	.LASF28
 527 0238 01       		.byte	0x1
 528 0239 86       		.byte	0x86
 529 023a 88000000 		.4byte	0x88
 530 023e 06010000 		.4byte	.LLST7
 531 0242 12       		.uleb128 0x12
 532 0243 656E6400 		.ascii	"end\000"
 533 0247 01       		.byte	0x1
 534 0248 86       		.byte	0x86
 535 0249 88000000 		.4byte	0x88
 536 024d 01       		.byte	0x1
 537 024e 51       		.byte	0x51
 538 024f 14       		.uleb128 0x14
 539 0250 F2000000 		.4byte	.LASF24
 540 0254 01       		.byte	0x1
 541 0255 88       		.byte	0x88
 542 0256 88000000 		.4byte	0x88
 543 025a 01       		.byte	0x1
 544 025b 52       		.byte	0x52
 545 025c 00       		.byte	0
 546 025d 15       		.uleb128 0x15
 547 025e EB000000 		.4byte	.LASF33
 548 0262 01       		.byte	0x1
 549 0263 2A       		.byte	0x2a
 550 0264 63010000 		.4byte	0x163
 551 0268 01       		.byte	0x1
 552 0269 05       		.byte	0x5
 553 026a 03       		.byte	0x3
 554 026b 00000000 		.4byte	vtlist
 555 026f 00       		.byte	0
 556              		.section	.debug_abbrev,"",%progbits
 557              	.Ldebug_abbrev0:
 558 0000 01       		.uleb128 0x1
 559 0001 11       		.uleb128 0x11
 560 0002 01       		.byte	0x1
 561 0003 25       		.uleb128 0x25
ARM GAS  /tmp/ccuTEkOT.s 			page 11


 562 0004 0E       		.uleb128 0xe
 563 0005 13       		.uleb128 0x13
 564 0006 0B       		.uleb128 0xb
 565 0007 03       		.uleb128 0x3
 566 0008 0E       		.uleb128 0xe
 567 0009 55       		.uleb128 0x55
 568 000a 06       		.uleb128 0x6
 569 000b 11       		.uleb128 0x11
 570 000c 01       		.uleb128 0x1
 571 000d 52       		.uleb128 0x52
 572 000e 01       		.uleb128 0x1
 573 000f 10       		.uleb128 0x10
 574 0010 06       		.uleb128 0x6
 575 0011 00       		.byte	0
 576 0012 00       		.byte	0
 577 0013 02       		.uleb128 0x2
 578 0014 24       		.uleb128 0x24
 579 0015 00       		.byte	0
 580 0016 0B       		.uleb128 0xb
 581 0017 0B       		.uleb128 0xb
 582 0018 3E       		.uleb128 0x3e
 583 0019 0B       		.uleb128 0xb
 584 001a 03       		.uleb128 0x3
 585 001b 08       		.uleb128 0x8
 586 001c 00       		.byte	0
 587 001d 00       		.byte	0
 588 001e 03       		.uleb128 0x3
 589 001f 24       		.uleb128 0x24
 590 0020 00       		.byte	0
 591 0021 0B       		.uleb128 0xb
 592 0022 0B       		.uleb128 0xb
 593 0023 3E       		.uleb128 0x3e
 594 0024 0B       		.uleb128 0xb
 595 0025 03       		.uleb128 0x3
 596 0026 0E       		.uleb128 0xe
 597 0027 00       		.byte	0
 598 0028 00       		.byte	0
 599 0029 04       		.uleb128 0x4
 600 002a 16       		.uleb128 0x16
 601 002b 00       		.byte	0
 602 002c 03       		.uleb128 0x3
 603 002d 0E       		.uleb128 0xe
 604 002e 3A       		.uleb128 0x3a
 605 002f 0B       		.uleb128 0xb
 606 0030 3B       		.uleb128 0x3b
 607 0031 0B       		.uleb128 0xb
 608 0032 49       		.uleb128 0x49
 609 0033 13       		.uleb128 0x13
 610 0034 00       		.byte	0
 611 0035 00       		.byte	0
 612 0036 05       		.uleb128 0x5
 613 0037 0F       		.uleb128 0xf
 614 0038 00       		.byte	0
 615 0039 0B       		.uleb128 0xb
 616 003a 0B       		.uleb128 0xb
 617 003b 00       		.byte	0
 618 003c 00       		.byte	0
ARM GAS  /tmp/ccuTEkOT.s 			page 12


 619 003d 06       		.uleb128 0x6
 620 003e 0F       		.uleb128 0xf
 621 003f 00       		.byte	0
 622 0040 0B       		.uleb128 0xb
 623 0041 0B       		.uleb128 0xb
 624 0042 49       		.uleb128 0x49
 625 0043 13       		.uleb128 0x13
 626 0044 00       		.byte	0
 627 0045 00       		.byte	0
 628 0046 07       		.uleb128 0x7
 629 0047 15       		.uleb128 0x15
 630 0048 01       		.byte	0x1
 631 0049 27       		.uleb128 0x27
 632 004a 0C       		.uleb128 0xc
 633 004b 01       		.uleb128 0x1
 634 004c 13       		.uleb128 0x13
 635 004d 00       		.byte	0
 636 004e 00       		.byte	0
 637 004f 08       		.uleb128 0x8
 638 0050 05       		.uleb128 0x5
 639 0051 00       		.byte	0
 640 0052 49       		.uleb128 0x49
 641 0053 13       		.uleb128 0x13
 642 0054 00       		.byte	0
 643 0055 00       		.byte	0
 644 0056 09       		.uleb128 0x9
 645 0057 13       		.uleb128 0x13
 646 0058 01       		.byte	0x1
 647 0059 03       		.uleb128 0x3
 648 005a 0E       		.uleb128 0xe
 649 005b 0B       		.uleb128 0xb
 650 005c 0B       		.uleb128 0xb
 651 005d 3A       		.uleb128 0x3a
 652 005e 0B       		.uleb128 0xb
 653 005f 3B       		.uleb128 0x3b
 654 0060 0B       		.uleb128 0xb
 655 0061 01       		.uleb128 0x1
 656 0062 13       		.uleb128 0x13
 657 0063 00       		.byte	0
 658 0064 00       		.byte	0
 659 0065 0A       		.uleb128 0xa
 660 0066 0D       		.uleb128 0xd
 661 0067 00       		.byte	0
 662 0068 03       		.uleb128 0x3
 663 0069 0E       		.uleb128 0xe
 664 006a 3A       		.uleb128 0x3a
 665 006b 0B       		.uleb128 0xb
 666 006c 3B       		.uleb128 0x3b
 667 006d 0B       		.uleb128 0xb
 668 006e 49       		.uleb128 0x49
 669 006f 13       		.uleb128 0x13
 670 0070 38       		.uleb128 0x38
 671 0071 0A       		.uleb128 0xa
 672 0072 00       		.byte	0
 673 0073 00       		.byte	0
 674 0074 0B       		.uleb128 0xb
 675 0075 13       		.uleb128 0x13
ARM GAS  /tmp/ccuTEkOT.s 			page 13


 676 0076 01       		.byte	0x1
 677 0077 0B       		.uleb128 0xb
 678 0078 0B       		.uleb128 0xb
 679 0079 3A       		.uleb128 0x3a
 680 007a 0B       		.uleb128 0xb
 681 007b 3B       		.uleb128 0x3b
 682 007c 0B       		.uleb128 0xb
 683 007d 01       		.uleb128 0x1
 684 007e 13       		.uleb128 0x13
 685 007f 00       		.byte	0
 686 0080 00       		.byte	0
 687 0081 0C       		.uleb128 0xc
 688 0082 35       		.uleb128 0x35
 689 0083 00       		.byte	0
 690 0084 49       		.uleb128 0x49
 691 0085 13       		.uleb128 0x13
 692 0086 00       		.byte	0
 693 0087 00       		.byte	0
 694 0088 0D       		.uleb128 0xd
 695 0089 2E       		.uleb128 0x2e
 696 008a 00       		.byte	0
 697 008b 3F       		.uleb128 0x3f
 698 008c 0C       		.uleb128 0xc
 699 008d 03       		.uleb128 0x3
 700 008e 0E       		.uleb128 0xe
 701 008f 3A       		.uleb128 0x3a
 702 0090 0B       		.uleb128 0xb
 703 0091 3B       		.uleb128 0x3b
 704 0092 0B       		.uleb128 0xb
 705 0093 27       		.uleb128 0x27
 706 0094 0C       		.uleb128 0xc
 707 0095 11       		.uleb128 0x11
 708 0096 01       		.uleb128 0x1
 709 0097 12       		.uleb128 0x12
 710 0098 01       		.uleb128 0x1
 711 0099 40       		.uleb128 0x40
 712 009a 0A       		.uleb128 0xa
 713 009b 9742     		.uleb128 0x2117
 714 009d 0C       		.uleb128 0xc
 715 009e 00       		.byte	0
 716 009f 00       		.byte	0
 717 00a0 0E       		.uleb128 0xe
 718 00a1 2E       		.uleb128 0x2e
 719 00a2 01       		.byte	0x1
 720 00a3 3F       		.uleb128 0x3f
 721 00a4 0C       		.uleb128 0xc
 722 00a5 03       		.uleb128 0x3
 723 00a6 0E       		.uleb128 0xe
 724 00a7 3A       		.uleb128 0x3a
 725 00a8 0B       		.uleb128 0xb
 726 00a9 3B       		.uleb128 0x3b
 727 00aa 0B       		.uleb128 0xb
 728 00ab 27       		.uleb128 0x27
 729 00ac 0C       		.uleb128 0xc
 730 00ad 11       		.uleb128 0x11
 731 00ae 01       		.uleb128 0x1
 732 00af 12       		.uleb128 0x12
ARM GAS  /tmp/ccuTEkOT.s 			page 14


 733 00b0 01       		.uleb128 0x1
 734 00b1 40       		.uleb128 0x40
 735 00b2 06       		.uleb128 0x6
 736 00b3 9742     		.uleb128 0x2117
 737 00b5 0C       		.uleb128 0xc
 738 00b6 01       		.uleb128 0x1
 739 00b7 13       		.uleb128 0x13
 740 00b8 00       		.byte	0
 741 00b9 00       		.byte	0
 742 00ba 0F       		.uleb128 0xf
 743 00bb 05       		.uleb128 0x5
 744 00bc 00       		.byte	0
 745 00bd 03       		.uleb128 0x3
 746 00be 08       		.uleb128 0x8
 747 00bf 3A       		.uleb128 0x3a
 748 00c0 0B       		.uleb128 0xb
 749 00c1 3B       		.uleb128 0x3b
 750 00c2 0B       		.uleb128 0xb
 751 00c3 49       		.uleb128 0x49
 752 00c4 13       		.uleb128 0x13
 753 00c5 02       		.uleb128 0x2
 754 00c6 06       		.uleb128 0x6
 755 00c7 00       		.byte	0
 756 00c8 00       		.byte	0
 757 00c9 10       		.uleb128 0x10
 758 00ca 05       		.uleb128 0x5
 759 00cb 00       		.byte	0
 760 00cc 03       		.uleb128 0x3
 761 00cd 0E       		.uleb128 0xe
 762 00ce 3A       		.uleb128 0x3a
 763 00cf 0B       		.uleb128 0xb
 764 00d0 3B       		.uleb128 0x3b
 765 00d1 0B       		.uleb128 0xb
 766 00d2 49       		.uleb128 0x49
 767 00d3 13       		.uleb128 0x13
 768 00d4 02       		.uleb128 0x2
 769 00d5 06       		.uleb128 0x6
 770 00d6 00       		.byte	0
 771 00d7 00       		.byte	0
 772 00d8 11       		.uleb128 0x11
 773 00d9 34       		.uleb128 0x34
 774 00da 00       		.byte	0
 775 00db 03       		.uleb128 0x3
 776 00dc 08       		.uleb128 0x8
 777 00dd 3A       		.uleb128 0x3a
 778 00de 0B       		.uleb128 0xb
 779 00df 3B       		.uleb128 0x3b
 780 00e0 0B       		.uleb128 0xb
 781 00e1 49       		.uleb128 0x49
 782 00e2 13       		.uleb128 0x13
 783 00e3 02       		.uleb128 0x2
 784 00e4 06       		.uleb128 0x6
 785 00e5 00       		.byte	0
 786 00e6 00       		.byte	0
 787 00e7 12       		.uleb128 0x12
 788 00e8 05       		.uleb128 0x5
 789 00e9 00       		.byte	0
ARM GAS  /tmp/ccuTEkOT.s 			page 15


 790 00ea 03       		.uleb128 0x3
 791 00eb 08       		.uleb128 0x8
 792 00ec 3A       		.uleb128 0x3a
 793 00ed 0B       		.uleb128 0xb
 794 00ee 3B       		.uleb128 0x3b
 795 00ef 0B       		.uleb128 0xb
 796 00f0 49       		.uleb128 0x49
 797 00f1 13       		.uleb128 0x13
 798 00f2 02       		.uleb128 0x2
 799 00f3 0A       		.uleb128 0xa
 800 00f4 00       		.byte	0
 801 00f5 00       		.byte	0
 802 00f6 13       		.uleb128 0x13
 803 00f7 2E       		.uleb128 0x2e
 804 00f8 01       		.byte	0x1
 805 00f9 3F       		.uleb128 0x3f
 806 00fa 0C       		.uleb128 0xc
 807 00fb 03       		.uleb128 0x3
 808 00fc 0E       		.uleb128 0xe
 809 00fd 3A       		.uleb128 0x3a
 810 00fe 0B       		.uleb128 0xb
 811 00ff 3B       		.uleb128 0x3b
 812 0100 0B       		.uleb128 0xb
 813 0101 27       		.uleb128 0x27
 814 0102 0C       		.uleb128 0xc
 815 0103 49       		.uleb128 0x49
 816 0104 13       		.uleb128 0x13
 817 0105 11       		.uleb128 0x11
 818 0106 01       		.uleb128 0x1
 819 0107 12       		.uleb128 0x12
 820 0108 01       		.uleb128 0x1
 821 0109 40       		.uleb128 0x40
 822 010a 0A       		.uleb128 0xa
 823 010b 9742     		.uleb128 0x2117
 824 010d 0C       		.uleb128 0xc
 825 010e 01       		.uleb128 0x1
 826 010f 13       		.uleb128 0x13
 827 0110 00       		.byte	0
 828 0111 00       		.byte	0
 829 0112 14       		.uleb128 0x14
 830 0113 34       		.uleb128 0x34
 831 0114 00       		.byte	0
 832 0115 03       		.uleb128 0x3
 833 0116 0E       		.uleb128 0xe
 834 0117 3A       		.uleb128 0x3a
 835 0118 0B       		.uleb128 0xb
 836 0119 3B       		.uleb128 0x3b
 837 011a 0B       		.uleb128 0xb
 838 011b 49       		.uleb128 0x49
 839 011c 13       		.uleb128 0x13
 840 011d 02       		.uleb128 0x2
 841 011e 0A       		.uleb128 0xa
 842 011f 00       		.byte	0
 843 0120 00       		.byte	0
 844 0121 15       		.uleb128 0x15
 845 0122 34       		.uleb128 0x34
 846 0123 00       		.byte	0
ARM GAS  /tmp/ccuTEkOT.s 			page 16


 847 0124 03       		.uleb128 0x3
 848 0125 0E       		.uleb128 0xe
 849 0126 3A       		.uleb128 0x3a
 850 0127 0B       		.uleb128 0xb
 851 0128 3B       		.uleb128 0x3b
 852 0129 0B       		.uleb128 0xb
 853 012a 49       		.uleb128 0x49
 854 012b 13       		.uleb128 0x13
 855 012c 3F       		.uleb128 0x3f
 856 012d 0C       		.uleb128 0xc
 857 012e 02       		.uleb128 0x2
 858 012f 0A       		.uleb128 0xa
 859 0130 00       		.byte	0
 860 0131 00       		.byte	0
 861 0132 00       		.byte	0
 862              		.section	.debug_loc,"",%progbits
 863              	.Ldebug_loc0:
 864              	.LLST0:
 865 0000 00000000 		.4byte	.LFB8
 866 0004 02000000 		.4byte	.LCFI0
 867 0008 0200     		.2byte	0x2
 868 000a 7D       		.byte	0x7d
 869 000b 00       		.sleb128 0
 870 000c 02000000 		.4byte	.LCFI0
 871 0010 38000000 		.4byte	.LFE8
 872 0014 0200     		.2byte	0x2
 873 0016 7D       		.byte	0x7d
 874 0017 08       		.sleb128 8
 875 0018 00000000 		.4byte	0
 876 001c 00000000 		.4byte	0
 877              	.LLST1:
 878 0020 00000000 		.4byte	.LVL0
 879 0024 2C000000 		.4byte	.LVL5
 880 0028 0100     		.2byte	0x1
 881 002a 50       		.byte	0x50
 882 002b 2C000000 		.4byte	.LVL5
 883 002f 38000000 		.4byte	.LFE8
 884 0033 0200     		.2byte	0x2
 885 0035 73       		.byte	0x73
 886 0036 04       		.sleb128 4
 887 0037 00000000 		.4byte	0
 888 003b 00000000 		.4byte	0
 889              	.LLST2:
 890 003f 00000000 		.4byte	.LVL0
 891 0043 14000000 		.4byte	.LVL4
 892 0047 0100     		.2byte	0x1
 893 0049 51       		.byte	0x51
 894 004a 14000000 		.4byte	.LVL4
 895 004e 2E000000 		.4byte	.LVL6
 896 0052 0100     		.2byte	0x1
 897 0054 51       		.byte	0x51
 898 0055 2E000000 		.4byte	.LVL6
 899 0059 38000000 		.4byte	.LFE8
 900 005d 0500     		.2byte	0x5
 901 005f 73       		.byte	0x73
 902 0060 04       		.sleb128 4
 903 0061 06       		.byte	0x6
ARM GAS  /tmp/ccuTEkOT.s 			page 17


 904 0062 23       		.byte	0x23
 905 0063 08       		.uleb128 0x8
 906 0064 00000000 		.4byte	0
 907 0068 00000000 		.4byte	0
 908              	.LLST3:
 909 006c 00000000 		.4byte	.LVL0
 910 0070 0C000000 		.4byte	.LVL2
 911 0074 0100     		.2byte	0x1
 912 0076 52       		.byte	0x52
 913 0077 0C000000 		.4byte	.LVL2
 914 007b 2C000000 		.4byte	.LVL5
 915 007f 0200     		.2byte	0x2
 916 0081 70       		.byte	0x70
 917 0082 0C       		.sleb128 12
 918 0083 2C000000 		.4byte	.LVL5
 919 0087 38000000 		.4byte	.LFE8
 920 008b 0500     		.2byte	0x5
 921 008d 73       		.byte	0x73
 922 008e 04       		.sleb128 4
 923 008f 06       		.byte	0x6
 924 0090 23       		.byte	0x23
 925 0091 0C       		.uleb128 0xc
 926 0092 00000000 		.4byte	0
 927 0096 00000000 		.4byte	0
 928              	.LLST4:
 929 009a 00000000 		.4byte	.LVL0
 930 009e 08000000 		.4byte	.LVL1
 931 00a2 0100     		.2byte	0x1
 932 00a4 53       		.byte	0x53
 933 00a5 08000000 		.4byte	.LVL1
 934 00a9 2C000000 		.4byte	.LVL5
 935 00ad 0200     		.2byte	0x2
 936 00af 70       		.byte	0x70
 937 00b0 10       		.sleb128 16
 938 00b1 2C000000 		.4byte	.LVL5
 939 00b5 38000000 		.4byte	.LFE8
 940 00b9 0500     		.2byte	0x5
 941 00bb 73       		.byte	0x73
 942 00bc 04       		.sleb128 4
 943 00bd 06       		.byte	0x6
 944 00be 23       		.byte	0x23
 945 00bf 10       		.uleb128 0x10
 946 00c0 00000000 		.4byte	0
 947 00c4 00000000 		.4byte	0
 948              	.LLST5:
 949 00c8 08000000 		.4byte	.LVL1
 950 00cc 12000000 		.4byte	.LVL3
 951 00d0 0100     		.2byte	0x1
 952 00d2 53       		.byte	0x53
 953 00d3 14000000 		.4byte	.LVL4
 954 00d7 38000000 		.4byte	.LFE8
 955 00db 0100     		.2byte	0x1
 956 00dd 53       		.byte	0x53
 957 00de 00000000 		.4byte	0
 958 00e2 00000000 		.4byte	0
 959              	.LLST6:
 960 00e6 00000000 		.4byte	.LFB9
ARM GAS  /tmp/ccuTEkOT.s 			page 18


 961 00ea 06000000 		.4byte	.LCFI1
 962 00ee 0200     		.2byte	0x2
 963 00f0 7D       		.byte	0x7d
 964 00f1 00       		.sleb128 0
 965 00f2 06000000 		.4byte	.LCFI1
 966 00f6 24000000 		.4byte	.LFE9
 967 00fa 0200     		.2byte	0x2
 968 00fc 7D       		.byte	0x7d
 969 00fd 08       		.sleb128 8
 970 00fe 00000000 		.4byte	0
 971 0102 00000000 		.4byte	0
 972              	.LLST7:
 973 0106 00000000 		.4byte	.LVL8
 974 010a 0C000000 		.4byte	.LVL10
 975 010e 0100     		.2byte	0x1
 976 0110 50       		.byte	0x50
 977 0111 0C000000 		.4byte	.LVL10
 978 0115 18000000 		.4byte	.LVL11
 979 0119 0100     		.2byte	0x1
 980 011b 53       		.byte	0x53
 981 011c 18000000 		.4byte	.LVL11
 982 0120 1A000000 		.4byte	.LVL12
 983 0124 0100     		.2byte	0x1
 984 0126 50       		.byte	0x50
 985 0127 1A000000 		.4byte	.LVL12
 986 012b 24000000 		.4byte	.LFE10
 987 012f 0100     		.2byte	0x1
 988 0131 53       		.byte	0x53
 989 0132 00000000 		.4byte	0
 990 0136 00000000 		.4byte	0
 991              		.section	.debug_aranges,"",%progbits
 992 0000 34000000 		.4byte	0x34
 993 0004 0200     		.2byte	0x2
 994 0006 00000000 		.4byte	.Ldebug_info0
 995 000a 04       		.byte	0x4
 996 000b 00       		.byte	0
 997 000c 0000     		.2byte	0
 998 000e 0000     		.2byte	0
 999 0010 00000000 		.4byte	.LFB7
 1000 0014 18000000 		.4byte	.LFE7-.LFB7
 1001 0018 00000000 		.4byte	.LFB8
 1002 001c 38000000 		.4byte	.LFE8-.LFB8
 1003 0020 00000000 		.4byte	.LFB9
 1004 0024 24000000 		.4byte	.LFE9-.LFB9
 1005 0028 00000000 		.4byte	.LFB10
 1006 002c 24000000 		.4byte	.LFE10-.LFB10
 1007 0030 00000000 		.4byte	0
 1008 0034 00000000 		.4byte	0
 1009              		.section	.debug_ranges,"",%progbits
 1010              	.Ldebug_ranges0:
 1011 0000 00000000 		.4byte	.LFB7
 1012 0004 18000000 		.4byte	.LFE7
 1013 0008 00000000 		.4byte	.LFB8
 1014 000c 38000000 		.4byte	.LFE8
 1015 0010 00000000 		.4byte	.LFB9
 1016 0014 24000000 		.4byte	.LFE9
 1017 0018 00000000 		.4byte	.LFB10
ARM GAS  /tmp/ccuTEkOT.s 			page 19


 1018 001c 24000000 		.4byte	.LFE10
 1019 0020 00000000 		.4byte	0
 1020 0024 00000000 		.4byte	0
 1021              		.section	.debug_line,"",%progbits
 1022              	.Ldebug_line0:
 1023 0000 BA010000 		.section	.debug_str,"MS",%progbits,1
 1023      02003B01 
 1023      00000201 
 1023      FB0E0D00 
 1023      01010101 
 1024              	.LASF29:
 1025 0000 474E5520 		.ascii	"GNU C 4.7.4 20130913 (prerelease)\000"
 1025      4320342E 
 1025      372E3420 
 1025      32303133 
 1025      30393133 
 1026              	.LASF26:
 1027 0022 63685654 		.ascii	"chVTSetI\000"
 1027      53657449 
 1027      00
 1028              	.LASF12:
 1029 002b 73797374 		.ascii	"systime_t\000"
 1029      696D655F 
 1029      7400
 1030              	.LASF30:
 1031 0035 2F686F6D 		.ascii	"/home/matt/arm_cortex/ChibiOS/os/kernel/src/chvt.c\000"
 1031      652F6D61 
 1031      74742F61 
 1031      726D5F63 
 1031      6F727465 
 1032              	.LASF28:
 1033 0068 73746172 		.ascii	"start\000"
 1033      7400
 1034              	.LASF10:
 1035 006e 626F6F6C 		.ascii	"bool_t\000"
 1035      5F7400
 1036              	.LASF14:
 1037 0075 76746675 		.ascii	"vtfunc_t\000"
 1037      6E635F74 
 1037      00
 1038              	.LASF6:
 1039 007e 6C6F6E67 		.ascii	"long unsigned int\000"
 1039      20756E73 
 1039      69676E65 
 1039      6420696E 
 1039      7400
 1040              	.LASF4:
 1041 0090 73686F72 		.ascii	"short unsigned int\000"
 1041      7420756E 
 1041      7369676E 
 1041      65642069 
 1041      6E7400
 1042              	.LASF15:
 1043 00a3 56697274 		.ascii	"VirtualTimer\000"
 1043      75616C54 
 1043      696D6572 
 1043      00
ARM GAS  /tmp/ccuTEkOT.s 			page 20


 1044              	.LASF2:
 1045 00b0 756E7369 		.ascii	"unsigned char\000"
 1045      676E6564 
 1045      20636861 
 1045      7200
 1046              	.LASF31:
 1047 00be 5F76745F 		.ascii	"_vt_init\000"
 1047      696E6974 
 1047      00
 1048              	.LASF0:
 1049 00c7 756E7369 		.ascii	"unsigned int\000"
 1049      676E6564 
 1049      20696E74 
 1049      00
 1050              	.LASF8:
 1051 00d4 6C6F6E67 		.ascii	"long long unsigned int\000"
 1051      206C6F6E 
 1051      6720756E 
 1051      7369676E 
 1051      65642069 
 1052              	.LASF33:
 1053 00eb 76746C69 		.ascii	"vtlist\000"
 1053      737400
 1054              	.LASF24:
 1055 00f2 74696D65 		.ascii	"time\000"
 1055      00
 1056              	.LASF18:
 1057 00f7 76745F74 		.ascii	"vt_time\000"
 1057      696D6500 
 1058              	.LASF13:
 1059 00ff 73697A65 		.ascii	"sizetype\000"
 1059      74797065 
 1059      00
 1060              	.LASF21:
 1061 0108 76745F73 		.ascii	"vt_systime\000"
 1061      79737469 
 1061      6D6500
 1062              	.LASF7:
 1063 0113 6C6F6E67 		.ascii	"long long int\000"
 1063      206C6F6E 
 1063      6720696E 
 1063      7400
 1064              	.LASF19:
 1065 0121 76745F66 		.ascii	"vt_func\000"
 1065      756E6300 
 1066              	.LASF25:
 1067 0129 76746675 		.ascii	"vtfunc\000"
 1067      6E6300
 1068              	.LASF23:
 1069 0130 63686172 		.ascii	"char\000"
 1069      00
 1070              	.LASF20:
 1071 0135 76745F70 		.ascii	"vt_par\000"
 1071      617200
 1072              	.LASF3:
 1073 013c 73686F72 		.ascii	"short int\000"
 1073      7420696E 
ARM GAS  /tmp/ccuTEkOT.s 			page 21


 1073      7400
 1074              	.LASF32:
 1075 0146 63685469 		.ascii	"chTimeIsWithin\000"
 1075      6D654973 
 1075      57697468 
 1075      696E00
 1076              	.LASF17:
 1077 0155 76745F70 		.ascii	"vt_prev\000"
 1077      72657600 
 1078              	.LASF9:
 1079 015d 75696E74 		.ascii	"uint32_t\000"
 1079      33325F74 
 1079      00
 1080              	.LASF5:
 1081 0166 6C6F6E67 		.ascii	"long int\000"
 1081      20696E74 
 1081      00
 1082              	.LASF1:
 1083 016f 7369676E 		.ascii	"signed char\000"
 1083      65642063 
 1083      68617200 
 1084              	.LASF22:
 1085 017b 56544C69 		.ascii	"VTList\000"
 1085      737400
 1086              	.LASF16:
 1087 0182 76745F6E 		.ascii	"vt_next\000"
 1087      65787400 
 1088              	.LASF27:
 1089 018a 63685654 		.ascii	"chVTResetI\000"
 1089      52657365 
 1089      744900
 1090              	.LASF11:
 1091 0195 5F426F6F 		.ascii	"_Bool\000"
 1091      6C00
 1092              		.ident	"GCC: (GNU Tools for ARM Embedded Processors / bleeding-edge-toolchain-131005) 4.7.4 201309
ARM GAS  /tmp/ccuTEkOT.s 			page 22


DEFINED SYMBOLS
                            *ABS*:0000000000000000 chvt.c
     /tmp/ccuTEkOT.s:18     .text._vt_init:0000000000000000 $t
     /tmp/ccuTEkOT.s:24     .text._vt_init:0000000000000000 _vt_init
     /tmp/ccuTEkOT.s:49     .text._vt_init:0000000000000014 $d
     /tmp/ccuTEkOT.s:54     .text.chVTSetI:0000000000000000 $t
     /tmp/ccuTEkOT.s:60     .text.chVTSetI:0000000000000000 chVTSetI
     /tmp/ccuTEkOT.s:121    .text.chVTSetI:0000000000000034 $d
     /tmp/ccuTEkOT.s:126    .text.chVTResetI:0000000000000000 $t
     /tmp/ccuTEkOT.s:132    .text.chVTResetI:0000000000000000 chVTResetI
     /tmp/ccuTEkOT.s:173    .text.chVTResetI:0000000000000020 $d
     /tmp/ccuTEkOT.s:178    .text.chTimeIsWithin:0000000000000000 $t
     /tmp/ccuTEkOT.s:184    .text.chTimeIsWithin:0000000000000000 chTimeIsWithin
     /tmp/ccuTEkOT.s:224    .text.chTimeIsWithin:0000000000000020 $d
     /tmp/ccuTEkOT.s:234    .bss.vtlist:0000000000000000 vtlist
     /tmp/ccuTEkOT.s:230    .bss.vtlist:0000000000000000 $d
                     .debug_frame:0000000000000010 $d
     /tmp/ccuTEkOT.s:53     .text._vt_init:0000000000000018 $t
     /tmp/ccuTEkOT.s:125    .text.chVTSetI:0000000000000038 $t
     /tmp/ccuTEkOT.s:177    .text.chVTResetI:0000000000000024 $t
     /tmp/ccuTEkOT.s:229    .text.chTimeIsWithin:0000000000000024 $t

NO UNDEFINED SYMBOLS
