ARM GAS  /tmp/ccDp0B2l.s 			page 1


   1              		.cpu cortex-m0
   2              		.fpu softvfp
   3              		.eabi_attribute 20, 1
   4              		.eabi_attribute 21, 1
   5              		.eabi_attribute 23, 3
   6              		.eabi_attribute 24, 1
   7              		.eabi_attribute 25, 1
   8              		.eabi_attribute 26, 1
   9              		.eabi_attribute 30, 2
  10              		.eabi_attribute 34, 0
  11              		.eabi_attribute 18, 4
  12              		.code	16
  13              		.file	"crt0.c"
  14              		.text
  15              	.Ltext0:
  16              		.cfi_sections	.debug_frame
  17              		.section	.text.__early_init,"ax",%progbits
  18              		.align	2
  19              		.p2align 4,,15
  20              		.weak	__early_init
  21              		.code	16
  22              		.thumb_func
  23              		.type	__early_init, %function
  24              	__early_init:
  25              	.LFB0:
  26              		.file 1 "/home/matt/arm_cortex/ChibiOS/os/ports/GCC/ARMCMx/crt0.c"
  27              		.loc 1 234 0
  28              		.cfi_startproc
  29              		.loc 1 234 0
  30              		@ sp needed for prologue
  31 0000 7047     		bx	lr
  32              		.cfi_endproc
  33              	.LFE0:
  34              		.size	__early_init, .-__early_init
  35 0002 C046C046 		.section	.text.__late_init,"ax",%progbits
  35      C046C046 
  35      C046C046 
  35      C046
  36              		.align	2
  37              		.p2align 4,,15
  38              		.weak	__late_init
  39              		.code	16
  40              		.thumb_func
  41              		.type	__late_init, %function
  42              	__late_init:
  43              	.LFB1:
  44              		.loc 1 246 0
  45              		.cfi_startproc
  46              		.loc 1 246 0
  47              		@ sp needed for prologue
  48 0000 7047     		bx	lr
  49              		.cfi_endproc
  50              	.LFE1:
  51              		.size	__late_init, .-__late_init
  52 0002 C046C046 		.section	.text._default_exit,"ax",%progbits
  52      C046C046 
  52      C046C046 
ARM GAS  /tmp/ccDp0B2l.s 			page 2


  52      C046
  53              		.align	2
  54              		.p2align 4,,15
  55              		.weak	_default_exit
  56              		.code	16
  57              		.thumb_func
  58              		.type	_default_exit, %function
  59              	_default_exit:
  60              	.LFB2:
  61              		.loc 1 257 0
  62              		.cfi_startproc
  63              	.L4:
  64 0000 FEE7     		b	.L4
  65              		.cfi_endproc
  66              	.LFE2:
  67              		.size	_default_exit, .-_default_exit
  68 0002 C046C046 		.section	.text.ResetHandler,"ax",%progbits
  68      C046C046 
  68      C046C046 
  68      C046
  69              		.align	2
  70              		.p2align 4,,15
  71              		.global	ResetHandler
  72              		.code	16
  73              		.thumb_func
  74              		.type	ResetHandler, %function
  75              	ResetHandler:
  76              	.LFB3:
  77              		.loc 1 268 0
  78              		.cfi_startproc
  79              		.loc 1 274 0
  80              	@ 274 "/home/matt/arm_cortex/ChibiOS/os/ports/GCC/ARMCMx/crt0.c" 1
  81 0000 72B6     		cpsid   i
  82              	@ 0 "" 2
  83              		.loc 1 275 0
  84              		.code	16
  85 0002 664C     		ldr	r4, .L68
  86 0004 261C     		mov	r6, r4
  87              	.LVL0:
  88              		.loc 1 276 0
  89              	@ 276 "/home/matt/arm_cortex/ChibiOS/os/ports/GCC/ARMCMx/crt0.c" 1
  90 0006 84F30988 		msr     PSP, r4
  91              	@ 0 "" 2
  92              	.LVL1:
  93              		.loc 1 296 0
  94              		.code	16
  95 000a 0223     		mov	r3, #2
  96              	@ 296 "/home/matt/arm_cortex/ChibiOS/os/ports/GCC/ARMCMx/crt0.c" 1
  97 000c 83F31488 		msr     CONTROL, r3
  98              	@ 0 "" 2
  99              		.loc 1 297 0
 100              	@ 297 "/home/matt/arm_cortex/ChibiOS/os/ports/GCC/ARMCMx/crt0.c" 1
 101 0010 BFF36F8F 		isb
 102              	@ 0 "" 2
 103              	.LVL2:
 104              		.code	16
 105              	.LBB2:
ARM GAS  /tmp/ccDp0B2l.s 			page 3


 106              		.loc 1 301 0
 107 0014 624A     		ldr	r2, .L68+4
 108 0016 6348     		ldr	r0, .L68+8
 109 0018 8242     		cmp	r2, r0
 110 001a 18D2     		bcs	.L10
 111              	.LBE2:
 112              	.LBB3:
 113              		.loc 1 268 0
 114 001c C51C     		add	r5, r0, #3
 115 001e 131D     		add	r3, r2, #4
 116 0020 E91A     		sub	r1, r5, r3
 117 0022 8808     		lsr	r0, r1, #2
 118 0024 0130     		add	r0, r0, #1
 119 0026 8500     		lsl	r5, r0, #2
 120              	.LBE3:
 121              	.LBB4:
 122              		.loc 1 301 0
 123 0028 5F49     		ldr	r1, .L68+12
 124 002a A818     		add	r0, r5, r2
 125 002c 043D     		sub	r5, r5, #4
 126 002e 6D07     		lsl	r5, r5, #29
 127 0030 ED0F     		lsr	r5, r5, #31
 128 0032 1160     		str	r1, [r2]
 129              	.LVL3:
 130 0034 8342     		cmp	r3, r0
 131 0036 0AD0     		beq	.L10
 132 0038 002D     		cmp	r5, #0
 133 003a 02D0     		beq	.L9
 134 003c 02C3     		stmia	r3!, {r1}
 135              	.LVL4:
 136 003e 8342     		cmp	r3, r0
 137 0040 05D0     		beq	.L10
 138              	.L9:
 139              		.loc 1 301 0 is_stmt 0 discriminator 2
 140 0042 1A1C     		mov	r2, r3
 141 0044 02C2     		stmia	r2!, {r1}
 142 0046 5960     		str	r1, [r3, #4]
 143 0048 131D     		add	r3, r2, #4
 144 004a 8342     		cmp	r3, r0
 145 004c F9D1     		bne	.L9
 146              	.L10:
 147              	.LVL5:
 148              	.LBE4:
 149              	.LBB5:
 150              		.loc 1 304 0 is_stmt 1
 151 004e 574A     		ldr	r2, .L68+16
 152 0050 A242     		cmp	r2, r4
 153 0052 18D2     		bcs	.L8
 154              	.LBE5:
 155              	.LBB6:
 156              		.loc 1 268 0
 157 0054 F41C     		add	r4, r6, #3
 158              	.LVL6:
 159 0056 131D     		add	r3, r2, #4
 160 0058 E11A     		sub	r1, r4, r3
 161 005a 8808     		lsr	r0, r1, #2
 162 005c 0130     		add	r0, r0, #1
ARM GAS  /tmp/ccDp0B2l.s 			page 4


 163 005e 8400     		lsl	r4, r0, #2
 164              	.LBE6:
 165              	.LBB7:
 166              		.loc 1 304 0
 167 0060 5149     		ldr	r1, .L68+12
 168 0062 A018     		add	r0, r4, r2
 169 0064 043C     		sub	r4, r4, #4
 170 0066 6407     		lsl	r4, r4, #29
 171 0068 E40F     		lsr	r4, r4, #31
 172 006a 1160     		str	r1, [r2]
 173              	.LVL7:
 174 006c 8342     		cmp	r3, r0
 175 006e 0AD0     		beq	.L8
 176 0070 002C     		cmp	r4, #0
 177 0072 02D0     		beq	.L13
 178 0074 02C3     		stmia	r3!, {r1}
 179              	.LVL8:
 180 0076 8342     		cmp	r3, r0
 181 0078 05D0     		beq	.L8
 182              	.L13:
 183              		.loc 1 304 0 is_stmt 0 discriminator 2
 184 007a 1A1C     		mov	r2, r3
 185 007c 02C2     		stmia	r2!, {r1}
 186 007e 5960     		str	r1, [r3, #4]
 187 0080 131D     		add	r3, r2, #4
 188 0082 8342     		cmp	r3, r0
 189 0084 F9D1     		bne	.L13
 190              	.L8:
 191              	.LBE7:
 192              		.loc 1 310 0 is_stmt 1
 193 0086 FFF7FEFF 		bl	__early_init
 194              	.LVL9:
 195              	.LBB8:
 196              		.loc 1 319 0
 197 008a 4949     		ldr	r1, .L68+20
 198 008c 494B     		ldr	r3, .L68+24
 199 008e 9942     		cmp	r1, r3
 200 0090 1ED2     		bcs	.L12
 201              	.LBE8:
 202              	.LBB9:
 203              		.loc 1 268 0
 204 0092 DD1C     		add	r5, r3, #3
 205 0094 0B1D     		add	r3, r1, #4
 206 0096 E81A     		sub	r0, r5, r3
 207 0098 8408     		lsr	r4, r0, #2
 208 009a 0134     		add	r4, r4, #1
 209 009c A200     		lsl	r2, r4, #2
 210 009e 5518     		add	r5, r2, r1
 211 00a0 043A     		sub	r2, r2, #4
 212 00a2 5007     		lsl	r0, r2, #29
 213              	.LBE9:
 214              	.LBB10:
 215              		.loc 1 320 0
 216 00a4 444A     		ldr	r2, .L68+28
 217 00a6 C00F     		lsr	r0, r0, #31
 218 00a8 10CA     		ldmia	r2!, {r4}
 219 00aa 0C60     		str	r4, [r1]
ARM GAS  /tmp/ccDp0B2l.s 			page 5


 220              	.LVL10:
 221              		.loc 1 319 0
 222 00ac AB42     		cmp	r3, r5
 223 00ae 0FD0     		beq	.L12
 224 00b0 0028     		cmp	r0, #0
 225 00b2 03D0     		beq	.L16
 226              		.loc 1 320 0
 227 00b4 02CA     		ldmia	r2!, {r1}
 228              	.LVL11:
 229 00b6 02C3     		stmia	r3!, {r1}
 230              	.LVL12:
 231              		.loc 1 319 0
 232 00b8 AB42     		cmp	r3, r5
 233 00ba 09D0     		beq	.L12
 234              	.L16:
 235              		.loc 1 320 0
 236 00bc 101C     		mov	r0, r2
 237 00be 10C8     		ldmia	r0!, {r4}
 238 00c0 191C     		mov	r1, r3
 239 00c2 5268     		ldr	r2, [r2, #4]
 240 00c4 10C1     		stmia	r1!, {r4}
 241 00c6 5A60     		str	r2, [r3, #4]
 242 00c8 0B1D     		add	r3, r1, #4
 243 00ca 021D     		add	r2, r0, #4
 244              		.loc 1 319 0
 245 00cc AB42     		cmp	r3, r5
 246 00ce F5D1     		bne	.L16
 247              	.L12:
 248              	.LVL13:
 249              	.LBE10:
 250              	.LBB11:
 251              		.loc 1 326 0
 252 00d0 3A4A     		ldr	r2, .L68+32
 253 00d2 3B4B     		ldr	r3, .L68+36
 254 00d4 9A42     		cmp	r2, r3
 255 00d6 18D2     		bcs	.L15
 256              	.LBE11:
 257              	.LBB12:
 258              		.loc 1 268 0
 259 00d8 DC1C     		add	r4, r3, #3
 260 00da 131D     		add	r3, r2, #4
 261 00dc E01A     		sub	r0, r4, r3
 262 00de 8108     		lsr	r1, r0, #2
 263 00e0 0131     		add	r1, r1, #1
 264 00e2 8C00     		lsl	r4, r1, #2
 265 00e4 A018     		add	r0, r4, r2
 266 00e6 043C     		sub	r4, r4, #4
 267              	.LBE12:
 268              	.LBB13:
 269              		.loc 1 326 0
 270 00e8 0021     		mov	r1, #0
 271 00ea 6407     		lsl	r4, r4, #29
 272 00ec E40F     		lsr	r4, r4, #31
 273 00ee 1160     		str	r1, [r2]
 274              	.LVL14:
 275 00f0 8342     		cmp	r3, r0
 276 00f2 0AD0     		beq	.L15
ARM GAS  /tmp/ccDp0B2l.s 			page 6


 277 00f4 002C     		cmp	r4, #0
 278 00f6 02D0     		beq	.L19
 279 00f8 02C3     		stmia	r3!, {r1}
 280              	.LVL15:
 281 00fa 8342     		cmp	r3, r0
 282 00fc 05D0     		beq	.L15
 283              	.L19:
 284              		.loc 1 326 0 is_stmt 0 discriminator 2
 285 00fe 1A1C     		mov	r2, r3
 286 0100 02C2     		stmia	r2!, {r1}
 287 0102 5960     		str	r1, [r3, #4]
 288 0104 131D     		add	r3, r2, #4
 289 0106 8342     		cmp	r3, r0
 290 0108 F9D1     		bne	.L19
 291              	.L15:
 292              	.LBE13:
 293              		.loc 1 330 0 is_stmt 1
 294 010a FFF7FEFF 		bl	__late_init
 295              	.LVL16:
 296              	.LBB14:
 297              		.loc 1 336 0
 298 010e 2D4B     		ldr	r3, .L68+40
 299 0110 2D49     		ldr	r1, .L68+44
 300 0112 8B42     		cmp	r3, r1
 301 0114 1CD2     		bcs	.L18
 302              	.LBE14:
 303              	.LBB15:
 304              		.loc 1 268 0
 305 0116 0331     		add	r1, r1, #3
 306 0118 1E1D     		add	r6, r3, #4
 307 011a 8F1B     		sub	r7, r1, r6
 308 011c 0120     		mov	r0, #1
 309 011e BD08     		lsr	r5, r7, #2
 310 0120 041C     		mov	r4, r0
 311 0122 6F1C     		add	r7, r5, #1
 312 0124 2C40     		and	r4, r5
 313              	.LBE15:
 314              	.LBB16:
 315              		.loc 1 337 0
 316 0126 1A68     		ldr	r2, [r3]
 317 0128 0125     		mov	r5, #1
 318 012a 9047     		blx	r2
 319              	.LVL17:
 320              		.loc 1 336 0
 321 012c BD42     		cmp	r5, r7
 322 012e 0FD0     		beq	.L18
 323 0130 002C     		cmp	r4, #0
 324 0132 04D0     		beq	.L22
 325              		.loc 1 337 0
 326 0134 08CE     		ldmia	r6!, {r3}
 327 0136 0225     		mov	r5, #2
 328 0138 9847     		blx	r3
 329              	.LVL18:
 330              		.loc 1 336 0
 331 013a BD42     		cmp	r5, r7
 332 013c 08D0     		beq	.L18
 333              	.L22:
ARM GAS  /tmp/ccDp0B2l.s 			page 7


 334              		.loc 1 337 0
 335 013e 341C     		mov	r4, r6
 336 0140 02CC     		ldmia	r4!, {r1}
 337 0142 8847     		blx	r1
 338              	.LVL19:
 339 0144 0235     		add	r5, r5, #2
 340 0146 7668     		ldr	r6, [r6, #4]
 341 0148 B047     		blx	r6
 342              	.LVL20:
 343              		.loc 1 338 0
 344 014a 261D     		add	r6, r4, #4
 345              		.loc 1 336 0
 346 014c BD42     		cmp	r5, r7
 347 014e F6D1     		bne	.L22
 348              	.L18:
 349              	.LBE16:
 350              		.loc 1 344 0
 351 0150 FFF7FEFF 		bl	main
 352              	.LVL21:
 353              	.LBB17:
 354              		.loc 1 350 0
 355 0154 1D48     		ldr	r0, .L68+48
 356 0156 1E4A     		ldr	r2, .L68+52
 357 0158 9042     		cmp	r0, r2
 358 015a 1CD2     		bcs	.L21
 359              	.LBE17:
 360              		.loc 1 268 0
 361 015c 0332     		add	r2, r2, #3
 362 015e 061D     		add	r6, r0, #4
 363 0160 941B     		sub	r4, r2, r6
 364 0162 0123     		mov	r3, #1
 365 0164 A508     		lsr	r5, r4, #2
 366 0166 1C1C     		mov	r4, r3
 367 0168 6F1C     		add	r7, r5, #1
 368 016a 2C40     		and	r4, r5
 369              	.LBB18:
 370              		.loc 1 351 0
 371 016c 0168     		ldr	r1, [r0]
 372 016e 0125     		mov	r5, #1
 373 0170 8847     		blx	r1
 374              	.LVL22:
 375              		.loc 1 350 0
 376 0172 BD42     		cmp	r5, r7
 377 0174 0FD0     		beq	.L21
 378 0176 002C     		cmp	r4, #0
 379 0178 04D0     		beq	.L23
 380              		.loc 1 351 0
 381 017a 01CE     		ldmia	r6!, {r0}
 382 017c 0225     		mov	r5, #2
 383 017e 8047     		blx	r0
 384              	.LVL23:
 385              		.loc 1 350 0
 386 0180 BD42     		cmp	r5, r7
 387 0182 08D0     		beq	.L21
 388              	.L23:
 389              		.loc 1 351 0
 390 0184 341C     		mov	r4, r6
ARM GAS  /tmp/ccDp0B2l.s 			page 8


 391 0186 04CC     		ldmia	r4!, {r2}
 392 0188 9047     		blx	r2
 393              	.LVL24:
 394 018a 0235     		add	r5, r5, #2
 395 018c 7668     		ldr	r6, [r6, #4]
 396 018e B047     		blx	r6
 397              	.LVL25:
 398              		.loc 1 352 0
 399 0190 261D     		add	r6, r4, #4
 400              		.loc 1 350 0
 401 0192 BD42     		cmp	r5, r7
 402 0194 F6D1     		bne	.L23
 403              	.L21:
 404              	.LBE18:
 405              		.loc 1 358 0
 406 0196 FFF7FEFF 		bl	_default_exit
 407              	.LVL26:
 408              		.loc 1 359 0
 409              	.L69:
 410 019a C046     		.align	2
 411              	.L68:
 412 019c 00000000 		.word	__process_stack_end__
 413 01a0 00000000 		.word	__main_stack_base__
 414 01a4 00000000 		.word	__main_stack_end__
 415 01a8 55555555 		.word	1431655765
 416 01ac 00000000 		.word	__process_stack_base__
 417 01b0 00000000 		.word	_data
 418 01b4 00000000 		.word	_edata
 419 01b8 00000000 		.word	_textdata
 420 01bc 00000000 		.word	_bss_start
 421 01c0 00000000 		.word	_bss_end
 422 01c4 00000000 		.word	__init_array_start
 423 01c8 00000000 		.word	__init_array_end
 424 01cc 00000000 		.word	__fini_array_start
 425 01d0 00000000 		.word	__fini_array_end
 426              		.cfi_endproc
 427              	.LFE3:
 428              		.size	ResetHandler, .-ResetHandler
 429 01d4 C046C046 		.text
 429      C046C046 
 429      C046C046 
 430              	.Letext0:
 431              		.file 2 "/home/matt/arm_cortex/gcc-arm-none-eabi/bin/../lib/gcc/arm-none-eabi/4.7.4/../../../../ar
 432              		.section	.debug_info,"",%progbits
 433              	.Ldebug_info0:
 434 0000 C3020000 		.4byte	0x2c3
 435 0004 0200     		.2byte	0x2
 436 0006 00000000 		.4byte	.Ldebug_abbrev0
 437 000a 04       		.byte	0x4
 438 000b 01       		.uleb128 0x1
 439 000c 12000000 		.4byte	.LASF29
 440 0010 01       		.byte	0x1
 441 0011 60010000 		.4byte	.LASF30
 442 0015 B8000000 		.4byte	.Ldebug_ranges0+0xb8
 443 0019 00000000 		.4byte	0
 444 001d 00000000 		.4byte	0
 445 0021 00000000 		.4byte	.Ldebug_line0
ARM GAS  /tmp/ccDp0B2l.s 			page 9


 446 0025 02       		.uleb128 0x2
 447 0026 01       		.byte	0x1
 448 0027 06       		.byte	0x6
 449 0028 B9010000 		.4byte	.LASF0
 450 002c 03       		.uleb128 0x3
 451 002d 15010000 		.4byte	.LASF5
 452 0031 02       		.byte	0x2
 453 0032 2A       		.byte	0x2a
 454 0033 37000000 		.4byte	0x37
 455 0037 02       		.uleb128 0x2
 456 0038 01       		.byte	0x1
 457 0039 08       		.byte	0x8
 458 003a 73000000 		.4byte	.LASF1
 459 003e 02       		.uleb128 0x2
 460 003f 02       		.byte	0x2
 461 0040 05       		.byte	0x5
 462 0041 56010000 		.4byte	.LASF2
 463 0045 02       		.uleb128 0x2
 464 0046 02       		.byte	0x2
 465 0047 07       		.byte	0x7
 466 0048 AC000000 		.4byte	.LASF3
 467 004c 02       		.uleb128 0x2
 468 004d 04       		.byte	0x4
 469 004e 05       		.byte	0x5
 470 004f AA010000 		.4byte	.LASF4
 471 0053 03       		.uleb128 0x3
 472 0054 A1010000 		.4byte	.LASF6
 473 0058 02       		.byte	0x2
 474 0059 50       		.byte	0x50
 475 005a 5E000000 		.4byte	0x5e
 476 005e 02       		.uleb128 0x2
 477 005f 04       		.byte	0x4
 478 0060 07       		.byte	0x7
 479 0061 8D000000 		.4byte	.LASF7
 480 0065 02       		.uleb128 0x2
 481 0066 08       		.byte	0x8
 482 0067 05       		.byte	0x5
 483 0068 34010000 		.4byte	.LASF8
 484 006c 02       		.uleb128 0x2
 485 006d 08       		.byte	0x8
 486 006e 07       		.byte	0x7
 487 006f FE000000 		.4byte	.LASF9
 488 0073 04       		.uleb128 0x4
 489 0074 04       		.byte	0x4
 490 0075 05       		.byte	0x5
 491 0076 696E7400 		.ascii	"int\000"
 492 007a 02       		.uleb128 0x2
 493 007b 04       		.byte	0x4
 494 007c 07       		.byte	0x7
 495 007d F1000000 		.4byte	.LASF10
 496 0081 03       		.uleb128 0x3
 497 0082 99010000 		.4byte	.LASF11
 498 0086 01       		.byte	0x1
 499 0087 34       		.byte	0x34
 500 0088 8C000000 		.4byte	0x8c
 501 008c 05       		.uleb128 0x5
 502 008d 04       		.byte	0x4
ARM GAS  /tmp/ccDp0B2l.s 			page 10


 503 008e 92000000 		.4byte	0x92
 504 0092 06       		.uleb128 0x6
 505 0093 01       		.byte	0x1
 506 0094 03       		.uleb128 0x3
 507 0095 5C000000 		.4byte	.LASF12
 508 0099 01       		.byte	0x1
 509 009a 35       		.byte	0x35
 510 009b 9F000000 		.4byte	0x9f
 511 009f 05       		.uleb128 0x5
 512 00a0 04       		.byte	0x4
 513 00a1 81000000 		.4byte	0x81
 514 00a5 07       		.uleb128 0x7
 515 00a6 01       		.byte	0x1
 516 00a7 27010000 		.4byte	.LASF13
 517 00ab 01       		.byte	0x1
 518 00ac EA       		.byte	0xea
 519 00ad 01       		.byte	0x1
 520 00ae 00000000 		.4byte	.LFB0
 521 00b2 02000000 		.4byte	.LFE0
 522 00b6 02       		.byte	0x2
 523 00b7 7D       		.byte	0x7d
 524 00b8 00       		.sleb128 0
 525 00b9 01       		.byte	0x1
 526 00ba 07       		.uleb128 0x7
 527 00bb 01       		.byte	0x1
 528 00bc 81000000 		.4byte	.LASF14
 529 00c0 01       		.byte	0x1
 530 00c1 F6       		.byte	0xf6
 531 00c2 01       		.byte	0x1
 532 00c3 00000000 		.4byte	.LFB1
 533 00c7 02000000 		.4byte	.LFE1
 534 00cb 02       		.byte	0x2
 535 00cc 7D       		.byte	0x7d
 536 00cd 00       		.sleb128 0
 537 00ce 01       		.byte	0x1
 538 00cf 08       		.uleb128 0x8
 539 00d0 01       		.byte	0x1
 540 00d1 65000000 		.4byte	.LASF15
 541 00d5 01       		.byte	0x1
 542 00d6 0101     		.2byte	0x101
 543 00d8 01       		.byte	0x1
 544 00d9 00000000 		.4byte	.LFB2
 545 00dd 02000000 		.4byte	.LFE2
 546 00e1 02       		.byte	0x2
 547 00e2 7D       		.byte	0x7d
 548 00e3 00       		.sleb128 0
 549 00e4 01       		.byte	0x1
 550 00e5 09       		.uleb128 0x9
 551 00e6 01       		.byte	0x1
 552 00e7 9F000000 		.4byte	.LASF31
 553 00eb 01       		.byte	0x1
 554 00ec 0C01     		.2byte	0x10c
 555 00ee 01       		.byte	0x1
 556 00ef 00000000 		.4byte	.LFB3
 557 00f3 D4010000 		.4byte	.LFE3
 558 00f7 02       		.byte	0x2
 559 00f8 7D       		.byte	0x7d
ARM GAS  /tmp/ccDp0B2l.s 			page 11


 560 00f9 00       		.sleb128 0
 561 00fa 01       		.byte	0x1
 562 00fb 0D020000 		.4byte	0x20d
 563 00ff 0A       		.uleb128 0xa
 564 0100 70737000 		.ascii	"psp\000"
 565 0104 01       		.byte	0x1
 566 0105 0D01     		.2byte	0x10d
 567 0107 53000000 		.4byte	0x53
 568 010b 00000000 		.4byte	.LLST0
 569 010f 0B       		.uleb128 0xb
 570 0110 72656700 		.ascii	"reg\000"
 571 0114 01       		.byte	0x1
 572 0115 0D01     		.2byte	0x10d
 573 0117 53000000 		.4byte	0x53
 574 011b 02       		.byte	0x2
 575 011c 0C       		.uleb128 0xc
 576 011d 00000000 		.4byte	.Ldebug_ranges0+0
 577 0121 40010000 		.4byte	0x140
 578 0125 0A       		.uleb128 0xa
 579 0126 703100   		.ascii	"p1\000"
 580 0129 01       		.byte	0x1
 581 012a 2D01     		.2byte	0x12d
 582 012c 0D020000 		.4byte	0x20d
 583 0130 1E000000 		.4byte	.LLST1
 584 0134 0D       		.uleb128 0xd
 585 0135 703200   		.ascii	"p2\000"
 586 0138 01       		.byte	0x1
 587 0139 2D01     		.2byte	0x12d
 588 013b 0D020000 		.4byte	0x20d
 589 013f 00       		.byte	0
 590 0140 0C       		.uleb128 0xc
 591 0141 18000000 		.4byte	.Ldebug_ranges0+0x18
 592 0145 64010000 		.4byte	0x164
 593 0149 0A       		.uleb128 0xa
 594 014a 703100   		.ascii	"p1\000"
 595 014d 01       		.byte	0x1
 596 014e 3001     		.2byte	0x130
 597 0150 0D020000 		.4byte	0x20d
 598 0154 31000000 		.4byte	.LLST2
 599 0158 0D       		.uleb128 0xd
 600 0159 703200   		.ascii	"p2\000"
 601 015c 01       		.byte	0x1
 602 015d 3001     		.2byte	0x130
 603 015f 0D020000 		.4byte	0x20d
 604 0163 00       		.byte	0
 605 0164 0C       		.uleb128 0xc
 606 0165 38000000 		.4byte	.Ldebug_ranges0+0x38
 607 0169 88010000 		.4byte	0x188
 608 016d 0D       		.uleb128 0xd
 609 016e 747000   		.ascii	"tp\000"
 610 0171 01       		.byte	0x1
 611 0172 3B01     		.2byte	0x13b
 612 0174 0D020000 		.4byte	0x20d
 613 0178 0A       		.uleb128 0xa
 614 0179 647000   		.ascii	"dp\000"
 615 017c 01       		.byte	0x1
 616 017d 3B01     		.2byte	0x13b
ARM GAS  /tmp/ccDp0B2l.s 			page 12


 617 017f 0D020000 		.4byte	0x20d
 618 0183 44000000 		.4byte	.LLST3
 619 0187 00       		.byte	0
 620 0188 0C       		.uleb128 0xc
 621 0189 58000000 		.4byte	.Ldebug_ranges0+0x58
 622 018d AC010000 		.4byte	0x1ac
 623 0191 0A       		.uleb128 0xa
 624 0192 703100   		.ascii	"p1\000"
 625 0195 01       		.byte	0x1
 626 0196 4601     		.2byte	0x146
 627 0198 0D020000 		.4byte	0x20d
 628 019c 57000000 		.4byte	.LLST4
 629 01a0 0D       		.uleb128 0xd
 630 01a1 703200   		.ascii	"p2\000"
 631 01a4 01       		.byte	0x1
 632 01a5 4601     		.2byte	0x146
 633 01a7 0D020000 		.4byte	0x20d
 634 01ab 00       		.byte	0
 635 01ac 0C       		.uleb128 0xc
 636 01ad 78000000 		.4byte	.Ldebug_ranges0+0x78
 637 01b1 CA010000 		.4byte	0x1ca
 638 01b5 0D       		.uleb128 0xd
 639 01b6 66707000 		.ascii	"fpp\000"
 640 01ba 01       		.byte	0x1
 641 01bb 4F01     		.2byte	0x14f
 642 01bd 94000000 		.4byte	0x94
 643 01c1 0E       		.uleb128 0xe
 644 01c2 4A010000 		.4byte	.LVL20
 645 01c6 02       		.byte	0x2
 646 01c7 76       		.byte	0x76
 647 01c8 00       		.sleb128 0
 648 01c9 00       		.byte	0
 649 01ca 0C       		.uleb128 0xc
 650 01cb 98000000 		.4byte	.Ldebug_ranges0+0x98
 651 01cf E8010000 		.4byte	0x1e8
 652 01d3 0D       		.uleb128 0xd
 653 01d4 66707000 		.ascii	"fpp\000"
 654 01d8 01       		.byte	0x1
 655 01d9 5D01     		.2byte	0x15d
 656 01db 94000000 		.4byte	0x94
 657 01df 0E       		.uleb128 0xe
 658 01e0 90010000 		.4byte	.LVL25
 659 01e4 02       		.byte	0x2
 660 01e5 76       		.byte	0x76
 661 01e6 00       		.sleb128 0
 662 01e7 00       		.byte	0
 663 01e8 0F       		.uleb128 0xf
 664 01e9 8A000000 		.4byte	.LVL9
 665 01ed A5000000 		.4byte	0xa5
 666 01f1 0F       		.uleb128 0xf
 667 01f2 0E010000 		.4byte	.LVL16
 668 01f6 BA000000 		.4byte	0xba
 669 01fa 0F       		.uleb128 0xf
 670 01fb 54010000 		.4byte	.LVL21
 671 01ff BC020000 		.4byte	0x2bc
 672 0203 0F       		.uleb128 0xf
 673 0204 9A010000 		.4byte	.LVL26
ARM GAS  /tmp/ccDp0B2l.s 			page 13


 674 0208 CF000000 		.4byte	0xcf
 675 020c 00       		.byte	0
 676 020d 05       		.uleb128 0x5
 677 020e 04       		.byte	0x4
 678 020f 53000000 		.4byte	0x53
 679 0213 10       		.uleb128 0x10
 680 0214 42010000 		.4byte	.LASF16
 681 0218 01       		.byte	0x1
 682 0219 8B       		.byte	0x8b
 683 021a 53000000 		.4byte	0x53
 684 021e 01       		.byte	0x1
 685 021f 01       		.byte	0x1
 686 0220 10       		.uleb128 0x10
 687 0221 EE010000 		.4byte	.LASF17
 688 0225 01       		.byte	0x1
 689 0226 93       		.byte	0x93
 690 0227 53000000 		.4byte	0x53
 691 022b 01       		.byte	0x1
 692 022c 01       		.byte	0x1
 693 022d 10       		.uleb128 0x10
 694 022e 45000000 		.4byte	.LASF18
 695 0232 01       		.byte	0x1
 696 0233 9A       		.byte	0x9a
 697 0234 53000000 		.4byte	0x53
 698 0238 01       		.byte	0x1
 699 0239 01       		.byte	0x1
 700 023a 10       		.uleb128 0x10
 701 023b C5010000 		.4byte	.LASF19
 702 023f 01       		.byte	0x1
 703 0240 A1       		.byte	0xa1
 704 0241 53000000 		.4byte	0x53
 705 0245 01       		.byte	0x1
 706 0246 01       		.byte	0x1
 707 0247 10       		.uleb128 0x10
 708 0248 1D010000 		.4byte	.LASF20
 709 024c 01       		.byte	0x1
 710 024d A7       		.byte	0xa7
 711 024e 53000000 		.4byte	0x53
 712 0252 01       		.byte	0x1
 713 0253 01       		.byte	0x1
 714 0254 10       		.uleb128 0x10
 715 0255 B3010000 		.4byte	.LASF21
 716 0259 01       		.byte	0x1
 717 025a AD       		.byte	0xad
 718 025b 53000000 		.4byte	0x53
 719 025f 01       		.byte	0x1
 720 0260 01       		.byte	0x1
 721 0261 10       		.uleb128 0x10
 722 0262 0B000000 		.4byte	.LASF22
 723 0266 01       		.byte	0x1
 724 0267 B3       		.byte	0xb3
 725 0268 53000000 		.4byte	0x53
 726 026c 01       		.byte	0x1
 727 026d 01       		.byte	0x1
 728 026e 10       		.uleb128 0x10
 729 026f 00000000 		.4byte	.LASF23
 730 0273 01       		.byte	0x1
ARM GAS  /tmp/ccDp0B2l.s 			page 14


 731 0274 B9       		.byte	0xb9
 732 0275 53000000 		.4byte	0x53
 733 0279 01       		.byte	0x1
 734 027a 01       		.byte	0x1
 735 027b 10       		.uleb128 0x10
 736 027c D2000000 		.4byte	.LASF24
 737 0280 01       		.byte	0x1
 738 0281 BF       		.byte	0xbf
 739 0282 53000000 		.4byte	0x53
 740 0286 01       		.byte	0x1
 741 0287 01       		.byte	0x1
 742 0288 10       		.uleb128 0x10
 743 0289 DB010000 		.4byte	.LASF25
 744 028d 01       		.byte	0x1
 745 028e C5       		.byte	0xc5
 746 028f 81000000 		.4byte	0x81
 747 0293 01       		.byte	0x1
 748 0294 01       		.byte	0x1
 749 0295 10       		.uleb128 0x10
 750 0296 DB000000 		.4byte	.LASF26
 751 029a 01       		.byte	0x1
 752 029b CB       		.byte	0xcb
 753 029c 81000000 		.4byte	0x81
 754 02a0 01       		.byte	0x1
 755 02a1 01       		.byte	0x1
 756 02a2 10       		.uleb128 0x10
 757 02a3 BF000000 		.4byte	.LASF27
 758 02a7 01       		.byte	0x1
 759 02a8 D1       		.byte	0xd1
 760 02a9 81000000 		.4byte	0x81
 761 02ad 01       		.byte	0x1
 762 02ae 01       		.byte	0x1
 763 02af 10       		.uleb128 0x10
 764 02b0 34000000 		.4byte	.LASF28
 765 02b4 01       		.byte	0x1
 766 02b5 D7       		.byte	0xd7
 767 02b6 81000000 		.4byte	0x81
 768 02ba 01       		.byte	0x1
 769 02bb 01       		.byte	0x1
 770 02bc 11       		.uleb128 0x11
 771 02bd 01       		.byte	0x1
 772 02be EC000000 		.4byte	.LASF32
 773 02c2 01       		.byte	0x1
 774 02c3 DE       		.byte	0xde
 775 02c4 01       		.byte	0x1
 776 02c5 01       		.byte	0x1
 777 02c6 00       		.byte	0
 778              		.section	.debug_abbrev,"",%progbits
 779              	.Ldebug_abbrev0:
 780 0000 01       		.uleb128 0x1
 781 0001 11       		.uleb128 0x11
 782 0002 01       		.byte	0x1
 783 0003 25       		.uleb128 0x25
 784 0004 0E       		.uleb128 0xe
 785 0005 13       		.uleb128 0x13
 786 0006 0B       		.uleb128 0xb
 787 0007 03       		.uleb128 0x3
ARM GAS  /tmp/ccDp0B2l.s 			page 15


 788 0008 0E       		.uleb128 0xe
 789 0009 55       		.uleb128 0x55
 790 000a 06       		.uleb128 0x6
 791 000b 11       		.uleb128 0x11
 792 000c 01       		.uleb128 0x1
 793 000d 52       		.uleb128 0x52
 794 000e 01       		.uleb128 0x1
 795 000f 10       		.uleb128 0x10
 796 0010 06       		.uleb128 0x6
 797 0011 00       		.byte	0
 798 0012 00       		.byte	0
 799 0013 02       		.uleb128 0x2
 800 0014 24       		.uleb128 0x24
 801 0015 00       		.byte	0
 802 0016 0B       		.uleb128 0xb
 803 0017 0B       		.uleb128 0xb
 804 0018 3E       		.uleb128 0x3e
 805 0019 0B       		.uleb128 0xb
 806 001a 03       		.uleb128 0x3
 807 001b 0E       		.uleb128 0xe
 808 001c 00       		.byte	0
 809 001d 00       		.byte	0
 810 001e 03       		.uleb128 0x3
 811 001f 16       		.uleb128 0x16
 812 0020 00       		.byte	0
 813 0021 03       		.uleb128 0x3
 814 0022 0E       		.uleb128 0xe
 815 0023 3A       		.uleb128 0x3a
 816 0024 0B       		.uleb128 0xb
 817 0025 3B       		.uleb128 0x3b
 818 0026 0B       		.uleb128 0xb
 819 0027 49       		.uleb128 0x49
 820 0028 13       		.uleb128 0x13
 821 0029 00       		.byte	0
 822 002a 00       		.byte	0
 823 002b 04       		.uleb128 0x4
 824 002c 24       		.uleb128 0x24
 825 002d 00       		.byte	0
 826 002e 0B       		.uleb128 0xb
 827 002f 0B       		.uleb128 0xb
 828 0030 3E       		.uleb128 0x3e
 829 0031 0B       		.uleb128 0xb
 830 0032 03       		.uleb128 0x3
 831 0033 08       		.uleb128 0x8
 832 0034 00       		.byte	0
 833 0035 00       		.byte	0
 834 0036 05       		.uleb128 0x5
 835 0037 0F       		.uleb128 0xf
 836 0038 00       		.byte	0
 837 0039 0B       		.uleb128 0xb
 838 003a 0B       		.uleb128 0xb
 839 003b 49       		.uleb128 0x49
 840 003c 13       		.uleb128 0x13
 841 003d 00       		.byte	0
 842 003e 00       		.byte	0
 843 003f 06       		.uleb128 0x6
 844 0040 15       		.uleb128 0x15
ARM GAS  /tmp/ccDp0B2l.s 			page 16


 845 0041 00       		.byte	0
 846 0042 27       		.uleb128 0x27
 847 0043 0C       		.uleb128 0xc
 848 0044 00       		.byte	0
 849 0045 00       		.byte	0
 850 0046 07       		.uleb128 0x7
 851 0047 2E       		.uleb128 0x2e
 852 0048 00       		.byte	0
 853 0049 3F       		.uleb128 0x3f
 854 004a 0C       		.uleb128 0xc
 855 004b 03       		.uleb128 0x3
 856 004c 0E       		.uleb128 0xe
 857 004d 3A       		.uleb128 0x3a
 858 004e 0B       		.uleb128 0xb
 859 004f 3B       		.uleb128 0x3b
 860 0050 0B       		.uleb128 0xb
 861 0051 27       		.uleb128 0x27
 862 0052 0C       		.uleb128 0xc
 863 0053 11       		.uleb128 0x11
 864 0054 01       		.uleb128 0x1
 865 0055 12       		.uleb128 0x12
 866 0056 01       		.uleb128 0x1
 867 0057 40       		.uleb128 0x40
 868 0058 0A       		.uleb128 0xa
 869 0059 9742     		.uleb128 0x2117
 870 005b 0C       		.uleb128 0xc
 871 005c 00       		.byte	0
 872 005d 00       		.byte	0
 873 005e 08       		.uleb128 0x8
 874 005f 2E       		.uleb128 0x2e
 875 0060 00       		.byte	0
 876 0061 3F       		.uleb128 0x3f
 877 0062 0C       		.uleb128 0xc
 878 0063 03       		.uleb128 0x3
 879 0064 0E       		.uleb128 0xe
 880 0065 3A       		.uleb128 0x3a
 881 0066 0B       		.uleb128 0xb
 882 0067 3B       		.uleb128 0x3b
 883 0068 05       		.uleb128 0x5
 884 0069 27       		.uleb128 0x27
 885 006a 0C       		.uleb128 0xc
 886 006b 11       		.uleb128 0x11
 887 006c 01       		.uleb128 0x1
 888 006d 12       		.uleb128 0x12
 889 006e 01       		.uleb128 0x1
 890 006f 40       		.uleb128 0x40
 891 0070 0A       		.uleb128 0xa
 892 0071 9742     		.uleb128 0x2117
 893 0073 0C       		.uleb128 0xc
 894 0074 00       		.byte	0
 895 0075 00       		.byte	0
 896 0076 09       		.uleb128 0x9
 897 0077 2E       		.uleb128 0x2e
 898 0078 01       		.byte	0x1
 899 0079 3F       		.uleb128 0x3f
 900 007a 0C       		.uleb128 0xc
 901 007b 03       		.uleb128 0x3
ARM GAS  /tmp/ccDp0B2l.s 			page 17


 902 007c 0E       		.uleb128 0xe
 903 007d 3A       		.uleb128 0x3a
 904 007e 0B       		.uleb128 0xb
 905 007f 3B       		.uleb128 0x3b
 906 0080 05       		.uleb128 0x5
 907 0081 27       		.uleb128 0x27
 908 0082 0C       		.uleb128 0xc
 909 0083 11       		.uleb128 0x11
 910 0084 01       		.uleb128 0x1
 911 0085 12       		.uleb128 0x12
 912 0086 01       		.uleb128 0x1
 913 0087 40       		.uleb128 0x40
 914 0088 0A       		.uleb128 0xa
 915 0089 9642     		.uleb128 0x2116
 916 008b 0C       		.uleb128 0xc
 917 008c 01       		.uleb128 0x1
 918 008d 13       		.uleb128 0x13
 919 008e 00       		.byte	0
 920 008f 00       		.byte	0
 921 0090 0A       		.uleb128 0xa
 922 0091 34       		.uleb128 0x34
 923 0092 00       		.byte	0
 924 0093 03       		.uleb128 0x3
 925 0094 08       		.uleb128 0x8
 926 0095 3A       		.uleb128 0x3a
 927 0096 0B       		.uleb128 0xb
 928 0097 3B       		.uleb128 0x3b
 929 0098 05       		.uleb128 0x5
 930 0099 49       		.uleb128 0x49
 931 009a 13       		.uleb128 0x13
 932 009b 02       		.uleb128 0x2
 933 009c 06       		.uleb128 0x6
 934 009d 00       		.byte	0
 935 009e 00       		.byte	0
 936 009f 0B       		.uleb128 0xb
 937 00a0 34       		.uleb128 0x34
 938 00a1 00       		.byte	0
 939 00a2 03       		.uleb128 0x3
 940 00a3 08       		.uleb128 0x8
 941 00a4 3A       		.uleb128 0x3a
 942 00a5 0B       		.uleb128 0xb
 943 00a6 3B       		.uleb128 0x3b
 944 00a7 05       		.uleb128 0x5
 945 00a8 49       		.uleb128 0x49
 946 00a9 13       		.uleb128 0x13
 947 00aa 1C       		.uleb128 0x1c
 948 00ab 0B       		.uleb128 0xb
 949 00ac 00       		.byte	0
 950 00ad 00       		.byte	0
 951 00ae 0C       		.uleb128 0xc
 952 00af 0B       		.uleb128 0xb
 953 00b0 01       		.byte	0x1
 954 00b1 55       		.uleb128 0x55
 955 00b2 06       		.uleb128 0x6
 956 00b3 01       		.uleb128 0x1
 957 00b4 13       		.uleb128 0x13
 958 00b5 00       		.byte	0
ARM GAS  /tmp/ccDp0B2l.s 			page 18


 959 00b6 00       		.byte	0
 960 00b7 0D       		.uleb128 0xd
 961 00b8 34       		.uleb128 0x34
 962 00b9 00       		.byte	0
 963 00ba 03       		.uleb128 0x3
 964 00bb 08       		.uleb128 0x8
 965 00bc 3A       		.uleb128 0x3a
 966 00bd 0B       		.uleb128 0xb
 967 00be 3B       		.uleb128 0x3b
 968 00bf 05       		.uleb128 0x5
 969 00c0 49       		.uleb128 0x49
 970 00c1 13       		.uleb128 0x13
 971 00c2 00       		.byte	0
 972 00c3 00       		.byte	0
 973 00c4 0E       		.uleb128 0xe
 974 00c5 898201   		.uleb128 0x4109
 975 00c8 00       		.byte	0
 976 00c9 11       		.uleb128 0x11
 977 00ca 01       		.uleb128 0x1
 978 00cb 9342     		.uleb128 0x2113
 979 00cd 0A       		.uleb128 0xa
 980 00ce 00       		.byte	0
 981 00cf 00       		.byte	0
 982 00d0 0F       		.uleb128 0xf
 983 00d1 898201   		.uleb128 0x4109
 984 00d4 00       		.byte	0
 985 00d5 11       		.uleb128 0x11
 986 00d6 01       		.uleb128 0x1
 987 00d7 31       		.uleb128 0x31
 988 00d8 13       		.uleb128 0x13
 989 00d9 00       		.byte	0
 990 00da 00       		.byte	0
 991 00db 10       		.uleb128 0x10
 992 00dc 34       		.uleb128 0x34
 993 00dd 00       		.byte	0
 994 00de 03       		.uleb128 0x3
 995 00df 0E       		.uleb128 0xe
 996 00e0 3A       		.uleb128 0x3a
 997 00e1 0B       		.uleb128 0xb
 998 00e2 3B       		.uleb128 0x3b
 999 00e3 0B       		.uleb128 0xb
 1000 00e4 49       		.uleb128 0x49
 1001 00e5 13       		.uleb128 0x13
 1002 00e6 3F       		.uleb128 0x3f
 1003 00e7 0C       		.uleb128 0xc
 1004 00e8 3C       		.uleb128 0x3c
 1005 00e9 0C       		.uleb128 0xc
 1006 00ea 00       		.byte	0
 1007 00eb 00       		.byte	0
 1008 00ec 11       		.uleb128 0x11
 1009 00ed 2E       		.uleb128 0x2e
 1010 00ee 00       		.byte	0
 1011 00ef 3F       		.uleb128 0x3f
 1012 00f0 0C       		.uleb128 0xc
 1013 00f1 03       		.uleb128 0x3
 1014 00f2 0E       		.uleb128 0xe
 1015 00f3 3A       		.uleb128 0x3a
ARM GAS  /tmp/ccDp0B2l.s 			page 19


 1016 00f4 0B       		.uleb128 0xb
 1017 00f5 3B       		.uleb128 0x3b
 1018 00f6 0B       		.uleb128 0xb
 1019 00f7 27       		.uleb128 0x27
 1020 00f8 0C       		.uleb128 0xc
 1021 00f9 3C       		.uleb128 0x3c
 1022 00fa 0C       		.uleb128 0xc
 1023 00fb 00       		.byte	0
 1024 00fc 00       		.byte	0
 1025 00fd 00       		.byte	0
 1026              		.section	.debug_loc,"",%progbits
 1027              	.Ldebug_loc0:
 1028              	.LLST0:
 1029 0000 06000000 		.4byte	.LVL0
 1030 0004 56000000 		.4byte	.LVL6
 1031 0008 0100     		.2byte	0x1
 1032 000a 54       		.byte	0x54
 1033 000b 56000000 		.4byte	.LVL6
 1034 000f D4010000 		.4byte	.LFE3
 1035 0013 0100     		.2byte	0x1
 1036 0015 56       		.byte	0x56
 1037 0016 00000000 		.4byte	0
 1038 001a 00000000 		.4byte	0
 1039              	.LLST1:
 1040 001e 34000000 		.4byte	.LVL3
 1041 0022 3E000000 		.4byte	.LVL4
 1042 0026 0100     		.2byte	0x1
 1043 0028 52       		.byte	0x52
 1044 0029 00000000 		.4byte	0
 1045 002d 00000000 		.4byte	0
 1046              	.LLST2:
 1047 0031 6C000000 		.4byte	.LVL7
 1048 0035 76000000 		.4byte	.LVL8
 1049 0039 0100     		.2byte	0x1
 1050 003b 52       		.byte	0x52
 1051 003c 00000000 		.4byte	0
 1052 0040 00000000 		.4byte	0
 1053              	.LLST3:
 1054 0044 AC000000 		.4byte	.LVL10
 1055 0048 B6000000 		.4byte	.LVL11
 1056 004c 0100     		.2byte	0x1
 1057 004e 51       		.byte	0x51
 1058 004f 00000000 		.4byte	0
 1059 0053 00000000 		.4byte	0
 1060              	.LLST4:
 1061 0057 F0000000 		.4byte	.LVL14
 1062 005b FA000000 		.4byte	.LVL15
 1063 005f 0100     		.2byte	0x1
 1064 0061 52       		.byte	0x52
 1065 0062 00000000 		.4byte	0
 1066 0066 00000000 		.4byte	0
 1067              		.section	.debug_aranges,"",%progbits
 1068 0000 34000000 		.4byte	0x34
 1069 0004 0200     		.2byte	0x2
 1070 0006 00000000 		.4byte	.Ldebug_info0
 1071 000a 04       		.byte	0x4
 1072 000b 00       		.byte	0
ARM GAS  /tmp/ccDp0B2l.s 			page 20


 1073 000c 0000     		.2byte	0
 1074 000e 0000     		.2byte	0
 1075 0010 00000000 		.4byte	.LFB0
 1076 0014 02000000 		.4byte	.LFE0-.LFB0
 1077 0018 00000000 		.4byte	.LFB1
 1078 001c 02000000 		.4byte	.LFE1-.LFB1
 1079 0020 00000000 		.4byte	.LFB2
 1080 0024 02000000 		.4byte	.LFE2-.LFB2
 1081 0028 00000000 		.4byte	.LFB3
 1082 002c D4010000 		.4byte	.LFE3-.LFB3
 1083 0030 00000000 		.4byte	0
 1084 0034 00000000 		.4byte	0
 1085              		.section	.debug_ranges,"",%progbits
 1086              	.Ldebug_ranges0:
 1087 0000 14000000 		.4byte	.LBB2
 1088 0004 1C000000 		.4byte	.LBE2
 1089 0008 28000000 		.4byte	.LBB4
 1090 000c 4E000000 		.4byte	.LBE4
 1091 0010 00000000 		.4byte	0
 1092 0014 00000000 		.4byte	0
 1093 0018 1C000000 		.4byte	.LBB3
 1094 001c 28000000 		.4byte	.LBE3
 1095 0020 4E000000 		.4byte	.LBB5
 1096 0024 54000000 		.4byte	.LBE5
 1097 0028 60000000 		.4byte	.LBB7
 1098 002c 86000000 		.4byte	.LBE7
 1099 0030 00000000 		.4byte	0
 1100 0034 00000000 		.4byte	0
 1101 0038 54000000 		.4byte	.LBB6
 1102 003c 60000000 		.4byte	.LBE6
 1103 0040 8A000000 		.4byte	.LBB8
 1104 0044 92000000 		.4byte	.LBE8
 1105 0048 A4000000 		.4byte	.LBB10
 1106 004c D0000000 		.4byte	.LBE10
 1107 0050 00000000 		.4byte	0
 1108 0054 00000000 		.4byte	0
 1109 0058 92000000 		.4byte	.LBB9
 1110 005c A4000000 		.4byte	.LBE9
 1111 0060 D0000000 		.4byte	.LBB11
 1112 0064 D8000000 		.4byte	.LBE11
 1113 0068 E8000000 		.4byte	.LBB13
 1114 006c 0A010000 		.4byte	.LBE13
 1115 0070 00000000 		.4byte	0
 1116 0074 00000000 		.4byte	0
 1117 0078 D8000000 		.4byte	.LBB12
 1118 007c E8000000 		.4byte	.LBE12
 1119 0080 0E010000 		.4byte	.LBB14
 1120 0084 16010000 		.4byte	.LBE14
 1121 0088 26010000 		.4byte	.LBB16
 1122 008c 50010000 		.4byte	.LBE16
 1123 0090 00000000 		.4byte	0
 1124 0094 00000000 		.4byte	0
 1125 0098 16010000 		.4byte	.LBB15
 1126 009c 26010000 		.4byte	.LBE15
 1127 00a0 54010000 		.4byte	.LBB17
 1128 00a4 5C010000 		.4byte	.LBE17
 1129 00a8 6C010000 		.4byte	.LBB18
ARM GAS  /tmp/ccDp0B2l.s 			page 21


 1130 00ac 96010000 		.4byte	.LBE18
 1131 00b0 00000000 		.4byte	0
 1132 00b4 00000000 		.4byte	0
 1133 00b8 00000000 		.4byte	.LFB0
 1134 00bc 02000000 		.4byte	.LFE0
 1135 00c0 00000000 		.4byte	.LFB1
 1136 00c4 02000000 		.4byte	.LFE1
 1137 00c8 00000000 		.4byte	.LFB2
 1138 00cc 02000000 		.4byte	.LFE2
 1139 00d0 00000000 		.4byte	.LFB3
 1140 00d4 D4010000 		.4byte	.LFE3
 1141 00d8 00000000 		.4byte	0
 1142 00dc 00000000 		.4byte	0
 1143              		.section	.debug_line,"",%progbits
 1144              	.Ldebug_line0:
 1145 0000 71010000 		.section	.debug_str,"MS",%progbits,1
 1145      0200C800 
 1145      00000201 
 1145      FB0E0D00 
 1145      01010101 
 1146              	.LASF23:
 1147 0000 5F627373 		.ascii	"_bss_start\000"
 1147      5F737461 
 1147      727400
 1148              	.LASF22:
 1149 000b 5F656461 		.ascii	"_edata\000"
 1149      746100
 1150              	.LASF29:
 1151 0012 474E5520 		.ascii	"GNU C 4.7.4 20130913 (prerelease)\000"
 1151      4320342E 
 1151      372E3420 
 1151      32303133 
 1151      30393133 
 1152              	.LASF28:
 1153 0034 5F5F6669 		.ascii	"__fini_array_end\000"
 1153      6E695F61 
 1153      72726179 
 1153      5F656E64 
 1153      00
 1154              	.LASF18:
 1155 0045 5F5F7072 		.ascii	"__process_stack_base__\000"
 1155      6F636573 
 1155      735F7374 
 1155      61636B5F 
 1155      62617365 
 1156              	.LASF12:
 1157 005c 66756E63 		.ascii	"funcpp_t\000"
 1157      70705F74 
 1157      00
 1158              	.LASF15:
 1159 0065 5F646566 		.ascii	"_default_exit\000"
 1159      61756C74 
 1159      5F657869 
 1159      7400
 1160              	.LASF1:
 1161 0073 756E7369 		.ascii	"unsigned char\000"
 1161      676E6564 
ARM GAS  /tmp/ccDp0B2l.s 			page 22


 1161      20636861 
 1161      7200
 1162              	.LASF14:
 1163 0081 5F5F6C61 		.ascii	"__late_init\000"
 1163      74655F69 
 1163      6E697400 
 1164              	.LASF7:
 1165 008d 6C6F6E67 		.ascii	"long unsigned int\000"
 1165      20756E73 
 1165      69676E65 
 1165      6420696E 
 1165      7400
 1166              	.LASF31:
 1167 009f 52657365 		.ascii	"ResetHandler\000"
 1167      7448616E 
 1167      646C6572 
 1167      00
 1168              	.LASF3:
 1169 00ac 73686F72 		.ascii	"short unsigned int\000"
 1169      7420756E 
 1169      7369676E 
 1169      65642069 
 1169      6E7400
 1170              	.LASF27:
 1171 00bf 5F5F6669 		.ascii	"__fini_array_start\000"
 1171      6E695F61 
 1171      72726179 
 1171      5F737461 
 1171      727400
 1172              	.LASF24:
 1173 00d2 5F627373 		.ascii	"_bss_end\000"
 1173      5F656E64 
 1173      00
 1174              	.LASF26:
 1175 00db 5F5F696E 		.ascii	"__init_array_end\000"
 1175      69745F61 
 1175      72726179 
 1175      5F656E64 
 1175      00
 1176              	.LASF32:
 1177 00ec 6D61696E 		.ascii	"main\000"
 1177      00
 1178              	.LASF10:
 1179 00f1 756E7369 		.ascii	"unsigned int\000"
 1179      676E6564 
 1179      20696E74 
 1179      00
 1180              	.LASF9:
 1181 00fe 6C6F6E67 		.ascii	"long long unsigned int\000"
 1181      206C6F6E 
 1181      6720756E 
 1181      7369676E 
 1181      65642069 
 1182              	.LASF5:
 1183 0115 75696E74 		.ascii	"uint8_t\000"
 1183      385F7400 
 1184              	.LASF20:
ARM GAS  /tmp/ccDp0B2l.s 			page 23


 1185 011d 5F746578 		.ascii	"_textdata\000"
 1185      74646174 
 1185      6100
 1186              	.LASF13:
 1187 0127 5F5F6561 		.ascii	"__early_init\000"
 1187      726C795F 
 1187      696E6974 
 1187      00
 1188              	.LASF8:
 1189 0134 6C6F6E67 		.ascii	"long long int\000"
 1189      206C6F6E 
 1189      6720696E 
 1189      7400
 1190              	.LASF16:
 1191 0142 5F5F6D61 		.ascii	"__main_stack_base__\000"
 1191      696E5F73 
 1191      7461636B 
 1191      5F626173 
 1191      655F5F00 
 1192              	.LASF2:
 1193 0156 73686F72 		.ascii	"short int\000"
 1193      7420696E 
 1193      7400
 1194              	.LASF30:
 1195 0160 2F686F6D 		.ascii	"/home/matt/arm_cortex/ChibiOS/os/ports/GCC/ARMCMx/c"
 1195      652F6D61 
 1195      74742F61 
 1195      726D5F63 
 1195      6F727465 
 1196 0193 7274302E 		.ascii	"rt0.c\000"
 1196      6300
 1197              	.LASF11:
 1198 0199 66756E63 		.ascii	"funcp_t\000"
 1198      705F7400 
 1199              	.LASF6:
 1200 01a1 75696E74 		.ascii	"uint32_t\000"
 1200      33325F74 
 1200      00
 1201              	.LASF4:
 1202 01aa 6C6F6E67 		.ascii	"long int\000"
 1202      20696E74 
 1202      00
 1203              	.LASF21:
 1204 01b3 5F646174 		.ascii	"_data\000"
 1204      6100
 1205              	.LASF0:
 1206 01b9 7369676E 		.ascii	"signed char\000"
 1206      65642063 
 1206      68617200 
 1207              	.LASF19:
 1208 01c5 5F5F7072 		.ascii	"__process_stack_end__\000"
 1208      6F636573 
 1208      735F7374 
 1208      61636B5F 
 1208      656E645F 
 1209              	.LASF25:
 1210 01db 5F5F696E 		.ascii	"__init_array_start\000"
ARM GAS  /tmp/ccDp0B2l.s 			page 24


 1210      69745F61 
 1210      72726179 
 1210      5F737461 
 1210      727400
 1211              	.LASF17:
 1212 01ee 5F5F6D61 		.ascii	"__main_stack_end__\000"
 1212      696E5F73 
 1212      7461636B 
 1212      5F656E64 
 1212      5F5F00
 1213              		.ident	"GCC: (GNU Tools for ARM Embedded Processors / bleeding-edge-toolchain-131005) 4.7.4 201309
ARM GAS  /tmp/ccDp0B2l.s 			page 25


DEFINED SYMBOLS
                            *ABS*:0000000000000000 crt0.c
     /tmp/ccDp0B2l.s:18     .text.__early_init:0000000000000000 $t
     /tmp/ccDp0B2l.s:24     .text.__early_init:0000000000000000 __early_init
     /tmp/ccDp0B2l.s:36     .text.__late_init:0000000000000000 $t
     /tmp/ccDp0B2l.s:42     .text.__late_init:0000000000000000 __late_init
     /tmp/ccDp0B2l.s:53     .text._default_exit:0000000000000000 $t
     /tmp/ccDp0B2l.s:59     .text._default_exit:0000000000000000 _default_exit
     /tmp/ccDp0B2l.s:69     .text.ResetHandler:0000000000000000 $t
     /tmp/ccDp0B2l.s:75     .text.ResetHandler:0000000000000000 ResetHandler
     /tmp/ccDp0B2l.s:412    .text.ResetHandler:000000000000019c $d
                     .debug_frame:0000000000000010 $d
     /tmp/ccDp0B2l.s:429    .text.ResetHandler:00000000000001d4 $t

UNDEFINED SYMBOLS
main
__process_stack_end__
__main_stack_base__
__main_stack_end__
__process_stack_base__
_data
_edata
_textdata
_bss_start
_bss_end
__init_array_start
__init_array_end
__fini_array_start
__fini_array_end
