ARM GAS  /tmp/cckmGpmh.s 			page 1


   1              		.cpu cortex-m0
   2              		.fpu softvfp
   3              		.eabi_attribute 20, 1
   4              		.eabi_attribute 21, 1
   5              		.eabi_attribute 23, 3
   6              		.eabi_attribute 24, 1
   7              		.eabi_attribute 25, 1
   8              		.eabi_attribute 26, 1
   9              		.eabi_attribute 30, 2
  10              		.eabi_attribute 34, 0
  11              		.eabi_attribute 18, 4
  12              		.code	16
  13              		.file	"fonts.c"
  14              		.text
  15              	.Ltext0:
  16              		.cfi_sections	.debug_frame
  17              		.section	.text.matchfont,"ax",%progbits
  18              		.align	2
  19              		.p2align 4,,15
  20              		.code	16
  21              		.thumb_func
  22              		.type	matchfont, %function
  23              	matchfont:
  24              	.LFB40:
  25              		.file 1 "/home/matt/arm_cortex/ChibiOS/ext/ugfx/src/gdisp/fonts.c"
  26              		.loc 1 28 0
  27              		.cfi_startproc
  28              	.LVL0:
  29 0000 0378     		ldrb	r3, [r0]
  30 0002 0A78     		ldrb	r2, [r1]
  31              	.L15:
  32              		.loc 1 30 0
  33 0004 002B     		cmp	r3, #0
  34 0006 02D1     		bne	.L17
  35              		.loc 1 40 0
  36 0008 5042     		neg	r0, r2
  37 000a 5041     		adc	r0, r0, r2
  38              	.LVL1:
  39              	.L7:
  40              		.loc 1 49 0
  41              		@ sp needed for prologue
  42 000c 7047     		bx	lr
  43              	.LVL2:
  44              	.L17:
  45              		.loc 1 30 0
  46 000e 2A2B     		cmp	r3, #42
  47 0010 06D0     		beq	.L18
  48              		.loc 1 42 0
  49 0012 9342     		cmp	r3, r2
  50 0014 14D1     		bne	.L10
  51              	.LVL3:
  52 0016 4378     		ldrb	r3, [r0, #1]
  53 0018 4A78     		ldrb	r2, [r1, #1]
  54              		.loc 1 44 0
  55 001a 0130     		add	r0, r0, #1
  56              	.LVL4:
  57              		.loc 1 45 0
ARM GAS  /tmp/cckmGpmh.s 			page 2


  58 001c 0131     		add	r1, r1, #1
  59              	.LVL5:
  60              		.loc 1 46 0
  61 001e F1E7     		b	.L15
  62              	.L18:
  63              		.loc 1 32 0
  64 0020 002A     		cmp	r2, #0
  65 0022 06D0     		beq	.L19
  66              	.L6:
  67              		.loc 1 34 0
  68 0024 4378     		ldrb	r3, [r0, #1]
  69 0026 9342     		cmp	r3, r2
  70 0028 07D0     		beq	.L20
  71              	.LVL6:
  72 002a 4A78     		ldrb	r2, [r1, #1]
  73              		.loc 1 37 0
  74 002c 0131     		add	r1, r1, #1
  75              	.LVL7:
  76              		.loc 1 32 0
  77 002e 002A     		cmp	r2, #0
  78 0030 F8D1     		bne	.L6
  79              	.L19:
  80              		.loc 1 33 0
  81 0032 4078     		ldrb	r0, [r0, #1]
  82              	.LVL8:
  83 0034 4342     		neg	r3, r0
  84 0036 5841     		adc	r0, r0, r3
  85 0038 E8E7     		b	.L7
  86              	.LVL9:
  87              	.L20:
  88              		.loc 1 35 0
  89 003a 0130     		add	r0, r0, #1
  90              	.LVL10:
  91 003c 131C     		mov	r3, r2
  92 003e E1E7     		b	.L15
  93              	.L10:
  94              		.loc 1 43 0
  95 0040 0020     		mov	r0, #0
  96              	.LVL11:
  97 0042 E3E7     		b	.L7
  98              		.cfi_endproc
  99              	.LFE40:
 100              		.size	matchfont, .-matchfont
 101 0044 C046C046 		.section	.text.gdispOpenFont,"ax",%progbits
 101      C046C046 
 101      C046C046 
 102              		.align	2
 103              		.p2align 4,,15
 104              		.global	gdispOpenFont
 105              		.code	16
 106              		.thumb_func
 107              		.type	gdispOpenFont, %function
 108              	gdispOpenFont:
 109              	.LFB41:
 110              		.loc 1 51 0
 111              		.cfi_startproc
 112              	.LVL12:
ARM GAS  /tmp/cckmGpmh.s 			page 3


 113 0000 70B5     		push	{r4, r5, r6, lr}
 114              	.LCFI0:
 115              		.cfi_def_cfa_offset 16
 116              		.cfi_offset 4, -16
 117              		.cfi_offset 5, -12
 118              		.cfi_offset 6, -8
 119              		.cfi_offset 14, -4
 120              		.loc 1 51 0
 121 0002 061C     		mov	r6, r0
 122              		.loc 1 56 0
 123 0004 FFF7FEFF 		bl	mf_get_font_list
 124              	.LVL13:
 125 0008 041E     		sub	r4, r0, #0
 126              	.LVL14:
 127 000a 03D1     		bne	.L32
 128 000c 0BE0     		b	.L22
 129              	.LVL15:
 130              	.L37:
 131 000e 2468     		ldr	r4, [r4]
 132              	.LVL16:
 133 0010 002C     		cmp	r4, #0
 134 0012 08D0     		beq	.L22
 135              	.L32:
 136              		.loc 1 57 0
 137 0014 6568     		ldr	r5, [r4, #4]
 138 0016 301C     		mov	r0, r6
 139 0018 2968     		ldr	r1, [r5]
 140 001a FFF7FEFF 		bl	matchfont
 141              	.LVL17:
 142 001e 0028     		cmp	r0, #0
 143 0020 F5D0     		beq	.L37
 144              	.L23:
 145              		.loc 1 69 0
 146 0022 281C     		mov	r0, r5
 147              		@ sp needed for prologue
 148              	.LVL18:
 149              	.LVL19:
 150 0024 70BD     		pop	{r4, r5, r6, pc}
 151              	.LVL20:
 152              	.L22:
 153              		.loc 1 62 0
 154 0026 FFF7FEFF 		bl	mf_get_font_list
 155              	.LVL21:
 156 002a 041E     		sub	r4, r0, #0
 157              	.LVL22:
 158 002c 06D1     		bne	.L31
 159              	.LVL23:
 160              	.L25:
 161              		.loc 1 68 0
 162 002e FFF7FEFF 		bl	mf_get_font_list
 163              	.LVL24:
 164 0032 4568     		ldr	r5, [r0, #4]
 165 0034 F5E7     		b	.L23
 166              	.L38:
 167              		.loc 1 62 0
 168 0036 2468     		ldr	r4, [r4]
 169              	.LVL25:
ARM GAS  /tmp/cckmGpmh.s 			page 4


 170 0038 002C     		cmp	r4, #0
 171 003a F8D0     		beq	.L25
 172              	.L31:
 173              		.loc 1 63 0
 174 003c 6568     		ldr	r5, [r4, #4]
 175 003e 301C     		mov	r0, r6
 176 0040 6968     		ldr	r1, [r5, #4]
 177 0042 FFF7FEFF 		bl	matchfont
 178              	.LVL26:
 179 0046 0028     		cmp	r0, #0
 180 0048 F5D0     		beq	.L38
 181 004a EAE7     		b	.L23
 182              		.cfi_endproc
 183              	.LFE41:
 184              		.size	gdispOpenFont, .-gdispOpenFont
 185 004c C046C046 		.section	.text.gdispCloseFont,"ax",%progbits
 186              		.align	2
 187              		.p2align 4,,15
 188              		.global	gdispCloseFont
 189              		.code	16
 190              		.thumb_func
 191              		.type	gdispCloseFont, %function
 192              	gdispCloseFont:
 193              	.LFB42:
 194              		.loc 1 71 0
 195              		.cfi_startproc
 196              	.LVL27:
 197 0000 08B5     		push	{r3, lr}
 198              	.LCFI1:
 199              		.cfi_def_cfa_offset 8
 200              		.cfi_offset 3, -8
 201              		.cfi_offset 14, -4
 202              		.loc 1 72 0
 203 0002 C37B     		ldrb	r3, [r0, #15]
 204 0004 7F2B     		cmp	r3, #127
 205 0006 00D8     		bhi	.L41
 206              	.LVL28:
 207              	.L39:
 208              		.loc 1 82 0
 209              		@ sp needed for prologue
 210 0008 08BD     		pop	{r3, pc}
 211              	.LVL29:
 212              	.L41:
 213              	.LBB2:
 214              		.loc 1 77 0
 215 000a 0021     		mov	r1, #0
 216 000c 8161     		str	r1, [r0, #24]
 217              		.loc 1 80 0
 218 000e FFF7FEFF 		bl	chHeapFree
 219              	.LVL30:
 220 0012 F9E7     		b	.L39
 221              	.LBE2:
 222              		.cfi_endproc
 223              	.LFE42:
 224              		.size	gdispCloseFont, .-gdispCloseFont
 225 0014 C046C046 		.section	.text.gdispScaleFont,"ax",%progbits
 225      C046C046 
ARM GAS  /tmp/cckmGpmh.s 			page 5


 225      C046C046 
 226              		.align	2
 227              		.p2align 4,,15
 228              		.global	gdispScaleFont
 229              		.code	16
 230              		.thumb_func
 231              		.type	gdispScaleFont, %function
 232              	gdispScaleFont:
 233              	.LFB43:
 234              		.loc 1 85 0
 235              		.cfi_startproc
 236              	.LVL31:
 237 0000 F8B5     		push	{r3, r4, r5, r6, r7, lr}
 238              	.LCFI2:
 239              		.cfi_def_cfa_offset 24
 240              		.cfi_offset 3, -24
 241              		.cfi_offset 4, -20
 242              		.cfi_offset 5, -16
 243              		.cfi_offset 6, -12
 244              		.cfi_offset 7, -8
 245              		.cfi_offset 14, -4
 246              		.loc 1 85 0
 247 0002 071C     		mov	r7, r0
 248 0004 0E1C     		mov	r6, r1
 249              		.loc 1 86 0
 250 0006 0020     		mov	r0, #0
 251              	.LVL32:
 252 0008 2421     		mov	r1, #36
 253              	.LVL33:
 254              		.loc 1 85 0
 255 000a 151C     		mov	r5, r2
 256              		.loc 1 86 0
 257 000c FFF7FEFF 		bl	chHeapAlloc
 258              	.LVL34:
 259              		.loc 1 87 0
 260 0010 391C     		mov	r1, r7
 261              		.loc 1 86 0
 262 0012 041C     		mov	r4, r0
 263              	.LVL35:
 264              		.loc 1 87 0
 265 0014 321C     		mov	r2, r6
 266 0016 2B1C     		mov	r3, r5
 267 0018 FFF7FEFF 		bl	mf_scale_font
 268              	.LVL36:
 269              		.loc 1 89 0
 270              		@ sp needed for prologue
 271 001c 201C     		mov	r0, r4
 272              	.LVL37:
 273              	.LVL38:
 274 001e F8BD     		pop	{r3, r4, r5, r6, r7, pc}
 275              		.cfi_endproc
 276              	.LFE43:
 277              		.size	gdispScaleFont, .-gdispScaleFont
 278              		.section	.text.gdispGetFontName,"ax",%progbits
 279              		.align	2
 280              		.p2align 4,,15
 281              		.global	gdispGetFontName
ARM GAS  /tmp/cckmGpmh.s 			page 6


 282              		.code	16
 283              		.thumb_func
 284              		.type	gdispGetFontName, %function
 285              	gdispGetFontName:
 286              	.LFB44:
 287              		.loc 1 91 0
 288              		.cfi_startproc
 289              	.LVL39:
 290              		.loc 1 92 0
 291 0000 4068     		ldr	r0, [r0, #4]
 292              	.LVL40:
 293              		.loc 1 93 0
 294              		@ sp needed for prologue
 295 0002 7047     		bx	lr
 296              		.cfi_endproc
 297              	.LFE44:
 298              		.size	gdispGetFontName, .-gdispGetFontName
 299 0004 C046C046 		.text
 299      C046C046 
 299      C046C046 
 300              	.Letext0:
 301              		.file 2 "/home/matt/arm_cortex/gcc-arm-none-eabi/bin/../lib/gcc/arm-none-eabi/4.7.4/include/stddef
 302              		.file 3 "/home/matt/arm_cortex/gcc-arm-none-eabi/bin/../lib/gcc/arm-none-eabi/4.7.4/../../../../ar
 303              		.file 4 "/home/matt/arm_cortex/ChibiOS/os/ports/GCC/ARMCMx/chtypes.h"
 304              		.file 5 "/home/matt/arm_cortex/ChibiOS/os/kernel/include/chlists.h"
 305              		.file 6 "/home/matt/arm_cortex/ChibiOS/os/kernel/include/chthreads.h"
 306              		.file 7 "/home/matt/arm_cortex/ChibiOS/os/ports/GCC/ARMCMx/chcore_v6m.h"
 307              		.file 8 "/home/matt/arm_cortex/ChibiOS/os/kernel/include/chmtx.h"
 308              		.file 9 "/home/matt/arm_cortex/ChibiOS/os/kernel/include/chmemcore.h"
 309              		.file 10 "/home/matt/arm_cortex/ChibiOS/os/kernel/include/chheap.h"
 310              		.file 11 "/home/matt/arm_cortex/ChibiOS/ext/ugfx/include/gdisp/gdisp.h"
 311              		.file 12 "/home/matt/arm_cortex/ChibiOS/ext/ugfx/src/gdisp/mcufont/mf_font.h"
 312              		.file 13 "/home/matt/arm_cortex/ChibiOS/ext/ugfx/src/gdisp/mcufont/mf_encoding.h"
 313              		.file 14 "/home/matt/arm_cortex/ChibiOS/ext/ugfx/src/gdisp/mcufont/mf_scaledfont.h"
 314              		.section	.debug_info,"",%progbits
 315              	.Ldebug_info0:
 316 0000 DB080000 		.4byte	0x8db
 317 0004 0200     		.2byte	0x2
 318 0006 00000000 		.4byte	.Ldebug_abbrev0
 319 000a 04       		.byte	0x4
 320 000b 01       		.uleb128 0x1
 321 000c 1F040000 		.4byte	.LASF103
 322 0010 01       		.byte	0x1
 323 0011 E4010000 		.4byte	.LASF104
 324 0015 00000000 		.4byte	.Ldebug_ranges0+0
 325 0019 00000000 		.4byte	0
 326 001d 00000000 		.4byte	0
 327 0021 00000000 		.4byte	.Ldebug_line0
 328 0025 02       		.uleb128 0x2
 329 0026 04       		.byte	0x4
 330 0027 05       		.byte	0x5
 331 0028 696E7400 		.ascii	"int\000"
 332 002c 03       		.uleb128 0x3
 333 002d 07000000 		.4byte	.LASF2
 334 0031 02       		.byte	0x2
 335 0032 D5       		.byte	0xd5
 336 0033 37000000 		.4byte	0x37
ARM GAS  /tmp/cckmGpmh.s 			page 7


 337 0037 04       		.uleb128 0x4
 338 0038 04       		.byte	0x4
 339 0039 07       		.byte	0x7
 340 003a 3B010000 		.4byte	.LASF0
 341 003e 04       		.uleb128 0x4
 342 003f 01       		.byte	0x1
 343 0040 06       		.byte	0x6
 344 0041 94000000 		.4byte	.LASF1
 345 0045 03       		.uleb128 0x3
 346 0046 09040000 		.4byte	.LASF3
 347 004a 03       		.byte	0x3
 348 004b 2A       		.byte	0x2a
 349 004c 50000000 		.4byte	0x50
 350 0050 04       		.uleb128 0x4
 351 0051 01       		.byte	0x1
 352 0052 08       		.byte	0x8
 353 0053 D5020000 		.4byte	.LASF4
 354 0057 03       		.uleb128 0x3
 355 0058 7E000000 		.4byte	.LASF5
 356 005c 03       		.byte	0x3
 357 005d 35       		.byte	0x35
 358 005e 62000000 		.4byte	0x62
 359 0062 04       		.uleb128 0x4
 360 0063 02       		.byte	0x2
 361 0064 05       		.byte	0x5
 362 0065 F9020000 		.4byte	.LASF6
 363 0069 04       		.uleb128 0x4
 364 006a 02       		.byte	0x2
 365 006b 07       		.byte	0x7
 366 006c 7B010000 		.4byte	.LASF7
 367 0070 03       		.uleb128 0x3
 368 0071 CD020000 		.4byte	.LASF8
 369 0075 03       		.byte	0x3
 370 0076 4F       		.byte	0x4f
 371 0077 7B000000 		.4byte	0x7b
 372 007b 04       		.uleb128 0x4
 373 007c 04       		.byte	0x4
 374 007d 05       		.byte	0x5
 375 007e 02010000 		.4byte	.LASF9
 376 0082 03       		.uleb128 0x3
 377 0083 59030000 		.4byte	.LASF10
 378 0087 03       		.byte	0x3
 379 0088 50       		.byte	0x50
 380 0089 8D000000 		.4byte	0x8d
 381 008d 04       		.uleb128 0x4
 382 008e 04       		.byte	0x4
 383 008f 07       		.byte	0x7
 384 0090 A6000000 		.4byte	.LASF11
 385 0094 04       		.uleb128 0x4
 386 0095 08       		.byte	0x8
 387 0096 05       		.byte	0x5
 388 0097 86000000 		.4byte	.LASF12
 389 009b 03       		.uleb128 0x3
 390 009c 15000000 		.4byte	.LASF13
 391 00a0 03       		.byte	0x3
 392 00a1 78       		.byte	0x78
 393 00a2 A6000000 		.4byte	0xa6
ARM GAS  /tmp/cckmGpmh.s 			page 8


 394 00a6 04       		.uleb128 0x4
 395 00a7 08       		.byte	0x8
 396 00a8 07       		.byte	0x7
 397 00a9 2B000000 		.4byte	.LASF14
 398 00ad 03       		.uleb128 0x3
 399 00ae C0000000 		.4byte	.LASF15
 400 00b2 04       		.byte	0x4
 401 00b3 2B       		.byte	0x2b
 402 00b4 B8000000 		.4byte	0xb8
 403 00b8 04       		.uleb128 0x4
 404 00b9 01       		.byte	0x1
 405 00ba 02       		.byte	0x2
 406 00bb C7020000 		.4byte	.LASF16
 407 00bf 03       		.uleb128 0x3
 408 00c0 AF010000 		.4byte	.LASF17
 409 00c4 04       		.byte	0x4
 410 00c5 2C       		.byte	0x2c
 411 00c6 45000000 		.4byte	0x45
 412 00ca 03       		.uleb128 0x3
 413 00cb 0B010000 		.4byte	.LASF18
 414 00cf 04       		.byte	0x4
 415 00d0 2D       		.byte	0x2d
 416 00d1 45000000 		.4byte	0x45
 417 00d5 03       		.uleb128 0x3
 418 00d6 A9020000 		.4byte	.LASF19
 419 00da 04       		.byte	0x4
 420 00db 2E       		.byte	0x2e
 421 00dc 45000000 		.4byte	0x45
 422 00e0 03       		.uleb128 0x3
 423 00e1 82030000 		.4byte	.LASF20
 424 00e5 04       		.byte	0x4
 425 00e6 2F       		.byte	0x2f
 426 00e7 45000000 		.4byte	0x45
 427 00eb 03       		.uleb128 0x3
 428 00ec BF020000 		.4byte	.LASF21
 429 00f0 04       		.byte	0x4
 430 00f1 30       		.byte	0x30
 431 00f2 82000000 		.4byte	0x82
 432 00f6 03       		.uleb128 0x3
 433 00f7 9A010000 		.4byte	.LASF22
 434 00fb 04       		.byte	0x4
 435 00fc 31       		.byte	0x31
 436 00fd 70000000 		.4byte	0x70
 437 0101 03       		.uleb128 0x3
 438 0102 C3010000 		.4byte	.LASF23
 439 0106 04       		.byte	0x4
 440 0107 33       		.byte	0x33
 441 0108 82000000 		.4byte	0x82
 442 010c 03       		.uleb128 0x3
 443 010d 98030000 		.4byte	.LASF24
 444 0111 04       		.byte	0x4
 445 0112 35       		.byte	0x35
 446 0113 82000000 		.4byte	0x82
 447 0117 03       		.uleb128 0x3
 448 0118 31030000 		.4byte	.LASF25
 449 011c 05       		.byte	0x5
 450 011d 2A       		.byte	0x2a
ARM GAS  /tmp/cckmGpmh.s 			page 9


 451 011e 22010000 		.4byte	0x122
 452 0122 05       		.uleb128 0x5
 453 0123 31030000 		.4byte	.LASF25
 454 0127 48       		.byte	0x48
 455 0128 06       		.byte	0x6
 456 0129 5E       		.byte	0x5e
 457 012a 47020000 		.4byte	0x247
 458 012e 06       		.uleb128 0x6
 459 012f 1C030000 		.4byte	.LASF26
 460 0133 06       		.byte	0x6
 461 0134 5F       		.byte	0x5f
 462 0135 6C020000 		.4byte	0x26c
 463 0139 02       		.byte	0x2
 464 013a 23       		.byte	0x23
 465 013b 00       		.uleb128 0
 466 013c 06       		.uleb128 0x6
 467 013d B8020000 		.4byte	.LASF27
 468 0141 06       		.byte	0x6
 469 0142 61       		.byte	0x61
 470 0143 6C020000 		.4byte	0x26c
 471 0147 02       		.byte	0x2
 472 0148 23       		.byte	0x23
 473 0149 04       		.uleb128 0x4
 474 014a 06       		.uleb128 0x6
 475 014b 6F000000 		.4byte	.LASF28
 476 014f 06       		.byte	0x6
 477 0150 63       		.byte	0x63
 478 0151 EB000000 		.4byte	0xeb
 479 0155 02       		.byte	0x2
 480 0156 23       		.byte	0x23
 481 0157 08       		.uleb128 0x8
 482 0158 06       		.uleb128 0x6
 483 0159 7A040000 		.4byte	.LASF29
 484 015d 06       		.byte	0x6
 485 015e 64       		.byte	0x64
 486 015f 3B030000 		.4byte	0x33b
 487 0163 02       		.byte	0x2
 488 0164 23       		.byte	0x23
 489 0165 0C       		.uleb128 0xc
 490 0166 06       		.uleb128 0x6
 491 0167 1B010000 		.4byte	.LASF30
 492 016b 06       		.byte	0x6
 493 016c 66       		.byte	0x66
 494 016d 6C020000 		.4byte	0x26c
 495 0171 02       		.byte	0x2
 496 0172 23       		.byte	0x23
 497 0173 10       		.uleb128 0x10
 498 0174 06       		.uleb128 0x6
 499 0175 51020000 		.4byte	.LASF31
 500 0179 06       		.byte	0x6
 501 017a 67       		.byte	0x67
 502 017b 6C020000 		.4byte	0x26c
 503 017f 02       		.byte	0x2
 504 0180 23       		.byte	0x23
 505 0181 14       		.uleb128 0x14
 506 0182 06       		.uleb128 0x6
 507 0183 48040000 		.4byte	.LASF32
ARM GAS  /tmp/cckmGpmh.s 			page 10


 508 0187 06       		.byte	0x6
 509 0188 6E       		.byte	0x6e
 510 0189 B7040000 		.4byte	0x4b7
 511 018d 02       		.byte	0x2
 512 018e 23       		.byte	0x23
 513 018f 18       		.uleb128 0x18
 514 0190 06       		.uleb128 0x6
 515 0191 03030000 		.4byte	.LASF33
 516 0195 06       		.byte	0x6
 517 0196 79       		.byte	0x79
 518 0197 CA000000 		.4byte	0xca
 519 019b 02       		.byte	0x2
 520 019c 23       		.byte	0x23
 521 019d 1C       		.uleb128 0x1c
 522 019e 06       		.uleb128 0x6
 523 019f 23030000 		.4byte	.LASF34
 524 01a3 06       		.byte	0x6
 525 01a4 7D       		.byte	0x7d
 526 01a5 BF000000 		.4byte	0xbf
 527 01a9 02       		.byte	0x2
 528 01aa 23       		.byte	0x23
 529 01ab 1D       		.uleb128 0x1d
 530 01ac 06       		.uleb128 0x6
 531 01ad 14010000 		.4byte	.LASF35
 532 01b1 06       		.byte	0x6
 533 01b2 82       		.byte	0x82
 534 01b3 D5000000 		.4byte	0xd5
 535 01b7 02       		.byte	0x2
 536 01b8 23       		.byte	0x23
 537 01b9 1E       		.uleb128 0x1e
 538 01ba 06       		.uleb128 0x6
 539 01bb 0B030000 		.4byte	.LASF36
 540 01bf 06       		.byte	0x6
 541 01c0 88       		.byte	0x88
 542 01c1 E0000000 		.4byte	0xe0
 543 01c5 02       		.byte	0x2
 544 01c6 23       		.byte	0x23
 545 01c7 1F       		.uleb128 0x1f
 546 01c8 06       		.uleb128 0x6
 547 01c9 CF030000 		.4byte	.LASF37
 548 01cd 06       		.byte	0x6
 549 01ce 8F       		.byte	0x8f
 550 01cf 63030000 		.4byte	0x363
 551 01d3 02       		.byte	0x2
 552 01d4 23       		.byte	0x23
 553 01d5 20       		.uleb128 0x20
 554 01d6 07       		.uleb128 0x7
 555 01d7 705F7500 		.ascii	"p_u\000"
 556 01db 06       		.byte	0x6
 557 01dc B4       		.byte	0xb4
 558 01dd 82040000 		.4byte	0x482
 559 01e1 02       		.byte	0x2
 560 01e2 23       		.byte	0x23
 561 01e3 24       		.uleb128 0x24
 562 01e4 06       		.uleb128 0x6
 563 01e5 80040000 		.4byte	.LASF38
 564 01e9 06       		.byte	0x6
ARM GAS  /tmp/cckmGpmh.s 			page 11


 565 01ea B9       		.byte	0xb9
 566 01eb 94020000 		.4byte	0x294
 567 01ef 02       		.byte	0x2
 568 01f0 23       		.byte	0x23
 569 01f1 28       		.uleb128 0x28
 570 01f2 06       		.uleb128 0x6
 571 01f3 50010000 		.4byte	.LASF39
 572 01f7 06       		.byte	0x6
 573 01f8 BF       		.byte	0xbf
 574 01f9 72020000 		.4byte	0x272
 575 01fd 02       		.byte	0x2
 576 01fe 23       		.byte	0x23
 577 01ff 2C       		.uleb128 0x2c
 578 0200 06       		.uleb128 0x6
 579 0201 4F040000 		.4byte	.LASF40
 580 0205 06       		.byte	0x6
 581 0206 C3       		.byte	0xc3
 582 0207 F6000000 		.4byte	0xf6
 583 020b 02       		.byte	0x2
 584 020c 23       		.byte	0x23
 585 020d 34       		.uleb128 0x34
 586 020e 06       		.uleb128 0x6
 587 020f 4E030000 		.4byte	.LASF41
 588 0213 06       		.byte	0x6
 589 0214 C9       		.byte	0xc9
 590 0215 01010000 		.4byte	0x101
 591 0219 02       		.byte	0x2
 592 021a 23       		.byte	0x23
 593 021b 38       		.uleb128 0x38
 594 021c 06       		.uleb128 0x6
 595 021d EF020000 		.4byte	.LASF42
 596 0221 06       		.byte	0x6
 597 0222 D0       		.byte	0xd0
 598 0223 C9040000 		.4byte	0x4c9
 599 0227 02       		.byte	0x2
 600 0228 23       		.byte	0x23
 601 0229 3C       		.uleb128 0x3c
 602 022a 06       		.uleb128 0x6
 603 022b A2030000 		.4byte	.LASF43
 604 022f 06       		.byte	0x6
 605 0230 D4       		.byte	0xd4
 606 0231 EB000000 		.4byte	0xeb
 607 0235 02       		.byte	0x2
 608 0236 23       		.byte	0x23
 609 0237 40       		.uleb128 0x40
 610 0238 06       		.uleb128 0x6
 611 0239 B8000000 		.4byte	.LASF44
 612 023d 06       		.byte	0x6
 613 023e DA       		.byte	0xda
 614 023f AA020000 		.4byte	0x2aa
 615 0243 02       		.byte	0x2
 616 0244 23       		.byte	0x23
 617 0245 44       		.uleb128 0x44
 618 0246 00       		.byte	0
 619 0247 08       		.uleb128 0x8
 620 0248 08       		.byte	0x8
 621 0249 05       		.byte	0x5
ARM GAS  /tmp/cckmGpmh.s 			page 12


 622 024a 61       		.byte	0x61
 623 024b 6C020000 		.4byte	0x26c
 624 024f 06       		.uleb128 0x6
 625 0250 1C030000 		.4byte	.LASF26
 626 0254 05       		.byte	0x5
 627 0255 62       		.byte	0x62
 628 0256 6C020000 		.4byte	0x26c
 629 025a 02       		.byte	0x2
 630 025b 23       		.byte	0x23
 631 025c 00       		.uleb128 0
 632 025d 06       		.uleb128 0x6
 633 025e B8020000 		.4byte	.LASF27
 634 0262 05       		.byte	0x5
 635 0263 64       		.byte	0x64
 636 0264 6C020000 		.4byte	0x26c
 637 0268 02       		.byte	0x2
 638 0269 23       		.byte	0x23
 639 026a 04       		.uleb128 0x4
 640 026b 00       		.byte	0
 641 026c 09       		.uleb128 0x9
 642 026d 04       		.byte	0x4
 643 026e 17010000 		.4byte	0x117
 644 0272 03       		.uleb128 0x3
 645 0273 67020000 		.4byte	.LASF45
 646 0277 05       		.byte	0x5
 647 0278 66       		.byte	0x66
 648 0279 47020000 		.4byte	0x247
 649 027d 08       		.uleb128 0x8
 650 027e 04       		.byte	0x4
 651 027f 05       		.byte	0x5
 652 0280 6B       		.byte	0x6b
 653 0281 94020000 		.4byte	0x294
 654 0285 06       		.uleb128 0x6
 655 0286 1C030000 		.4byte	.LASF26
 656 028a 05       		.byte	0x5
 657 028b 6D       		.byte	0x6d
 658 028c 6C020000 		.4byte	0x26c
 659 0290 02       		.byte	0x2
 660 0291 23       		.byte	0x23
 661 0292 00       		.uleb128 0
 662 0293 00       		.byte	0
 663 0294 03       		.uleb128 0x3
 664 0295 B7010000 		.4byte	.LASF46
 665 0299 05       		.byte	0x5
 666 029a 70       		.byte	0x70
 667 029b 7D020000 		.4byte	0x27d
 668 029f 03       		.uleb128 0x3
 669 02a0 2C010000 		.4byte	.LASF47
 670 02a4 07       		.byte	0x7
 671 02a5 A7       		.byte	0xa7
 672 02a6 AA020000 		.4byte	0x2aa
 673 02aa 0A       		.uleb128 0xa
 674 02ab 04       		.byte	0x4
 675 02ac 03       		.uleb128 0x3
 676 02ad CF010000 		.4byte	.LASF48
 677 02b1 07       		.byte	0x7
 678 02b2 AD       		.byte	0xad
ARM GAS  /tmp/cckmGpmh.s 			page 13


 679 02b3 9B000000 		.4byte	0x9b
 680 02b7 05       		.uleb128 0x5
 681 02b8 00000000 		.4byte	.LASF49
 682 02bc 24       		.byte	0x24
 683 02bd 07       		.byte	0x7
 684 02be BA       		.byte	0xba
 685 02bf 3B030000 		.4byte	0x33b
 686 02c3 07       		.uleb128 0x7
 687 02c4 723800   		.ascii	"r8\000"
 688 02c7 07       		.byte	0x7
 689 02c8 BB       		.byte	0xbb
 690 02c9 9F020000 		.4byte	0x29f
 691 02cd 02       		.byte	0x2
 692 02ce 23       		.byte	0x23
 693 02cf 00       		.uleb128 0
 694 02d0 07       		.uleb128 0x7
 695 02d1 723900   		.ascii	"r9\000"
 696 02d4 07       		.byte	0x7
 697 02d5 BC       		.byte	0xbc
 698 02d6 9F020000 		.4byte	0x29f
 699 02da 02       		.byte	0x2
 700 02db 23       		.byte	0x23
 701 02dc 04       		.uleb128 0x4
 702 02dd 07       		.uleb128 0x7
 703 02de 72313000 		.ascii	"r10\000"
 704 02e2 07       		.byte	0x7
 705 02e3 BD       		.byte	0xbd
 706 02e4 9F020000 		.4byte	0x29f
 707 02e8 02       		.byte	0x2
 708 02e9 23       		.byte	0x23
 709 02ea 08       		.uleb128 0x8
 710 02eb 07       		.uleb128 0x7
 711 02ec 72313100 		.ascii	"r11\000"
 712 02f0 07       		.byte	0x7
 713 02f1 BE       		.byte	0xbe
 714 02f2 9F020000 		.4byte	0x29f
 715 02f6 02       		.byte	0x2
 716 02f7 23       		.byte	0x23
 717 02f8 0C       		.uleb128 0xc
 718 02f9 07       		.uleb128 0x7
 719 02fa 723400   		.ascii	"r4\000"
 720 02fd 07       		.byte	0x7
 721 02fe BF       		.byte	0xbf
 722 02ff 9F020000 		.4byte	0x29f
 723 0303 02       		.byte	0x2
 724 0304 23       		.byte	0x23
 725 0305 10       		.uleb128 0x10
 726 0306 07       		.uleb128 0x7
 727 0307 723500   		.ascii	"r5\000"
 728 030a 07       		.byte	0x7
 729 030b C0       		.byte	0xc0
 730 030c 9F020000 		.4byte	0x29f
 731 0310 02       		.byte	0x2
 732 0311 23       		.byte	0x23
 733 0312 14       		.uleb128 0x14
 734 0313 07       		.uleb128 0x7
 735 0314 723600   		.ascii	"r6\000"
ARM GAS  /tmp/cckmGpmh.s 			page 14


 736 0317 07       		.byte	0x7
 737 0318 C1       		.byte	0xc1
 738 0319 9F020000 		.4byte	0x29f
 739 031d 02       		.byte	0x2
 740 031e 23       		.byte	0x23
 741 031f 18       		.uleb128 0x18
 742 0320 07       		.uleb128 0x7
 743 0321 723700   		.ascii	"r7\000"
 744 0324 07       		.byte	0x7
 745 0325 C2       		.byte	0xc2
 746 0326 9F020000 		.4byte	0x29f
 747 032a 02       		.byte	0x2
 748 032b 23       		.byte	0x23
 749 032c 1C       		.uleb128 0x1c
 750 032d 07       		.uleb128 0x7
 751 032e 6C7200   		.ascii	"lr\000"
 752 0331 07       		.byte	0x7
 753 0332 C3       		.byte	0xc3
 754 0333 9F020000 		.4byte	0x29f
 755 0337 02       		.byte	0x2
 756 0338 23       		.byte	0x23
 757 0339 20       		.uleb128 0x20
 758 033a 00       		.byte	0
 759 033b 05       		.uleb128 0x5
 760 033c 6E010000 		.4byte	.LASF50
 761 0340 04       		.byte	0x4
 762 0341 07       		.byte	0x7
 763 0342 CD       		.byte	0xcd
 764 0343 56030000 		.4byte	0x356
 765 0347 07       		.uleb128 0x7
 766 0348 72313300 		.ascii	"r13\000"
 767 034c 07       		.byte	0x7
 768 034d CE       		.byte	0xce
 769 034e 56030000 		.4byte	0x356
 770 0352 02       		.byte	0x2
 771 0353 23       		.byte	0x23
 772 0354 00       		.uleb128 0
 773 0355 00       		.byte	0
 774 0356 09       		.uleb128 0x9
 775 0357 04       		.byte	0x4
 776 0358 B7020000 		.4byte	0x2b7
 777 035c 04       		.uleb128 0x4
 778 035d 04       		.byte	0x4
 779 035e 07       		.byte	0x7
 780 035f 27020000 		.4byte	.LASF51
 781 0363 0B       		.uleb128 0xb
 782 0364 0C010000 		.4byte	0x10c
 783 0368 05       		.uleb128 0x5
 784 0369 3B020000 		.4byte	.LASF52
 785 036d 10       		.byte	0x10
 786 036e 08       		.byte	0x8
 787 036f 2C       		.byte	0x2c
 788 0370 9F030000 		.4byte	0x39f
 789 0374 06       		.uleb128 0x6
 790 0375 C7000000 		.4byte	.LASF53
 791 0379 08       		.byte	0x8
 792 037a 2D       		.byte	0x2d
ARM GAS  /tmp/cckmGpmh.s 			page 15


 793 037b 72020000 		.4byte	0x272
 794 037f 02       		.byte	0x2
 795 0380 23       		.byte	0x23
 796 0381 00       		.uleb128 0
 797 0382 06       		.uleb128 0x6
 798 0383 72040000 		.4byte	.LASF54
 799 0387 08       		.byte	0x8
 800 0388 2F       		.byte	0x2f
 801 0389 6C020000 		.4byte	0x26c
 802 038d 02       		.byte	0x2
 803 038e 23       		.byte	0x23
 804 038f 08       		.uleb128 0x8
 805 0390 06       		.uleb128 0x6
 806 0391 91030000 		.4byte	.LASF55
 807 0395 08       		.byte	0x8
 808 0396 31       		.byte	0x31
 809 0397 9F030000 		.4byte	0x39f
 810 039b 02       		.byte	0x2
 811 039c 23       		.byte	0x23
 812 039d 0C       		.uleb128 0xc
 813 039e 00       		.byte	0
 814 039f 09       		.uleb128 0x9
 815 03a0 04       		.byte	0x4
 816 03a1 68030000 		.4byte	0x368
 817 03a5 03       		.uleb128 0x3
 818 03a6 3B020000 		.4byte	.LASF52
 819 03aa 08       		.byte	0x8
 820 03ab 33       		.byte	0x33
 821 03ac 68030000 		.4byte	0x368
 822 03b0 03       		.uleb128 0x3
 823 03b1 1E000000 		.4byte	.LASF56
 824 03b5 09       		.byte	0x9
 825 03b6 2C       		.byte	0x2c
 826 03b7 BB030000 		.4byte	0x3bb
 827 03bb 09       		.uleb128 0x9
 828 03bc 04       		.byte	0x4
 829 03bd C1030000 		.4byte	0x3c1
 830 03c1 0C       		.uleb128 0xc
 831 03c2 01       		.byte	0x1
 832 03c3 AA020000 		.4byte	0x2aa
 833 03c7 D1030000 		.4byte	0x3d1
 834 03cb 0D       		.uleb128 0xd
 835 03cc 2C000000 		.4byte	0x2c
 836 03d0 00       		.byte	0
 837 03d1 03       		.uleb128 0x3
 838 03d2 85020000 		.4byte	.LASF57
 839 03d6 0A       		.byte	0xa
 840 03d7 34       		.byte	0x34
 841 03d8 DC030000 		.4byte	0x3dc
 842 03dc 05       		.uleb128 0x5
 843 03dd 8A040000 		.4byte	.LASF58
 844 03e1 20       		.byte	0x20
 845 03e2 0A       		.byte	0xa
 846 03e3 47       		.byte	0x47
 847 03e4 13040000 		.4byte	0x413
 848 03e8 06       		.uleb128 0x6
 849 03e9 E9000000 		.4byte	.LASF59
ARM GAS  /tmp/cckmGpmh.s 			page 16


 850 03ed 0A       		.byte	0xa
 851 03ee 48       		.byte	0x48
 852 03ef B0030000 		.4byte	0x3b0
 853 03f3 02       		.byte	0x2
 854 03f4 23       		.byte	0x23
 855 03f5 00       		.uleb128 0
 856 03f6 06       		.uleb128 0x6
 857 03f7 4B000000 		.4byte	.LASF60
 858 03fb 0A       		.byte	0xa
 859 03fc 4A       		.byte	0x4a
 860 03fd 32040000 		.4byte	0x432
 861 0401 02       		.byte	0x2
 862 0402 23       		.byte	0x23
 863 0403 08       		.uleb128 0x8
 864 0404 06       		.uleb128 0x6
 865 0405 A0000000 		.4byte	.LASF61
 866 0409 0A       		.byte	0xa
 867 040a 4C       		.byte	0x4c
 868 040b A5030000 		.4byte	0x3a5
 869 040f 02       		.byte	0x2
 870 0410 23       		.byte	0x23
 871 0411 10       		.uleb128 0x10
 872 0412 00       		.byte	0
 873 0413 0E       		.uleb128 0xe
 874 0414 04       		.byte	0x4
 875 0415 0A       		.byte	0xa
 876 0416 3C       		.byte	0x3c
 877 0417 32040000 		.4byte	0x432
 878 041b 0F       		.uleb128 0xf
 879 041c 6A000000 		.4byte	.LASF62
 880 0420 0A       		.byte	0xa
 881 0421 3D       		.byte	0x3d
 882 0422 53040000 		.4byte	0x453
 883 0426 0F       		.uleb128 0xf
 884 0427 7D030000 		.4byte	.LASF63
 885 042b 0A       		.byte	0xa
 886 042c 3E       		.byte	0x3e
 887 042d 59040000 		.4byte	0x459
 888 0431 00       		.byte	0
 889 0432 10       		.uleb128 0x10
 890 0433 E3020000 		.4byte	.LASF105
 891 0437 08       		.byte	0x8
 892 0438 0A       		.byte	0xa
 893 0439 39       		.byte	0x39
 894 043a 53040000 		.4byte	0x453
 895 043e 0F       		.uleb128 0xf
 896 043f 35010000 		.4byte	.LASF64
 897 0443 0A       		.byte	0xa
 898 0444 3A       		.byte	0x3a
 899 0445 AC020000 		.4byte	0x2ac
 900 0449 11       		.uleb128 0x11
 901 044a 6800     		.ascii	"h\000"
 902 044c 0A       		.byte	0xa
 903 044d 41       		.byte	0x41
 904 044e 5F040000 		.4byte	0x45f
 905 0452 00       		.byte	0
 906 0453 09       		.uleb128 0x9
ARM GAS  /tmp/cckmGpmh.s 			page 17


 907 0454 04       		.byte	0x4
 908 0455 32040000 		.4byte	0x432
 909 0459 09       		.uleb128 0x9
 910 045a 04       		.byte	0x4
 911 045b D1030000 		.4byte	0x3d1
 912 045f 08       		.uleb128 0x8
 913 0460 08       		.byte	0x8
 914 0461 0A       		.byte	0xa
 915 0462 3B       		.byte	0x3b
 916 0463 82040000 		.4byte	0x482
 917 0467 07       		.uleb128 0x7
 918 0468 7500     		.ascii	"u\000"
 919 046a 0A       		.byte	0xa
 920 046b 3F       		.byte	0x3f
 921 046c 13040000 		.4byte	0x413
 922 0470 02       		.byte	0x2
 923 0471 23       		.byte	0x23
 924 0472 00       		.uleb128 0
 925 0473 06       		.uleb128 0x6
 926 0474 76010000 		.4byte	.LASF65
 927 0478 0A       		.byte	0xa
 928 0479 40       		.byte	0x40
 929 047a 2C000000 		.4byte	0x2c
 930 047e 02       		.byte	0x2
 931 047f 23       		.byte	0x23
 932 0480 04       		.uleb128 0x4
 933 0481 00       		.byte	0
 934 0482 0E       		.uleb128 0xe
 935 0483 04       		.byte	0x4
 936 0484 06       		.byte	0x6
 937 0485 96       		.byte	0x96
 938 0486 B7040000 		.4byte	0x4b7
 939 048a 0F       		.uleb128 0xf
 940 048b 0E000000 		.4byte	.LASF66
 941 048f 06       		.byte	0x6
 942 0490 9D       		.byte	0x9d
 943 0491 F6000000 		.4byte	0xf6
 944 0495 0F       		.uleb128 0xf
 945 0496 42000000 		.4byte	.LASF67
 946 049a 06       		.byte	0x6
 947 049b A4       		.byte	0xa4
 948 049c F6000000 		.4byte	0xf6
 949 04a0 0F       		.uleb128 0xf
 950 04a1 41040000 		.4byte	.LASF68
 951 04a5 06       		.byte	0x6
 952 04a6 AB       		.byte	0xab
 953 04a7 AA020000 		.4byte	0x2aa
 954 04ab 0F       		.uleb128 0xf
 955 04ac 15030000 		.4byte	.LASF69
 956 04b0 06       		.byte	0x6
 957 04b1 B2       		.byte	0xb2
 958 04b2 01010000 		.4byte	0x101
 959 04b6 00       		.byte	0
 960 04b7 09       		.uleb128 0x9
 961 04b8 04       		.byte	0x4
 962 04b9 BD040000 		.4byte	0x4bd
 963 04bd 12       		.uleb128 0x12
ARM GAS  /tmp/cckmGpmh.s 			page 18


 964 04be C2040000 		.4byte	0x4c2
 965 04c2 04       		.uleb128 0x4
 966 04c3 01       		.byte	0x1
 967 04c4 08       		.byte	0x8
 968 04c5 8C030000 		.4byte	.LASF70
 969 04c9 09       		.uleb128 0x9
 970 04ca 04       		.byte	0x4
 971 04cb A5030000 		.4byte	0x3a5
 972 04cf 03       		.uleb128 0x3
 973 04d0 B1020000 		.4byte	.LASF71
 974 04d4 0B       		.byte	0xb
 975 04d5 40       		.byte	0x40
 976 04d6 DA040000 		.4byte	0x4da
 977 04da 09       		.uleb128 0x9
 978 04db 04       		.byte	0x4
 979 04dc E0040000 		.4byte	0x4e0
 980 04e0 12       		.uleb128 0x12
 981 04e1 E5040000 		.4byte	0x4e5
 982 04e5 05       		.uleb128 0x5
 983 04e6 DA010000 		.4byte	.LASF72
 984 04ea 1C       		.byte	0x1c
 985 04eb 0C       		.byte	0xc
 986 04ec 1D       		.byte	0x1d
 987 04ed A8050000 		.4byte	0x5a8
 988 04f1 06       		.uleb128 0x6
 989 04f2 44030000 		.4byte	.LASF73
 990 04f6 0C       		.byte	0xc
 991 04f7 20       		.byte	0x20
 992 04f8 B7040000 		.4byte	0x4b7
 993 04fc 02       		.byte	0x2
 994 04fd 23       		.byte	0x23
 995 04fe 00       		.uleb128 0
 996 04ff 06       		.uleb128 0x6
 997 0500 30020000 		.4byte	.LASF74
 998 0504 0C       		.byte	0xc
 999 0505 23       		.byte	0x23
 1000 0506 B7040000 		.4byte	0x4b7
 1001 050a 02       		.byte	0x2
 1002 050b 23       		.byte	0x23
 1003 050c 04       		.uleb128 0x4
 1004 050d 06       		.uleb128 0x6
 1005 050e 68010000 		.4byte	.LASF75
 1006 0512 0C       		.byte	0xc
 1007 0513 26       		.byte	0x26
 1008 0514 45000000 		.4byte	0x45
 1009 0518 02       		.byte	0x2
 1010 0519 23       		.byte	0x23
 1011 051a 08       		.uleb128 0x8
 1012 051b 06       		.uleb128 0x6
 1013 051c 55040000 		.4byte	.LASF76
 1014 0520 0C       		.byte	0xc
 1015 0521 27       		.byte	0x27
 1016 0522 45000000 		.4byte	0x45
 1017 0526 02       		.byte	0x2
 1018 0527 23       		.byte	0x23
 1019 0528 09       		.uleb128 0x9
 1020 0529 06       		.uleb128 0x6
ARM GAS  /tmp/cckmGpmh.s 			page 19


 1021 052a AD030000 		.4byte	.LASF77
 1022 052e 0C       		.byte	0xc
 1023 052f 2A       		.byte	0x2a
 1024 0530 45000000 		.4byte	0x45
 1025 0534 02       		.byte	0x2
 1026 0535 23       		.byte	0x23
 1027 0536 0A       		.uleb128 0xa
 1028 0537 06       		.uleb128 0x6
 1029 0538 F6030000 		.4byte	.LASF78
 1030 053c 0C       		.byte	0xc
 1031 053d 2B       		.byte	0x2b
 1032 053e 45000000 		.4byte	0x45
 1033 0542 02       		.byte	0x2
 1034 0543 23       		.byte	0x23
 1035 0544 0B       		.uleb128 0xb
 1036 0545 06       		.uleb128 0x6
 1037 0546 5C040000 		.4byte	.LASF79
 1038 054a 0C       		.byte	0xc
 1039 054b 2E       		.byte	0x2e
 1040 054c 45000000 		.4byte	0x45
 1041 0550 02       		.byte	0x2
 1042 0551 23       		.byte	0x23
 1043 0552 0C       		.uleb128 0xc
 1044 0553 06       		.uleb128 0x6
 1045 0554 67040000 		.4byte	.LASF80
 1046 0558 0C       		.byte	0xc
 1047 0559 2F       		.byte	0x2f
 1048 055a 45000000 		.4byte	0x45
 1049 055e 02       		.byte	0x2
 1050 055f 23       		.byte	0x23
 1051 0560 0D       		.uleb128 0xd
 1052 0561 06       		.uleb128 0x6
 1053 0562 8E010000 		.4byte	.LASF81
 1054 0566 0C       		.byte	0xc
 1055 0567 32       		.byte	0x32
 1056 0568 45000000 		.4byte	0x45
 1057 056c 02       		.byte	0x2
 1058 056d 23       		.byte	0x23
 1059 056e 0E       		.uleb128 0xe
 1060 056f 06       		.uleb128 0x6
 1061 0570 11040000 		.4byte	.LASF82
 1062 0574 0C       		.byte	0xc
 1063 0575 35       		.byte	0x35
 1064 0576 45000000 		.4byte	0x45
 1065 057a 02       		.byte	0x2
 1066 057b 23       		.byte	0x23
 1067 057c 0F       		.uleb128 0xf
 1068 057d 06       		.uleb128 0x6
 1069 057e 6A030000 		.4byte	.LASF83
 1070 0582 0C       		.byte	0xc
 1071 0583 38       		.byte	0x38
 1072 0584 A8050000 		.4byte	0x5a8
 1073 0588 02       		.byte	0x2
 1074 0589 23       		.byte	0x23
 1075 058a 10       		.uleb128 0x10
 1076 058b 06       		.uleb128 0x6
 1077 058c 41020000 		.4byte	.LASF84
ARM GAS  /tmp/cckmGpmh.s 			page 20


 1078 0590 0C       		.byte	0xc
 1079 0591 3C       		.byte	0x3c
 1080 0592 F9050000 		.4byte	0x5f9
 1081 0596 02       		.byte	0x2
 1082 0597 23       		.byte	0x23
 1083 0598 14       		.uleb128 0x14
 1084 0599 06       		.uleb128 0x6
 1085 059a 74020000 		.4byte	.LASF85
 1086 059e 0C       		.byte	0xc
 1087 059f 40       		.byte	0x40
 1088 05a0 28060000 		.4byte	0x628
 1089 05a4 02       		.byte	0x2
 1090 05a5 23       		.byte	0x23
 1091 05a6 18       		.uleb128 0x18
 1092 05a7 00       		.byte	0
 1093 05a8 03       		.uleb128 0x3
 1094 05a9 76000000 		.4byte	.LASF86
 1095 05ad 0D       		.byte	0xd
 1096 05ae 16       		.byte	0x16
 1097 05af C2040000 		.4byte	0x4c2
 1098 05b3 03       		.uleb128 0x3
 1099 05b4 BB030000 		.4byte	.LASF87
 1100 05b8 0C       		.byte	0xc
 1101 05b9 19       		.byte	0x19
 1102 05ba BE050000 		.4byte	0x5be
 1103 05be 09       		.uleb128 0x9
 1104 05bf 04       		.byte	0x4
 1105 05c0 C4050000 		.4byte	0x5c4
 1106 05c4 13       		.uleb128 0x13
 1107 05c5 01       		.byte	0x1
 1108 05c6 E4050000 		.4byte	0x5e4
 1109 05ca 0D       		.uleb128 0xd
 1110 05cb 57000000 		.4byte	0x57
 1111 05cf 0D       		.uleb128 0xd
 1112 05d0 57000000 		.4byte	0x57
 1113 05d4 0D       		.uleb128 0xd
 1114 05d5 45000000 		.4byte	0x45
 1115 05d9 0D       		.uleb128 0xd
 1116 05da 45000000 		.4byte	0x45
 1117 05de 0D       		.uleb128 0xd
 1118 05df AA020000 		.4byte	0x2aa
 1119 05e3 00       		.byte	0
 1120 05e4 0C       		.uleb128 0xc
 1121 05e5 01       		.byte	0x1
 1122 05e6 45000000 		.4byte	0x45
 1123 05ea F9050000 		.4byte	0x5f9
 1124 05ee 0D       		.uleb128 0xd
 1125 05ef DA040000 		.4byte	0x4da
 1126 05f3 0D       		.uleb128 0xd
 1127 05f4 A8050000 		.4byte	0x5a8
 1128 05f8 00       		.byte	0
 1129 05f9 09       		.uleb128 0x9
 1130 05fa 04       		.byte	0x4
 1131 05fb E4050000 		.4byte	0x5e4
 1132 05ff 0C       		.uleb128 0xc
 1133 0600 01       		.byte	0x1
 1134 0601 45000000 		.4byte	0x45
ARM GAS  /tmp/cckmGpmh.s 			page 21


 1135 0605 28060000 		.4byte	0x628
 1136 0609 0D       		.uleb128 0xd
 1137 060a DA040000 		.4byte	0x4da
 1138 060e 0D       		.uleb128 0xd
 1139 060f 57000000 		.4byte	0x57
 1140 0613 0D       		.uleb128 0xd
 1141 0614 57000000 		.4byte	0x57
 1142 0618 0D       		.uleb128 0xd
 1143 0619 A8050000 		.4byte	0x5a8
 1144 061d 0D       		.uleb128 0xd
 1145 061e B3050000 		.4byte	0x5b3
 1146 0622 0D       		.uleb128 0xd
 1147 0623 AA020000 		.4byte	0x2aa
 1148 0627 00       		.byte	0
 1149 0628 09       		.uleb128 0x9
 1150 0629 04       		.byte	0x4
 1151 062a FF050000 		.4byte	0x5ff
 1152 062e 05       		.uleb128 0x5
 1153 062f DA000000 		.4byte	.LASF88
 1154 0633 08       		.byte	0x8
 1155 0634 0C       		.byte	0xc
 1156 0635 4C       		.byte	0x4c
 1157 0636 57060000 		.4byte	0x657
 1158 063a 06       		.uleb128 0x6
 1159 063b 6A000000 		.4byte	.LASF62
 1160 063f 0C       		.byte	0xc
 1161 0640 4E       		.byte	0x4e
 1162 0641 57060000 		.4byte	0x657
 1163 0645 02       		.byte	0x2
 1164 0646 23       		.byte	0x23
 1165 0647 00       		.uleb128 0
 1166 0648 06       		.uleb128 0x6
 1167 0649 04040000 		.4byte	.LASF89
 1168 064d 0C       		.byte	0xc
 1169 064e 4F       		.byte	0x4f
 1170 064f DA040000 		.4byte	0x4da
 1171 0653 02       		.byte	0x2
 1172 0654 23       		.byte	0x23
 1173 0655 04       		.uleb128 0x4
 1174 0656 00       		.byte	0
 1175 0657 09       		.uleb128 0x9
 1176 0658 04       		.byte	0x4
 1177 0659 5D060000 		.4byte	0x65d
 1178 065d 12       		.uleb128 0x12
 1179 065e 2E060000 		.4byte	0x62e
 1180 0662 05       		.uleb128 0x5
 1181 0663 5A000000 		.4byte	.LASF90
 1182 0667 24       		.byte	0x24
 1183 0668 0E       		.byte	0xe
 1184 0669 11       		.byte	0x11
 1185 066a A7060000 		.4byte	0x6a7
 1186 066e 06       		.uleb128 0x6
 1187 066f 04040000 		.4byte	.LASF89
 1188 0673 0E       		.byte	0xe
 1189 0674 13       		.byte	0x13
 1190 0675 E5040000 		.4byte	0x4e5
 1191 0679 02       		.byte	0x2
ARM GAS  /tmp/cckmGpmh.s 			page 22


 1192 067a 23       		.byte	0x23
 1193 067b 00       		.uleb128 0
 1194 067c 06       		.uleb128 0x6
 1195 067d 23010000 		.4byte	.LASF91
 1196 0681 0E       		.byte	0xe
 1197 0682 15       		.byte	0x15
 1198 0683 DA040000 		.4byte	0x4da
 1199 0687 02       		.byte	0x2
 1200 0688 23       		.byte	0x23
 1201 0689 1C       		.uleb128 0x1c
 1202 068a 06       		.uleb128 0x6
 1203 068b A1020000 		.4byte	.LASF92
 1204 068f 0E       		.byte	0xe
 1205 0690 16       		.byte	0x16
 1206 0691 45000000 		.4byte	0x45
 1207 0695 02       		.byte	0x2
 1208 0696 23       		.byte	0x23
 1209 0697 20       		.uleb128 0x20
 1210 0698 06       		.uleb128 0x6
 1211 0699 5B010000 		.4byte	.LASF93
 1212 069d 0E       		.byte	0xe
 1213 069e 17       		.byte	0x17
 1214 069f 45000000 		.4byte	0x45
 1215 06a3 02       		.byte	0x2
 1216 06a4 23       		.byte	0x23
 1217 06a5 21       		.uleb128 0x21
 1218 06a6 00       		.byte	0
 1219 06a7 14       		.uleb128 0x14
 1220 06a8 1D020000 		.4byte	.LASF106
 1221 06ac 01       		.byte	0x1
 1222 06ad 1C       		.byte	0x1c
 1223 06ae 01       		.byte	0x1
 1224 06af AD000000 		.4byte	0xad
 1225 06b3 00000000 		.4byte	.LFB40
 1226 06b7 44000000 		.4byte	.LFE40
 1227 06bb 02       		.byte	0x2
 1228 06bc 7D       		.byte	0x7d
 1229 06bd 00       		.sleb128 0
 1230 06be 01       		.byte	0x1
 1231 06bf E2060000 		.4byte	0x6e2
 1232 06c3 15       		.uleb128 0x15
 1233 06c4 48010000 		.4byte	.LASF94
 1234 06c8 01       		.byte	0x1
 1235 06c9 1C       		.byte	0x1c
 1236 06ca B7040000 		.4byte	0x4b7
 1237 06ce 00000000 		.4byte	.LLST0
 1238 06d2 15       		.uleb128 0x15
 1239 06d3 63010000 		.4byte	.LASF95
 1240 06d7 01       		.byte	0x1
 1241 06d8 1C       		.byte	0x1c
 1242 06d9 B7040000 		.4byte	0x4b7
 1243 06dd 41000000 		.4byte	.LLST1
 1244 06e1 00       		.byte	0
 1245 06e2 16       		.uleb128 0x16
 1246 06e3 01       		.byte	0x1
 1247 06e4 59020000 		.4byte	.LASF97
 1248 06e8 01       		.byte	0x1
ARM GAS  /tmp/cckmGpmh.s 			page 23


 1249 06e9 33       		.byte	0x33
 1250 06ea 01       		.byte	0x1
 1251 06eb CF040000 		.4byte	0x4cf
 1252 06ef 00000000 		.4byte	.LFB41
 1253 06f3 4C000000 		.4byte	.LFE41
 1254 06f7 84000000 		.4byte	.LLST2
 1255 06fb 01       		.byte	0x1
 1256 06fc 5D070000 		.4byte	0x75d
 1257 0700 15       		.uleb128 0x15
 1258 0701 63010000 		.4byte	.LASF95
 1259 0705 01       		.byte	0x1
 1260 0706 33       		.byte	0x33
 1261 0707 B7040000 		.4byte	0x4b7
 1262 070b A4000000 		.4byte	.LLST3
 1263 070f 17       		.uleb128 0x17
 1264 0710 667000   		.ascii	"fp\000"
 1265 0713 01       		.byte	0x1
 1266 0714 34       		.byte	0x34
 1267 0715 57060000 		.4byte	0x657
 1268 0719 DB000000 		.4byte	.LLST4
 1269 071d 18       		.uleb128 0x18
 1270 071e 08000000 		.4byte	.LVL13
 1271 0722 80080000 		.4byte	0x880
 1272 0726 19       		.uleb128 0x19
 1273 0727 1E000000 		.4byte	.LVL17
 1274 072b A7060000 		.4byte	0x6a7
 1275 072f 3A070000 		.4byte	0x73a
 1276 0733 1A       		.uleb128 0x1a
 1277 0734 01       		.byte	0x1
 1278 0735 50       		.byte	0x50
 1279 0736 02       		.byte	0x2
 1280 0737 76       		.byte	0x76
 1281 0738 00       		.sleb128 0
 1282 0739 00       		.byte	0
 1283 073a 18       		.uleb128 0x18
 1284 073b 2A000000 		.4byte	.LVL21
 1285 073f 80080000 		.4byte	0x880
 1286 0743 18       		.uleb128 0x18
 1287 0744 32000000 		.4byte	.LVL24
 1288 0748 80080000 		.4byte	0x880
 1289 074c 1B       		.uleb128 0x1b
 1290 074d 46000000 		.4byte	.LVL26
 1291 0751 A7060000 		.4byte	0x6a7
 1292 0755 1A       		.uleb128 0x1a
 1293 0756 01       		.byte	0x1
 1294 0757 50       		.byte	0x50
 1295 0758 02       		.byte	0x2
 1296 0759 76       		.byte	0x76
 1297 075a 00       		.sleb128 0
 1298 075b 00       		.byte	0
 1299 075c 00       		.byte	0
 1300 075d 1C       		.uleb128 0x1c
 1301 075e 01       		.byte	0x1
 1302 075f A0010000 		.4byte	.LASF107
 1303 0763 01       		.byte	0x1
 1304 0764 47       		.byte	0x47
 1305 0765 01       		.byte	0x1
ARM GAS  /tmp/cckmGpmh.s 			page 24


 1306 0766 00000000 		.4byte	.LFB42
 1307 076a 14000000 		.4byte	.LFE42
 1308 076e 1A010000 		.4byte	.LLST5
 1309 0772 01       		.byte	0x1
 1310 0773 B1070000 		.4byte	0x7b1
 1311 0777 15       		.uleb128 0x15
 1312 0778 04040000 		.4byte	.LASF89
 1313 077c 01       		.byte	0x1
 1314 077d 47       		.byte	0x47
 1315 077e CF040000 		.4byte	0x4cf
 1316 0782 3A010000 		.4byte	.LLST6
 1317 0786 1D       		.uleb128 0x1d
 1318 0787 0A000000 		.4byte	.LBB2
 1319 078b 14000000 		.4byte	.LBE2
 1320 078f 1E       		.uleb128 0x1e
 1321 0790 2B030000 		.4byte	.LASF96
 1322 0794 01       		.byte	0x1
 1323 0795 4A       		.byte	0x4a
 1324 0796 B1070000 		.4byte	0x7b1
 1325 079a 74010000 		.4byte	.LLST7
 1326 079e 1B       		.uleb128 0x1b
 1327 079f 12000000 		.4byte	.LVL30
 1328 07a3 8E080000 		.4byte	0x88e
 1329 07a7 1A       		.uleb128 0x1a
 1330 07a8 01       		.byte	0x1
 1331 07a9 50       		.byte	0x50
 1332 07aa 03       		.byte	0x3
 1333 07ab F3       		.byte	0xf3
 1334 07ac 01       		.uleb128 0x1
 1335 07ad 50       		.byte	0x50
 1336 07ae 00       		.byte	0
 1337 07af 00       		.byte	0
 1338 07b0 00       		.byte	0
 1339 07b1 09       		.uleb128 0x9
 1340 07b2 04       		.byte	0x4
 1341 07b3 E5040000 		.4byte	0x4e5
 1342 07b7 16       		.uleb128 0x16
 1343 07b8 01       		.byte	0x1
 1344 07b9 D6030000 		.4byte	.LASF98
 1345 07bd 01       		.byte	0x1
 1346 07be 54       		.byte	0x54
 1347 07bf 01       		.byte	0x1
 1348 07c0 CF040000 		.4byte	0x4cf
 1349 07c4 00000000 		.4byte	.LFB43
 1350 07c8 20000000 		.4byte	.LFE43
 1351 07cc 95010000 		.4byte	.LLST8
 1352 07d0 01       		.byte	0x1
 1353 07d1 4D080000 		.4byte	0x84d
 1354 07d5 15       		.uleb128 0x15
 1355 07d6 04040000 		.4byte	.LASF89
 1356 07da 01       		.byte	0x1
 1357 07db 54       		.byte	0x54
 1358 07dc CF040000 		.4byte	0x4cf
 1359 07e0 B5010000 		.4byte	.LLST9
 1360 07e4 15       		.uleb128 0x15
 1361 07e5 52000000 		.4byte	.LASF99
 1362 07e9 01       		.byte	0x1
ARM GAS  /tmp/cckmGpmh.s 			page 25


 1363 07ea 54       		.byte	0x54
 1364 07eb 45000000 		.4byte	0x45
 1365 07ef E1010000 		.4byte	.LLST10
 1366 07f3 15       		.uleb128 0x15
 1367 07f4 17040000 		.4byte	.LASF100
 1368 07f8 01       		.byte	0x1
 1369 07f9 54       		.byte	0x54
 1370 07fa 45000000 		.4byte	0x45
 1371 07fe 02020000 		.4byte	.LLST11
 1372 0802 1E       		.uleb128 0x1e
 1373 0803 62030000 		.4byte	.LASF101
 1374 0807 01       		.byte	0x1
 1375 0808 56       		.byte	0x56
 1376 0809 4D080000 		.4byte	0x84d
 1377 080d 23020000 		.4byte	.LLST12
 1378 0811 19       		.uleb128 0x19
 1379 0812 10000000 		.4byte	.LVL34
 1380 0816 A2080000 		.4byte	0x8a2
 1381 081a 2A080000 		.4byte	0x82a
 1382 081e 1A       		.uleb128 0x1a
 1383 081f 01       		.byte	0x1
 1384 0820 51       		.byte	0x51
 1385 0821 02       		.byte	0x2
 1386 0822 08       		.byte	0x8
 1387 0823 24       		.byte	0x24
 1388 0824 1A       		.uleb128 0x1a
 1389 0825 01       		.byte	0x1
 1390 0826 50       		.byte	0x50
 1391 0827 01       		.byte	0x1
 1392 0828 30       		.byte	0x30
 1393 0829 00       		.byte	0
 1394 082a 1B       		.uleb128 0x1b
 1395 082b 1C000000 		.4byte	.LVL36
 1396 082f BF080000 		.4byte	0x8bf
 1397 0833 1A       		.uleb128 0x1a
 1398 0834 01       		.byte	0x1
 1399 0835 53       		.byte	0x53
 1400 0836 02       		.byte	0x2
 1401 0837 75       		.byte	0x75
 1402 0838 00       		.sleb128 0
 1403 0839 1A       		.uleb128 0x1a
 1404 083a 01       		.byte	0x1
 1405 083b 52       		.byte	0x52
 1406 083c 02       		.byte	0x2
 1407 083d 76       		.byte	0x76
 1408 083e 00       		.sleb128 0
 1409 083f 1A       		.uleb128 0x1a
 1410 0840 01       		.byte	0x1
 1411 0841 51       		.byte	0x51
 1412 0842 02       		.byte	0x2
 1413 0843 77       		.byte	0x77
 1414 0844 00       		.sleb128 0
 1415 0845 1A       		.uleb128 0x1a
 1416 0846 01       		.byte	0x1
 1417 0847 50       		.byte	0x50
 1418 0848 02       		.byte	0x2
 1419 0849 74       		.byte	0x74
ARM GAS  /tmp/cckmGpmh.s 			page 26


 1420 084a 00       		.sleb128 0
 1421 084b 00       		.byte	0
 1422 084c 00       		.byte	0
 1423 084d 09       		.uleb128 0x9
 1424 084e 04       		.byte	0x4
 1425 084f 62060000 		.4byte	0x662
 1426 0853 1F       		.uleb128 0x1f
 1427 0854 01       		.byte	0x1
 1428 0855 90020000 		.4byte	.LASF102
 1429 0859 01       		.byte	0x1
 1430 085a 5B       		.byte	0x5b
 1431 085b 01       		.byte	0x1
 1432 085c B7040000 		.4byte	0x4b7
 1433 0860 00000000 		.4byte	.LFB44
 1434 0864 04000000 		.4byte	.LFE44
 1435 0868 02       		.byte	0x2
 1436 0869 7D       		.byte	0x7d
 1437 086a 00       		.sleb128 0
 1438 086b 01       		.byte	0x1
 1439 086c 80080000 		.4byte	0x880
 1440 0870 15       		.uleb128 0x15
 1441 0871 04040000 		.4byte	.LASF89
 1442 0875 01       		.byte	0x1
 1443 0876 5B       		.byte	0x5b
 1444 0877 CF040000 		.4byte	0x4cf
 1445 087b 4C020000 		.4byte	.LLST13
 1446 087f 00       		.byte	0
 1447 0880 20       		.uleb128 0x20
 1448 0881 01       		.byte	0x1
 1449 0882 E5030000 		.4byte	.LASF108
 1450 0886 0C       		.byte	0xc
 1451 0887 7B       		.byte	0x7b
 1452 0888 01       		.byte	0x1
 1453 0889 57060000 		.4byte	0x657
 1454 088d 01       		.byte	0x1
 1455 088e 21       		.uleb128 0x21
 1456 088f 01       		.byte	0x1
 1457 0890 CF000000 		.4byte	.LASF109
 1458 0894 0A       		.byte	0xa
 1459 0895 5A       		.byte	0x5a
 1460 0896 01       		.byte	0x1
 1461 0897 01       		.byte	0x1
 1462 0898 A2080000 		.4byte	0x8a2
 1463 089c 0D       		.uleb128 0xd
 1464 089d AA020000 		.4byte	0x2aa
 1465 08a1 00       		.byte	0
 1466 08a2 22       		.uleb128 0x22
 1467 08a3 01       		.byte	0x1
 1468 08a4 38030000 		.4byte	.LASF110
 1469 08a8 0A       		.byte	0xa
 1470 08a9 59       		.byte	0x59
 1471 08aa 01       		.byte	0x1
 1472 08ab AA020000 		.4byte	0x2aa
 1473 08af 01       		.byte	0x1
 1474 08b0 BF080000 		.4byte	0x8bf
 1475 08b4 0D       		.uleb128 0xd
 1476 08b5 59040000 		.4byte	0x459
ARM GAS  /tmp/cckmGpmh.s 			page 27


 1477 08b9 0D       		.uleb128 0xd
 1478 08ba 2C000000 		.4byte	0x2c
 1479 08be 00       		.byte	0
 1480 08bf 23       		.uleb128 0x23
 1481 08c0 01       		.byte	0x1
 1482 08c1 F4000000 		.4byte	.LASF111
 1483 08c5 0E       		.byte	0xe
 1484 08c6 1A       		.byte	0x1a
 1485 08c7 01       		.byte	0x1
 1486 08c8 01       		.byte	0x1
 1487 08c9 0D       		.uleb128 0xd
 1488 08ca 4D080000 		.4byte	0x84d
 1489 08ce 0D       		.uleb128 0xd
 1490 08cf DA040000 		.4byte	0x4da
 1491 08d3 0D       		.uleb128 0xd
 1492 08d4 45000000 		.4byte	0x45
 1493 08d8 0D       		.uleb128 0xd
 1494 08d9 45000000 		.4byte	0x45
 1495 08dd 00       		.byte	0
 1496 08de 00       		.byte	0
 1497              		.section	.debug_abbrev,"",%progbits
 1498              	.Ldebug_abbrev0:
 1499 0000 01       		.uleb128 0x1
 1500 0001 11       		.uleb128 0x11
 1501 0002 01       		.byte	0x1
 1502 0003 25       		.uleb128 0x25
 1503 0004 0E       		.uleb128 0xe
 1504 0005 13       		.uleb128 0x13
 1505 0006 0B       		.uleb128 0xb
 1506 0007 03       		.uleb128 0x3
 1507 0008 0E       		.uleb128 0xe
 1508 0009 55       		.uleb128 0x55
 1509 000a 06       		.uleb128 0x6
 1510 000b 11       		.uleb128 0x11
 1511 000c 01       		.uleb128 0x1
 1512 000d 52       		.uleb128 0x52
 1513 000e 01       		.uleb128 0x1
 1514 000f 10       		.uleb128 0x10
 1515 0010 06       		.uleb128 0x6
 1516 0011 00       		.byte	0
 1517 0012 00       		.byte	0
 1518 0013 02       		.uleb128 0x2
 1519 0014 24       		.uleb128 0x24
 1520 0015 00       		.byte	0
 1521 0016 0B       		.uleb128 0xb
 1522 0017 0B       		.uleb128 0xb
 1523 0018 3E       		.uleb128 0x3e
 1524 0019 0B       		.uleb128 0xb
 1525 001a 03       		.uleb128 0x3
 1526 001b 08       		.uleb128 0x8
 1527 001c 00       		.byte	0
 1528 001d 00       		.byte	0
 1529 001e 03       		.uleb128 0x3
 1530 001f 16       		.uleb128 0x16
 1531 0020 00       		.byte	0
 1532 0021 03       		.uleb128 0x3
 1533 0022 0E       		.uleb128 0xe
ARM GAS  /tmp/cckmGpmh.s 			page 28


 1534 0023 3A       		.uleb128 0x3a
 1535 0024 0B       		.uleb128 0xb
 1536 0025 3B       		.uleb128 0x3b
 1537 0026 0B       		.uleb128 0xb
 1538 0027 49       		.uleb128 0x49
 1539 0028 13       		.uleb128 0x13
 1540 0029 00       		.byte	0
 1541 002a 00       		.byte	0
 1542 002b 04       		.uleb128 0x4
 1543 002c 24       		.uleb128 0x24
 1544 002d 00       		.byte	0
 1545 002e 0B       		.uleb128 0xb
 1546 002f 0B       		.uleb128 0xb
 1547 0030 3E       		.uleb128 0x3e
 1548 0031 0B       		.uleb128 0xb
 1549 0032 03       		.uleb128 0x3
 1550 0033 0E       		.uleb128 0xe
 1551 0034 00       		.byte	0
 1552 0035 00       		.byte	0
 1553 0036 05       		.uleb128 0x5
 1554 0037 13       		.uleb128 0x13
 1555 0038 01       		.byte	0x1
 1556 0039 03       		.uleb128 0x3
 1557 003a 0E       		.uleb128 0xe
 1558 003b 0B       		.uleb128 0xb
 1559 003c 0B       		.uleb128 0xb
 1560 003d 3A       		.uleb128 0x3a
 1561 003e 0B       		.uleb128 0xb
 1562 003f 3B       		.uleb128 0x3b
 1563 0040 0B       		.uleb128 0xb
 1564 0041 01       		.uleb128 0x1
 1565 0042 13       		.uleb128 0x13
 1566 0043 00       		.byte	0
 1567 0044 00       		.byte	0
 1568 0045 06       		.uleb128 0x6
 1569 0046 0D       		.uleb128 0xd
 1570 0047 00       		.byte	0
 1571 0048 03       		.uleb128 0x3
 1572 0049 0E       		.uleb128 0xe
 1573 004a 3A       		.uleb128 0x3a
 1574 004b 0B       		.uleb128 0xb
 1575 004c 3B       		.uleb128 0x3b
 1576 004d 0B       		.uleb128 0xb
 1577 004e 49       		.uleb128 0x49
 1578 004f 13       		.uleb128 0x13
 1579 0050 38       		.uleb128 0x38
 1580 0051 0A       		.uleb128 0xa
 1581 0052 00       		.byte	0
 1582 0053 00       		.byte	0
 1583 0054 07       		.uleb128 0x7
 1584 0055 0D       		.uleb128 0xd
 1585 0056 00       		.byte	0
 1586 0057 03       		.uleb128 0x3
 1587 0058 08       		.uleb128 0x8
 1588 0059 3A       		.uleb128 0x3a
 1589 005a 0B       		.uleb128 0xb
 1590 005b 3B       		.uleb128 0x3b
ARM GAS  /tmp/cckmGpmh.s 			page 29


 1591 005c 0B       		.uleb128 0xb
 1592 005d 49       		.uleb128 0x49
 1593 005e 13       		.uleb128 0x13
 1594 005f 38       		.uleb128 0x38
 1595 0060 0A       		.uleb128 0xa
 1596 0061 00       		.byte	0
 1597 0062 00       		.byte	0
 1598 0063 08       		.uleb128 0x8
 1599 0064 13       		.uleb128 0x13
 1600 0065 01       		.byte	0x1
 1601 0066 0B       		.uleb128 0xb
 1602 0067 0B       		.uleb128 0xb
 1603 0068 3A       		.uleb128 0x3a
 1604 0069 0B       		.uleb128 0xb
 1605 006a 3B       		.uleb128 0x3b
 1606 006b 0B       		.uleb128 0xb
 1607 006c 01       		.uleb128 0x1
 1608 006d 13       		.uleb128 0x13
 1609 006e 00       		.byte	0
 1610 006f 00       		.byte	0
 1611 0070 09       		.uleb128 0x9
 1612 0071 0F       		.uleb128 0xf
 1613 0072 00       		.byte	0
 1614 0073 0B       		.uleb128 0xb
 1615 0074 0B       		.uleb128 0xb
 1616 0075 49       		.uleb128 0x49
 1617 0076 13       		.uleb128 0x13
 1618 0077 00       		.byte	0
 1619 0078 00       		.byte	0
 1620 0079 0A       		.uleb128 0xa
 1621 007a 0F       		.uleb128 0xf
 1622 007b 00       		.byte	0
 1623 007c 0B       		.uleb128 0xb
 1624 007d 0B       		.uleb128 0xb
 1625 007e 00       		.byte	0
 1626 007f 00       		.byte	0
 1627 0080 0B       		.uleb128 0xb
 1628 0081 35       		.uleb128 0x35
 1629 0082 00       		.byte	0
 1630 0083 49       		.uleb128 0x49
 1631 0084 13       		.uleb128 0x13
 1632 0085 00       		.byte	0
 1633 0086 00       		.byte	0
 1634 0087 0C       		.uleb128 0xc
 1635 0088 15       		.uleb128 0x15
 1636 0089 01       		.byte	0x1
 1637 008a 27       		.uleb128 0x27
 1638 008b 0C       		.uleb128 0xc
 1639 008c 49       		.uleb128 0x49
 1640 008d 13       		.uleb128 0x13
 1641 008e 01       		.uleb128 0x1
 1642 008f 13       		.uleb128 0x13
 1643 0090 00       		.byte	0
 1644 0091 00       		.byte	0
 1645 0092 0D       		.uleb128 0xd
 1646 0093 05       		.uleb128 0x5
 1647 0094 00       		.byte	0
ARM GAS  /tmp/cckmGpmh.s 			page 30


 1648 0095 49       		.uleb128 0x49
 1649 0096 13       		.uleb128 0x13
 1650 0097 00       		.byte	0
 1651 0098 00       		.byte	0
 1652 0099 0E       		.uleb128 0xe
 1653 009a 17       		.uleb128 0x17
 1654 009b 01       		.byte	0x1
 1655 009c 0B       		.uleb128 0xb
 1656 009d 0B       		.uleb128 0xb
 1657 009e 3A       		.uleb128 0x3a
 1658 009f 0B       		.uleb128 0xb
 1659 00a0 3B       		.uleb128 0x3b
 1660 00a1 0B       		.uleb128 0xb
 1661 00a2 01       		.uleb128 0x1
 1662 00a3 13       		.uleb128 0x13
 1663 00a4 00       		.byte	0
 1664 00a5 00       		.byte	0
 1665 00a6 0F       		.uleb128 0xf
 1666 00a7 0D       		.uleb128 0xd
 1667 00a8 00       		.byte	0
 1668 00a9 03       		.uleb128 0x3
 1669 00aa 0E       		.uleb128 0xe
 1670 00ab 3A       		.uleb128 0x3a
 1671 00ac 0B       		.uleb128 0xb
 1672 00ad 3B       		.uleb128 0x3b
 1673 00ae 0B       		.uleb128 0xb
 1674 00af 49       		.uleb128 0x49
 1675 00b0 13       		.uleb128 0x13
 1676 00b1 00       		.byte	0
 1677 00b2 00       		.byte	0
 1678 00b3 10       		.uleb128 0x10
 1679 00b4 17       		.uleb128 0x17
 1680 00b5 01       		.byte	0x1
 1681 00b6 03       		.uleb128 0x3
 1682 00b7 0E       		.uleb128 0xe
 1683 00b8 0B       		.uleb128 0xb
 1684 00b9 0B       		.uleb128 0xb
 1685 00ba 3A       		.uleb128 0x3a
 1686 00bb 0B       		.uleb128 0xb
 1687 00bc 3B       		.uleb128 0x3b
 1688 00bd 0B       		.uleb128 0xb
 1689 00be 01       		.uleb128 0x1
 1690 00bf 13       		.uleb128 0x13
 1691 00c0 00       		.byte	0
 1692 00c1 00       		.byte	0
 1693 00c2 11       		.uleb128 0x11
 1694 00c3 0D       		.uleb128 0xd
 1695 00c4 00       		.byte	0
 1696 00c5 03       		.uleb128 0x3
 1697 00c6 08       		.uleb128 0x8
 1698 00c7 3A       		.uleb128 0x3a
 1699 00c8 0B       		.uleb128 0xb
 1700 00c9 3B       		.uleb128 0x3b
 1701 00ca 0B       		.uleb128 0xb
 1702 00cb 49       		.uleb128 0x49
 1703 00cc 13       		.uleb128 0x13
 1704 00cd 00       		.byte	0
ARM GAS  /tmp/cckmGpmh.s 			page 31


 1705 00ce 00       		.byte	0
 1706 00cf 12       		.uleb128 0x12
 1707 00d0 26       		.uleb128 0x26
 1708 00d1 00       		.byte	0
 1709 00d2 49       		.uleb128 0x49
 1710 00d3 13       		.uleb128 0x13
 1711 00d4 00       		.byte	0
 1712 00d5 00       		.byte	0
 1713 00d6 13       		.uleb128 0x13
 1714 00d7 15       		.uleb128 0x15
 1715 00d8 01       		.byte	0x1
 1716 00d9 27       		.uleb128 0x27
 1717 00da 0C       		.uleb128 0xc
 1718 00db 01       		.uleb128 0x1
 1719 00dc 13       		.uleb128 0x13
 1720 00dd 00       		.byte	0
 1721 00de 00       		.byte	0
 1722 00df 14       		.uleb128 0x14
 1723 00e0 2E       		.uleb128 0x2e
 1724 00e1 01       		.byte	0x1
 1725 00e2 03       		.uleb128 0x3
 1726 00e3 0E       		.uleb128 0xe
 1727 00e4 3A       		.uleb128 0x3a
 1728 00e5 0B       		.uleb128 0xb
 1729 00e6 3B       		.uleb128 0x3b
 1730 00e7 0B       		.uleb128 0xb
 1731 00e8 27       		.uleb128 0x27
 1732 00e9 0C       		.uleb128 0xc
 1733 00ea 49       		.uleb128 0x49
 1734 00eb 13       		.uleb128 0x13
 1735 00ec 11       		.uleb128 0x11
 1736 00ed 01       		.uleb128 0x1
 1737 00ee 12       		.uleb128 0x12
 1738 00ef 01       		.uleb128 0x1
 1739 00f0 40       		.uleb128 0x40
 1740 00f1 0A       		.uleb128 0xa
 1741 00f2 9742     		.uleb128 0x2117
 1742 00f4 0C       		.uleb128 0xc
 1743 00f5 01       		.uleb128 0x1
 1744 00f6 13       		.uleb128 0x13
 1745 00f7 00       		.byte	0
 1746 00f8 00       		.byte	0
 1747 00f9 15       		.uleb128 0x15
 1748 00fa 05       		.uleb128 0x5
 1749 00fb 00       		.byte	0
 1750 00fc 03       		.uleb128 0x3
 1751 00fd 0E       		.uleb128 0xe
 1752 00fe 3A       		.uleb128 0x3a
 1753 00ff 0B       		.uleb128 0xb
 1754 0100 3B       		.uleb128 0x3b
 1755 0101 0B       		.uleb128 0xb
 1756 0102 49       		.uleb128 0x49
 1757 0103 13       		.uleb128 0x13
 1758 0104 02       		.uleb128 0x2
 1759 0105 06       		.uleb128 0x6
 1760 0106 00       		.byte	0
 1761 0107 00       		.byte	0
ARM GAS  /tmp/cckmGpmh.s 			page 32


 1762 0108 16       		.uleb128 0x16
 1763 0109 2E       		.uleb128 0x2e
 1764 010a 01       		.byte	0x1
 1765 010b 3F       		.uleb128 0x3f
 1766 010c 0C       		.uleb128 0xc
 1767 010d 03       		.uleb128 0x3
 1768 010e 0E       		.uleb128 0xe
 1769 010f 3A       		.uleb128 0x3a
 1770 0110 0B       		.uleb128 0xb
 1771 0111 3B       		.uleb128 0x3b
 1772 0112 0B       		.uleb128 0xb
 1773 0113 27       		.uleb128 0x27
 1774 0114 0C       		.uleb128 0xc
 1775 0115 49       		.uleb128 0x49
 1776 0116 13       		.uleb128 0x13
 1777 0117 11       		.uleb128 0x11
 1778 0118 01       		.uleb128 0x1
 1779 0119 12       		.uleb128 0x12
 1780 011a 01       		.uleb128 0x1
 1781 011b 40       		.uleb128 0x40
 1782 011c 06       		.uleb128 0x6
 1783 011d 9742     		.uleb128 0x2117
 1784 011f 0C       		.uleb128 0xc
 1785 0120 01       		.uleb128 0x1
 1786 0121 13       		.uleb128 0x13
 1787 0122 00       		.byte	0
 1788 0123 00       		.byte	0
 1789 0124 17       		.uleb128 0x17
 1790 0125 34       		.uleb128 0x34
 1791 0126 00       		.byte	0
 1792 0127 03       		.uleb128 0x3
 1793 0128 08       		.uleb128 0x8
 1794 0129 3A       		.uleb128 0x3a
 1795 012a 0B       		.uleb128 0xb
 1796 012b 3B       		.uleb128 0x3b
 1797 012c 0B       		.uleb128 0xb
 1798 012d 49       		.uleb128 0x49
 1799 012e 13       		.uleb128 0x13
 1800 012f 02       		.uleb128 0x2
 1801 0130 06       		.uleb128 0x6
 1802 0131 00       		.byte	0
 1803 0132 00       		.byte	0
 1804 0133 18       		.uleb128 0x18
 1805 0134 898201   		.uleb128 0x4109
 1806 0137 00       		.byte	0
 1807 0138 11       		.uleb128 0x11
 1808 0139 01       		.uleb128 0x1
 1809 013a 31       		.uleb128 0x31
 1810 013b 13       		.uleb128 0x13
 1811 013c 00       		.byte	0
 1812 013d 00       		.byte	0
 1813 013e 19       		.uleb128 0x19
 1814 013f 898201   		.uleb128 0x4109
 1815 0142 01       		.byte	0x1
 1816 0143 11       		.uleb128 0x11
 1817 0144 01       		.uleb128 0x1
 1818 0145 31       		.uleb128 0x31
ARM GAS  /tmp/cckmGpmh.s 			page 33


 1819 0146 13       		.uleb128 0x13
 1820 0147 01       		.uleb128 0x1
 1821 0148 13       		.uleb128 0x13
 1822 0149 00       		.byte	0
 1823 014a 00       		.byte	0
 1824 014b 1A       		.uleb128 0x1a
 1825 014c 8A8201   		.uleb128 0x410a
 1826 014f 00       		.byte	0
 1827 0150 02       		.uleb128 0x2
 1828 0151 0A       		.uleb128 0xa
 1829 0152 9142     		.uleb128 0x2111
 1830 0154 0A       		.uleb128 0xa
 1831 0155 00       		.byte	0
 1832 0156 00       		.byte	0
 1833 0157 1B       		.uleb128 0x1b
 1834 0158 898201   		.uleb128 0x4109
 1835 015b 01       		.byte	0x1
 1836 015c 11       		.uleb128 0x11
 1837 015d 01       		.uleb128 0x1
 1838 015e 31       		.uleb128 0x31
 1839 015f 13       		.uleb128 0x13
 1840 0160 00       		.byte	0
 1841 0161 00       		.byte	0
 1842 0162 1C       		.uleb128 0x1c
 1843 0163 2E       		.uleb128 0x2e
 1844 0164 01       		.byte	0x1
 1845 0165 3F       		.uleb128 0x3f
 1846 0166 0C       		.uleb128 0xc
 1847 0167 03       		.uleb128 0x3
 1848 0168 0E       		.uleb128 0xe
 1849 0169 3A       		.uleb128 0x3a
 1850 016a 0B       		.uleb128 0xb
 1851 016b 3B       		.uleb128 0x3b
 1852 016c 0B       		.uleb128 0xb
 1853 016d 27       		.uleb128 0x27
 1854 016e 0C       		.uleb128 0xc
 1855 016f 11       		.uleb128 0x11
 1856 0170 01       		.uleb128 0x1
 1857 0171 12       		.uleb128 0x12
 1858 0172 01       		.uleb128 0x1
 1859 0173 40       		.uleb128 0x40
 1860 0174 06       		.uleb128 0x6
 1861 0175 9742     		.uleb128 0x2117
 1862 0177 0C       		.uleb128 0xc
 1863 0178 01       		.uleb128 0x1
 1864 0179 13       		.uleb128 0x13
 1865 017a 00       		.byte	0
 1866 017b 00       		.byte	0
 1867 017c 1D       		.uleb128 0x1d
 1868 017d 0B       		.uleb128 0xb
 1869 017e 01       		.byte	0x1
 1870 017f 11       		.uleb128 0x11
 1871 0180 01       		.uleb128 0x1
 1872 0181 12       		.uleb128 0x12
 1873 0182 01       		.uleb128 0x1
 1874 0183 00       		.byte	0
 1875 0184 00       		.byte	0
ARM GAS  /tmp/cckmGpmh.s 			page 34


 1876 0185 1E       		.uleb128 0x1e
 1877 0186 34       		.uleb128 0x34
 1878 0187 00       		.byte	0
 1879 0188 03       		.uleb128 0x3
 1880 0189 0E       		.uleb128 0xe
 1881 018a 3A       		.uleb128 0x3a
 1882 018b 0B       		.uleb128 0xb
 1883 018c 3B       		.uleb128 0x3b
 1884 018d 0B       		.uleb128 0xb
 1885 018e 49       		.uleb128 0x49
 1886 018f 13       		.uleb128 0x13
 1887 0190 02       		.uleb128 0x2
 1888 0191 06       		.uleb128 0x6
 1889 0192 00       		.byte	0
 1890 0193 00       		.byte	0
 1891 0194 1F       		.uleb128 0x1f
 1892 0195 2E       		.uleb128 0x2e
 1893 0196 01       		.byte	0x1
 1894 0197 3F       		.uleb128 0x3f
 1895 0198 0C       		.uleb128 0xc
 1896 0199 03       		.uleb128 0x3
 1897 019a 0E       		.uleb128 0xe
 1898 019b 3A       		.uleb128 0x3a
 1899 019c 0B       		.uleb128 0xb
 1900 019d 3B       		.uleb128 0x3b
 1901 019e 0B       		.uleb128 0xb
 1902 019f 27       		.uleb128 0x27
 1903 01a0 0C       		.uleb128 0xc
 1904 01a1 49       		.uleb128 0x49
 1905 01a2 13       		.uleb128 0x13
 1906 01a3 11       		.uleb128 0x11
 1907 01a4 01       		.uleb128 0x1
 1908 01a5 12       		.uleb128 0x12
 1909 01a6 01       		.uleb128 0x1
 1910 01a7 40       		.uleb128 0x40
 1911 01a8 0A       		.uleb128 0xa
 1912 01a9 9742     		.uleb128 0x2117
 1913 01ab 0C       		.uleb128 0xc
 1914 01ac 01       		.uleb128 0x1
 1915 01ad 13       		.uleb128 0x13
 1916 01ae 00       		.byte	0
 1917 01af 00       		.byte	0
 1918 01b0 20       		.uleb128 0x20
 1919 01b1 2E       		.uleb128 0x2e
 1920 01b2 00       		.byte	0
 1921 01b3 3F       		.uleb128 0x3f
 1922 01b4 0C       		.uleb128 0xc
 1923 01b5 03       		.uleb128 0x3
 1924 01b6 0E       		.uleb128 0xe
 1925 01b7 3A       		.uleb128 0x3a
 1926 01b8 0B       		.uleb128 0xb
 1927 01b9 3B       		.uleb128 0x3b
 1928 01ba 0B       		.uleb128 0xb
 1929 01bb 27       		.uleb128 0x27
 1930 01bc 0C       		.uleb128 0xc
 1931 01bd 49       		.uleb128 0x49
 1932 01be 13       		.uleb128 0x13
ARM GAS  /tmp/cckmGpmh.s 			page 35


 1933 01bf 3C       		.uleb128 0x3c
 1934 01c0 0C       		.uleb128 0xc
 1935 01c1 00       		.byte	0
 1936 01c2 00       		.byte	0
 1937 01c3 21       		.uleb128 0x21
 1938 01c4 2E       		.uleb128 0x2e
 1939 01c5 01       		.byte	0x1
 1940 01c6 3F       		.uleb128 0x3f
 1941 01c7 0C       		.uleb128 0xc
 1942 01c8 03       		.uleb128 0x3
 1943 01c9 0E       		.uleb128 0xe
 1944 01ca 3A       		.uleb128 0x3a
 1945 01cb 0B       		.uleb128 0xb
 1946 01cc 3B       		.uleb128 0x3b
 1947 01cd 0B       		.uleb128 0xb
 1948 01ce 27       		.uleb128 0x27
 1949 01cf 0C       		.uleb128 0xc
 1950 01d0 3C       		.uleb128 0x3c
 1951 01d1 0C       		.uleb128 0xc
 1952 01d2 01       		.uleb128 0x1
 1953 01d3 13       		.uleb128 0x13
 1954 01d4 00       		.byte	0
 1955 01d5 00       		.byte	0
 1956 01d6 22       		.uleb128 0x22
 1957 01d7 2E       		.uleb128 0x2e
 1958 01d8 01       		.byte	0x1
 1959 01d9 3F       		.uleb128 0x3f
 1960 01da 0C       		.uleb128 0xc
 1961 01db 03       		.uleb128 0x3
 1962 01dc 0E       		.uleb128 0xe
 1963 01dd 3A       		.uleb128 0x3a
 1964 01de 0B       		.uleb128 0xb
 1965 01df 3B       		.uleb128 0x3b
 1966 01e0 0B       		.uleb128 0xb
 1967 01e1 27       		.uleb128 0x27
 1968 01e2 0C       		.uleb128 0xc
 1969 01e3 49       		.uleb128 0x49
 1970 01e4 13       		.uleb128 0x13
 1971 01e5 3C       		.uleb128 0x3c
 1972 01e6 0C       		.uleb128 0xc
 1973 01e7 01       		.uleb128 0x1
 1974 01e8 13       		.uleb128 0x13
 1975 01e9 00       		.byte	0
 1976 01ea 00       		.byte	0
 1977 01eb 23       		.uleb128 0x23
 1978 01ec 2E       		.uleb128 0x2e
 1979 01ed 01       		.byte	0x1
 1980 01ee 3F       		.uleb128 0x3f
 1981 01ef 0C       		.uleb128 0xc
 1982 01f0 03       		.uleb128 0x3
 1983 01f1 0E       		.uleb128 0xe
 1984 01f2 3A       		.uleb128 0x3a
 1985 01f3 0B       		.uleb128 0xb
 1986 01f4 3B       		.uleb128 0x3b
 1987 01f5 0B       		.uleb128 0xb
 1988 01f6 27       		.uleb128 0x27
 1989 01f7 0C       		.uleb128 0xc
ARM GAS  /tmp/cckmGpmh.s 			page 36


 1990 01f8 3C       		.uleb128 0x3c
 1991 01f9 0C       		.uleb128 0xc
 1992 01fa 00       		.byte	0
 1993 01fb 00       		.byte	0
 1994 01fc 00       		.byte	0
 1995              		.section	.debug_loc,"",%progbits
 1996              	.Ldebug_loc0:
 1997              	.LLST0:
 1998 0000 00000000 		.4byte	.LVL0
 1999 0004 0C000000 		.4byte	.LVL1
 2000 0008 0100     		.2byte	0x1
 2001 000a 50       		.byte	0x50
 2002 000b 0E000000 		.4byte	.LVL2
 2003 000f 16000000 		.4byte	.LVL3
 2004 0013 0100     		.2byte	0x1
 2005 0015 50       		.byte	0x50
 2006 0016 16000000 		.4byte	.LVL3
 2007 001a 1C000000 		.4byte	.LVL4
 2008 001e 0300     		.2byte	0x3
 2009 0020 70       		.byte	0x70
 2010 0021 01       		.sleb128 1
 2011 0022 9F       		.byte	0x9f
 2012 0023 1C000000 		.4byte	.LVL4
 2013 0027 34000000 		.4byte	.LVL8
 2014 002b 0100     		.2byte	0x1
 2015 002d 50       		.byte	0x50
 2016 002e 3A000000 		.4byte	.LVL9
 2017 0032 42000000 		.4byte	.LVL11
 2018 0036 0100     		.2byte	0x1
 2019 0038 50       		.byte	0x50
 2020 0039 00000000 		.4byte	0
 2021 003d 00000000 		.4byte	0
 2022              	.LLST1:
 2023 0041 00000000 		.4byte	.LVL0
 2024 0045 16000000 		.4byte	.LVL3
 2025 0049 0100     		.2byte	0x1
 2026 004b 51       		.byte	0x51
 2027 004c 16000000 		.4byte	.LVL3
 2028 0050 1E000000 		.4byte	.LVL5
 2029 0054 0300     		.2byte	0x3
 2030 0056 71       		.byte	0x71
 2031 0057 01       		.sleb128 1
 2032 0058 9F       		.byte	0x9f
 2033 0059 1E000000 		.4byte	.LVL5
 2034 005d 2A000000 		.4byte	.LVL6
 2035 0061 0100     		.2byte	0x1
 2036 0063 51       		.byte	0x51
 2037 0064 2A000000 		.4byte	.LVL6
 2038 0068 2E000000 		.4byte	.LVL7
 2039 006c 0300     		.2byte	0x3
 2040 006e 71       		.byte	0x71
 2041 006f 01       		.sleb128 1
 2042 0070 9F       		.byte	0x9f
 2043 0071 2E000000 		.4byte	.LVL7
 2044 0075 44000000 		.4byte	.LFE40
 2045 0079 0100     		.2byte	0x1
 2046 007b 51       		.byte	0x51
ARM GAS  /tmp/cckmGpmh.s 			page 37


 2047 007c 00000000 		.4byte	0
 2048 0080 00000000 		.4byte	0
 2049              	.LLST2:
 2050 0084 00000000 		.4byte	.LFB41
 2051 0088 02000000 		.4byte	.LCFI0
 2052 008c 0200     		.2byte	0x2
 2053 008e 7D       		.byte	0x7d
 2054 008f 00       		.sleb128 0
 2055 0090 02000000 		.4byte	.LCFI0
 2056 0094 4C000000 		.4byte	.LFE41
 2057 0098 0200     		.2byte	0x2
 2058 009a 7D       		.byte	0x7d
 2059 009b 10       		.sleb128 16
 2060 009c 00000000 		.4byte	0
 2061 00a0 00000000 		.4byte	0
 2062              	.LLST3:
 2063 00a4 00000000 		.4byte	.LVL12
 2064 00a8 07000000 		.4byte	.LVL13-1
 2065 00ac 0100     		.2byte	0x1
 2066 00ae 50       		.byte	0x50
 2067 00af 07000000 		.4byte	.LVL13-1
 2068 00b3 24000000 		.4byte	.LVL19
 2069 00b7 0100     		.2byte	0x1
 2070 00b9 56       		.byte	0x56
 2071 00ba 24000000 		.4byte	.LVL19
 2072 00be 26000000 		.4byte	.LVL20
 2073 00c2 0400     		.2byte	0x4
 2074 00c4 F3       		.byte	0xf3
 2075 00c5 01       		.uleb128 0x1
 2076 00c6 50       		.byte	0x50
 2077 00c7 9F       		.byte	0x9f
 2078 00c8 26000000 		.4byte	.LVL20
 2079 00cc 4C000000 		.4byte	.LFE41
 2080 00d0 0100     		.2byte	0x1
 2081 00d2 56       		.byte	0x56
 2082 00d3 00000000 		.4byte	0
 2083 00d7 00000000 		.4byte	0
 2084              	.LLST4:
 2085 00db 0A000000 		.4byte	.LVL14
 2086 00df 0E000000 		.4byte	.LVL15
 2087 00e3 0100     		.2byte	0x1
 2088 00e5 50       		.byte	0x50
 2089 00e6 0E000000 		.4byte	.LVL15
 2090 00ea 24000000 		.4byte	.LVL18
 2091 00ee 0100     		.2byte	0x1
 2092 00f0 54       		.byte	0x54
 2093 00f1 26000000 		.4byte	.LVL20
 2094 00f5 2C000000 		.4byte	.LVL22
 2095 00f9 0100     		.2byte	0x1
 2096 00fb 54       		.byte	0x54
 2097 00fc 2C000000 		.4byte	.LVL22
 2098 0100 2E000000 		.4byte	.LVL23
 2099 0104 0100     		.2byte	0x1
 2100 0106 50       		.byte	0x50
 2101 0107 2E000000 		.4byte	.LVL23
 2102 010b 4C000000 		.4byte	.LFE41
 2103 010f 0100     		.2byte	0x1
ARM GAS  /tmp/cckmGpmh.s 			page 38


 2104 0111 54       		.byte	0x54
 2105 0112 00000000 		.4byte	0
 2106 0116 00000000 		.4byte	0
 2107              	.LLST5:
 2108 011a 00000000 		.4byte	.LFB42
 2109 011e 02000000 		.4byte	.LCFI1
 2110 0122 0200     		.2byte	0x2
 2111 0124 7D       		.byte	0x7d
 2112 0125 00       		.sleb128 0
 2113 0126 02000000 		.4byte	.LCFI1
 2114 012a 14000000 		.4byte	.LFE42
 2115 012e 0200     		.2byte	0x2
 2116 0130 7D       		.byte	0x7d
 2117 0131 08       		.sleb128 8
 2118 0132 00000000 		.4byte	0
 2119 0136 00000000 		.4byte	0
 2120              	.LLST6:
 2121 013a 00000000 		.4byte	.LVL27
 2122 013e 08000000 		.4byte	.LVL28
 2123 0142 0100     		.2byte	0x1
 2124 0144 50       		.byte	0x50
 2125 0145 08000000 		.4byte	.LVL28
 2126 0149 0A000000 		.4byte	.LVL29
 2127 014d 0400     		.2byte	0x4
 2128 014f F3       		.byte	0xf3
 2129 0150 01       		.uleb128 0x1
 2130 0151 50       		.byte	0x50
 2131 0152 9F       		.byte	0x9f
 2132 0153 0A000000 		.4byte	.LVL29
 2133 0157 11000000 		.4byte	.LVL30-1
 2134 015b 0100     		.2byte	0x1
 2135 015d 50       		.byte	0x50
 2136 015e 11000000 		.4byte	.LVL30-1
 2137 0162 14000000 		.4byte	.LFE42
 2138 0166 0400     		.2byte	0x4
 2139 0168 F3       		.byte	0xf3
 2140 0169 01       		.uleb128 0x1
 2141 016a 50       		.byte	0x50
 2142 016b 9F       		.byte	0x9f
 2143 016c 00000000 		.4byte	0
 2144 0170 00000000 		.4byte	0
 2145              	.LLST7:
 2146 0174 0A000000 		.4byte	.LVL29
 2147 0178 11000000 		.4byte	.LVL30-1
 2148 017c 0100     		.2byte	0x1
 2149 017e 50       		.byte	0x50
 2150 017f 11000000 		.4byte	.LVL30-1
 2151 0183 14000000 		.4byte	.LFE42
 2152 0187 0400     		.2byte	0x4
 2153 0189 F3       		.byte	0xf3
 2154 018a 01       		.uleb128 0x1
 2155 018b 50       		.byte	0x50
 2156 018c 9F       		.byte	0x9f
 2157 018d 00000000 		.4byte	0
 2158 0191 00000000 		.4byte	0
 2159              	.LLST8:
 2160 0195 00000000 		.4byte	.LFB43
ARM GAS  /tmp/cckmGpmh.s 			page 39


 2161 0199 02000000 		.4byte	.LCFI2
 2162 019d 0200     		.2byte	0x2
 2163 019f 7D       		.byte	0x7d
 2164 01a0 00       		.sleb128 0
 2165 01a1 02000000 		.4byte	.LCFI2
 2166 01a5 20000000 		.4byte	.LFE43
 2167 01a9 0200     		.2byte	0x2
 2168 01ab 7D       		.byte	0x7d
 2169 01ac 18       		.sleb128 24
 2170 01ad 00000000 		.4byte	0
 2171 01b1 00000000 		.4byte	0
 2172              	.LLST9:
 2173 01b5 00000000 		.4byte	.LVL31
 2174 01b9 08000000 		.4byte	.LVL32
 2175 01bd 0100     		.2byte	0x1
 2176 01bf 50       		.byte	0x50
 2177 01c0 08000000 		.4byte	.LVL32
 2178 01c4 1E000000 		.4byte	.LVL38
 2179 01c8 0100     		.2byte	0x1
 2180 01ca 57       		.byte	0x57
 2181 01cb 1E000000 		.4byte	.LVL38
 2182 01cf 20000000 		.4byte	.LFE43
 2183 01d3 0400     		.2byte	0x4
 2184 01d5 F3       		.byte	0xf3
 2185 01d6 01       		.uleb128 0x1
 2186 01d7 50       		.byte	0x50
 2187 01d8 9F       		.byte	0x9f
 2188 01d9 00000000 		.4byte	0
 2189 01dd 00000000 		.4byte	0
 2190              	.LLST10:
 2191 01e1 00000000 		.4byte	.LVL31
 2192 01e5 0A000000 		.4byte	.LVL33
 2193 01e9 0100     		.2byte	0x1
 2194 01eb 51       		.byte	0x51
 2195 01ec 0A000000 		.4byte	.LVL33
 2196 01f0 20000000 		.4byte	.LFE43
 2197 01f4 0400     		.2byte	0x4
 2198 01f6 F3       		.byte	0xf3
 2199 01f7 01       		.uleb128 0x1
 2200 01f8 51       		.byte	0x51
 2201 01f9 9F       		.byte	0x9f
 2202 01fa 00000000 		.4byte	0
 2203 01fe 00000000 		.4byte	0
 2204              	.LLST11:
 2205 0202 00000000 		.4byte	.LVL31
 2206 0206 0F000000 		.4byte	.LVL34-1
 2207 020a 0100     		.2byte	0x1
 2208 020c 52       		.byte	0x52
 2209 020d 0F000000 		.4byte	.LVL34-1
 2210 0211 20000000 		.4byte	.LFE43
 2211 0215 0400     		.2byte	0x4
 2212 0217 F3       		.byte	0xf3
 2213 0218 01       		.uleb128 0x1
 2214 0219 52       		.byte	0x52
 2215 021a 9F       		.byte	0x9f
 2216 021b 00000000 		.4byte	0
 2217 021f 00000000 		.4byte	0
ARM GAS  /tmp/cckmGpmh.s 			page 40


 2218              	.LLST12:
 2219 0223 14000000 		.4byte	.LVL35
 2220 0227 1B000000 		.4byte	.LVL36-1
 2221 022b 0100     		.2byte	0x1
 2222 022d 50       		.byte	0x50
 2223 022e 1B000000 		.4byte	.LVL36-1
 2224 0232 1E000000 		.4byte	.LVL37
 2225 0236 0100     		.2byte	0x1
 2226 0238 54       		.byte	0x54
 2227 0239 1E000000 		.4byte	.LVL37
 2228 023d 20000000 		.4byte	.LFE43
 2229 0241 0100     		.2byte	0x1
 2230 0243 50       		.byte	0x50
 2231 0244 00000000 		.4byte	0
 2232 0248 00000000 		.4byte	0
 2233              	.LLST13:
 2234 024c 00000000 		.4byte	.LVL39
 2235 0250 02000000 		.4byte	.LVL40
 2236 0254 0100     		.2byte	0x1
 2237 0256 50       		.byte	0x50
 2238 0257 02000000 		.4byte	.LVL40
 2239 025b 04000000 		.4byte	.LFE44
 2240 025f 0400     		.2byte	0x4
 2241 0261 F3       		.byte	0xf3
 2242 0262 01       		.uleb128 0x1
 2243 0263 50       		.byte	0x50
 2244 0264 9F       		.byte	0x9f
 2245 0265 00000000 		.4byte	0
 2246 0269 00000000 		.4byte	0
 2247              		.section	.debug_aranges,"",%progbits
 2248 0000 3C000000 		.4byte	0x3c
 2249 0004 0200     		.2byte	0x2
 2250 0006 00000000 		.4byte	.Ldebug_info0
 2251 000a 04       		.byte	0x4
 2252 000b 00       		.byte	0
 2253 000c 0000     		.2byte	0
 2254 000e 0000     		.2byte	0
 2255 0010 00000000 		.4byte	.LFB40
 2256 0014 44000000 		.4byte	.LFE40-.LFB40
 2257 0018 00000000 		.4byte	.LFB41
 2258 001c 4C000000 		.4byte	.LFE41-.LFB41
 2259 0020 00000000 		.4byte	.LFB42
 2260 0024 14000000 		.4byte	.LFE42-.LFB42
 2261 0028 00000000 		.4byte	.LFB43
 2262 002c 20000000 		.4byte	.LFE43-.LFB43
 2263 0030 00000000 		.4byte	.LFB44
 2264 0034 04000000 		.4byte	.LFE44-.LFB44
 2265 0038 00000000 		.4byte	0
 2266 003c 00000000 		.4byte	0
 2267              		.section	.debug_ranges,"",%progbits
 2268              	.Ldebug_ranges0:
 2269 0000 00000000 		.4byte	.LFB40
 2270 0004 44000000 		.4byte	.LFE40
 2271 0008 00000000 		.4byte	.LFB41
 2272 000c 4C000000 		.4byte	.LFE41
 2273 0010 00000000 		.4byte	.LFB42
 2274 0014 14000000 		.4byte	.LFE42
ARM GAS  /tmp/cckmGpmh.s 			page 41


 2275 0018 00000000 		.4byte	.LFB43
 2276 001c 20000000 		.4byte	.LFE43
 2277 0020 00000000 		.4byte	.LFB44
 2278 0024 04000000 		.4byte	.LFE44
 2279 0028 00000000 		.4byte	0
 2280 002c 00000000 		.4byte	0
 2281              		.section	.debug_line,"",%progbits
 2282              	.Ldebug_line0:
 2283 0000 1D030000 		.section	.debug_str,"MS",%progbits,1
 2283      02009202 
 2283      00000201 
 2283      FB0E0D00 
 2283      01010101 
 2284              	.LASF49:
 2285 0000 696E7463 		.ascii	"intctx\000"
 2285      747800
 2286              	.LASF2:
 2287 0007 73697A65 		.ascii	"size_t\000"
 2287      5F7400
 2288              	.LASF66:
 2289 000e 7264796D 		.ascii	"rdymsg\000"
 2289      736700
 2290              	.LASF13:
 2291 0015 75696E74 		.ascii	"uint64_t\000"
 2291      36345F74 
 2291      00
 2292              	.LASF56:
 2293 001e 6D656D67 		.ascii	"memgetfunc_t\000"
 2293      65746675 
 2293      6E635F74 
 2293      00
 2294              	.LASF14:
 2295 002b 6C6F6E67 		.ascii	"long long unsigned int\000"
 2295      206C6F6E 
 2295      6720756E 
 2295      7369676E 
 2295      65642069 
 2296              	.LASF67:
 2297 0042 65786974 		.ascii	"exitcode\000"
 2297      636F6465 
 2297      00
 2298              	.LASF60:
 2299 004b 685F6672 		.ascii	"h_free\000"
 2299      656500
 2300              	.LASF99:
 2301 0052 7363616C 		.ascii	"scale_x\000"
 2301      655F7800 
 2302              	.LASF90:
 2303 005a 6D665F73 		.ascii	"mf_scaledfont_s\000"
 2303      63616C65 
 2303      64666F6E 
 2303      745F7300 
 2304              	.LASF62:
 2305 006a 6E657874 		.ascii	"next\000"
 2305      00
 2306              	.LASF28:
 2307 006f 705F7072 		.ascii	"p_prio\000"
ARM GAS  /tmp/cckmGpmh.s 			page 42


 2307      696F00
 2308              	.LASF86:
 2309 0076 6D665F63 		.ascii	"mf_char\000"
 2309      68617200 
 2310              	.LASF5:
 2311 007e 696E7431 		.ascii	"int16_t\000"
 2311      365F7400 
 2312              	.LASF12:
 2313 0086 6C6F6E67 		.ascii	"long long int\000"
 2313      206C6F6E 
 2313      6720696E 
 2313      7400
 2314              	.LASF1:
 2315 0094 7369676E 		.ascii	"signed char\000"
 2315      65642063 
 2315      68617200 
 2316              	.LASF61:
 2317 00a0 685F6D74 		.ascii	"h_mtx\000"
 2317      7800
 2318              	.LASF11:
 2319 00a6 6C6F6E67 		.ascii	"long unsigned int\000"
 2319      20756E73 
 2319      69676E65 
 2319      6420696E 
 2319      7400
 2320              	.LASF44:
 2321 00b8 705F6D70 		.ascii	"p_mpool\000"
 2321      6F6F6C00 
 2322              	.LASF15:
 2323 00c0 626F6F6C 		.ascii	"bool_t\000"
 2323      5F7400
 2324              	.LASF53:
 2325 00c7 6D5F7175 		.ascii	"m_queue\000"
 2325      65756500 
 2326              	.LASF109:
 2327 00cf 63684865 		.ascii	"chHeapFree\000"
 2327      61704672 
 2327      656500
 2328              	.LASF88:
 2329 00da 6D665F66 		.ascii	"mf_font_list_s\000"
 2329      6F6E745F 
 2329      6C697374 
 2329      5F7300
 2330              	.LASF59:
 2331 00e9 685F7072 		.ascii	"h_provider\000"
 2331      6F766964 
 2331      657200
 2332              	.LASF111:
 2333 00f4 6D665F73 		.ascii	"mf_scale_font\000"
 2333      63616C65 
 2333      5F666F6E 
 2333      7400
 2334              	.LASF9:
 2335 0102 6C6F6E67 		.ascii	"long int\000"
 2335      20696E74 
 2335      00
 2336              	.LASF18:
ARM GAS  /tmp/cckmGpmh.s 			page 43


 2337 010b 74737461 		.ascii	"tstate_t\000"
 2337      74655F74 
 2337      00
 2338              	.LASF35:
 2339 0114 705F7265 		.ascii	"p_refs\000"
 2339      667300
 2340              	.LASF30:
 2341 011b 705F6E65 		.ascii	"p_newer\000"
 2341      77657200 
 2342              	.LASF91:
 2343 0123 62617365 		.ascii	"basefont\000"
 2343      666F6E74 
 2343      00
 2344              	.LASF47:
 2345 012c 72656761 		.ascii	"regarm_t\000"
 2345      726D5F74 
 2345      00
 2346              	.LASF64:
 2347 0135 616C6967 		.ascii	"align\000"
 2347      6E00
 2348              	.LASF0:
 2349 013b 756E7369 		.ascii	"unsigned int\000"
 2349      676E6564 
 2349      20696E74 
 2349      00
 2350              	.LASF94:
 2351 0148 70617474 		.ascii	"pattern\000"
 2351      65726E00 
 2352              	.LASF39:
 2353 0150 705F6D73 		.ascii	"p_msgqueue\000"
 2353      67717565 
 2353      756500
 2354              	.LASF93:
 2355 015b 795F7363 		.ascii	"y_scale\000"
 2355      616C6500 
 2356              	.LASF95:
 2357 0163 6E616D65 		.ascii	"name\000"
 2357      00
 2358              	.LASF75:
 2359 0168 77696474 		.ascii	"width\000"
 2359      6800
 2360              	.LASF50:
 2361 016e 636F6E74 		.ascii	"context\000"
 2361      65787400 
 2362              	.LASF65:
 2363 0176 73697A65 		.ascii	"size\000"
 2363      00
 2364              	.LASF7:
 2365 017b 73686F72 		.ascii	"short unsigned int\000"
 2365      7420756E 
 2365      7369676E 
 2365      65642069 
 2365      6E7400
 2366              	.LASF81:
 2367 018e 6C696E65 		.ascii	"line_height\000"
 2367      5F686569 
 2367      67687400 
ARM GAS  /tmp/cckmGpmh.s 			page 44


 2368              	.LASF22:
 2369 019a 6D73675F 		.ascii	"msg_t\000"
 2369      7400
 2370              	.LASF107:
 2371 01a0 67646973 		.ascii	"gdispCloseFont\000"
 2371      70436C6F 
 2371      7365466F 
 2371      6E7400
 2372              	.LASF17:
 2373 01af 746D6F64 		.ascii	"tmode_t\000"
 2373      655F7400 
 2374              	.LASF46:
 2375 01b7 54687265 		.ascii	"ThreadsList\000"
 2375      6164734C 
 2375      69737400 
 2376              	.LASF23:
 2377 01c3 6576656E 		.ascii	"eventmask_t\000"
 2377      746D6173 
 2377      6B5F7400 
 2378              	.LASF48:
 2379 01cf 73746B61 		.ascii	"stkalign_t\000"
 2379      6C69676E 
 2379      5F7400
 2380              	.LASF72:
 2381 01da 6D665F66 		.ascii	"mf_font_s\000"
 2381      6F6E745F 
 2381      7300
 2382              	.LASF104:
 2383 01e4 2F686F6D 		.ascii	"/home/matt/arm_cortex/ChibiOS/ext/ugfx/src/gdisp/fo"
 2383      652F6D61 
 2383      74742F61 
 2383      726D5F63 
 2383      6F727465 
 2384 0217 6E74732E 		.ascii	"nts.c\000"
 2384      6300
 2385              	.LASF106:
 2386 021d 6D617463 		.ascii	"matchfont\000"
 2386      68666F6E 
 2386      7400
 2387              	.LASF51:
 2388 0227 73697A65 		.ascii	"sizetype\000"
 2388      74797065 
 2388      00
 2389              	.LASF74:
 2390 0230 73686F72 		.ascii	"short_name\000"
 2390      745F6E61 
 2390      6D6500
 2391              	.LASF52:
 2392 023b 4D757465 		.ascii	"Mutex\000"
 2392      7800
 2393              	.LASF84:
 2394 0241 63686172 		.ascii	"character_width\000"
 2394      61637465 
 2394      725F7769 
 2394      64746800 
 2395              	.LASF31:
 2396 0251 705F6F6C 		.ascii	"p_older\000"
ARM GAS  /tmp/cckmGpmh.s 			page 45


 2396      64657200 
 2397              	.LASF97:
 2398 0259 67646973 		.ascii	"gdispOpenFont\000"
 2398      704F7065 
 2398      6E466F6E 
 2398      7400
 2399              	.LASF45:
 2400 0267 54687265 		.ascii	"ThreadsQueue\000"
 2400      61647351 
 2400      75657565 
 2400      00
 2401              	.LASF85:
 2402 0274 72656E64 		.ascii	"render_character\000"
 2402      65725F63 
 2402      68617261 
 2402      63746572 
 2402      00
 2403              	.LASF57:
 2404 0285 4D656D6F 		.ascii	"MemoryHeap\000"
 2404      72794865 
 2404      617000
 2405              	.LASF102:
 2406 0290 67646973 		.ascii	"gdispGetFontName\000"
 2406      70476574 
 2406      466F6E74 
 2406      4E616D65 
 2406      00
 2407              	.LASF92:
 2408 02a1 785F7363 		.ascii	"x_scale\000"
 2408      616C6500 
 2409              	.LASF19:
 2410 02a9 74726566 		.ascii	"trefs_t\000"
 2410      735F7400 
 2411              	.LASF71:
 2412 02b1 666F6E74 		.ascii	"font_t\000"
 2412      5F7400
 2413              	.LASF27:
 2414 02b8 705F7072 		.ascii	"p_prev\000"
 2414      657600
 2415              	.LASF21:
 2416 02bf 74707269 		.ascii	"tprio_t\000"
 2416      6F5F7400 
 2417              	.LASF16:
 2418 02c7 5F426F6F 		.ascii	"_Bool\000"
 2418      6C00
 2419              	.LASF8:
 2420 02cd 696E7433 		.ascii	"int32_t\000"
 2420      325F7400 
 2421              	.LASF4:
 2422 02d5 756E7369 		.ascii	"unsigned char\000"
 2422      676E6564 
 2422      20636861 
 2422      7200
 2423              	.LASF105:
 2424 02e3 68656170 		.ascii	"heap_header\000"
 2424      5F686561 
 2424      64657200 
ARM GAS  /tmp/cckmGpmh.s 			page 46


 2425              	.LASF42:
 2426 02ef 705F6D74 		.ascii	"p_mtxlist\000"
 2426      786C6973 
 2426      7400
 2427              	.LASF6:
 2428 02f9 73686F72 		.ascii	"short int\000"
 2428      7420696E 
 2428      7400
 2429              	.LASF33:
 2430 0303 705F7374 		.ascii	"p_state\000"
 2430      61746500 
 2431              	.LASF36:
 2432 030b 705F7072 		.ascii	"p_preempt\000"
 2432      65656D70 
 2432      7400
 2433              	.LASF69:
 2434 0315 65776D61 		.ascii	"ewmask\000"
 2434      736B00
 2435              	.LASF26:
 2436 031c 705F6E65 		.ascii	"p_next\000"
 2436      787400
 2437              	.LASF34:
 2438 0323 705F666C 		.ascii	"p_flags\000"
 2438      61677300 
 2439              	.LASF96:
 2440 032b 64666F6E 		.ascii	"dfont\000"
 2440      7400
 2441              	.LASF25:
 2442 0331 54687265 		.ascii	"Thread\000"
 2442      616400
 2443              	.LASF110:
 2444 0338 63684865 		.ascii	"chHeapAlloc\000"
 2444      6170416C 
 2444      6C6F6300 
 2445              	.LASF73:
 2446 0344 66756C6C 		.ascii	"full_name\000"
 2446      5F6E616D 
 2446      6500
 2447              	.LASF41:
 2448 034e 705F6570 		.ascii	"p_epending\000"
 2448      656E6469 
 2448      6E6700
 2449              	.LASF10:
 2450 0359 75696E74 		.ascii	"uint32_t\000"
 2450      33325F74 
 2450      00
 2451              	.LASF101:
 2452 0362 6E657766 		.ascii	"newfont\000"
 2452      6F6E7400 
 2453              	.LASF83:
 2454 036a 66616C6C 		.ascii	"fallback_character\000"
 2454      6261636B 
 2454      5F636861 
 2454      72616374 
 2454      657200
 2455              	.LASF63:
 2456 037d 68656170 		.ascii	"heap\000"
ARM GAS  /tmp/cckmGpmh.s 			page 47


 2456      00
 2457              	.LASF20:
 2458 0382 74736C69 		.ascii	"tslices_t\000"
 2458      6365735F 
 2458      7400
 2459              	.LASF70:
 2460 038c 63686172 		.ascii	"char\000"
 2460      00
 2461              	.LASF55:
 2462 0391 6D5F6E65 		.ascii	"m_next\000"
 2462      787400
 2463              	.LASF24:
 2464 0398 73797374 		.ascii	"systime_t\000"
 2464      696D655F 
 2464      7400
 2465              	.LASF43:
 2466 03a2 705F7265 		.ascii	"p_realprio\000"
 2466      616C7072 
 2466      696F00
 2467              	.LASF77:
 2468 03ad 6D696E5F 		.ascii	"min_x_advance\000"
 2468      785F6164 
 2468      76616E63 
 2468      6500
 2469              	.LASF87:
 2470 03bb 6D665F70 		.ascii	"mf_pixel_callback_t\000"
 2470      6978656C 
 2470      5F63616C 
 2470      6C626163 
 2470      6B5F7400 
 2471              	.LASF37:
 2472 03cf 705F7469 		.ascii	"p_time\000"
 2472      6D6500
 2473              	.LASF98:
 2474 03d6 67646973 		.ascii	"gdispScaleFont\000"
 2474      70536361 
 2474      6C65466F 
 2474      6E7400
 2475              	.LASF108:
 2476 03e5 6D665F67 		.ascii	"mf_get_font_list\000"
 2476      65745F66 
 2476      6F6E745F 
 2476      6C697374 
 2476      00
 2477              	.LASF78:
 2478 03f6 6D61785F 		.ascii	"max_x_advance\000"
 2478      785F6164 
 2478      76616E63 
 2478      6500
 2479              	.LASF89:
 2480 0404 666F6E74 		.ascii	"font\000"
 2480      00
 2481              	.LASF3:
 2482 0409 75696E74 		.ascii	"uint8_t\000"
 2482      385F7400 
 2483              	.LASF82:
 2484 0411 666C6167 		.ascii	"flags\000"
ARM GAS  /tmp/cckmGpmh.s 			page 48


 2484      7300
 2485              	.LASF100:
 2486 0417 7363616C 		.ascii	"scale_y\000"
 2486      655F7900 
 2487              	.LASF103:
 2488 041f 474E5520 		.ascii	"GNU C 4.7.4 20130913 (prerelease)\000"
 2488      4320342E 
 2488      372E3420 
 2488      32303133 
 2488      30393133 
 2489              	.LASF68:
 2490 0441 77746F62 		.ascii	"wtobjp\000"
 2490      6A7000
 2491              	.LASF32:
 2492 0448 705F6E61 		.ascii	"p_name\000"
 2492      6D6500
 2493              	.LASF40:
 2494 044f 705F6D73 		.ascii	"p_msg\000"
 2494      6700
 2495              	.LASF76:
 2496 0455 68656967 		.ascii	"height\000"
 2496      687400
 2497              	.LASF79:
 2498 045c 62617365 		.ascii	"baseline_x\000"
 2498      6C696E65 
 2498      5F7800
 2499              	.LASF80:
 2500 0467 62617365 		.ascii	"baseline_y\000"
 2500      6C696E65 
 2500      5F7900
 2501              	.LASF54:
 2502 0472 6D5F6F77 		.ascii	"m_owner\000"
 2502      6E657200 
 2503              	.LASF29:
 2504 047a 705F6374 		.ascii	"p_ctx\000"
 2504      7800
 2505              	.LASF38:
 2506 0480 705F7761 		.ascii	"p_waiting\000"
 2506      6974696E 
 2506      6700
 2507              	.LASF58:
 2508 048a 6D656D6F 		.ascii	"memory_heap\000"
 2508      72795F68 
 2508      65617000 
 2509              		.ident	"GCC: (GNU Tools for ARM Embedded Processors / bleeding-edge-toolchain-131005) 4.7.4 201309
ARM GAS  /tmp/cckmGpmh.s 			page 49


DEFINED SYMBOLS
                            *ABS*:0000000000000000 fonts.c
     /tmp/cckmGpmh.s:18     .text.matchfont:0000000000000000 $t
     /tmp/cckmGpmh.s:23     .text.matchfont:0000000000000000 matchfont
     /tmp/cckmGpmh.s:102    .text.gdispOpenFont:0000000000000000 $t
     /tmp/cckmGpmh.s:108    .text.gdispOpenFont:0000000000000000 gdispOpenFont
     /tmp/cckmGpmh.s:186    .text.gdispCloseFont:0000000000000000 $t
     /tmp/cckmGpmh.s:192    .text.gdispCloseFont:0000000000000000 gdispCloseFont
     /tmp/cckmGpmh.s:226    .text.gdispScaleFont:0000000000000000 $t
     /tmp/cckmGpmh.s:232    .text.gdispScaleFont:0000000000000000 gdispScaleFont
     /tmp/cckmGpmh.s:279    .text.gdispGetFontName:0000000000000000 $t
     /tmp/cckmGpmh.s:285    .text.gdispGetFontName:0000000000000000 gdispGetFontName
                     .debug_frame:0000000000000010 $d

UNDEFINED SYMBOLS
mf_get_font_list
chHeapFree
chHeapAlloc
mf_scale_font
