ARM GAS  /tmp/ccF2nzuI.s 			page 1


   1              		.cpu cortex-m0
   2              		.fpu softvfp
   3              		.eabi_attribute 20, 1
   4              		.eabi_attribute 21, 1
   5              		.eabi_attribute 23, 3
   6              		.eabi_attribute 24, 1
   7              		.eabi_attribute 25, 1
   8              		.eabi_attribute 26, 1
   9              		.eabi_attribute 30, 2
  10              		.eabi_attribute 34, 0
  11              		.eabi_attribute 18, 4
  12              		.code	16
  13              		.file	"ginput.c"
  14              		.text
  15              	.Ltext0:
  16              		.cfi_sections	.debug_frame
  17              		.section	.text._ginputInit,"ax",%progbits
  18              		.align	2
  19              		.p2align 4,,15
  20              		.global	_ginputInit
  21              		.code	16
  22              		.thumb_func
  23              		.type	_ginputInit, %function
  24              	_ginputInit:
  25              	.LFB40:
  26              		.file 1 "/home/matt/arm_cortex/ChibiOS/ext/ugfx/src/ginput/ginput.c"
  27              		.loc 1 23 0
  28              		.cfi_startproc
  29              		.loc 1 23 0
  30              		@ sp needed for prologue
  31 0000 7047     		bx	lr
  32              		.cfi_endproc
  33              	.LFE40:
  34              		.size	_ginputInit, .-_ginputInit
  35 0002 C046C046 		.text
  35      C046C046 
  35      C046C046 
  35      C046
  36              	.Letext0:
  37              		.section	.debug_info,"",%progbits
  38              	.Ldebug_info0:
  39 0000 92000000 		.4byte	0x92
  40 0004 0200     		.2byte	0x2
  41 0006 00000000 		.4byte	.Ldebug_abbrev0
  42 000a 04       		.byte	0x4
  43 000b 01       		.uleb128 0x1
  44 000c D6000000 		.4byte	.LASF12
  45 0010 01       		.byte	0x1
  46 0011 0E000000 		.4byte	.LASF13
  47 0015 00000000 		.4byte	.Ldebug_ranges0+0
  48 0019 00000000 		.4byte	0
  49 001d 00000000 		.4byte	0
  50 0021 00000000 		.4byte	.Ldebug_line0
  51 0025 02       		.uleb128 0x2
  52 0026 04       		.byte	0x4
  53 0027 05       		.byte	0x5
  54 0028 696E7400 		.ascii	"int\000"
ARM GAS  /tmp/ccF2nzuI.s 			page 2


  55 002c 03       		.uleb128 0x3
  56 002d 04       		.byte	0x4
  57 002e 07       		.byte	0x7
  58 002f 49000000 		.4byte	.LASF0
  59 0033 03       		.uleb128 0x3
  60 0034 01       		.byte	0x1
  61 0035 06       		.byte	0x6
  62 0036 C0000000 		.4byte	.LASF1
  63 003a 03       		.uleb128 0x3
  64 003b 01       		.byte	0x1
  65 003c 08       		.byte	0x8
  66 003d 8B000000 		.4byte	.LASF2
  67 0041 03       		.uleb128 0x3
  68 0042 02       		.byte	0x2
  69 0043 05       		.byte	0x5
  70 0044 CC000000 		.4byte	.LASF3
  71 0048 03       		.uleb128 0x3
  72 0049 02       		.byte	0x2
  73 004a 07       		.byte	0x7
  74 004b AD000000 		.4byte	.LASF4
  75 004f 03       		.uleb128 0x3
  76 0050 04       		.byte	0x4
  77 0051 05       		.byte	0x5
  78 0052 9E000000 		.4byte	.LASF5
  79 0056 03       		.uleb128 0x3
  80 0057 04       		.byte	0x4
  81 0058 07       		.byte	0x7
  82 0059 56000000 		.4byte	.LASF6
  83 005d 03       		.uleb128 0x3
  84 005e 08       		.byte	0x8
  85 005f 05       		.byte	0x5
  86 0060 00000000 		.4byte	.LASF7
  87 0064 03       		.uleb128 0x3
  88 0065 08       		.byte	0x8
  89 0066 07       		.byte	0x7
  90 0067 68000000 		.4byte	.LASF8
  91 006b 03       		.uleb128 0x3
  92 006c 01       		.byte	0x1
  93 006d 02       		.byte	0x2
  94 006e A7000000 		.4byte	.LASF9
  95 0072 03       		.uleb128 0x3
  96 0073 04       		.byte	0x4
  97 0074 07       		.byte	0x7
  98 0075 F8000000 		.4byte	.LASF10
  99 0079 03       		.uleb128 0x3
 100 007a 01       		.byte	0x1
 101 007b 08       		.byte	0x8
 102 007c 99000000 		.4byte	.LASF11
 103 0080 04       		.uleb128 0x4
 104 0081 01       		.byte	0x1
 105 0082 7F000000 		.4byte	.LASF14
 106 0086 01       		.byte	0x1
 107 0087 17       		.byte	0x17
 108 0088 01       		.byte	0x1
 109 0089 00000000 		.4byte	.LFB40
 110 008d 02000000 		.4byte	.LFE40
 111 0091 02       		.byte	0x2
ARM GAS  /tmp/ccF2nzuI.s 			page 3


 112 0092 7D       		.byte	0x7d
 113 0093 00       		.sleb128 0
 114 0094 01       		.byte	0x1
 115 0095 00       		.byte	0
 116              		.section	.debug_abbrev,"",%progbits
 117              	.Ldebug_abbrev0:
 118 0000 01       		.uleb128 0x1
 119 0001 11       		.uleb128 0x11
 120 0002 01       		.byte	0x1
 121 0003 25       		.uleb128 0x25
 122 0004 0E       		.uleb128 0xe
 123 0005 13       		.uleb128 0x13
 124 0006 0B       		.uleb128 0xb
 125 0007 03       		.uleb128 0x3
 126 0008 0E       		.uleb128 0xe
 127 0009 55       		.uleb128 0x55
 128 000a 06       		.uleb128 0x6
 129 000b 11       		.uleb128 0x11
 130 000c 01       		.uleb128 0x1
 131 000d 52       		.uleb128 0x52
 132 000e 01       		.uleb128 0x1
 133 000f 10       		.uleb128 0x10
 134 0010 06       		.uleb128 0x6
 135 0011 00       		.byte	0
 136 0012 00       		.byte	0
 137 0013 02       		.uleb128 0x2
 138 0014 24       		.uleb128 0x24
 139 0015 00       		.byte	0
 140 0016 0B       		.uleb128 0xb
 141 0017 0B       		.uleb128 0xb
 142 0018 3E       		.uleb128 0x3e
 143 0019 0B       		.uleb128 0xb
 144 001a 03       		.uleb128 0x3
 145 001b 08       		.uleb128 0x8
 146 001c 00       		.byte	0
 147 001d 00       		.byte	0
 148 001e 03       		.uleb128 0x3
 149 001f 24       		.uleb128 0x24
 150 0020 00       		.byte	0
 151 0021 0B       		.uleb128 0xb
 152 0022 0B       		.uleb128 0xb
 153 0023 3E       		.uleb128 0x3e
 154 0024 0B       		.uleb128 0xb
 155 0025 03       		.uleb128 0x3
 156 0026 0E       		.uleb128 0xe
 157 0027 00       		.byte	0
 158 0028 00       		.byte	0
 159 0029 04       		.uleb128 0x4
 160 002a 2E       		.uleb128 0x2e
 161 002b 00       		.byte	0
 162 002c 3F       		.uleb128 0x3f
 163 002d 0C       		.uleb128 0xc
 164 002e 03       		.uleb128 0x3
 165 002f 0E       		.uleb128 0xe
 166 0030 3A       		.uleb128 0x3a
 167 0031 0B       		.uleb128 0xb
 168 0032 3B       		.uleb128 0x3b
ARM GAS  /tmp/ccF2nzuI.s 			page 4


 169 0033 0B       		.uleb128 0xb
 170 0034 27       		.uleb128 0x27
 171 0035 0C       		.uleb128 0xc
 172 0036 11       		.uleb128 0x11
 173 0037 01       		.uleb128 0x1
 174 0038 12       		.uleb128 0x12
 175 0039 01       		.uleb128 0x1
 176 003a 40       		.uleb128 0x40
 177 003b 0A       		.uleb128 0xa
 178 003c 9742     		.uleb128 0x2117
 179 003e 0C       		.uleb128 0xc
 180 003f 00       		.byte	0
 181 0040 00       		.byte	0
 182 0041 00       		.byte	0
 183              		.section	.debug_aranges,"",%progbits
 184 0000 1C000000 		.4byte	0x1c
 185 0004 0200     		.2byte	0x2
 186 0006 00000000 		.4byte	.Ldebug_info0
 187 000a 04       		.byte	0x4
 188 000b 00       		.byte	0
 189 000c 0000     		.2byte	0
 190 000e 0000     		.2byte	0
 191 0010 00000000 		.4byte	.LFB40
 192 0014 02000000 		.4byte	.LFE40-.LFB40
 193 0018 00000000 		.4byte	0
 194 001c 00000000 		.4byte	0
 195              		.section	.debug_ranges,"",%progbits
 196              	.Ldebug_ranges0:
 197 0000 00000000 		.4byte	.LFB40
 198 0004 02000000 		.4byte	.LFE40
 199 0008 00000000 		.4byte	0
 200 000c 00000000 		.4byte	0
 201              		.section	.debug_line,"",%progbits
 202              	.Ldebug_line0:
 203 0000 67000000 		.section	.debug_str,"MS",%progbits,1
 203      02005100 
 203      00000201 
 203      FB0E0D00 
 203      01010101 
 204              	.LASF7:
 205 0000 6C6F6E67 		.ascii	"long long int\000"
 205      206C6F6E 
 205      6720696E 
 205      7400
 206              	.LASF13:
 207 000e 2F686F6D 		.ascii	"/home/matt/arm_cortex/ChibiOS/ext/ugfx/src/ginput/g"
 207      652F6D61 
 207      74742F61 
 207      726D5F63 
 207      6F727465 
 208 0041 696E7075 		.ascii	"input.c\000"
 208      742E6300 
 209              	.LASF0:
 210 0049 756E7369 		.ascii	"unsigned int\000"
 210      676E6564 
 210      20696E74 
 210      00
ARM GAS  /tmp/ccF2nzuI.s 			page 5


 211              	.LASF6:
 212 0056 6C6F6E67 		.ascii	"long unsigned int\000"
 212      20756E73 
 212      69676E65 
 212      6420696E 
 212      7400
 213              	.LASF8:
 214 0068 6C6F6E67 		.ascii	"long long unsigned int\000"
 214      206C6F6E 
 214      6720756E 
 214      7369676E 
 214      65642069 
 215              	.LASF14:
 216 007f 5F67696E 		.ascii	"_ginputInit\000"
 216      70757449 
 216      6E697400 
 217              	.LASF2:
 218 008b 756E7369 		.ascii	"unsigned char\000"
 218      676E6564 
 218      20636861 
 218      7200
 219              	.LASF11:
 220 0099 63686172 		.ascii	"char\000"
 220      00
 221              	.LASF5:
 222 009e 6C6F6E67 		.ascii	"long int\000"
 222      20696E74 
 222      00
 223              	.LASF9:
 224 00a7 5F426F6F 		.ascii	"_Bool\000"
 224      6C00
 225              	.LASF4:
 226 00ad 73686F72 		.ascii	"short unsigned int\000"
 226      7420756E 
 226      7369676E 
 226      65642069 
 226      6E7400
 227              	.LASF1:
 228 00c0 7369676E 		.ascii	"signed char\000"
 228      65642063 
 228      68617200 
 229              	.LASF3:
 230 00cc 73686F72 		.ascii	"short int\000"
 230      7420696E 
 230      7400
 231              	.LASF12:
 232 00d6 474E5520 		.ascii	"GNU C 4.7.4 20130913 (prerelease)\000"
 232      4320342E 
 232      372E3420 
 232      32303133 
 232      30393133 
 233              	.LASF10:
 234 00f8 73697A65 		.ascii	"sizetype\000"
 234      74797065 
 234      00
 235              		.ident	"GCC: (GNU Tools for ARM Embedded Processors / bleeding-edge-toolchain-131005) 4.7.4 201309
ARM GAS  /tmp/ccF2nzuI.s 			page 6


DEFINED SYMBOLS
                            *ABS*:0000000000000000 ginput.c
     /tmp/ccF2nzuI.s:18     .text._ginputInit:0000000000000000 $t
     /tmp/ccF2nzuI.s:24     .text._ginputInit:0000000000000000 _ginputInit
                     .debug_frame:0000000000000010 $d

NO UNDEFINED SYMBOLS
