ARM GAS  /tmp/ccOGOgrM.s 			page 1


   1              		.cpu cortex-m0
   2              		.fpu softvfp
   3              		.eabi_attribute 20, 1
   4              		.eabi_attribute 21, 1
   5              		.eabi_attribute 23, 3
   6              		.eabi_attribute 24, 1
   7              		.eabi_attribute 25, 1
   8              		.eabi_attribute 26, 1
   9              		.eabi_attribute 30, 2
  10              		.eabi_attribute 34, 0
  11              		.eabi_attribute 18, 4
  12              		.code	16
  13              		.file	"hal.c"
  14              		.text
  15              	.Ltext0:
  16              		.cfi_sections	.debug_frame
  17              		.section	.text.halInit,"ax",%progbits
  18              		.align	2
  19              		.p2align 4,,15
  20              		.global	halInit
  21              		.code	16
  22              		.thumb_func
  23              		.type	halInit, %function
  24              	halInit:
  25              	.LFB40:
  26              		.file 1 "/home/matt/arm_cortex/ChibiOS/os/hal/src/hal.c"
  27              		.loc 1 68 0
  28              		.cfi_startproc
  29 0000 08B5     		push	{r3, lr}
  30              	.LCFI0:
  31              		.cfi_def_cfa_offset 8
  32              		.cfi_offset 3, -8
  33              		.cfi_offset 14, -4
  34              		.loc 1 70 0
  35 0002 FFF7FEFF 		bl	hal_lld_init
  36              	.LVL0:
  37              		.loc 1 76 0
  38 0006 0448     		ldr	r0, .L2
  39 0008 FFF7FEFF 		bl	_pal_lld_init
  40              	.LVL1:
  41              		.loc 1 128 0
  42              		@ sp needed for prologue
  43              		.loc 1 103 0
  44 000c FFF7FEFF 		bl	sdInit
  45              	.LVL2:
  46              		.loc 1 127 0
  47 0010 FFF7FEFF 		bl	boardInit
  48              	.LVL3:
  49              		.loc 1 128 0
  50 0014 08BD     		pop	{r3, pc}
  51              	.L3:
  52 0016 C046     		.align	2
  53              	.L2:
  54 0018 00000000 		.word	pal_default_config
  55              		.cfi_endproc
  56              	.LFE40:
  57              		.size	halInit, .-halInit
ARM GAS  /tmp/ccOGOgrM.s 			page 2


  58 001c C046C046 		.text
  59              	.Letext0:
  60              		.file 2 "/home/matt/arm_cortex/ChibiOS/os/hal/platforms/STM32/GPIOv2/pal_lld.h"
  61              		.file 3 "/home/matt/arm_cortex/gcc-arm-none-eabi/bin/../lib/gcc/arm-none-eabi/4.7.4/../../../../ar
  62              		.file 4 "/home/matt/arm_cortex/ChibiOS/os/hal/platforms/STM32F0xx/hal_lld.h"
  63              		.file 5 "/home/matt/arm_cortex/ChibiOS/os/hal/include/serial.h"
  64              		.file 6 "/home/matt/arm_cortex/ChibiOS/boards/ST_STM32F0_DISCOVERY/board.h"
  65              		.section	.debug_info,"",%progbits
  66              	.Ldebug_info0:
  67 0000 E6010000 		.4byte	0x1e6
  68 0004 0200     		.2byte	0x2
  69 0006 00000000 		.4byte	.Ldebug_abbrev0
  70 000a 04       		.byte	0x4
  71 000b 01       		.uleb128 0x1
  72 000c 00000000 		.4byte	.LASF29
  73 0010 01       		.byte	0x1
  74 0011 69010000 		.4byte	.LASF30
  75 0015 00000000 		.4byte	.Ldebug_ranges0+0
  76 0019 00000000 		.4byte	0
  77 001d 00000000 		.4byte	0
  78 0021 00000000 		.4byte	.Ldebug_line0
  79 0025 02       		.uleb128 0x2
  80 0026 04       		.byte	0x4
  81 0027 05       		.byte	0x5
  82 0028 696E7400 		.ascii	"int\000"
  83 002c 03       		.uleb128 0x3
  84 002d 04       		.byte	0x4
  85 002e 07       		.byte	0x7
  86 002f E3000000 		.4byte	.LASF0
  87 0033 03       		.uleb128 0x3
  88 0034 01       		.byte	0x1
  89 0035 06       		.byte	0x6
  90 0036 5D010000 		.4byte	.LASF1
  91 003a 03       		.uleb128 0x3
  92 003b 01       		.byte	0x1
  93 003c 08       		.byte	0x8
  94 003d 68000000 		.4byte	.LASF2
  95 0041 03       		.uleb128 0x3
  96 0042 02       		.byte	0x2
  97 0043 05       		.byte	0x5
  98 0044 34010000 		.4byte	.LASF3
  99 0048 03       		.uleb128 0x3
 100 0049 02       		.byte	0x2
 101 004a 07       		.byte	0x7
 102 004b 46000000 		.4byte	.LASF4
 103 004f 03       		.uleb128 0x3
 104 0050 04       		.byte	0x4
 105 0051 05       		.byte	0x5
 106 0052 4E010000 		.4byte	.LASF5
 107 0056 04       		.uleb128 0x4
 108 0057 45010000 		.4byte	.LASF18
 109 005b 03       		.byte	0x3
 110 005c 50       		.byte	0x50
 111 005d 61000000 		.4byte	0x61
 112 0061 03       		.uleb128 0x3
 113 0062 04       		.byte	0x4
 114 0063 07       		.byte	0x7
ARM GAS  /tmp/ccOGOgrM.s 			page 3


 115 0064 90000000 		.4byte	.LASF6
 116 0068 03       		.uleb128 0x3
 117 0069 08       		.byte	0x8
 118 006a 05       		.byte	0x5
 119 006b 1A010000 		.4byte	.LASF7
 120 006f 03       		.uleb128 0x3
 121 0070 08       		.byte	0x8
 122 0071 07       		.byte	0x7
 123 0072 F0000000 		.4byte	.LASF8
 124 0076 03       		.uleb128 0x3
 125 0077 01       		.byte	0x1
 126 0078 02       		.byte	0x2
 127 0079 98010000 		.4byte	.LASF9
 128 007d 03       		.uleb128 0x3
 129 007e 04       		.byte	0x4
 130 007f 07       		.byte	0x7
 131 0080 11010000 		.4byte	.LASF10
 132 0084 03       		.uleb128 0x3
 133 0085 01       		.byte	0x1
 134 0086 08       		.byte	0x8
 135 0087 28010000 		.4byte	.LASF11
 136 008b 05       		.uleb128 0x5
 137 008c 1C       		.byte	0x1c
 138 008d 02       		.byte	0x2
 139 008e A3       		.byte	0xa3
 140 008f F6000000 		.4byte	0xf6
 141 0093 06       		.uleb128 0x6
 142 0094 57010000 		.4byte	.LASF12
 143 0098 02       		.byte	0x2
 144 0099 A5       		.byte	0xa5
 145 009a 56000000 		.4byte	0x56
 146 009e 02       		.byte	0x2
 147 009f 23       		.byte	0x23
 148 00a0 00       		.uleb128 0
 149 00a1 06       		.uleb128 0x6
 150 00a2 59000000 		.4byte	.LASF13
 151 00a6 02       		.byte	0x2
 152 00a7 A7       		.byte	0xa7
 153 00a8 56000000 		.4byte	0x56
 154 00ac 02       		.byte	0x2
 155 00ad 23       		.byte	0x23
 156 00ae 04       		.uleb128 0x4
 157 00af 06       		.uleb128 0x6
 158 00b0 29000000 		.4byte	.LASF14
 159 00b4 02       		.byte	0x2
 160 00b5 A9       		.byte	0xa9
 161 00b6 56000000 		.4byte	0x56
 162 00ba 02       		.byte	0x2
 163 00bb 23       		.byte	0x23
 164 00bc 08       		.uleb128 0x8
 165 00bd 06       		.uleb128 0x6
 166 00be D6000000 		.4byte	.LASF15
 167 00c2 02       		.byte	0x2
 168 00c3 AB       		.byte	0xab
 169 00c4 56000000 		.4byte	0x56
 170 00c8 02       		.byte	0x2
 171 00c9 23       		.byte	0x23
ARM GAS  /tmp/ccOGOgrM.s 			page 4


 172 00ca 0C       		.uleb128 0xc
 173 00cb 07       		.uleb128 0x7
 174 00cc 6F647200 		.ascii	"odr\000"
 175 00d0 02       		.byte	0x2
 176 00d1 AD       		.byte	0xad
 177 00d2 56000000 		.4byte	0x56
 178 00d6 02       		.byte	0x2
 179 00d7 23       		.byte	0x23
 180 00d8 10       		.uleb128 0x10
 181 00d9 06       		.uleb128 0x6
 182 00da B4000000 		.4byte	.LASF16
 183 00de 02       		.byte	0x2
 184 00df AF       		.byte	0xaf
 185 00e0 56000000 		.4byte	0x56
 186 00e4 02       		.byte	0x2
 187 00e5 23       		.byte	0x23
 188 00e6 14       		.uleb128 0x14
 189 00e7 06       		.uleb128 0x6
 190 00e8 AF000000 		.4byte	.LASF17
 191 00ec 02       		.byte	0x2
 192 00ed B1       		.byte	0xb1
 193 00ee 56000000 		.4byte	0x56
 194 00f2 02       		.byte	0x2
 195 00f3 23       		.byte	0x23
 196 00f4 18       		.uleb128 0x18
 197 00f5 00       		.byte	0
 198 00f6 04       		.uleb128 0x4
 199 00f7 76000000 		.4byte	.LASF19
 200 00fb 02       		.byte	0x2
 201 00fc B2       		.byte	0xb2
 202 00fd 8B000000 		.4byte	0x8b
 203 0101 05       		.uleb128 0x5
 204 0102 8C       		.byte	0x8c
 205 0103 02       		.byte	0x2
 206 0104 BB       		.byte	0xbb
 207 0105 50010000 		.4byte	0x150
 208 0109 06       		.uleb128 0x6
 209 010a 89000000 		.4byte	.LASF20
 210 010e 02       		.byte	0x2
 211 010f BD       		.byte	0xbd
 212 0110 F6000000 		.4byte	0xf6
 213 0114 02       		.byte	0x2
 214 0115 23       		.byte	0x23
 215 0116 00       		.uleb128 0
 216 0117 06       		.uleb128 0x6
 217 0118 31000000 		.4byte	.LASF21
 218 011c 02       		.byte	0x2
 219 011d BF       		.byte	0xbf
 220 011e F6000000 		.4byte	0xf6
 221 0122 02       		.byte	0x2
 222 0123 23       		.byte	0x23
 223 0124 1C       		.uleb128 0x1c
 224 0125 06       		.uleb128 0x6
 225 0126 3E010000 		.4byte	.LASF22
 226 012a 02       		.byte	0x2
 227 012b C1       		.byte	0xc1
 228 012c F6000000 		.4byte	0xf6
ARM GAS  /tmp/ccOGOgrM.s 			page 5


 229 0130 02       		.byte	0x2
 230 0131 23       		.byte	0x23
 231 0132 38       		.uleb128 0x38
 232 0133 06       		.uleb128 0x6
 233 0134 22000000 		.4byte	.LASF23
 234 0138 02       		.byte	0x2
 235 0139 C3       		.byte	0xc3
 236 013a F6000000 		.4byte	0xf6
 237 013e 02       		.byte	0x2
 238 013f 23       		.byte	0x23
 239 0140 54       		.uleb128 0x54
 240 0141 06       		.uleb128 0x6
 241 0142 DC000000 		.4byte	.LASF24
 242 0146 02       		.byte	0x2
 243 0147 CA       		.byte	0xca
 244 0148 F6000000 		.4byte	0xf6
 245 014c 02       		.byte	0x2
 246 014d 23       		.byte	0x23
 247 014e 70       		.uleb128 0x70
 248 014f 00       		.byte	0
 249 0150 04       		.uleb128 0x4
 250 0151 B9000000 		.4byte	.LASF25
 251 0155 02       		.byte	0x2
 252 0156 D8       		.byte	0xd8
 253 0157 01010000 		.4byte	0x101
 254 015b 08       		.uleb128 0x8
 255 015c 01       		.byte	0x1
 256 015d 60000000 		.4byte	.LASF31
 257 0161 01       		.byte	0x1
 258 0162 44       		.byte	0x44
 259 0163 01       		.byte	0x1
 260 0164 00000000 		.4byte	.LFB40
 261 0168 1C000000 		.4byte	.LFE40
 262 016c 00000000 		.4byte	.LLST0
 263 0170 01       		.byte	0x1
 264 0171 9A010000 		.4byte	0x19a
 265 0175 09       		.uleb128 0x9
 266 0176 06000000 		.4byte	.LVL0
 267 017a AD010000 		.4byte	0x1ad
 268 017e 09       		.uleb128 0x9
 269 017f 0C000000 		.4byte	.LVL1
 270 0183 B8010000 		.4byte	0x1b8
 271 0187 09       		.uleb128 0x9
 272 0188 10000000 		.4byte	.LVL2
 273 018c D3010000 		.4byte	0x1d3
 274 0190 09       		.uleb128 0x9
 275 0191 14000000 		.4byte	.LVL3
 276 0195 DE010000 		.4byte	0x1de
 277 0199 00       		.byte	0
 278 019a 0A       		.uleb128 0xa
 279 019b C3000000 		.4byte	.LASF32
 280 019f 02       		.byte	0x2
 281 01a0 B401     		.2byte	0x1b4
 282 01a2 A8010000 		.4byte	0x1a8
 283 01a6 01       		.byte	0x1
 284 01a7 01       		.byte	0x1
 285 01a8 0B       		.uleb128 0xb
ARM GAS  /tmp/ccOGOgrM.s 			page 6


 286 01a9 50010000 		.4byte	0x150
 287 01ad 0C       		.uleb128 0xc
 288 01ae 01       		.byte	0x1
 289 01af A2000000 		.4byte	.LASF26
 290 01b3 04       		.byte	0x4
 291 01b4 0403     		.2byte	0x304
 292 01b6 01       		.byte	0x1
 293 01b7 01       		.byte	0x1
 294 01b8 0D       		.uleb128 0xd
 295 01b9 01       		.byte	0x1
 296 01ba 38000000 		.4byte	.LASF33
 297 01be 02       		.byte	0x2
 298 01bf B901     		.2byte	0x1b9
 299 01c1 01       		.byte	0x1
 300 01c2 01       		.byte	0x1
 301 01c3 CD010000 		.4byte	0x1cd
 302 01c7 0E       		.uleb128 0xe
 303 01c8 CD010000 		.4byte	0x1cd
 304 01cc 00       		.byte	0
 305 01cd 0F       		.uleb128 0xf
 306 01ce 04       		.byte	0x4
 307 01cf A8010000 		.4byte	0x1a8
 308 01d3 0C       		.uleb128 0xc
 309 01d4 01       		.byte	0x1
 310 01d5 2D010000 		.4byte	.LASF27
 311 01d9 05       		.byte	0x5
 312 01da 3501     		.2byte	0x135
 313 01dc 01       		.byte	0x1
 314 01dd 01       		.byte	0x1
 315 01de 0C       		.uleb128 0xc
 316 01df 01       		.byte	0x1
 317 01e0 07010000 		.4byte	.LASF28
 318 01e4 06       		.byte	0x6
 319 01e5 EF02     		.2byte	0x2ef
 320 01e7 01       		.byte	0x1
 321 01e8 01       		.byte	0x1
 322 01e9 00       		.byte	0
 323              		.section	.debug_abbrev,"",%progbits
 324              	.Ldebug_abbrev0:
 325 0000 01       		.uleb128 0x1
 326 0001 11       		.uleb128 0x11
 327 0002 01       		.byte	0x1
 328 0003 25       		.uleb128 0x25
 329 0004 0E       		.uleb128 0xe
 330 0005 13       		.uleb128 0x13
 331 0006 0B       		.uleb128 0xb
 332 0007 03       		.uleb128 0x3
 333 0008 0E       		.uleb128 0xe
 334 0009 55       		.uleb128 0x55
 335 000a 06       		.uleb128 0x6
 336 000b 11       		.uleb128 0x11
 337 000c 01       		.uleb128 0x1
 338 000d 52       		.uleb128 0x52
 339 000e 01       		.uleb128 0x1
 340 000f 10       		.uleb128 0x10
 341 0010 06       		.uleb128 0x6
 342 0011 00       		.byte	0
ARM GAS  /tmp/ccOGOgrM.s 			page 7


 343 0012 00       		.byte	0
 344 0013 02       		.uleb128 0x2
 345 0014 24       		.uleb128 0x24
 346 0015 00       		.byte	0
 347 0016 0B       		.uleb128 0xb
 348 0017 0B       		.uleb128 0xb
 349 0018 3E       		.uleb128 0x3e
 350 0019 0B       		.uleb128 0xb
 351 001a 03       		.uleb128 0x3
 352 001b 08       		.uleb128 0x8
 353 001c 00       		.byte	0
 354 001d 00       		.byte	0
 355 001e 03       		.uleb128 0x3
 356 001f 24       		.uleb128 0x24
 357 0020 00       		.byte	0
 358 0021 0B       		.uleb128 0xb
 359 0022 0B       		.uleb128 0xb
 360 0023 3E       		.uleb128 0x3e
 361 0024 0B       		.uleb128 0xb
 362 0025 03       		.uleb128 0x3
 363 0026 0E       		.uleb128 0xe
 364 0027 00       		.byte	0
 365 0028 00       		.byte	0
 366 0029 04       		.uleb128 0x4
 367 002a 16       		.uleb128 0x16
 368 002b 00       		.byte	0
 369 002c 03       		.uleb128 0x3
 370 002d 0E       		.uleb128 0xe
 371 002e 3A       		.uleb128 0x3a
 372 002f 0B       		.uleb128 0xb
 373 0030 3B       		.uleb128 0x3b
 374 0031 0B       		.uleb128 0xb
 375 0032 49       		.uleb128 0x49
 376 0033 13       		.uleb128 0x13
 377 0034 00       		.byte	0
 378 0035 00       		.byte	0
 379 0036 05       		.uleb128 0x5
 380 0037 13       		.uleb128 0x13
 381 0038 01       		.byte	0x1
 382 0039 0B       		.uleb128 0xb
 383 003a 0B       		.uleb128 0xb
 384 003b 3A       		.uleb128 0x3a
 385 003c 0B       		.uleb128 0xb
 386 003d 3B       		.uleb128 0x3b
 387 003e 0B       		.uleb128 0xb
 388 003f 01       		.uleb128 0x1
 389 0040 13       		.uleb128 0x13
 390 0041 00       		.byte	0
 391 0042 00       		.byte	0
 392 0043 06       		.uleb128 0x6
 393 0044 0D       		.uleb128 0xd
 394 0045 00       		.byte	0
 395 0046 03       		.uleb128 0x3
 396 0047 0E       		.uleb128 0xe
 397 0048 3A       		.uleb128 0x3a
 398 0049 0B       		.uleb128 0xb
 399 004a 3B       		.uleb128 0x3b
ARM GAS  /tmp/ccOGOgrM.s 			page 8


 400 004b 0B       		.uleb128 0xb
 401 004c 49       		.uleb128 0x49
 402 004d 13       		.uleb128 0x13
 403 004e 38       		.uleb128 0x38
 404 004f 0A       		.uleb128 0xa
 405 0050 00       		.byte	0
 406 0051 00       		.byte	0
 407 0052 07       		.uleb128 0x7
 408 0053 0D       		.uleb128 0xd
 409 0054 00       		.byte	0
 410 0055 03       		.uleb128 0x3
 411 0056 08       		.uleb128 0x8
 412 0057 3A       		.uleb128 0x3a
 413 0058 0B       		.uleb128 0xb
 414 0059 3B       		.uleb128 0x3b
 415 005a 0B       		.uleb128 0xb
 416 005b 49       		.uleb128 0x49
 417 005c 13       		.uleb128 0x13
 418 005d 38       		.uleb128 0x38
 419 005e 0A       		.uleb128 0xa
 420 005f 00       		.byte	0
 421 0060 00       		.byte	0
 422 0061 08       		.uleb128 0x8
 423 0062 2E       		.uleb128 0x2e
 424 0063 01       		.byte	0x1
 425 0064 3F       		.uleb128 0x3f
 426 0065 0C       		.uleb128 0xc
 427 0066 03       		.uleb128 0x3
 428 0067 0E       		.uleb128 0xe
 429 0068 3A       		.uleb128 0x3a
 430 0069 0B       		.uleb128 0xb
 431 006a 3B       		.uleb128 0x3b
 432 006b 0B       		.uleb128 0xb
 433 006c 27       		.uleb128 0x27
 434 006d 0C       		.uleb128 0xc
 435 006e 11       		.uleb128 0x11
 436 006f 01       		.uleb128 0x1
 437 0070 12       		.uleb128 0x12
 438 0071 01       		.uleb128 0x1
 439 0072 40       		.uleb128 0x40
 440 0073 06       		.uleb128 0x6
 441 0074 9742     		.uleb128 0x2117
 442 0076 0C       		.uleb128 0xc
 443 0077 01       		.uleb128 0x1
 444 0078 13       		.uleb128 0x13
 445 0079 00       		.byte	0
 446 007a 00       		.byte	0
 447 007b 09       		.uleb128 0x9
 448 007c 898201   		.uleb128 0x4109
 449 007f 00       		.byte	0
 450 0080 11       		.uleb128 0x11
 451 0081 01       		.uleb128 0x1
 452 0082 31       		.uleb128 0x31
 453 0083 13       		.uleb128 0x13
 454 0084 00       		.byte	0
 455 0085 00       		.byte	0
 456 0086 0A       		.uleb128 0xa
ARM GAS  /tmp/ccOGOgrM.s 			page 9


 457 0087 34       		.uleb128 0x34
 458 0088 00       		.byte	0
 459 0089 03       		.uleb128 0x3
 460 008a 0E       		.uleb128 0xe
 461 008b 3A       		.uleb128 0x3a
 462 008c 0B       		.uleb128 0xb
 463 008d 3B       		.uleb128 0x3b
 464 008e 05       		.uleb128 0x5
 465 008f 49       		.uleb128 0x49
 466 0090 13       		.uleb128 0x13
 467 0091 3F       		.uleb128 0x3f
 468 0092 0C       		.uleb128 0xc
 469 0093 3C       		.uleb128 0x3c
 470 0094 0C       		.uleb128 0xc
 471 0095 00       		.byte	0
 472 0096 00       		.byte	0
 473 0097 0B       		.uleb128 0xb
 474 0098 26       		.uleb128 0x26
 475 0099 00       		.byte	0
 476 009a 49       		.uleb128 0x49
 477 009b 13       		.uleb128 0x13
 478 009c 00       		.byte	0
 479 009d 00       		.byte	0
 480 009e 0C       		.uleb128 0xc
 481 009f 2E       		.uleb128 0x2e
 482 00a0 00       		.byte	0
 483 00a1 3F       		.uleb128 0x3f
 484 00a2 0C       		.uleb128 0xc
 485 00a3 03       		.uleb128 0x3
 486 00a4 0E       		.uleb128 0xe
 487 00a5 3A       		.uleb128 0x3a
 488 00a6 0B       		.uleb128 0xb
 489 00a7 3B       		.uleb128 0x3b
 490 00a8 05       		.uleb128 0x5
 491 00a9 27       		.uleb128 0x27
 492 00aa 0C       		.uleb128 0xc
 493 00ab 3C       		.uleb128 0x3c
 494 00ac 0C       		.uleb128 0xc
 495 00ad 00       		.byte	0
 496 00ae 00       		.byte	0
 497 00af 0D       		.uleb128 0xd
 498 00b0 2E       		.uleb128 0x2e
 499 00b1 01       		.byte	0x1
 500 00b2 3F       		.uleb128 0x3f
 501 00b3 0C       		.uleb128 0xc
 502 00b4 03       		.uleb128 0x3
 503 00b5 0E       		.uleb128 0xe
 504 00b6 3A       		.uleb128 0x3a
 505 00b7 0B       		.uleb128 0xb
 506 00b8 3B       		.uleb128 0x3b
 507 00b9 05       		.uleb128 0x5
 508 00ba 27       		.uleb128 0x27
 509 00bb 0C       		.uleb128 0xc
 510 00bc 3C       		.uleb128 0x3c
 511 00bd 0C       		.uleb128 0xc
 512 00be 01       		.uleb128 0x1
 513 00bf 13       		.uleb128 0x13
ARM GAS  /tmp/ccOGOgrM.s 			page 10


 514 00c0 00       		.byte	0
 515 00c1 00       		.byte	0
 516 00c2 0E       		.uleb128 0xe
 517 00c3 05       		.uleb128 0x5
 518 00c4 00       		.byte	0
 519 00c5 49       		.uleb128 0x49
 520 00c6 13       		.uleb128 0x13
 521 00c7 00       		.byte	0
 522 00c8 00       		.byte	0
 523 00c9 0F       		.uleb128 0xf
 524 00ca 0F       		.uleb128 0xf
 525 00cb 00       		.byte	0
 526 00cc 0B       		.uleb128 0xb
 527 00cd 0B       		.uleb128 0xb
 528 00ce 49       		.uleb128 0x49
 529 00cf 13       		.uleb128 0x13
 530 00d0 00       		.byte	0
 531 00d1 00       		.byte	0
 532 00d2 00       		.byte	0
 533              		.section	.debug_loc,"",%progbits
 534              	.Ldebug_loc0:
 535              	.LLST0:
 536 0000 00000000 		.4byte	.LFB40
 537 0004 02000000 		.4byte	.LCFI0
 538 0008 0200     		.2byte	0x2
 539 000a 7D       		.byte	0x7d
 540 000b 00       		.sleb128 0
 541 000c 02000000 		.4byte	.LCFI0
 542 0010 1C000000 		.4byte	.LFE40
 543 0014 0200     		.2byte	0x2
 544 0016 7D       		.byte	0x7d
 545 0017 08       		.sleb128 8
 546 0018 00000000 		.4byte	0
 547 001c 00000000 		.4byte	0
 548              		.section	.debug_aranges,"",%progbits
 549 0000 1C000000 		.4byte	0x1c
 550 0004 0200     		.2byte	0x2
 551 0006 00000000 		.4byte	.Ldebug_info0
 552 000a 04       		.byte	0x4
 553 000b 00       		.byte	0
 554 000c 0000     		.2byte	0
 555 000e 0000     		.2byte	0
 556 0010 00000000 		.4byte	.LFB40
 557 0014 1C000000 		.4byte	.LFE40-.LFB40
 558 0018 00000000 		.4byte	0
 559 001c 00000000 		.4byte	0
 560              		.section	.debug_ranges,"",%progbits
 561              	.Ldebug_ranges0:
 562 0000 00000000 		.4byte	.LFB40
 563 0004 1C000000 		.4byte	.LFE40
 564 0008 00000000 		.4byte	0
 565 000c 00000000 		.4byte	0
 566              		.section	.debug_line,"",%progbits
 567              	.Ldebug_line0:
 568 0000 ED010000 		.section	.debug_str,"MS",%progbits,1
 568      0200CB01 
 568      00000201 
ARM GAS  /tmp/ccOGOgrM.s 			page 11


 568      FB0E0D00 
 568      01010101 
 569              	.LASF29:
 570 0000 474E5520 		.ascii	"GNU C 4.7.4 20130913 (prerelease)\000"
 570      4320342E 
 570      372E3420 
 570      32303133 
 570      30393133 
 571              	.LASF23:
 572 0022 50444461 		.ascii	"PDData\000"
 572      746100
 573              	.LASF14:
 574 0029 6F737065 		.ascii	"ospeedr\000"
 574      65647200 
 575              	.LASF21:
 576 0031 50424461 		.ascii	"PBData\000"
 576      746100
 577              	.LASF33:
 578 0038 5F70616C 		.ascii	"_pal_lld_init\000"
 578      5F6C6C64 
 578      5F696E69 
 578      7400
 579              	.LASF4:
 580 0046 73686F72 		.ascii	"short unsigned int\000"
 580      7420756E 
 580      7369676E 
 580      65642069 
 580      6E7400
 581              	.LASF13:
 582 0059 6F747970 		.ascii	"otyper\000"
 582      657200
 583              	.LASF31:
 584 0060 68616C49 		.ascii	"halInit\000"
 584      6E697400 
 585              	.LASF2:
 586 0068 756E7369 		.ascii	"unsigned char\000"
 586      676E6564 
 586      20636861 
 586      7200
 587              	.LASF19:
 588 0076 73746D33 		.ascii	"stm32_gpio_setup_t\000"
 588      325F6770 
 588      696F5F73 
 588      65747570 
 588      5F7400
 589              	.LASF20:
 590 0089 50414461 		.ascii	"PAData\000"
 590      746100
 591              	.LASF6:
 592 0090 6C6F6E67 		.ascii	"long unsigned int\000"
 592      20756E73 
 592      69676E65 
 592      6420696E 
 592      7400
 593              	.LASF26:
 594 00a2 68616C5F 		.ascii	"hal_lld_init\000"
 594      6C6C645F 
ARM GAS  /tmp/ccOGOgrM.s 			page 12


 594      696E6974 
 594      00
 595              	.LASF17:
 596 00af 61667268 		.ascii	"afrh\000"
 596      00
 597              	.LASF16:
 598 00b4 6166726C 		.ascii	"afrl\000"
 598      00
 599              	.LASF25:
 600 00b9 50414C43 		.ascii	"PALConfig\000"
 600      6F6E6669 
 600      6700
 601              	.LASF32:
 602 00c3 70616C5F 		.ascii	"pal_default_config\000"
 602      64656661 
 602      756C745F 
 602      636F6E66 
 602      696700
 603              	.LASF15:
 604 00d6 70757064 		.ascii	"pupdr\000"
 604      7200
 605              	.LASF24:
 606 00dc 50464461 		.ascii	"PFData\000"
 606      746100
 607              	.LASF0:
 608 00e3 756E7369 		.ascii	"unsigned int\000"
 608      676E6564 
 608      20696E74 
 608      00
 609              	.LASF8:
 610 00f0 6C6F6E67 		.ascii	"long long unsigned int\000"
 610      206C6F6E 
 610      6720756E 
 610      7369676E 
 610      65642069 
 611              	.LASF28:
 612 0107 626F6172 		.ascii	"boardInit\000"
 612      64496E69 
 612      7400
 613              	.LASF10:
 614 0111 73697A65 		.ascii	"sizetype\000"
 614      74797065 
 614      00
 615              	.LASF7:
 616 011a 6C6F6E67 		.ascii	"long long int\000"
 616      206C6F6E 
 616      6720696E 
 616      7400
 617              	.LASF11:
 618 0128 63686172 		.ascii	"char\000"
 618      00
 619              	.LASF27:
 620 012d 7364496E 		.ascii	"sdInit\000"
 620      697400
 621              	.LASF3:
 622 0134 73686F72 		.ascii	"short int\000"
 622      7420696E 
ARM GAS  /tmp/ccOGOgrM.s 			page 13


 622      7400
 623              	.LASF22:
 624 013e 50434461 		.ascii	"PCData\000"
 624      746100
 625              	.LASF18:
 626 0145 75696E74 		.ascii	"uint32_t\000"
 626      33325F74 
 626      00
 627              	.LASF5:
 628 014e 6C6F6E67 		.ascii	"long int\000"
 628      20696E74 
 628      00
 629              	.LASF12:
 630 0157 6D6F6465 		.ascii	"moder\000"
 630      7200
 631              	.LASF1:
 632 015d 7369676E 		.ascii	"signed char\000"
 632      65642063 
 632      68617200 
 633              	.LASF30:
 634 0169 2F686F6D 		.ascii	"/home/matt/arm_cortex/ChibiOS/os/hal/src/hal.c\000"
 634      652F6D61 
 634      74742F61 
 634      726D5F63 
 634      6F727465 
 635              	.LASF9:
 636 0198 5F426F6F 		.ascii	"_Bool\000"
 636      6C00
 637              		.ident	"GCC: (GNU Tools for ARM Embedded Processors / bleeding-edge-toolchain-131005) 4.7.4 201309
ARM GAS  /tmp/ccOGOgrM.s 			page 14


DEFINED SYMBOLS
                            *ABS*:0000000000000000 hal.c
     /tmp/ccOGOgrM.s:18     .text.halInit:0000000000000000 $t
     /tmp/ccOGOgrM.s:24     .text.halInit:0000000000000000 halInit
     /tmp/ccOGOgrM.s:54     .text.halInit:0000000000000018 $d
                     .debug_frame:0000000000000010 $d
     /tmp/ccOGOgrM.s:58     .text.halInit:000000000000001c $t

UNDEFINED SYMBOLS
hal_lld_init
_pal_lld_init
sdInit
boardInit
pal_default_config
