ARM GAS  /tmp/ccxGnaFc.s 			page 1


   1              		.cpu cortex-m0
   2              		.fpu softvfp
   3              		.eabi_attribute 20, 1
   4              		.eabi_attribute 21, 1
   5              		.eabi_attribute 23, 3
   6              		.eabi_attribute 24, 1
   7              		.eabi_attribute 25, 1
   8              		.eabi_attribute 26, 1
   9              		.eabi_attribute 30, 2
  10              		.eabi_attribute 34, 0
  11              		.eabi_attribute 18, 4
  12              		.code	16
  13              		.file	"hal_lld.c"
  14              		.text
  15              	.Ltext0:
  16              		.cfi_sections	.debug_frame
  17              		.section	.text.hal_lld_init,"ax",%progbits
  18              		.align	2
  19              		.p2align 4,,15
  20              		.global	hal_lld_init
  21              		.code	16
  22              		.thumb_func
  23              		.type	hal_lld_init, %function
  24              	hal_lld_init:
  25              	.LFB41:
  26              		.file 1 "/home/matt/arm_cortex/ChibiOS/os/hal/platforms/STM32F0xx/hal_lld.c"
  27              		.loc 1 100 0
  28              		.cfi_startproc
  29              		.loc 1 103 0
  30 0000 1C4B     		ldr	r3, .L5
  31              		.loc 1 100 0
  32 0002 10B5     		push	{r4, lr}
  33              	.LCFI0:
  34              		.cfi_def_cfa_offset 8
  35              		.cfi_offset 4, -8
  36              		.cfi_offset 14, -4
  37              		.loc 1 103 0
  38 0004 1A69     		ldr	r2, [r3, #16]
  39 0006 0122     		mov	r2, #1
  40 0008 5042     		neg	r0, r2
  41 000a 0022     		mov	r2, #0
  42 000c 1861     		str	r0, [r3, #16]
  43 000e 1A61     		str	r2, [r3, #16]
  44              		.loc 1 104 0
  45 0010 D968     		ldr	r1, [r3, #12]
  46 0012 194C     		ldr	r4, .L5+4
  47              		.loc 1 107 0
  48 0014 1948     		ldr	r0, .L5+8
  49              		.loc 1 104 0
  50 0016 2143     		orr	r1, r4
  51 0018 D960     		str	r1, [r3, #12]
  52              		.loc 1 107 0
  53 001a 1949     		ldr	r1, .L5+12
  54              		.loc 1 109 0
  55 001c 0724     		mov	r4, #7
  56              		.loc 1 104 0
  57 001e DA60     		str	r2, [r3, #12]
ARM GAS  /tmp/ccxGnaFc.s 			page 2


  58              		.loc 1 107 0
  59 0020 4860     		str	r0, [r1, #4]
  60              		.loc 1 108 0
  61 0022 8A60     		str	r2, [r1, #8]
  62              		.loc 1 109 0
  63 0024 0C60     		str	r4, [r1]
  64              		.loc 1 114 0
  65 0026 D869     		ldr	r0, [r3, #28]
  66 0028 8021     		mov	r1, #128
  67 002a 4C05     		lsl	r4, r1, #21
  68 002c 0443     		orr	r4, r0
  69              	.LBB4:
  70              	.LBB5:
  71              		.loc 1 52 0
  72 002e 1549     		ldr	r1, .L5+16
  73              	.LBE5:
  74              	.LBE4:
  75              		.loc 1 114 0
  76 0030 DC61     		str	r4, [r3, #28]
  77              	.LBB7:
  78              	.LBB6:
  79              		.loc 1 52 0
  80 0032 0C68     		ldr	r4, [r1]
  81 0034 8020     		mov	r0, #128
  82 0036 4000     		lsl	r0, r0, #1
  83 0038 2043     		orr	r0, r4
  84 003a 0860     		str	r0, [r1]
  85              		.loc 1 55 0
  86 003c 196A     		ldr	r1, [r3, #32]
  87 003e C024     		mov	r4, #192
  88 0040 A000     		lsl	r0, r4, #2
  89 0042 0840     		and	r0, r1
  90 0044 8021     		mov	r1, #128
  91 0046 8C00     		lsl	r4, r1, #2
  92 0048 A042     		cmp	r0, r4
  93 004a 03D0     		beq	.L2
  94              		.loc 1 57 0
  95 004c 8020     		mov	r0, #128
  96 004e 4102     		lsl	r1, r0, #9
  97 0050 1962     		str	r1, [r3, #32]
  98              		.loc 1 58 0
  99 0052 1A62     		str	r2, [r3, #32]
 100              	.L2:
 101              		.loc 1 77 0
 102 0054 074B     		ldr	r3, .L5
 103 0056 8022     		mov	r2, #128
 104 0058 1C6A     		ldr	r4, [r3, #32]
 105 005a 1202     		lsl	r2, r2, #8
 106 005c 1442     		tst	r4, r2
 107 005e 07D1     		bne	.L1
 108              		.loc 1 79 0
 109 0060 186A     		ldr	r0, [r3, #32]
 110 0062 8021     		mov	r1, #128
 111 0064 8C00     		lsl	r4, r1, #2
 112 0066 0443     		orr	r4, r0
 113 0068 1C62     		str	r4, [r3, #32]
 114              		.loc 1 82 0
ARM GAS  /tmp/ccxGnaFc.s 			page 3


 115 006a 186A     		ldr	r0, [r3, #32]
 116 006c 0243     		orr	r2, r0
 117 006e 1A62     		str	r2, [r3, #32]
 118              	.L1:
 119              	.LBE6:
 120              	.LBE7:
 121              		.loc 1 127 0
 122              		@ sp needed for prologue
 123 0070 10BD     		pop	{r4, pc}
 124              	.L6:
 125 0072 C046     		.align	2
 126              	.L5:
 127 0074 00100240 		.word	1073876992
 128 0078 FFFFBFFF 		.word	-4194305
 129 007c 7FBB0000 		.word	47999
 130 0080 10E000E0 		.word	-536813552
 131 0084 00700040 		.word	1073770496
 132              		.cfi_endproc
 133              	.LFE41:
 134              		.size	hal_lld_init, .-hal_lld_init
 135 0088 C046C046 		.section	.text.stm32_clock_init,"ax",%progbits
 135      C046C046 
 136              		.align	2
 137              		.p2align 4,,15
 138              		.global	stm32_clock_init
 139              		.code	16
 140              		.thumb_func
 141              		.type	stm32_clock_init, %function
 142              	stm32_clock_init:
 143              	.LFB42:
 144              		.loc 1 136 0
 145              		.cfi_startproc
 146              		.loc 1 141 0
 147 0000 2048     		ldr	r0, .L27
 148 0002 0123     		mov	r3, #1
 149 0004 0268     		ldr	r2, [r0]
 150              		.loc 1 142 0
 151 0006 0221     		mov	r1, #2
 152              		.loc 1 141 0
 153 0008 1343     		orr	r3, r2
 154 000a 0360     		str	r3, [r0]
 155              	.L8:
 156              		.loc 1 142 0 discriminator 1
 157 000c 0368     		ldr	r3, [r0]
 158 000e 1D4A     		ldr	r2, .L27
 159 0010 1942     		tst	r1, r3
 160 0012 FBD0     		beq	.L8
 161              		.loc 1 144 0
 162 0014 1068     		ldr	r0, [r2]
 163 0016 F921     		mov	r1, #249
 164 0018 0840     		and	r0, r1
 165              		.loc 1 145 0
 166 001a 0023     		mov	r3, #0
 167              		.loc 1 144 0
 168 001c 1060     		str	r0, [r2]
 169              		.loc 1 145 0
 170 001e 5360     		str	r3, [r2, #4]
ARM GAS  /tmp/ccxGnaFc.s 			page 4


 171              		.loc 1 146 0
 172 0020 0C20     		mov	r0, #12
 173              	.L9:
 174              		.loc 1 146 0 is_stmt 0 discriminator 1
 175 0022 5368     		ldr	r3, [r2, #4]
 176 0024 1749     		ldr	r1, .L27
 177 0026 1842     		tst	r0, r3
 178 0028 FBD1     		bne	.L9
 179              		.loc 1 171 0 is_stmt 1
 180 002a 4A6A     		ldr	r2, [r1, #36]
 181 002c 0120     		mov	r0, #1
 182 002e 1043     		orr	r0, r2
 183 0030 4862     		str	r0, [r1, #36]
 184              		.loc 1 172 0
 185 0032 0220     		mov	r0, #2
 186              	.L10:
 187              		.loc 1 172 0 is_stmt 0 discriminator 1
 188 0034 4B6A     		ldr	r3, [r1, #36]
 189 0036 134A     		ldr	r2, .L27
 190 0038 1842     		tst	r0, r3
 191 003a FBD0     		beq	.L10
 192              		.loc 1 177 0 is_stmt 1
 193 003c A121     		mov	r1, #161
 194 003e 8803     		lsl	r0, r1, #14
 195              		.loc 1 179 0
 196 0040 0023     		mov	r3, #0
 197              		.loc 1 177 0
 198 0042 5060     		str	r0, [r2, #4]
 199              		.loc 1 179 0
 200 0044 D362     		str	r3, [r2, #44]
 201              		.loc 1 180 0
 202 0046 1363     		str	r3, [r2, #48]
 203              		.loc 1 185 0
 204 0048 1168     		ldr	r1, [r2]
 205 004a 8020     		mov	r0, #128
 206 004c 4304     		lsl	r3, r0, #17
 207 004e 0B43     		orr	r3, r1
 208              		.loc 1 186 0
 209 0050 8021     		mov	r1, #128
 210              		.loc 1 185 0
 211 0052 1360     		str	r3, [r2]
 212              		.loc 1 186 0
 213 0054 8804     		lsl	r0, r1, #18
 214              	.L11:
 215              		.loc 1 186 0 is_stmt 0 discriminator 1
 216 0056 1368     		ldr	r3, [r2]
 217 0058 0A49     		ldr	r1, .L27
 218 005a 0342     		tst	r3, r0
 219 005c FBD0     		beq	.L11
 220              		.loc 1 191 0 is_stmt 1
 221 005e 0A48     		ldr	r0, .L27+4
 222 0060 1122     		mov	r2, #17
 223 0062 0260     		str	r2, [r0]
 224              		.loc 1 196 0
 225 0064 4A68     		ldr	r2, [r1, #4]
 226 0066 0223     		mov	r3, #2
 227 0068 1343     		orr	r3, r2
ARM GAS  /tmp/ccxGnaFc.s 			page 5


 228 006a 4B60     		str	r3, [r1, #4]
 229              		.loc 1 197 0
 230 006c 0C20     		mov	r0, #12
 231              	.L12:
 232              		.loc 1 197 0 is_stmt 0 discriminator 1
 233 006e 4B68     		ldr	r3, [r1, #4]
 234 0070 044A     		ldr	r2, .L27
 235 0072 0340     		and	r3, r0
 236 0074 082B     		cmp	r3, #8
 237 0076 FAD1     		bne	.L12
 238              		.loc 1 203 0 is_stmt 1
 239 0078 9169     		ldr	r1, [r2, #24]
 240 007a 0120     		mov	r0, #1
 241 007c 0843     		orr	r0, r1
 242 007e 9061     		str	r0, [r2, #24]
 243              		.loc 1 205 0
 244              		@ sp needed for prologue
 245 0080 7047     		bx	lr
 246              	.L28:
 247 0082 C046     		.align	2
 248              	.L27:
 249 0084 00100240 		.word	1073876992
 250 0088 00200240 		.word	1073881088
 251              		.cfi_endproc
 252              	.LFE42:
 253              		.size	stm32_clock_init, .-stm32_clock_init
 254 008c C046C046 		.text
 255              	.Letext0:
 256              		.file 2 "/home/matt/arm_cortex/gcc-arm-none-eabi/bin/../lib/gcc/arm-none-eabi/4.7.4/../../../../ar
 257              		.file 3 "/home/matt/arm_cortex/ChibiOS/os/ports/common/ARMCMx/CMSIS/include/core_cm0.h"
 258              		.file 4 "/home/matt/arm_cortex/ChibiOS/os/hal/platforms/STM32F0xx/stm32f0xx.h"
 259              		.section	.debug_info,"",%progbits
 260              	.Ldebug_info0:
 261 0000 EB020000 		.4byte	0x2eb
 262 0004 0200     		.2byte	0x2
 263 0006 00000000 		.4byte	.Ldebug_abbrev0
 264 000a 04       		.byte	0x4
 265 000b 01       		.uleb128 0x1
 266 000c 05000000 		.4byte	.LASF35
 267 0010 01       		.byte	0x1
 268 0011 49000000 		.4byte	.LASF36
 269 0015 18000000 		.4byte	.Ldebug_ranges0+0x18
 270 0019 00000000 		.4byte	0
 271 001d 00000000 		.4byte	0
 272 0021 00000000 		.4byte	.Ldebug_line0
 273 0025 02       		.uleb128 0x2
 274 0026 04       		.byte	0x4
 275 0027 05       		.byte	0x5
 276 0028 696E7400 		.ascii	"int\000"
 277 002c 03       		.uleb128 0x3
 278 002d 04       		.byte	0x4
 279 002e 07       		.byte	0x7
 280 002f 43010000 		.4byte	.LASF0
 281 0033 03       		.uleb128 0x3
 282 0034 01       		.byte	0x1
 283 0035 06       		.byte	0x6
 284 0036 CE010000 		.4byte	.LASF1
ARM GAS  /tmp/ccxGnaFc.s 			page 6


 285 003a 03       		.uleb128 0x3
 286 003b 01       		.byte	0x1
 287 003c 08       		.byte	0x8
 288 003d 35010000 		.4byte	.LASF2
 289 0041 03       		.uleb128 0x3
 290 0042 02       		.byte	0x2
 291 0043 05       		.byte	0x5
 292 0044 FF000000 		.4byte	.LASF3
 293 0048 04       		.uleb128 0x4
 294 0049 9E010000 		.4byte	.LASF6
 295 004d 02       		.byte	0x2
 296 004e 36       		.byte	0x36
 297 004f 53000000 		.4byte	0x53
 298 0053 03       		.uleb128 0x3
 299 0054 02       		.byte	0x2
 300 0055 07       		.byte	0x7
 301 0056 AF000000 		.4byte	.LASF4
 302 005a 03       		.uleb128 0x3
 303 005b 04       		.byte	0x4
 304 005c 05       		.byte	0x5
 305 005d 8C000000 		.4byte	.LASF5
 306 0061 04       		.uleb128 0x4
 307 0062 B3010000 		.4byte	.LASF7
 308 0066 02       		.byte	0x2
 309 0067 50       		.byte	0x50
 310 0068 6C000000 		.4byte	0x6c
 311 006c 03       		.uleb128 0x3
 312 006d 04       		.byte	0x4
 313 006e 07       		.byte	0x7
 314 006f DC000000 		.4byte	.LASF8
 315 0073 03       		.uleb128 0x3
 316 0074 08       		.byte	0x8
 317 0075 05       		.byte	0x5
 318 0076 75010000 		.4byte	.LASF9
 319 007a 03       		.uleb128 0x3
 320 007b 08       		.byte	0x8
 321 007c 07       		.byte	0x7
 322 007d 50010000 		.4byte	.LASF10
 323 0081 03       		.uleb128 0x3
 324 0082 01       		.byte	0x1
 325 0083 02       		.byte	0x2
 326 0084 E7010000 		.4byte	.LASF11
 327 0088 05       		.uleb128 0x5
 328 0089 61000000 		.4byte	0x61
 329 008d 03       		.uleb128 0x3
 330 008e 04       		.byte	0x4
 331 008f 07       		.byte	0x7
 332 0090 6C010000 		.4byte	.LASF12
 333 0094 03       		.uleb128 0x3
 334 0095 01       		.byte	0x1
 335 0096 08       		.byte	0x8
 336 0097 83010000 		.4byte	.LASF13
 337 009b 06       		.uleb128 0x6
 338 009c 88000000 		.4byte	0x88
 339 00a0 07       		.uleb128 0x7
 340 00a1 10       		.byte	0x10
 341 00a2 03       		.byte	0x3
ARM GAS  /tmp/ccxGnaFc.s 			page 7


 342 00a3 8B01     		.2byte	0x18b
 343 00a5 E6000000 		.4byte	0xe6
 344 00a9 08       		.uleb128 0x8
 345 00aa 67010000 		.4byte	.LASF14
 346 00ae 03       		.byte	0x3
 347 00af 8D01     		.2byte	0x18d
 348 00b1 88000000 		.4byte	0x88
 349 00b5 02       		.byte	0x2
 350 00b6 23       		.byte	0x23
 351 00b7 00       		.uleb128 0
 352 00b8 08       		.uleb128 0x8
 353 00b9 88010000 		.4byte	.LASF15
 354 00bd 03       		.byte	0x3
 355 00be 8E01     		.2byte	0x18e
 356 00c0 88000000 		.4byte	0x88
 357 00c4 02       		.byte	0x2
 358 00c5 23       		.byte	0x23
 359 00c6 04       		.uleb128 0x4
 360 00c7 09       		.uleb128 0x9
 361 00c8 56414C00 		.ascii	"VAL\000"
 362 00cc 03       		.byte	0x3
 363 00cd 8F01     		.2byte	0x18f
 364 00cf 88000000 		.4byte	0x88
 365 00d3 02       		.byte	0x2
 366 00d4 23       		.byte	0x23
 367 00d5 08       		.uleb128 0x8
 368 00d6 08       		.uleb128 0x8
 369 00d7 C2000000 		.4byte	.LASF16
 370 00db 03       		.byte	0x3
 371 00dc 9001     		.2byte	0x190
 372 00de 9B000000 		.4byte	0x9b
 373 00e2 02       		.byte	0x2
 374 00e3 23       		.byte	0x23
 375 00e4 0C       		.uleb128 0xc
 376 00e5 00       		.byte	0
 377 00e6 0A       		.uleb128 0xa
 378 00e7 BC010000 		.4byte	.LASF17
 379 00eb 03       		.byte	0x3
 380 00ec 9101     		.2byte	0x191
 381 00ee A0000000 		.4byte	0xa0
 382 00f2 07       		.uleb128 0x7
 383 00f3 24       		.byte	0x24
 384 00f4 04       		.byte	0x4
 385 00f5 6E01     		.2byte	0x16e
 386 00f7 80010000 		.4byte	0x180
 387 00fb 09       		.uleb128 0x9
 388 00fc 41435200 		.ascii	"ACR\000"
 389 0100 04       		.byte	0x4
 390 0101 7001     		.2byte	0x170
 391 0103 88000000 		.4byte	0x88
 392 0107 02       		.byte	0x2
 393 0108 23       		.byte	0x23
 394 0109 00       		.uleb128 0
 395 010a 08       		.uleb128 0x8
 396 010b C9010000 		.4byte	.LASF18
 397 010f 04       		.byte	0x4
 398 0110 7101     		.2byte	0x171
ARM GAS  /tmp/ccxGnaFc.s 			page 8


 399 0112 88000000 		.4byte	0x88
 400 0116 02       		.byte	0x2
 401 0117 23       		.byte	0x23
 402 0118 04       		.uleb128 0x4
 403 0119 08       		.uleb128 0x8
 404 011a C8000000 		.4byte	.LASF19
 405 011e 04       		.byte	0x4
 406 011f 7201     		.2byte	0x172
 407 0121 88000000 		.4byte	0x88
 408 0125 02       		.byte	0x2
 409 0126 23       		.byte	0x23
 410 0127 08       		.uleb128 0x8
 411 0128 09       		.uleb128 0x9
 412 0129 535200   		.ascii	"SR\000"
 413 012c 04       		.byte	0x4
 414 012d 7301     		.2byte	0x173
 415 012f 88000000 		.4byte	0x88
 416 0133 02       		.byte	0x2
 417 0134 23       		.byte	0x23
 418 0135 0C       		.uleb128 0xc
 419 0136 09       		.uleb128 0x9
 420 0137 435200   		.ascii	"CR\000"
 421 013a 04       		.byte	0x4
 422 013b 7401     		.2byte	0x174
 423 013d 88000000 		.4byte	0x88
 424 0141 02       		.byte	0x2
 425 0142 23       		.byte	0x23
 426 0143 10       		.uleb128 0x10
 427 0144 09       		.uleb128 0x9
 428 0145 415200   		.ascii	"AR\000"
 429 0148 04       		.byte	0x4
 430 0149 7501     		.2byte	0x175
 431 014b 88000000 		.4byte	0x88
 432 014f 02       		.byte	0x2
 433 0150 23       		.byte	0x23
 434 0151 14       		.uleb128 0x14
 435 0152 08       		.uleb128 0x8
 436 0153 EE000000 		.4byte	.LASF20
 437 0157 04       		.byte	0x4
 438 0158 7601     		.2byte	0x176
 439 015a 88000000 		.4byte	0x88
 440 015e 02       		.byte	0x2
 441 015f 23       		.byte	0x23
 442 0160 18       		.uleb128 0x18
 443 0161 09       		.uleb128 0x9
 444 0162 4F425200 		.ascii	"OBR\000"
 445 0166 04       		.byte	0x4
 446 0167 7701     		.2byte	0x177
 447 0169 88000000 		.4byte	0x88
 448 016d 02       		.byte	0x2
 449 016e 23       		.byte	0x23
 450 016f 1C       		.uleb128 0x1c
 451 0170 08       		.uleb128 0x8
 452 0171 95000000 		.4byte	.LASF21
 453 0175 04       		.byte	0x4
 454 0176 7801     		.2byte	0x178
 455 0178 88000000 		.4byte	0x88
ARM GAS  /tmp/ccxGnaFc.s 			page 9


 456 017c 02       		.byte	0x2
 457 017d 23       		.byte	0x23
 458 017e 20       		.uleb128 0x20
 459 017f 00       		.byte	0
 460 0180 0A       		.uleb128 0xa
 461 0181 3B000000 		.4byte	.LASF22
 462 0185 04       		.byte	0x4
 463 0186 7901     		.2byte	0x179
 464 0188 F2000000 		.4byte	0xf2
 465 018c 07       		.uleb128 0x7
 466 018d 08       		.byte	0x8
 467 018e 04       		.byte	0x4
 468 018f D201     		.2byte	0x1d2
 469 0191 B3010000 		.4byte	0x1b3
 470 0195 09       		.uleb128 0x9
 471 0196 435200   		.ascii	"CR\000"
 472 0199 04       		.byte	0x4
 473 019a D401     		.2byte	0x1d4
 474 019c 88000000 		.4byte	0x88
 475 01a0 02       		.byte	0x2
 476 01a1 23       		.byte	0x23
 477 01a2 00       		.uleb128 0
 478 01a3 09       		.uleb128 0x9
 479 01a4 43535200 		.ascii	"CSR\000"
 480 01a8 04       		.byte	0x4
 481 01a9 D501     		.2byte	0x1d5
 482 01ab 88000000 		.4byte	0x88
 483 01af 02       		.byte	0x2
 484 01b0 23       		.byte	0x23
 485 01b1 04       		.uleb128 0x4
 486 01b2 00       		.byte	0
 487 01b3 0A       		.uleb128 0xa
 488 01b4 D0000000 		.4byte	.LASF23
 489 01b8 04       		.byte	0x4
 490 01b9 D601     		.2byte	0x1d6
 491 01bb 8C010000 		.4byte	0x18c
 492 01bf 07       		.uleb128 0x7
 493 01c0 38       		.byte	0x38
 494 01c1 04       		.byte	0x4
 495 01c2 DC01     		.2byte	0x1dc
 496 01c4 9A020000 		.4byte	0x29a
 497 01c8 09       		.uleb128 0x9
 498 01c9 435200   		.ascii	"CR\000"
 499 01cc 04       		.byte	0x4
 500 01cd DE01     		.2byte	0x1de
 501 01cf 88000000 		.4byte	0x88
 502 01d3 02       		.byte	0x2
 503 01d4 23       		.byte	0x23
 504 01d5 00       		.uleb128 0
 505 01d6 08       		.uleb128 0x8
 506 01d7 27000000 		.4byte	.LASF24
 507 01db 04       		.byte	0x4
 508 01dc DF01     		.2byte	0x1df
 509 01de 88000000 		.4byte	0x88
 510 01e2 02       		.byte	0x2
 511 01e3 23       		.byte	0x23
 512 01e4 04       		.uleb128 0x4
ARM GAS  /tmp/ccxGnaFc.s 			page 10


 513 01e5 09       		.uleb128 0x9
 514 01e6 43495200 		.ascii	"CIR\000"
 515 01ea 04       		.byte	0x4
 516 01eb E001     		.2byte	0x1e0
 517 01ed 88000000 		.4byte	0x88
 518 01f1 02       		.byte	0x2
 519 01f2 23       		.byte	0x23
 520 01f3 08       		.uleb128 0x8
 521 01f4 08       		.uleb128 0x8
 522 01f5 2C010000 		.4byte	.LASF25
 523 01f9 04       		.byte	0x4
 524 01fa E101     		.2byte	0x1e1
 525 01fc 88000000 		.4byte	0x88
 526 0200 02       		.byte	0x2
 527 0201 23       		.byte	0x23
 528 0202 0C       		.uleb128 0xc
 529 0203 08       		.uleb128 0x8
 530 0204 9A000000 		.4byte	.LASF26
 531 0208 04       		.byte	0x4
 532 0209 E201     		.2byte	0x1e2
 533 020b 88000000 		.4byte	0x88
 534 020f 02       		.byte	0x2
 535 0210 23       		.byte	0x23
 536 0211 10       		.uleb128 0x10
 537 0212 08       		.uleb128 0x8
 538 0213 2C000000 		.4byte	.LASF27
 539 0217 04       		.byte	0x4
 540 0218 E301     		.2byte	0x1e3
 541 021a 88000000 		.4byte	0x88
 542 021e 02       		.byte	0x2
 543 021f 23       		.byte	0x23
 544 0220 14       		.uleb128 0x14
 545 0221 08       		.uleb128 0x8
 546 0222 F7000000 		.4byte	.LASF28
 547 0226 04       		.byte	0x4
 548 0227 E401     		.2byte	0x1e4
 549 0229 88000000 		.4byte	0x88
 550 022d 02       		.byte	0x2
 551 022e 23       		.byte	0x23
 552 022f 18       		.uleb128 0x18
 553 0230 08       		.uleb128 0x8
 554 0231 24010000 		.4byte	.LASF29
 555 0235 04       		.byte	0x4
 556 0236 E501     		.2byte	0x1e5
 557 0238 88000000 		.4byte	0x88
 558 023c 02       		.byte	0x2
 559 023d 23       		.byte	0x23
 560 023e 1C       		.uleb128 0x1c
 561 023f 08       		.uleb128 0x8
 562 0240 00000000 		.4byte	.LASF30
 563 0244 04       		.byte	0x4
 564 0245 E601     		.2byte	0x1e6
 565 0247 88000000 		.4byte	0x88
 566 024b 02       		.byte	0x2
 567 024c 23       		.byte	0x23
 568 024d 20       		.uleb128 0x20
 569 024e 09       		.uleb128 0x9
ARM GAS  /tmp/ccxGnaFc.s 			page 11


 570 024f 43535200 		.ascii	"CSR\000"
 571 0253 04       		.byte	0x4
 572 0254 E701     		.2byte	0x1e7
 573 0256 88000000 		.4byte	0x88
 574 025a 02       		.byte	0x2
 575 025b 23       		.byte	0x23
 576 025c 24       		.uleb128 0x24
 577 025d 08       		.uleb128 0x8
 578 025e 33000000 		.4byte	.LASF31
 579 0262 04       		.byte	0x4
 580 0263 E801     		.2byte	0x1e8
 581 0265 88000000 		.4byte	0x88
 582 0269 02       		.byte	0x2
 583 026a 23       		.byte	0x23
 584 026b 28       		.uleb128 0x28
 585 026c 08       		.uleb128 0x8
 586 026d A3000000 		.4byte	.LASF32
 587 0271 04       		.byte	0x4
 588 0272 E901     		.2byte	0x1e9
 589 0274 88000000 		.4byte	0x88
 590 0278 02       		.byte	0x2
 591 0279 23       		.byte	0x23
 592 027a 2C       		.uleb128 0x2c
 593 027b 08       		.uleb128 0x8
 594 027c A9000000 		.4byte	.LASF33
 595 0280 04       		.byte	0x4
 596 0281 EA01     		.2byte	0x1ea
 597 0283 88000000 		.4byte	0x88
 598 0287 02       		.byte	0x2
 599 0288 23       		.byte	0x23
 600 0289 30       		.uleb128 0x30
 601 028a 09       		.uleb128 0x9
 602 028b 43523200 		.ascii	"CR2\000"
 603 028f 04       		.byte	0x4
 604 0290 EB01     		.2byte	0x1eb
 605 0292 88000000 		.4byte	0x88
 606 0296 02       		.byte	0x2
 607 0297 23       		.byte	0x23
 608 0298 34       		.uleb128 0x34
 609 0299 00       		.byte	0
 610 029a 0A       		.uleb128 0xa
 611 029b A7010000 		.4byte	.LASF34
 612 029f 04       		.byte	0x4
 613 02a0 EC01     		.2byte	0x1ec
 614 02a2 BF010000 		.4byte	0x1bf
 615 02a6 0B       		.uleb128 0xb
 616 02a7 09010000 		.4byte	.LASF37
 617 02ab 01       		.byte	0x1
 618 02ac 31       		.byte	0x31
 619 02ad 01       		.byte	0x1
 620 02ae 01       		.byte	0x1
 621 02af 0C       		.uleb128 0xc
 622 02b0 01       		.byte	0x1
 623 02b1 DA010000 		.4byte	.LASF38
 624 02b5 01       		.byte	0x1
 625 02b6 64       		.byte	0x64
 626 02b7 01       		.byte	0x1
ARM GAS  /tmp/ccxGnaFc.s 			page 12


 627 02b8 00000000 		.4byte	.LFB41
 628 02bc 88000000 		.4byte	.LFE41
 629 02c0 00000000 		.4byte	.LLST0
 630 02c4 01       		.byte	0x1
 631 02c5 D9020000 		.4byte	0x2d9
 632 02c9 0D       		.uleb128 0xd
 633 02ca A6020000 		.4byte	0x2a6
 634 02ce 2E000000 		.4byte	.LBB4
 635 02d2 00000000 		.4byte	.Ldebug_ranges0+0
 636 02d6 01       		.byte	0x1
 637 02d7 75       		.byte	0x75
 638 02d8 00       		.byte	0
 639 02d9 0E       		.uleb128 0xe
 640 02da 01       		.byte	0x1
 641 02db 8D010000 		.4byte	.LASF39
 642 02df 01       		.byte	0x1
 643 02e0 88       		.byte	0x88
 644 02e1 01       		.byte	0x1
 645 02e2 00000000 		.4byte	.LFB42
 646 02e6 8C000000 		.4byte	.LFE42
 647 02ea 02       		.byte	0x2
 648 02eb 7D       		.byte	0x7d
 649 02ec 00       		.sleb128 0
 650 02ed 01       		.byte	0x1
 651 02ee 00       		.byte	0
 652              		.section	.debug_abbrev,"",%progbits
 653              	.Ldebug_abbrev0:
 654 0000 01       		.uleb128 0x1
 655 0001 11       		.uleb128 0x11
 656 0002 01       		.byte	0x1
 657 0003 25       		.uleb128 0x25
 658 0004 0E       		.uleb128 0xe
 659 0005 13       		.uleb128 0x13
 660 0006 0B       		.uleb128 0xb
 661 0007 03       		.uleb128 0x3
 662 0008 0E       		.uleb128 0xe
 663 0009 55       		.uleb128 0x55
 664 000a 06       		.uleb128 0x6
 665 000b 11       		.uleb128 0x11
 666 000c 01       		.uleb128 0x1
 667 000d 52       		.uleb128 0x52
 668 000e 01       		.uleb128 0x1
 669 000f 10       		.uleb128 0x10
 670 0010 06       		.uleb128 0x6
 671 0011 00       		.byte	0
 672 0012 00       		.byte	0
 673 0013 02       		.uleb128 0x2
 674 0014 24       		.uleb128 0x24
 675 0015 00       		.byte	0
 676 0016 0B       		.uleb128 0xb
 677 0017 0B       		.uleb128 0xb
 678 0018 3E       		.uleb128 0x3e
 679 0019 0B       		.uleb128 0xb
 680 001a 03       		.uleb128 0x3
 681 001b 08       		.uleb128 0x8
 682 001c 00       		.byte	0
 683 001d 00       		.byte	0
ARM GAS  /tmp/ccxGnaFc.s 			page 13


 684 001e 03       		.uleb128 0x3
 685 001f 24       		.uleb128 0x24
 686 0020 00       		.byte	0
 687 0021 0B       		.uleb128 0xb
 688 0022 0B       		.uleb128 0xb
 689 0023 3E       		.uleb128 0x3e
 690 0024 0B       		.uleb128 0xb
 691 0025 03       		.uleb128 0x3
 692 0026 0E       		.uleb128 0xe
 693 0027 00       		.byte	0
 694 0028 00       		.byte	0
 695 0029 04       		.uleb128 0x4
 696 002a 16       		.uleb128 0x16
 697 002b 00       		.byte	0
 698 002c 03       		.uleb128 0x3
 699 002d 0E       		.uleb128 0xe
 700 002e 3A       		.uleb128 0x3a
 701 002f 0B       		.uleb128 0xb
 702 0030 3B       		.uleb128 0x3b
 703 0031 0B       		.uleb128 0xb
 704 0032 49       		.uleb128 0x49
 705 0033 13       		.uleb128 0x13
 706 0034 00       		.byte	0
 707 0035 00       		.byte	0
 708 0036 05       		.uleb128 0x5
 709 0037 35       		.uleb128 0x35
 710 0038 00       		.byte	0
 711 0039 49       		.uleb128 0x49
 712 003a 13       		.uleb128 0x13
 713 003b 00       		.byte	0
 714 003c 00       		.byte	0
 715 003d 06       		.uleb128 0x6
 716 003e 26       		.uleb128 0x26
 717 003f 00       		.byte	0
 718 0040 49       		.uleb128 0x49
 719 0041 13       		.uleb128 0x13
 720 0042 00       		.byte	0
 721 0043 00       		.byte	0
 722 0044 07       		.uleb128 0x7
 723 0045 13       		.uleb128 0x13
 724 0046 01       		.byte	0x1
 725 0047 0B       		.uleb128 0xb
 726 0048 0B       		.uleb128 0xb
 727 0049 3A       		.uleb128 0x3a
 728 004a 0B       		.uleb128 0xb
 729 004b 3B       		.uleb128 0x3b
 730 004c 05       		.uleb128 0x5
 731 004d 01       		.uleb128 0x1
 732 004e 13       		.uleb128 0x13
 733 004f 00       		.byte	0
 734 0050 00       		.byte	0
 735 0051 08       		.uleb128 0x8
 736 0052 0D       		.uleb128 0xd
 737 0053 00       		.byte	0
 738 0054 03       		.uleb128 0x3
 739 0055 0E       		.uleb128 0xe
 740 0056 3A       		.uleb128 0x3a
ARM GAS  /tmp/ccxGnaFc.s 			page 14


 741 0057 0B       		.uleb128 0xb
 742 0058 3B       		.uleb128 0x3b
 743 0059 05       		.uleb128 0x5
 744 005a 49       		.uleb128 0x49
 745 005b 13       		.uleb128 0x13
 746 005c 38       		.uleb128 0x38
 747 005d 0A       		.uleb128 0xa
 748 005e 00       		.byte	0
 749 005f 00       		.byte	0
 750 0060 09       		.uleb128 0x9
 751 0061 0D       		.uleb128 0xd
 752 0062 00       		.byte	0
 753 0063 03       		.uleb128 0x3
 754 0064 08       		.uleb128 0x8
 755 0065 3A       		.uleb128 0x3a
 756 0066 0B       		.uleb128 0xb
 757 0067 3B       		.uleb128 0x3b
 758 0068 05       		.uleb128 0x5
 759 0069 49       		.uleb128 0x49
 760 006a 13       		.uleb128 0x13
 761 006b 38       		.uleb128 0x38
 762 006c 0A       		.uleb128 0xa
 763 006d 00       		.byte	0
 764 006e 00       		.byte	0
 765 006f 0A       		.uleb128 0xa
 766 0070 16       		.uleb128 0x16
 767 0071 00       		.byte	0
 768 0072 03       		.uleb128 0x3
 769 0073 0E       		.uleb128 0xe
 770 0074 3A       		.uleb128 0x3a
 771 0075 0B       		.uleb128 0xb
 772 0076 3B       		.uleb128 0x3b
 773 0077 05       		.uleb128 0x5
 774 0078 49       		.uleb128 0x49
 775 0079 13       		.uleb128 0x13
 776 007a 00       		.byte	0
 777 007b 00       		.byte	0
 778 007c 0B       		.uleb128 0xb
 779 007d 2E       		.uleb128 0x2e
 780 007e 00       		.byte	0
 781 007f 03       		.uleb128 0x3
 782 0080 0E       		.uleb128 0xe
 783 0081 3A       		.uleb128 0x3a
 784 0082 0B       		.uleb128 0xb
 785 0083 3B       		.uleb128 0x3b
 786 0084 0B       		.uleb128 0xb
 787 0085 27       		.uleb128 0x27
 788 0086 0C       		.uleb128 0xc
 789 0087 20       		.uleb128 0x20
 790 0088 0B       		.uleb128 0xb
 791 0089 00       		.byte	0
 792 008a 00       		.byte	0
 793 008b 0C       		.uleb128 0xc
 794 008c 2E       		.uleb128 0x2e
 795 008d 01       		.byte	0x1
 796 008e 3F       		.uleb128 0x3f
 797 008f 0C       		.uleb128 0xc
ARM GAS  /tmp/ccxGnaFc.s 			page 15


 798 0090 03       		.uleb128 0x3
 799 0091 0E       		.uleb128 0xe
 800 0092 3A       		.uleb128 0x3a
 801 0093 0B       		.uleb128 0xb
 802 0094 3B       		.uleb128 0x3b
 803 0095 0B       		.uleb128 0xb
 804 0096 27       		.uleb128 0x27
 805 0097 0C       		.uleb128 0xc
 806 0098 11       		.uleb128 0x11
 807 0099 01       		.uleb128 0x1
 808 009a 12       		.uleb128 0x12
 809 009b 01       		.uleb128 0x1
 810 009c 40       		.uleb128 0x40
 811 009d 06       		.uleb128 0x6
 812 009e 9742     		.uleb128 0x2117
 813 00a0 0C       		.uleb128 0xc
 814 00a1 01       		.uleb128 0x1
 815 00a2 13       		.uleb128 0x13
 816 00a3 00       		.byte	0
 817 00a4 00       		.byte	0
 818 00a5 0D       		.uleb128 0xd
 819 00a6 1D       		.uleb128 0x1d
 820 00a7 00       		.byte	0
 821 00a8 31       		.uleb128 0x31
 822 00a9 13       		.uleb128 0x13
 823 00aa 52       		.uleb128 0x52
 824 00ab 01       		.uleb128 0x1
 825 00ac 55       		.uleb128 0x55
 826 00ad 06       		.uleb128 0x6
 827 00ae 58       		.uleb128 0x58
 828 00af 0B       		.uleb128 0xb
 829 00b0 59       		.uleb128 0x59
 830 00b1 0B       		.uleb128 0xb
 831 00b2 00       		.byte	0
 832 00b3 00       		.byte	0
 833 00b4 0E       		.uleb128 0xe
 834 00b5 2E       		.uleb128 0x2e
 835 00b6 00       		.byte	0
 836 00b7 3F       		.uleb128 0x3f
 837 00b8 0C       		.uleb128 0xc
 838 00b9 03       		.uleb128 0x3
 839 00ba 0E       		.uleb128 0xe
 840 00bb 3A       		.uleb128 0x3a
 841 00bc 0B       		.uleb128 0xb
 842 00bd 3B       		.uleb128 0x3b
 843 00be 0B       		.uleb128 0xb
 844 00bf 27       		.uleb128 0x27
 845 00c0 0C       		.uleb128 0xc
 846 00c1 11       		.uleb128 0x11
 847 00c2 01       		.uleb128 0x1
 848 00c3 12       		.uleb128 0x12
 849 00c4 01       		.uleb128 0x1
 850 00c5 40       		.uleb128 0x40
 851 00c6 0A       		.uleb128 0xa
 852 00c7 9742     		.uleb128 0x2117
 853 00c9 0C       		.uleb128 0xc
 854 00ca 00       		.byte	0
ARM GAS  /tmp/ccxGnaFc.s 			page 16


 855 00cb 00       		.byte	0
 856 00cc 00       		.byte	0
 857              		.section	.debug_loc,"",%progbits
 858              	.Ldebug_loc0:
 859              	.LLST0:
 860 0000 00000000 		.4byte	.LFB41
 861 0004 04000000 		.4byte	.LCFI0
 862 0008 0200     		.2byte	0x2
 863 000a 7D       		.byte	0x7d
 864 000b 00       		.sleb128 0
 865 000c 04000000 		.4byte	.LCFI0
 866 0010 88000000 		.4byte	.LFE41
 867 0014 0200     		.2byte	0x2
 868 0016 7D       		.byte	0x7d
 869 0017 08       		.sleb128 8
 870 0018 00000000 		.4byte	0
 871 001c 00000000 		.4byte	0
 872              		.section	.debug_aranges,"",%progbits
 873 0000 24000000 		.4byte	0x24
 874 0004 0200     		.2byte	0x2
 875 0006 00000000 		.4byte	.Ldebug_info0
 876 000a 04       		.byte	0x4
 877 000b 00       		.byte	0
 878 000c 0000     		.2byte	0
 879 000e 0000     		.2byte	0
 880 0010 00000000 		.4byte	.LFB41
 881 0014 88000000 		.4byte	.LFE41-.LFB41
 882 0018 00000000 		.4byte	.LFB42
 883 001c 8C000000 		.4byte	.LFE42-.LFB42
 884 0020 00000000 		.4byte	0
 885 0024 00000000 		.4byte	0
 886              		.section	.debug_ranges,"",%progbits
 887              	.Ldebug_ranges0:
 888 0000 2E000000 		.4byte	.LBB4
 889 0004 30000000 		.4byte	.LBE4
 890 0008 32000000 		.4byte	.LBB7
 891 000c 70000000 		.4byte	.LBE7
 892 0010 00000000 		.4byte	0
 893 0014 00000000 		.4byte	0
 894 0018 00000000 		.4byte	.LFB41
 895 001c 88000000 		.4byte	.LFE41
 896 0020 00000000 		.4byte	.LFB42
 897 0024 8C000000 		.4byte	.LFE42
 898 0028 00000000 		.4byte	0
 899 002c 00000000 		.4byte	0
 900              		.section	.debug_line,"",%progbits
 901              	.Ldebug_line0:
 902 0000 B4010000 		.section	.debug_str,"MS",%progbits,1
 902      02003201 
 902      00000201 
 902      FB0E0D00 
 902      01010101 
 903              	.LASF30:
 904 0000 42444352 		.ascii	"BDCR\000"
 904      00
 905              	.LASF35:
 906 0005 474E5520 		.ascii	"GNU C 4.7.4 20130913 (prerelease)\000"
ARM GAS  /tmp/ccxGnaFc.s 			page 17


 906      4320342E 
 906      372E3420 
 906      32303133 
 906      30393133 
 907              	.LASF24:
 908 0027 43464752 		.ascii	"CFGR\000"
 908      00
 909              	.LASF27:
 910 002c 41484245 		.ascii	"AHBENR\000"
 910      4E5200
 911              	.LASF31:
 912 0033 41484252 		.ascii	"AHBRSTR\000"
 912      53545200 
 913              	.LASF22:
 914 003b 464C4153 		.ascii	"FLASH_TypeDef\000"
 914      485F5479 
 914      70654465 
 914      6600
 915              	.LASF36:
 916 0049 2F686F6D 		.ascii	"/home/matt/arm_cortex/ChibiOS/os/hal/platforms/STM3"
 916      652F6D61 
 916      74742F61 
 916      726D5F63 
 916      6F727465 
 917 007c 32463078 		.ascii	"2F0xx/hal_lld.c\000"
 917      782F6861 
 917      6C5F6C6C 
 917      642E6300 
 918              	.LASF5:
 919 008c 6C6F6E67 		.ascii	"long int\000"
 919      20696E74 
 919      00
 920              	.LASF21:
 921 0095 57525052 		.ascii	"WRPR\000"
 921      00
 922              	.LASF26:
 923 009a 41504231 		.ascii	"APB1RSTR\000"
 923      52535452 
 923      00
 924              	.LASF32:
 925 00a3 43464752 		.ascii	"CFGR2\000"
 925      3200
 926              	.LASF33:
 927 00a9 43464752 		.ascii	"CFGR3\000"
 927      3300
 928              	.LASF4:
 929 00af 73686F72 		.ascii	"short unsigned int\000"
 929      7420756E 
 929      7369676E 
 929      65642069 
 929      6E7400
 930              	.LASF16:
 931 00c2 43414C49 		.ascii	"CALIB\000"
 931      4200
 932              	.LASF19:
 933 00c8 4F50544B 		.ascii	"OPTKEYR\000"
 933      45595200 
ARM GAS  /tmp/ccxGnaFc.s 			page 18


 934              	.LASF23:
 935 00d0 5057525F 		.ascii	"PWR_TypeDef\000"
 935      54797065 
 935      44656600 
 936              	.LASF8:
 937 00dc 6C6F6E67 		.ascii	"long unsigned int\000"
 937      20756E73 
 937      69676E65 
 937      6420696E 
 937      7400
 938              	.LASF20:
 939 00ee 52455345 		.ascii	"RESERVED\000"
 939      52564544 
 939      00
 940              	.LASF28:
 941 00f7 41504232 		.ascii	"APB2ENR\000"
 941      454E5200 
 942              	.LASF3:
 943 00ff 73686F72 		.ascii	"short int\000"
 943      7420696E 
 943      7400
 944              	.LASF37:
 945 0109 68616C5F 		.ascii	"hal_lld_backup_domain_init\000"
 945      6C6C645F 
 945      6261636B 
 945      75705F64 
 945      6F6D6169 
 946              	.LASF29:
 947 0124 41504231 		.ascii	"APB1ENR\000"
 947      454E5200 
 948              	.LASF25:
 949 012c 41504232 		.ascii	"APB2RSTR\000"
 949      52535452 
 949      00
 950              	.LASF2:
 951 0135 756E7369 		.ascii	"unsigned char\000"
 951      676E6564 
 951      20636861 
 951      7200
 952              	.LASF0:
 953 0143 756E7369 		.ascii	"unsigned int\000"
 953      676E6564 
 953      20696E74 
 953      00
 954              	.LASF10:
 955 0150 6C6F6E67 		.ascii	"long long unsigned int\000"
 955      206C6F6E 
 955      6720756E 
 955      7369676E 
 955      65642069 
 956              	.LASF14:
 957 0167 4354524C 		.ascii	"CTRL\000"
 957      00
 958              	.LASF12:
 959 016c 73697A65 		.ascii	"sizetype\000"
 959      74797065 
 959      00
ARM GAS  /tmp/ccxGnaFc.s 			page 19


 960              	.LASF9:
 961 0175 6C6F6E67 		.ascii	"long long int\000"
 961      206C6F6E 
 961      6720696E 
 961      7400
 962              	.LASF13:
 963 0183 63686172 		.ascii	"char\000"
 963      00
 964              	.LASF15:
 965 0188 4C4F4144 		.ascii	"LOAD\000"
 965      00
 966              	.LASF39:
 967 018d 73746D33 		.ascii	"stm32_clock_init\000"
 967      325F636C 
 967      6F636B5F 
 967      696E6974 
 967      00
 968              	.LASF6:
 969 019e 75696E74 		.ascii	"uint16_t\000"
 969      31365F74 
 969      00
 970              	.LASF34:
 971 01a7 5243435F 		.ascii	"RCC_TypeDef\000"
 971      54797065 
 971      44656600 
 972              	.LASF7:
 973 01b3 75696E74 		.ascii	"uint32_t\000"
 973      33325F74 
 973      00
 974              	.LASF17:
 975 01bc 53797354 		.ascii	"SysTick_Type\000"
 975      69636B5F 
 975      54797065 
 975      00
 976              	.LASF18:
 977 01c9 4B455952 		.ascii	"KEYR\000"
 977      00
 978              	.LASF1:
 979 01ce 7369676E 		.ascii	"signed char\000"
 979      65642063 
 979      68617200 
 980              	.LASF38:
 981 01da 68616C5F 		.ascii	"hal_lld_init\000"
 981      6C6C645F 
 981      696E6974 
 981      00
 982              	.LASF11:
 983 01e7 5F426F6F 		.ascii	"_Bool\000"
 983      6C00
 984              		.ident	"GCC: (GNU Tools for ARM Embedded Processors / bleeding-edge-toolchain-131005) 4.7.4 201309
ARM GAS  /tmp/ccxGnaFc.s 			page 20


DEFINED SYMBOLS
                            *ABS*:0000000000000000 hal_lld.c
     /tmp/ccxGnaFc.s:18     .text.hal_lld_init:0000000000000000 $t
     /tmp/ccxGnaFc.s:24     .text.hal_lld_init:0000000000000000 hal_lld_init
     /tmp/ccxGnaFc.s:127    .text.hal_lld_init:0000000000000074 $d
     /tmp/ccxGnaFc.s:136    .text.stm32_clock_init:0000000000000000 $t
     /tmp/ccxGnaFc.s:142    .text.stm32_clock_init:0000000000000000 stm32_clock_init
     /tmp/ccxGnaFc.s:249    .text.stm32_clock_init:0000000000000084 $d
                     .debug_frame:0000000000000010 $d
     /tmp/ccxGnaFc.s:135    .text.hal_lld_init:0000000000000088 $t
     /tmp/ccxGnaFc.s:254    .text.stm32_clock_init:000000000000008c $t

NO UNDEFINED SYMBOLS
