ARM GAS  /tmp/ccZb3DCr.s 			page 1


   1              		.cpu cortex-m0
   2              		.fpu softvfp
   3              		.eabi_attribute 20, 1
   4              		.eabi_attribute 21, 1
   5              		.eabi_attribute 23, 3
   6              		.eabi_attribute 24, 1
   7              		.eabi_attribute 25, 1
   8              		.eabi_attribute 26, 1
   9              		.eabi_attribute 30, 2
  10              		.eabi_attribute 34, 0
  11              		.eabi_attribute 18, 4
  12              		.code	16
  13              		.file	"mf_scaledfont.c"
  14              		.text
  15              	.Ltext0:
  16              		.cfi_sections	.debug_frame
  17              		.section	.text.scaled_pixel_callback,"ax",%progbits
  18              		.align	2
  19              		.p2align 4,,15
  20              		.code	16
  21              		.thumb_func
  22              		.type	scaled_pixel_callback, %function
  23              	scaled_pixel_callback:
  24              	.LFB40:
  25              		.file 1 "/home/matt/arm_cortex/ChibiOS/ext/ugfx/src/gdisp/mcufont/mf_scaledfont.c"
  26              		.loc 1 24 0
  27              		.cfi_startproc
  28              	.LVL0:
  29 0000 F0B5     		push	{r4, r5, r6, r7, lr}
  30              	.LCFI0:
  31              		.cfi_def_cfa_offset 20
  32              		.cfi_offset 4, -20
  33              		.cfi_offset 5, -16
  34              		.cfi_offset 6, -12
  35              		.cfi_offset 7, -8
  36              		.cfi_offset 14, -4
  37 0002 5746     		mov	r7, sl
  38 0004 4E46     		mov	r6, r9
  39 0006 4546     		mov	r5, r8
  40 0008 E0B4     		push	{r5, r6, r7}
  41              	.LCFI1:
  42              		.cfi_def_cfa_offset 32
  43              		.cfi_offset 8, -32
  44              		.cfi_offset 9, -28
  45              		.cfi_offset 10, -24
  46 000a 82B0     		sub	sp, sp, #8
  47              	.LCFI2:
  48              		.cfi_def_cfa_offset 40
  49              		.loc 1 24 0
  50 000c 0A9D     		ldr	r5, [sp, #40]
  51              	.LVL1:
  52 000e 9946     		mov	r9, r3
  53              		.loc 1 28 0
  54 0010 2B7A     		ldrb	r3, [r5, #8]
  55              	.LVL2:
  56              		.loc 1 29 0
  57 0012 071C     		mov	r7, r0
ARM GAS  /tmp/ccZb3DCr.s 			page 2


  58 0014 5F43     		mul	r7, r3
  59              		.loc 1 28 0
  60 0016 5A43     		mul	r2, r3
  61              	.LVL3:
  62              		.loc 1 30 0
  63 0018 6B7A     		ldrb	r3, [r5, #9]
  64 001a 0E1C     		mov	r6, r1
  65 001c 5E43     		mul	r6, r3
  66 001e A989     		ldrh	r1, [r5, #12]
  67              	.LVL4:
  68              		.loc 1 28 0
  69 0020 D2B2     		uxtb	r2, r2
  70              		.loc 1 29 0
  71 0022 6889     		ldrh	r0, [r5, #10]
  72              	.LVL5:
  73              		.loc 1 28 0
  74 0024 9046     		mov	r8, r2
  75              	.LVL6:
  76              		.loc 1 30 0
  77 0026 7218     		add	r2, r6, r1
  78              	.LVL7:
  79              		.loc 1 29 0
  80 0028 3C18     		add	r4, r7, r0
  81              		.loc 1 30 0
  82 002a 90B2     		uxth	r0, r2
  83              		.loc 1 29 0
  84 002c 27B2     		sxth	r7, r4
  85              	.LVL8:
  86              		.loc 1 30 0
  87 002e 8246     		mov	sl, r0
  88              	.LVL9:
  89              		.loc 1 32 0
  90 0030 0024     		mov	r4, #0
  91              	.LVL10:
  92 0032 002B     		cmp	r3, #0
  93 0034 0ED0     		beq	.L1
  94              	.LVL11:
  95              	.L5:
  96              		.loc 1 34 0 discriminator 2
  97 0036 6A68     		ldr	r2, [r5, #4]
  98 0038 5346     		mov	r3, sl
  99 003a E618     		add	r6, r4, r3
 100 003c 0092     		str	r2, [sp]
 101 003e 31B2     		sxth	r1, r6
 102 0040 381C     		mov	r0, r7
 103 0042 4246     		mov	r2, r8
 104 0044 4B46     		mov	r3, r9
 105 0046 2E68     		ldr	r6, [r5]
 106 0048 B047     		blx	r6
 107              	.LVL12:
 108              		.loc 1 32 0 discriminator 2
 109 004a 0134     		add	r4, r4, #1
 110 004c 697A     		ldrb	r1, [r5, #9]
 111 004e E4B2     		uxtb	r4, r4
 112              	.LVL13:
 113 0050 A142     		cmp	r1, r4
 114 0052 F0D8     		bhi	.L5
ARM GAS  /tmp/ccZb3DCr.s 			page 3


 115              	.LVL14:
 116              	.L1:
 117              		.loc 1 36 0
 118 0054 02B0     		add	sp, sp, #8
 119              		@ sp needed for prologue
 120              	.LVL15:
 121              	.LVL16:
 122              	.LVL17:
 123              	.LVL18:
 124 0056 1CBC     		pop	{r2, r3, r4}
 125 0058 9046     		mov	r8, r2
 126 005a 9946     		mov	r9, r3
 127 005c A246     		mov	sl, r4
 128 005e F0BD     		pop	{r4, r5, r6, r7, pc}
 129              		.cfi_endproc
 130              	.LFE40:
 131              		.size	scaled_pixel_callback, .-scaled_pixel_callback
 132              		.section	.text.mf_scaled_character_width,"ax",%progbits
 133              		.align	2
 134              		.p2align 4,,15
 135              		.global	mf_scaled_character_width
 136              		.code	16
 137              		.thumb_func
 138              		.type	mf_scaled_character_width, %function
 139              	mf_scaled_character_width:
 140              	.LFB41:
 141              		.loc 1 40 0
 142              		.cfi_startproc
 143              	.LVL19:
 144 0000 10B5     		push	{r4, lr}
 145              	.LCFI3:
 146              		.cfi_def_cfa_offset 8
 147              		.cfi_offset 4, -8
 148              		.cfi_offset 14, -4
 149              		.loc 1 40 0
 150 0002 041C     		mov	r4, r0
 151              		.loc 1 44 0
 152 0004 C069     		ldr	r0, [r0, #28]
 153              	.LVL20:
 154              		.loc 1 47 0
 155              		@ sp needed for prologue
 156              		.loc 1 44 0
 157 0006 4369     		ldr	r3, [r0, #20]
 158 0008 9847     		blx	r3
 159              	.LVL21:
 160              		.loc 1 46 0
 161 000a 2021     		mov	r1, #32
 162 000c 625C     		ldrb	r2, [r4, r1]
 163 000e 5043     		mul	r0, r2
 164              	.LVL22:
 165 0010 C0B2     		uxtb	r0, r0
 166              	.LVL23:
 167              		.loc 1 47 0
 168 0012 10BD     		pop	{r4, pc}
 169              		.cfi_endproc
 170              	.LFE41:
 171              		.size	mf_scaled_character_width, .-mf_scaled_character_width
ARM GAS  /tmp/ccZb3DCr.s 			page 4


 172 0014 C046C046 		.section	.text.mf_scaled_render_character,"ax",%progbits
 172      C046C046 
 172      C046C046 
 173              		.align	2
 174              		.p2align 4,,15
 175              		.global	mf_scaled_render_character
 176              		.code	16
 177              		.thumb_func
 178              		.type	mf_scaled_render_character, %function
 179              	mf_scaled_render_character:
 180              	.LFB42:
 181              		.loc 1 54 0
 182              		.cfi_startproc
 183              	.LVL24:
 184 0000 70B5     		push	{r4, r5, r6, lr}
 185              	.LCFI4:
 186              		.cfi_def_cfa_offset 16
 187              		.cfi_offset 4, -16
 188              		.cfi_offset 5, -12
 189              		.cfi_offset 6, -8
 190              		.cfi_offset 14, -4
 191 0002 86B0     		sub	sp, sp, #24
 192              	.LCFI5:
 193              		.cfi_def_cfa_offset 40
 194              		.loc 1 60 0
 195 0004 0B9E     		ldr	r6, [sp, #44]
 196              		.loc 1 54 0
 197 0006 051C     		mov	r5, r0
 198              	.LVL25:
 199              		.loc 1 59 0
 200 0008 0A98     		ldr	r0, [sp, #40]
 201              	.LVL26:
 202              		.loc 1 60 0
 203 000a 0396     		str	r6, [sp, #12]
 204              		.loc 1 61 0
 205 000c 2026     		mov	r6, #32
 206              		.loc 1 59 0
 207 000e 0290     		str	r0, [sp, #8]
 208              		.loc 1 61 0
 209 0010 A85D     		ldrb	r0, [r5, r6]
 210              		.loc 1 59 0
 211 0012 02AC     		add	r4, sp, #8
 212              		.loc 1 61 0
 213 0014 2072     		strb	r0, [r4, #8]
 214              		.loc 1 62 0
 215 0016 2120     		mov	r0, #33
 216 0018 285C     		ldrb	r0, [r5, r0]
 217              		.loc 1 64 0
 218 001a A281     		strh	r2, [r4, #12]
 219              		.loc 1 66 0
 220 001c 074A     		ldr	r2, .L10
 221              	.LVL27:
 222              		.loc 1 62 0
 223 001e 6072     		strb	r0, [r4, #9]
 224              		.loc 1 66 0
 225 0020 E869     		ldr	r0, [r5, #28]
 226              		.loc 1 63 0
ARM GAS  /tmp/ccZb3DCr.s 			page 5


 227 0022 6181     		strh	r1, [r4, #10]
 228              		.loc 1 66 0
 229 0024 0092     		str	r2, [sp]
 230 0026 0194     		str	r4, [sp, #4]
 231 0028 8469     		ldr	r4, [r0, #24]
 232              	.LVL28:
 233 002a 0021     		mov	r1, #0
 234              	.LVL29:
 235 002c 0022     		mov	r2, #0
 236 002e A047     		blx	r4
 237              	.LVL30:
 238              		.loc 1 69 0
 239 0030 AB5D     		ldrb	r3, [r5, r6]
 240 0032 5843     		mul	r0, r3
 241              	.LVL31:
 242 0034 C0B2     		uxtb	r0, r0
 243              		.loc 1 70 0
 244 0036 06B0     		add	sp, sp, #24
 245              		@ sp needed for prologue
 246              	.LVL32:
 247 0038 70BD     		pop	{r4, r5, r6, pc}
 248              	.L11:
 249 003a C046     		.align	2
 250              	.L10:
 251 003c 00000000 		.word	scaled_pixel_callback
 252              		.cfi_endproc
 253              	.LFE42:
 254              		.size	mf_scaled_render_character, .-mf_scaled_render_character
 255              		.section	.text.mf_scale_font,"ax",%progbits
 256              		.align	2
 257              		.p2align 4,,15
 258              		.global	mf_scale_font
 259              		.code	16
 260              		.thumb_func
 261              		.type	mf_scale_font, %function
 262              	mf_scale_font:
 263              	.LFB43:
 264              		.loc 1 75 0
 265              		.cfi_startproc
 266              	.LVL33:
 267 0000 F0B5     		push	{r4, r5, r6, r7, lr}
 268              	.LCFI6:
 269              		.cfi_def_cfa_offset 20
 270              		.cfi_offset 4, -20
 271              		.cfi_offset 5, -16
 272              		.cfi_offset 6, -12
 273              		.cfi_offset 7, -8
 274              		.cfi_offset 14, -4
 275 0002 4F46     		mov	r7, r9
 276 0004 4646     		mov	r6, r8
 277 0006 C0B4     		push	{r6, r7}
 278              	.LCFI7:
 279              		.cfi_def_cfa_offset 28
 280              		.cfi_offset 8, -28
 281              		.cfi_offset 9, -24
 282              		.loc 1 76 0
 283 0008 041C     		mov	r4, r0
ARM GAS  /tmp/ccZb3DCr.s 			page 6


 284              		.loc 1 75 0
 285 000a 8C46     		mov	ip, r1
 286              		.loc 1 76 0
 287 000c E0C9     		ldmia	r1!, {r5, r6, r7}
 288 000e E0C4     		stmia	r4!, {r5, r6, r7}
 289              	.LVL34:
 290 0010 E0C9     		ldmia	r1!, {r5, r6, r7}
 291 0012 E0C4     		stmia	r4!, {r5, r6, r7}
 292              		.loc 1 79 0
 293 0014 067A     		ldrb	r6, [r0, #8]
 294              		.loc 1 80 0
 295 0016 477A     		ldrb	r7, [r0, #9]
 296              		.loc 1 79 0
 297 0018 5643     		mul	r6, r2
 298              		.loc 1 80 0
 299 001a 5F43     		mul	r7, r3
 300              		.loc 1 81 0
 301 001c 047B     		ldrb	r4, [r0, #12]
 302              		.loc 1 82 0
 303 001e 417B     		ldrb	r1, [r0, #13]
 304              		.loc 1 77 0
 305 0020 6546     		mov	r5, ip
 306 0022 C561     		str	r5, [r0, #28]
 307              		.loc 1 83 0
 308 0024 857A     		ldrb	r5, [r0, #10]
 309              		.loc 1 79 0
 310 0026 0672     		strb	r6, [r0, #8]
 311              		.loc 1 80 0
 312 0028 4772     		strb	r7, [r0, #9]
 313              		.loc 1 84 0
 314 002a C67A     		ldrb	r6, [r0, #11]
 315              		.loc 1 85 0
 316 002c 877B     		ldrb	r7, [r0, #14]
 317              		.loc 1 81 0
 318 002e 5443     		mul	r4, r2
 319              		.loc 1 82 0
 320 0030 5943     		mul	r1, r3
 321              		.loc 1 83 0
 322 0032 5543     		mul	r5, r2
 323              		.loc 1 84 0
 324 0034 5643     		mul	r6, r2
 325              		.loc 1 85 0
 326 0036 5F43     		mul	r7, r3
 327              		.loc 1 81 0
 328 0038 0473     		strb	r4, [r0, #12]
 329              		.loc 1 82 0
 330 003a 4173     		strb	r1, [r0, #13]
 331              		.loc 1 86 0
 332 003c 074C     		ldr	r4, .L13
 333              		.loc 1 87 0
 334 003e 0849     		ldr	r1, .L13+4
 335              		.loc 1 83 0
 336 0040 8572     		strb	r5, [r0, #10]
 337              		.loc 1 89 0
 338 0042 2025     		mov	r5, #32
 339              		.loc 1 84 0
 340 0044 C672     		strb	r6, [r0, #11]
ARM GAS  /tmp/ccZb3DCr.s 			page 7


 341              		.loc 1 85 0
 342 0046 8773     		strb	r7, [r0, #14]
 343              		.loc 1 86 0
 344 0048 4461     		str	r4, [r0, #20]
 345              		.loc 1 87 0
 346 004a 8161     		str	r1, [r0, #24]
 347              		.loc 1 89 0
 348 004c 4255     		strb	r2, [r0, r5]
 349              		.loc 1 90 0
 350 004e 2122     		mov	r2, #33
 351              	.LVL35:
 352 0050 8354     		strb	r3, [r0, r2]
 353              		.loc 1 91 0
 354              		@ sp needed for prologue
 355              	.LVL36:
 356 0052 0CBC     		pop	{r2, r3}
 357 0054 9046     		mov	r8, r2
 358 0056 9946     		mov	r9, r3
 359 0058 F0BD     		pop	{r4, r5, r6, r7, pc}
 360              	.L14:
 361 005a C046     		.align	2
 362              	.L13:
 363 005c 00000000 		.word	mf_scaled_character_width
 364 0060 00000000 		.word	mf_scaled_render_character
 365              		.cfi_endproc
 366              	.LFE43:
 367              		.size	mf_scale_font, .-mf_scale_font
 368 0064 C046C046 		.text
 368      C046C046 
 368      C046C046 
 369              	.Letext0:
 370              		.file 2 "/home/matt/arm_cortex/gcc-arm-none-eabi/bin/../lib/gcc/arm-none-eabi/4.7.4/../../../../ar
 371              		.file 3 "/home/matt/arm_cortex/ChibiOS/ext/ugfx/src/gdisp/mcufont/mf_font.h"
 372              		.file 4 "/home/matt/arm_cortex/ChibiOS/ext/ugfx/src/gdisp/mcufont/mf_encoding.h"
 373              		.file 5 "/home/matt/arm_cortex/ChibiOS/ext/ugfx/src/gdisp/mcufont/mf_scaledfont.h"
 374              		.section	.debug_info,"",%progbits
 375              	.Ldebug_info0:
 376 0000 B4040000 		.4byte	0x4b4
 377 0004 0200     		.2byte	0x2
 378 0006 00000000 		.4byte	.Ldebug_abbrev0
 379 000a 04       		.byte	0x4
 380 000b 01       		.uleb128 0x1
 381 000c 00000000 		.4byte	.LASF49
 382 0010 01       		.byte	0x1
 383 0011 5F000000 		.4byte	.LASF50
 384 0015 00000000 		.4byte	.Ldebug_ranges0+0
 385 0019 00000000 		.4byte	0
 386 001d 00000000 		.4byte	0
 387 0021 00000000 		.4byte	.Ldebug_line0
 388 0025 02       		.uleb128 0x2
 389 0026 04       		.byte	0x4
 390 0027 05       		.byte	0x5
 391 0028 696E7400 		.ascii	"int\000"
 392 002c 03       		.uleb128 0x3
 393 002d 04       		.byte	0x4
 394 002e 07       		.byte	0x7
 395 002f 8F010000 		.4byte	.LASF0
ARM GAS  /tmp/ccZb3DCr.s 			page 8


 396 0033 03       		.uleb128 0x3
 397 0034 01       		.byte	0x1
 398 0035 06       		.byte	0x6
 399 0036 79020000 		.4byte	.LASF1
 400 003a 04       		.uleb128 0x4
 401 003b B9010000 		.4byte	.LASF3
 402 003f 02       		.byte	0x2
 403 0040 2A       		.byte	0x2a
 404 0041 45000000 		.4byte	0x45
 405 0045 03       		.uleb128 0x3
 406 0046 01       		.byte	0x1
 407 0047 08       		.byte	0x8
 408 0048 81010000 		.4byte	.LASF2
 409 004c 04       		.uleb128 0x4
 410 004d CD010000 		.4byte	.LASF4
 411 0051 02       		.byte	0x2
 412 0052 35       		.byte	0x35
 413 0053 57000000 		.4byte	0x57
 414 0057 03       		.uleb128 0x3
 415 0058 02       		.byte	0x2
 416 0059 05       		.byte	0x5
 417 005a 48020000 		.4byte	.LASF5
 418 005e 03       		.uleb128 0x3
 419 005f 02       		.byte	0x2
 420 0060 07       		.byte	0x7
 421 0061 4C000000 		.4byte	.LASF6
 422 0065 03       		.uleb128 0x3
 423 0066 04       		.byte	0x4
 424 0067 05       		.byte	0x5
 425 0068 65020000 		.4byte	.LASF7
 426 006c 03       		.uleb128 0x3
 427 006d 04       		.byte	0x4
 428 006e 07       		.byte	0x7
 429 006f EB000000 		.4byte	.LASF8
 430 0073 03       		.uleb128 0x3
 431 0074 08       		.byte	0x8
 432 0075 05       		.byte	0x5
 433 0076 19020000 		.4byte	.LASF9
 434 007a 03       		.uleb128 0x3
 435 007b 08       		.byte	0x8
 436 007c 07       		.byte	0x7
 437 007d A2010000 		.4byte	.LASF10
 438 0081 03       		.uleb128 0x3
 439 0082 01       		.byte	0x1
 440 0083 02       		.byte	0x2
 441 0084 28000000 		.4byte	.LASF11
 442 0088 05       		.uleb128 0x5
 443 0089 04       		.byte	0x4
 444 008a 03       		.uleb128 0x3
 445 008b 04       		.byte	0x4
 446 008c 07       		.byte	0x7
 447 008d 10020000 		.4byte	.LASF12
 448 0091 06       		.uleb128 0x6
 449 0092 04       		.byte	0x4
 450 0093 97000000 		.4byte	0x97
 451 0097 07       		.uleb128 0x7
 452 0098 9C000000 		.4byte	0x9c
ARM GAS  /tmp/ccZb3DCr.s 			page 9


 453 009c 03       		.uleb128 0x3
 454 009d 01       		.byte	0x1
 455 009e 08       		.byte	0x8
 456 009f 27020000 		.4byte	.LASF13
 457 00a3 06       		.uleb128 0x6
 458 00a4 04       		.byte	0x4
 459 00a5 A9000000 		.4byte	0xa9
 460 00a9 07       		.uleb128 0x7
 461 00aa AE000000 		.4byte	0xae
 462 00ae 08       		.uleb128 0x8
 463 00af A6020000 		.4byte	.LASF29
 464 00b3 1C       		.byte	0x1c
 465 00b4 03       		.byte	0x3
 466 00b5 1D       		.byte	0x1d
 467 00b6 71010000 		.4byte	0x171
 468 00ba 09       		.uleb128 0x9
 469 00bb C6000000 		.4byte	.LASF14
 470 00bf 03       		.byte	0x3
 471 00c0 20       		.byte	0x20
 472 00c1 91000000 		.4byte	0x91
 473 00c5 02       		.byte	0x2
 474 00c6 23       		.byte	0x23
 475 00c7 00       		.uleb128 0
 476 00c8 09       		.uleb128 0x9
 477 00c9 6E020000 		.4byte	.LASF15
 478 00cd 03       		.byte	0x3
 479 00ce 23       		.byte	0x23
 480 00cf 91000000 		.4byte	0x91
 481 00d3 02       		.byte	0x2
 482 00d4 23       		.byte	0x23
 483 00d5 04       		.uleb128 0x4
 484 00d6 09       		.uleb128 0x9
 485 00d7 42020000 		.4byte	.LASF16
 486 00db 03       		.byte	0x3
 487 00dc 26       		.byte	0x26
 488 00dd 3A000000 		.4byte	0x3a
 489 00e1 02       		.byte	0x2
 490 00e2 23       		.byte	0x23
 491 00e3 08       		.uleb128 0x8
 492 00e4 09       		.uleb128 0x9
 493 00e5 0E010000 		.4byte	.LASF17
 494 00e9 03       		.byte	0x3
 495 00ea 27       		.byte	0x27
 496 00eb 3A000000 		.4byte	0x3a
 497 00ef 02       		.byte	0x2
 498 00f0 23       		.byte	0x23
 499 00f1 09       		.uleb128 0x9
 500 00f2 09       		.uleb128 0x9
 501 00f3 3E000000 		.4byte	.LASF18
 502 00f7 03       		.byte	0x3
 503 00f8 2A       		.byte	0x2a
 504 00f9 3A000000 		.4byte	0x3a
 505 00fd 02       		.byte	0x2
 506 00fe 23       		.byte	0x23
 507 00ff 0A       		.uleb128 0xa
 508 0100 09       		.uleb128 0x9
 509 0101 44010000 		.4byte	.LASF19
ARM GAS  /tmp/ccZb3DCr.s 			page 10


 510 0105 03       		.byte	0x3
 511 0106 2B       		.byte	0x2b
 512 0107 3A000000 		.4byte	0x3a
 513 010b 02       		.byte	0x2
 514 010c 23       		.byte	0x23
 515 010d 0B       		.uleb128 0xb
 516 010e 09       		.uleb128 0x9
 517 010f 2C020000 		.4byte	.LASF20
 518 0113 03       		.byte	0x3
 519 0114 2E       		.byte	0x2e
 520 0115 3A000000 		.4byte	0x3a
 521 0119 02       		.byte	0x2
 522 011a 23       		.byte	0x23
 523 011b 0C       		.uleb128 0xc
 524 011c 09       		.uleb128 0x9
 525 011d 37020000 		.4byte	.LASF21
 526 0121 03       		.byte	0x3
 527 0122 2F       		.byte	0x2f
 528 0123 3A000000 		.4byte	0x3a
 529 0127 02       		.byte	0x2
 530 0128 23       		.byte	0x23
 531 0129 0D       		.uleb128 0xd
 532 012a 09       		.uleb128 0x9
 533 012b C1010000 		.4byte	.LASF22
 534 012f 03       		.byte	0x3
 535 0130 32       		.byte	0x32
 536 0131 3A000000 		.4byte	0x3a
 537 0135 02       		.byte	0x2
 538 0136 23       		.byte	0x23
 539 0137 0E       		.uleb128 0xe
 540 0138 09       		.uleb128 0x9
 541 0139 9C010000 		.4byte	.LASF23
 542 013d 03       		.byte	0x3
 543 013e 35       		.byte	0x35
 544 013f 3A000000 		.4byte	0x3a
 545 0143 02       		.byte	0x2
 546 0144 23       		.byte	0x23
 547 0145 0F       		.uleb128 0xf
 548 0146 09       		.uleb128 0x9
 549 0147 6E010000 		.4byte	.LASF24
 550 014b 03       		.byte	0x3
 551 014c 38       		.byte	0x38
 552 014d 71010000 		.4byte	0x171
 553 0151 02       		.byte	0x2
 554 0152 23       		.byte	0x23
 555 0153 10       		.uleb128 0x10
 556 0154 09       		.uleb128 0x9
 557 0155 A8000000 		.4byte	.LASF25
 558 0159 03       		.byte	0x3
 559 015a 3C       		.byte	0x3c
 560 015b C2010000 		.4byte	0x1c2
 561 015f 02       		.byte	0x2
 562 0160 23       		.byte	0x23
 563 0161 14       		.uleb128 0x14
 564 0162 09       		.uleb128 0x9
 565 0163 FF010000 		.4byte	.LASF26
 566 0167 03       		.byte	0x3
ARM GAS  /tmp/ccZb3DCr.s 			page 11


 567 0168 40       		.byte	0x40
 568 0169 F1010000 		.4byte	0x1f1
 569 016d 02       		.byte	0x2
 570 016e 23       		.byte	0x23
 571 016f 18       		.uleb128 0x18
 572 0170 00       		.byte	0
 573 0171 04       		.uleb128 0x4
 574 0172 DE000000 		.4byte	.LASF27
 575 0176 04       		.byte	0x4
 576 0177 16       		.byte	0x16
 577 0178 9C000000 		.4byte	0x9c
 578 017c 04       		.uleb128 0x4
 579 017d EB010000 		.4byte	.LASF28
 580 0181 03       		.byte	0x3
 581 0182 19       		.byte	0x19
 582 0183 87010000 		.4byte	0x187
 583 0187 06       		.uleb128 0x6
 584 0188 04       		.byte	0x4
 585 0189 8D010000 		.4byte	0x18d
 586 018d 0A       		.uleb128 0xa
 587 018e 01       		.byte	0x1
 588 018f AD010000 		.4byte	0x1ad
 589 0193 0B       		.uleb128 0xb
 590 0194 4C000000 		.4byte	0x4c
 591 0198 0B       		.uleb128 0xb
 592 0199 4C000000 		.4byte	0x4c
 593 019d 0B       		.uleb128 0xb
 594 019e 3A000000 		.4byte	0x3a
 595 01a2 0B       		.uleb128 0xb
 596 01a3 3A000000 		.4byte	0x3a
 597 01a7 0B       		.uleb128 0xb
 598 01a8 88000000 		.4byte	0x88
 599 01ac 00       		.byte	0
 600 01ad 0C       		.uleb128 0xc
 601 01ae 01       		.byte	0x1
 602 01af 3A000000 		.4byte	0x3a
 603 01b3 C2010000 		.4byte	0x1c2
 604 01b7 0B       		.uleb128 0xb
 605 01b8 A3000000 		.4byte	0xa3
 606 01bc 0B       		.uleb128 0xb
 607 01bd 71010000 		.4byte	0x171
 608 01c1 00       		.byte	0
 609 01c2 06       		.uleb128 0x6
 610 01c3 04       		.byte	0x4
 611 01c4 AD010000 		.4byte	0x1ad
 612 01c8 0C       		.uleb128 0xc
 613 01c9 01       		.byte	0x1
 614 01ca 3A000000 		.4byte	0x3a
 615 01ce F1010000 		.4byte	0x1f1
 616 01d2 0B       		.uleb128 0xb
 617 01d3 A3000000 		.4byte	0xa3
 618 01d7 0B       		.uleb128 0xb
 619 01d8 4C000000 		.4byte	0x4c
 620 01dc 0B       		.uleb128 0xb
 621 01dd 4C000000 		.4byte	0x4c
 622 01e1 0B       		.uleb128 0xb
 623 01e2 71010000 		.4byte	0x171
ARM GAS  /tmp/ccZb3DCr.s 			page 12


 624 01e6 0B       		.uleb128 0xb
 625 01e7 7C010000 		.4byte	0x17c
 626 01eb 0B       		.uleb128 0xb
 627 01ec 88000000 		.4byte	0x88
 628 01f0 00       		.byte	0
 629 01f1 06       		.uleb128 0x6
 630 01f2 04       		.byte	0x4
 631 01f3 C8010000 		.4byte	0x1c8
 632 01f7 08       		.uleb128 0x8
 633 01f8 1C010000 		.4byte	.LASF30
 634 01fc 24       		.byte	0x24
 635 01fd 05       		.byte	0x5
 636 01fe 11       		.byte	0x11
 637 01ff 3C020000 		.4byte	0x23c
 638 0203 09       		.uleb128 0x9
 639 0204 E6000000 		.4byte	.LASF31
 640 0208 05       		.byte	0x5
 641 0209 13       		.byte	0x13
 642 020a AE000000 		.4byte	0xae
 643 020e 02       		.byte	0x2
 644 020f 23       		.byte	0x23
 645 0210 00       		.uleb128 0
 646 0211 09       		.uleb128 0x9
 647 0212 52010000 		.4byte	.LASF32
 648 0216 05       		.byte	0x5
 649 0217 15       		.byte	0x15
 650 0218 A3000000 		.4byte	0xa3
 651 021c 02       		.byte	0x2
 652 021d 23       		.byte	0x23
 653 021e 1C       		.uleb128 0x1c
 654 021f 09       		.uleb128 0x9
 655 0220 B8000000 		.4byte	.LASF33
 656 0224 05       		.byte	0x5
 657 0225 16       		.byte	0x16
 658 0226 3A000000 		.4byte	0x3a
 659 022a 02       		.byte	0x2
 660 022b 23       		.byte	0x23
 661 022c 20       		.uleb128 0x20
 662 022d 09       		.uleb128 0x9
 663 022e FD000000 		.4byte	.LASF34
 664 0232 05       		.byte	0x5
 665 0233 17       		.byte	0x17
 666 0234 3A000000 		.4byte	0x3a
 667 0238 02       		.byte	0x2
 668 0239 23       		.byte	0x23
 669 023a 21       		.uleb128 0x21
 670 023b 00       		.byte	0
 671 023c 08       		.uleb128 0x8
 672 023d 5B010000 		.4byte	.LASF35
 673 0241 10       		.byte	0x10
 674 0242 01       		.byte	0x1
 675 0243 0C       		.byte	0xc
 676 0244 9B020000 		.4byte	0x29b
 677 0248 09       		.uleb128 0x9
 678 0249 D0000000 		.4byte	.LASF36
 679 024d 01       		.byte	0x1
 680 024e 0E       		.byte	0xe
ARM GAS  /tmp/ccZb3DCr.s 			page 13


 681 024f 7C010000 		.4byte	0x17c
 682 0253 02       		.byte	0x2
 683 0254 23       		.byte	0x23
 684 0255 00       		.uleb128 0
 685 0256 09       		.uleb128 0x9
 686 0257 52020000 		.4byte	.LASF37
 687 025b 01       		.byte	0x1
 688 025c 0F       		.byte	0xf
 689 025d 88000000 		.4byte	0x88
 690 0261 02       		.byte	0x2
 691 0262 23       		.byte	0x23
 692 0263 04       		.uleb128 0x4
 693 0264 09       		.uleb128 0x9
 694 0265 B8000000 		.4byte	.LASF33
 695 0269 01       		.byte	0x1
 696 026a 10       		.byte	0x10
 697 026b 3A000000 		.4byte	0x3a
 698 026f 02       		.byte	0x2
 699 0270 23       		.byte	0x23
 700 0271 08       		.uleb128 0x8
 701 0272 09       		.uleb128 0x9
 702 0273 FD000000 		.4byte	.LASF34
 703 0277 01       		.byte	0x1
 704 0278 11       		.byte	0x11
 705 0279 3A000000 		.4byte	0x3a
 706 027d 02       		.byte	0x2
 707 027e 23       		.byte	0x23
 708 027f 09       		.uleb128 0x9
 709 0280 0D       		.uleb128 0xd
 710 0281 783000   		.ascii	"x0\000"
 711 0284 01       		.byte	0x1
 712 0285 12       		.byte	0x12
 713 0286 4C000000 		.4byte	0x4c
 714 028a 02       		.byte	0x2
 715 028b 23       		.byte	0x23
 716 028c 0A       		.uleb128 0xa
 717 028d 0D       		.uleb128 0xd
 718 028e 793000   		.ascii	"y0\000"
 719 0291 01       		.byte	0x1
 720 0292 13       		.byte	0x13
 721 0293 4C000000 		.4byte	0x4c
 722 0297 02       		.byte	0x2
 723 0298 23       		.byte	0x23
 724 0299 0C       		.uleb128 0xc
 725 029a 00       		.byte	0
 726 029b 0E       		.uleb128 0xe
 727 029c D5010000 		.4byte	.LASF51
 728 02a0 01       		.byte	0x1
 729 02a1 16       		.byte	0x16
 730 02a2 01       		.byte	0x1
 731 02a3 00000000 		.4byte	.LFB40
 732 02a7 60000000 		.4byte	.LFE40
 733 02ab 00000000 		.4byte	.LLST0
 734 02af 01       		.byte	0x1
 735 02b0 3C030000 		.4byte	0x33c
 736 02b4 0F       		.uleb128 0xf
 737 02b5 7800     		.ascii	"x\000"
ARM GAS  /tmp/ccZb3DCr.s 			page 14


 738 02b7 01       		.byte	0x1
 739 02b8 16       		.byte	0x16
 740 02b9 4C000000 		.4byte	0x4c
 741 02bd 38000000 		.4byte	.LLST1
 742 02c1 0F       		.uleb128 0xf
 743 02c2 7900     		.ascii	"y\000"
 744 02c4 01       		.byte	0x1
 745 02c5 16       		.byte	0x16
 746 02c6 4C000000 		.4byte	0x4c
 747 02ca 6F000000 		.4byte	.LLST2
 748 02ce 10       		.uleb128 0x10
 749 02cf 38000000 		.4byte	.LASF38
 750 02d3 01       		.byte	0x1
 751 02d4 16       		.byte	0x16
 752 02d5 3A000000 		.4byte	0x3a
 753 02d9 A6000000 		.4byte	.LLST3
 754 02dd 10       		.uleb128 0x10
 755 02de A0020000 		.4byte	.LASF39
 756 02e2 01       		.byte	0x1
 757 02e3 17       		.byte	0x17
 758 02e4 3A000000 		.4byte	0x3a
 759 02e8 DD000000 		.4byte	.LLST4
 760 02ec 11       		.uleb128 0x11
 761 02ed 22000000 		.4byte	.LASF40
 762 02f1 01       		.byte	0x1
 763 02f2 17       		.byte	0x17
 764 02f3 88000000 		.4byte	0x88
 765 02f7 02       		.byte	0x2
 766 02f8 91       		.byte	0x91
 767 02f9 00       		.sleb128 0
 768 02fa 12       		.uleb128 0x12
 769 02fb 15010000 		.4byte	.LASF41
 770 02ff 01       		.byte	0x1
 771 0300 19       		.byte	0x19
 772 0301 3C030000 		.4byte	0x33c
 773 0305 FE000000 		.4byte	.LLST5
 774 0309 13       		.uleb128 0x13
 775 030a 647900   		.ascii	"dy\000"
 776 030d 01       		.byte	0x1
 777 030e 1A       		.byte	0x1a
 778 030f 3A000000 		.4byte	0x3a
 779 0313 1D010000 		.4byte	.LLST6
 780 0317 14       		.uleb128 0x14
 781 0318 4A000000 		.4byte	.LVL12
 782 031c 02       		.byte	0x2
 783 031d 76       		.byte	0x76
 784 031e 00       		.sleb128 0
 785 031f 15       		.uleb128 0x15
 786 0320 01       		.byte	0x1
 787 0321 53       		.byte	0x53
 788 0322 02       		.byte	0x2
 789 0323 79       		.byte	0x79
 790 0324 00       		.sleb128 0
 791 0325 15       		.uleb128 0x15
 792 0326 01       		.byte	0x1
 793 0327 52       		.byte	0x52
 794 0328 02       		.byte	0x2
ARM GAS  /tmp/ccZb3DCr.s 			page 15


 795 0329 78       		.byte	0x78
 796 032a 00       		.sleb128 0
 797 032b 15       		.uleb128 0x15
 798 032c 01       		.byte	0x1
 799 032d 51       		.byte	0x51
 800 032e 05       		.byte	0x5
 801 032f 74       		.byte	0x74
 802 0330 00       		.sleb128 0
 803 0331 7A       		.byte	0x7a
 804 0332 00       		.sleb128 0
 805 0333 22       		.byte	0x22
 806 0334 15       		.uleb128 0x15
 807 0335 01       		.byte	0x1
 808 0336 50       		.byte	0x50
 809 0337 02       		.byte	0x2
 810 0338 77       		.byte	0x77
 811 0339 00       		.sleb128 0
 812 033a 00       		.byte	0
 813 033b 00       		.byte	0
 814 033c 06       		.uleb128 0x6
 815 033d 04       		.byte	0x4
 816 033e 3C020000 		.4byte	0x23c
 817 0342 16       		.uleb128 0x16
 818 0343 01       		.byte	0x1
 819 0344 B0020000 		.4byte	.LASF45
 820 0348 01       		.byte	0x1
 821 0349 26       		.byte	0x26
 822 034a 01       		.byte	0x1
 823 034b 3A000000 		.4byte	0x3a
 824 034f 00000000 		.4byte	.LFB41
 825 0353 14000000 		.4byte	.LFE41
 826 0357 3C010000 		.4byte	.LLST7
 827 035b 01       		.byte	0x1
 828 035c 9D030000 		.4byte	0x39d
 829 0360 10       		.uleb128 0x10
 830 0361 E6000000 		.4byte	.LASF31
 831 0365 01       		.byte	0x1
 832 0366 26       		.byte	0x26
 833 0367 A3000000 		.4byte	0xa3
 834 036b 5C010000 		.4byte	.LLST8
 835 036f 10       		.uleb128 0x10
 836 0370 2E000000 		.4byte	.LASF42
 837 0374 01       		.byte	0x1
 838 0375 27       		.byte	0x27
 839 0376 71010000 		.4byte	0x171
 840 037a 88010000 		.4byte	.LLST9
 841 037e 12       		.uleb128 0x12
 842 037f C0000000 		.4byte	.LASF43
 843 0383 01       		.byte	0x1
 844 0384 29       		.byte	0x29
 845 0385 9D030000 		.4byte	0x39d
 846 0389 5C010000 		.4byte	.LLST8
 847 038d 12       		.uleb128 0x12
 848 038e 2C010000 		.4byte	.LASF44
 849 0392 01       		.byte	0x1
 850 0393 2A       		.byte	0x2a
 851 0394 3A000000 		.4byte	0x3a
ARM GAS  /tmp/ccZb3DCr.s 			page 16


 852 0398 A9010000 		.4byte	.LLST11
 853 039c 00       		.byte	0
 854 039d 06       		.uleb128 0x6
 855 039e 04       		.byte	0x4
 856 039f F7010000 		.4byte	0x1f7
 857 03a3 17       		.uleb128 0x17
 858 03a4 01       		.byte	0x1
 859 03a5 85020000 		.4byte	.LASF46
 860 03a9 01       		.byte	0x1
 861 03aa 31       		.byte	0x31
 862 03ab 01       		.byte	0x1
 863 03ac 3A000000 		.4byte	0x3a
 864 03b0 00000000 		.4byte	.LFB42
 865 03b4 40000000 		.4byte	.LFE42
 866 03b8 BC010000 		.4byte	.LLST12
 867 03bc 01       		.byte	0x1
 868 03bd 68040000 		.4byte	0x468
 869 03c1 10       		.uleb128 0x10
 870 03c2 E6000000 		.4byte	.LASF31
 871 03c6 01       		.byte	0x1
 872 03c7 31       		.byte	0x31
 873 03c8 A3000000 		.4byte	0xa3
 874 03cc E8010000 		.4byte	.LLST13
 875 03d0 0F       		.uleb128 0xf
 876 03d1 783000   		.ascii	"x0\000"
 877 03d4 01       		.byte	0x1
 878 03d5 32       		.byte	0x32
 879 03d6 4C000000 		.4byte	0x4c
 880 03da 14020000 		.4byte	.LLST14
 881 03de 0F       		.uleb128 0xf
 882 03df 793000   		.ascii	"y0\000"
 883 03e2 01       		.byte	0x1
 884 03e3 32       		.byte	0x32
 885 03e4 4C000000 		.4byte	0x4c
 886 03e8 44020000 		.4byte	.LLST15
 887 03ec 10       		.uleb128 0x10
 888 03ed 2E000000 		.4byte	.LASF42
 889 03f1 01       		.byte	0x1
 890 03f2 33       		.byte	0x33
 891 03f3 71010000 		.4byte	0x171
 892 03f7 80020000 		.4byte	.LLST16
 893 03fb 11       		.uleb128 0x11
 894 03fc 05010000 		.4byte	.LASF47
 895 0400 01       		.byte	0x1
 896 0401 34       		.byte	0x34
 897 0402 7C010000 		.4byte	0x17c
 898 0406 02       		.byte	0x2
 899 0407 91       		.byte	0x91
 900 0408 00       		.sleb128 0
 901 0409 11       		.uleb128 0x11
 902 040a 22000000 		.4byte	.LASF40
 903 040e 01       		.byte	0x1
 904 040f 35       		.byte	0x35
 905 0410 88000000 		.4byte	0x88
 906 0414 02       		.byte	0x2
 907 0415 91       		.byte	0x91
 908 0416 04       		.sleb128 4
ARM GAS  /tmp/ccZb3DCr.s 			page 17


 909 0417 12       		.uleb128 0x12
 910 0418 C0000000 		.4byte	.LASF43
 911 041c 01       		.byte	0x1
 912 041d 37       		.byte	0x37
 913 041e 9D030000 		.4byte	0x39d
 914 0422 A1020000 		.4byte	.LLST17
 915 0426 18       		.uleb128 0x18
 916 0427 15010000 		.4byte	.LASF41
 917 042b 01       		.byte	0x1
 918 042c 38       		.byte	0x38
 919 042d 3C020000 		.4byte	0x23c
 920 0431 02       		.byte	0x2
 921 0432 91       		.byte	0x91
 922 0433 60       		.sleb128 -32
 923 0434 12       		.uleb128 0x12
 924 0435 2C010000 		.4byte	.LASF44
 925 0439 01       		.byte	0x1
 926 043a 39       		.byte	0x39
 927 043b 3A000000 		.4byte	0x3a
 928 043f CD020000 		.4byte	.LLST18
 929 0443 14       		.uleb128 0x14
 930 0444 30000000 		.4byte	.LVL30
 931 0448 02       		.byte	0x2
 932 0449 74       		.byte	0x74
 933 044a 00       		.sleb128 0
 934 044b 15       		.uleb128 0x15
 935 044c 01       		.byte	0x1
 936 044d 52       		.byte	0x52
 937 044e 01       		.byte	0x1
 938 044f 30       		.byte	0x30
 939 0450 15       		.uleb128 0x15
 940 0451 01       		.byte	0x1
 941 0452 51       		.byte	0x51
 942 0453 01       		.byte	0x1
 943 0454 30       		.byte	0x30
 944 0455 15       		.uleb128 0x15
 945 0456 02       		.byte	0x2
 946 0457 7D       		.byte	0x7d
 947 0458 04       		.sleb128 4
 948 0459 02       		.byte	0x2
 949 045a 91       		.byte	0x91
 950 045b 60       		.sleb128 -32
 951 045c 15       		.uleb128 0x15
 952 045d 02       		.byte	0x2
 953 045e 7D       		.byte	0x7d
 954 045f 00       		.sleb128 0
 955 0460 05       		.byte	0x5
 956 0461 03       		.byte	0x3
 957 0462 00000000 		.4byte	scaled_pixel_callback
 958 0466 00       		.byte	0
 959 0467 00       		.byte	0
 960 0468 19       		.uleb128 0x19
 961 0469 01       		.byte	0x1
 962 046a 36010000 		.4byte	.LASF52
 963 046e 01       		.byte	0x1
 964 046f 48       		.byte	0x48
 965 0470 01       		.byte	0x1
ARM GAS  /tmp/ccZb3DCr.s 			page 18


 966 0471 00000000 		.4byte	.LFB43
 967 0475 64000000 		.4byte	.LFE43
 968 0479 E0020000 		.4byte	.LLST19
 969 047d 01       		.byte	0x1
 970 047e 11       		.uleb128 0x11
 971 047f 5D020000 		.4byte	.LASF48
 972 0483 01       		.byte	0x1
 973 0484 48       		.byte	0x48
 974 0485 9D030000 		.4byte	0x39d
 975 0489 01       		.byte	0x1
 976 048a 50       		.byte	0x50
 977 048b 10       		.uleb128 0x10
 978 048c 52010000 		.4byte	.LASF32
 979 0490 01       		.byte	0x1
 980 0491 49       		.byte	0x49
 981 0492 A3000000 		.4byte	0xa3
 982 0496 0C030000 		.4byte	.LLST20
 983 049a 10       		.uleb128 0x10
 984 049b B8000000 		.4byte	.LASF33
 985 049f 01       		.byte	0x1
 986 04a0 4A       		.byte	0x4a
 987 04a1 3A000000 		.4byte	0x3a
 988 04a5 2A030000 		.4byte	.LLST21
 989 04a9 11       		.uleb128 0x11
 990 04aa FD000000 		.4byte	.LASF34
 991 04ae 01       		.byte	0x1
 992 04af 4A       		.byte	0x4a
 993 04b0 3A000000 		.4byte	0x3a
 994 04b4 01       		.byte	0x1
 995 04b5 53       		.byte	0x53
 996 04b6 00       		.byte	0
 997 04b7 00       		.byte	0
 998              		.section	.debug_abbrev,"",%progbits
 999              	.Ldebug_abbrev0:
 1000 0000 01       		.uleb128 0x1
 1001 0001 11       		.uleb128 0x11
 1002 0002 01       		.byte	0x1
 1003 0003 25       		.uleb128 0x25
 1004 0004 0E       		.uleb128 0xe
 1005 0005 13       		.uleb128 0x13
 1006 0006 0B       		.uleb128 0xb
 1007 0007 03       		.uleb128 0x3
 1008 0008 0E       		.uleb128 0xe
 1009 0009 55       		.uleb128 0x55
 1010 000a 06       		.uleb128 0x6
 1011 000b 11       		.uleb128 0x11
 1012 000c 01       		.uleb128 0x1
 1013 000d 52       		.uleb128 0x52
 1014 000e 01       		.uleb128 0x1
 1015 000f 10       		.uleb128 0x10
 1016 0010 06       		.uleb128 0x6
 1017 0011 00       		.byte	0
 1018 0012 00       		.byte	0
 1019 0013 02       		.uleb128 0x2
 1020 0014 24       		.uleb128 0x24
 1021 0015 00       		.byte	0
 1022 0016 0B       		.uleb128 0xb
ARM GAS  /tmp/ccZb3DCr.s 			page 19


 1023 0017 0B       		.uleb128 0xb
 1024 0018 3E       		.uleb128 0x3e
 1025 0019 0B       		.uleb128 0xb
 1026 001a 03       		.uleb128 0x3
 1027 001b 08       		.uleb128 0x8
 1028 001c 00       		.byte	0
 1029 001d 00       		.byte	0
 1030 001e 03       		.uleb128 0x3
 1031 001f 24       		.uleb128 0x24
 1032 0020 00       		.byte	0
 1033 0021 0B       		.uleb128 0xb
 1034 0022 0B       		.uleb128 0xb
 1035 0023 3E       		.uleb128 0x3e
 1036 0024 0B       		.uleb128 0xb
 1037 0025 03       		.uleb128 0x3
 1038 0026 0E       		.uleb128 0xe
 1039 0027 00       		.byte	0
 1040 0028 00       		.byte	0
 1041 0029 04       		.uleb128 0x4
 1042 002a 16       		.uleb128 0x16
 1043 002b 00       		.byte	0
 1044 002c 03       		.uleb128 0x3
 1045 002d 0E       		.uleb128 0xe
 1046 002e 3A       		.uleb128 0x3a
 1047 002f 0B       		.uleb128 0xb
 1048 0030 3B       		.uleb128 0x3b
 1049 0031 0B       		.uleb128 0xb
 1050 0032 49       		.uleb128 0x49
 1051 0033 13       		.uleb128 0x13
 1052 0034 00       		.byte	0
 1053 0035 00       		.byte	0
 1054 0036 05       		.uleb128 0x5
 1055 0037 0F       		.uleb128 0xf
 1056 0038 00       		.byte	0
 1057 0039 0B       		.uleb128 0xb
 1058 003a 0B       		.uleb128 0xb
 1059 003b 00       		.byte	0
 1060 003c 00       		.byte	0
 1061 003d 06       		.uleb128 0x6
 1062 003e 0F       		.uleb128 0xf
 1063 003f 00       		.byte	0
 1064 0040 0B       		.uleb128 0xb
 1065 0041 0B       		.uleb128 0xb
 1066 0042 49       		.uleb128 0x49
 1067 0043 13       		.uleb128 0x13
 1068 0044 00       		.byte	0
 1069 0045 00       		.byte	0
 1070 0046 07       		.uleb128 0x7
 1071 0047 26       		.uleb128 0x26
 1072 0048 00       		.byte	0
 1073 0049 49       		.uleb128 0x49
 1074 004a 13       		.uleb128 0x13
 1075 004b 00       		.byte	0
 1076 004c 00       		.byte	0
 1077 004d 08       		.uleb128 0x8
 1078 004e 13       		.uleb128 0x13
 1079 004f 01       		.byte	0x1
ARM GAS  /tmp/ccZb3DCr.s 			page 20


 1080 0050 03       		.uleb128 0x3
 1081 0051 0E       		.uleb128 0xe
 1082 0052 0B       		.uleb128 0xb
 1083 0053 0B       		.uleb128 0xb
 1084 0054 3A       		.uleb128 0x3a
 1085 0055 0B       		.uleb128 0xb
 1086 0056 3B       		.uleb128 0x3b
 1087 0057 0B       		.uleb128 0xb
 1088 0058 01       		.uleb128 0x1
 1089 0059 13       		.uleb128 0x13
 1090 005a 00       		.byte	0
 1091 005b 00       		.byte	0
 1092 005c 09       		.uleb128 0x9
 1093 005d 0D       		.uleb128 0xd
 1094 005e 00       		.byte	0
 1095 005f 03       		.uleb128 0x3
 1096 0060 0E       		.uleb128 0xe
 1097 0061 3A       		.uleb128 0x3a
 1098 0062 0B       		.uleb128 0xb
 1099 0063 3B       		.uleb128 0x3b
 1100 0064 0B       		.uleb128 0xb
 1101 0065 49       		.uleb128 0x49
 1102 0066 13       		.uleb128 0x13
 1103 0067 38       		.uleb128 0x38
 1104 0068 0A       		.uleb128 0xa
 1105 0069 00       		.byte	0
 1106 006a 00       		.byte	0
 1107 006b 0A       		.uleb128 0xa
 1108 006c 15       		.uleb128 0x15
 1109 006d 01       		.byte	0x1
 1110 006e 27       		.uleb128 0x27
 1111 006f 0C       		.uleb128 0xc
 1112 0070 01       		.uleb128 0x1
 1113 0071 13       		.uleb128 0x13
 1114 0072 00       		.byte	0
 1115 0073 00       		.byte	0
 1116 0074 0B       		.uleb128 0xb
 1117 0075 05       		.uleb128 0x5
 1118 0076 00       		.byte	0
 1119 0077 49       		.uleb128 0x49
 1120 0078 13       		.uleb128 0x13
 1121 0079 00       		.byte	0
 1122 007a 00       		.byte	0
 1123 007b 0C       		.uleb128 0xc
 1124 007c 15       		.uleb128 0x15
 1125 007d 01       		.byte	0x1
 1126 007e 27       		.uleb128 0x27
 1127 007f 0C       		.uleb128 0xc
 1128 0080 49       		.uleb128 0x49
 1129 0081 13       		.uleb128 0x13
 1130 0082 01       		.uleb128 0x1
 1131 0083 13       		.uleb128 0x13
 1132 0084 00       		.byte	0
 1133 0085 00       		.byte	0
 1134 0086 0D       		.uleb128 0xd
 1135 0087 0D       		.uleb128 0xd
 1136 0088 00       		.byte	0
ARM GAS  /tmp/ccZb3DCr.s 			page 21


 1137 0089 03       		.uleb128 0x3
 1138 008a 08       		.uleb128 0x8
 1139 008b 3A       		.uleb128 0x3a
 1140 008c 0B       		.uleb128 0xb
 1141 008d 3B       		.uleb128 0x3b
 1142 008e 0B       		.uleb128 0xb
 1143 008f 49       		.uleb128 0x49
 1144 0090 13       		.uleb128 0x13
 1145 0091 38       		.uleb128 0x38
 1146 0092 0A       		.uleb128 0xa
 1147 0093 00       		.byte	0
 1148 0094 00       		.byte	0
 1149 0095 0E       		.uleb128 0xe
 1150 0096 2E       		.uleb128 0x2e
 1151 0097 01       		.byte	0x1
 1152 0098 03       		.uleb128 0x3
 1153 0099 0E       		.uleb128 0xe
 1154 009a 3A       		.uleb128 0x3a
 1155 009b 0B       		.uleb128 0xb
 1156 009c 3B       		.uleb128 0x3b
 1157 009d 0B       		.uleb128 0xb
 1158 009e 27       		.uleb128 0x27
 1159 009f 0C       		.uleb128 0xc
 1160 00a0 11       		.uleb128 0x11
 1161 00a1 01       		.uleb128 0x1
 1162 00a2 12       		.uleb128 0x12
 1163 00a3 01       		.uleb128 0x1
 1164 00a4 40       		.uleb128 0x40
 1165 00a5 06       		.uleb128 0x6
 1166 00a6 9742     		.uleb128 0x2117
 1167 00a8 0C       		.uleb128 0xc
 1168 00a9 01       		.uleb128 0x1
 1169 00aa 13       		.uleb128 0x13
 1170 00ab 00       		.byte	0
 1171 00ac 00       		.byte	0
 1172 00ad 0F       		.uleb128 0xf
 1173 00ae 05       		.uleb128 0x5
 1174 00af 00       		.byte	0
 1175 00b0 03       		.uleb128 0x3
 1176 00b1 08       		.uleb128 0x8
 1177 00b2 3A       		.uleb128 0x3a
 1178 00b3 0B       		.uleb128 0xb
 1179 00b4 3B       		.uleb128 0x3b
 1180 00b5 0B       		.uleb128 0xb
 1181 00b6 49       		.uleb128 0x49
 1182 00b7 13       		.uleb128 0x13
 1183 00b8 02       		.uleb128 0x2
 1184 00b9 06       		.uleb128 0x6
 1185 00ba 00       		.byte	0
 1186 00bb 00       		.byte	0
 1187 00bc 10       		.uleb128 0x10
 1188 00bd 05       		.uleb128 0x5
 1189 00be 00       		.byte	0
 1190 00bf 03       		.uleb128 0x3
 1191 00c0 0E       		.uleb128 0xe
 1192 00c1 3A       		.uleb128 0x3a
 1193 00c2 0B       		.uleb128 0xb
ARM GAS  /tmp/ccZb3DCr.s 			page 22


 1194 00c3 3B       		.uleb128 0x3b
 1195 00c4 0B       		.uleb128 0xb
 1196 00c5 49       		.uleb128 0x49
 1197 00c6 13       		.uleb128 0x13
 1198 00c7 02       		.uleb128 0x2
 1199 00c8 06       		.uleb128 0x6
 1200 00c9 00       		.byte	0
 1201 00ca 00       		.byte	0
 1202 00cb 11       		.uleb128 0x11
 1203 00cc 05       		.uleb128 0x5
 1204 00cd 00       		.byte	0
 1205 00ce 03       		.uleb128 0x3
 1206 00cf 0E       		.uleb128 0xe
 1207 00d0 3A       		.uleb128 0x3a
 1208 00d1 0B       		.uleb128 0xb
 1209 00d2 3B       		.uleb128 0x3b
 1210 00d3 0B       		.uleb128 0xb
 1211 00d4 49       		.uleb128 0x49
 1212 00d5 13       		.uleb128 0x13
 1213 00d6 02       		.uleb128 0x2
 1214 00d7 0A       		.uleb128 0xa
 1215 00d8 00       		.byte	0
 1216 00d9 00       		.byte	0
 1217 00da 12       		.uleb128 0x12
 1218 00db 34       		.uleb128 0x34
 1219 00dc 00       		.byte	0
 1220 00dd 03       		.uleb128 0x3
 1221 00de 0E       		.uleb128 0xe
 1222 00df 3A       		.uleb128 0x3a
 1223 00e0 0B       		.uleb128 0xb
 1224 00e1 3B       		.uleb128 0x3b
 1225 00e2 0B       		.uleb128 0xb
 1226 00e3 49       		.uleb128 0x49
 1227 00e4 13       		.uleb128 0x13
 1228 00e5 02       		.uleb128 0x2
 1229 00e6 06       		.uleb128 0x6
 1230 00e7 00       		.byte	0
 1231 00e8 00       		.byte	0
 1232 00e9 13       		.uleb128 0x13
 1233 00ea 34       		.uleb128 0x34
 1234 00eb 00       		.byte	0
 1235 00ec 03       		.uleb128 0x3
 1236 00ed 08       		.uleb128 0x8
 1237 00ee 3A       		.uleb128 0x3a
 1238 00ef 0B       		.uleb128 0xb
 1239 00f0 3B       		.uleb128 0x3b
 1240 00f1 0B       		.uleb128 0xb
 1241 00f2 49       		.uleb128 0x49
 1242 00f3 13       		.uleb128 0x13
 1243 00f4 02       		.uleb128 0x2
 1244 00f5 06       		.uleb128 0x6
 1245 00f6 00       		.byte	0
 1246 00f7 00       		.byte	0
 1247 00f8 14       		.uleb128 0x14
 1248 00f9 898201   		.uleb128 0x4109
 1249 00fc 01       		.byte	0x1
 1250 00fd 11       		.uleb128 0x11
ARM GAS  /tmp/ccZb3DCr.s 			page 23


 1251 00fe 01       		.uleb128 0x1
 1252 00ff 9342     		.uleb128 0x2113
 1253 0101 0A       		.uleb128 0xa
 1254 0102 00       		.byte	0
 1255 0103 00       		.byte	0
 1256 0104 15       		.uleb128 0x15
 1257 0105 8A8201   		.uleb128 0x410a
 1258 0108 00       		.byte	0
 1259 0109 02       		.uleb128 0x2
 1260 010a 0A       		.uleb128 0xa
 1261 010b 9142     		.uleb128 0x2111
 1262 010d 0A       		.uleb128 0xa
 1263 010e 00       		.byte	0
 1264 010f 00       		.byte	0
 1265 0110 16       		.uleb128 0x16
 1266 0111 2E       		.uleb128 0x2e
 1267 0112 01       		.byte	0x1
 1268 0113 3F       		.uleb128 0x3f
 1269 0114 0C       		.uleb128 0xc
 1270 0115 03       		.uleb128 0x3
 1271 0116 0E       		.uleb128 0xe
 1272 0117 3A       		.uleb128 0x3a
 1273 0118 0B       		.uleb128 0xb
 1274 0119 3B       		.uleb128 0x3b
 1275 011a 0B       		.uleb128 0xb
 1276 011b 27       		.uleb128 0x27
 1277 011c 0C       		.uleb128 0xc
 1278 011d 49       		.uleb128 0x49
 1279 011e 13       		.uleb128 0x13
 1280 011f 11       		.uleb128 0x11
 1281 0120 01       		.uleb128 0x1
 1282 0121 12       		.uleb128 0x12
 1283 0122 01       		.uleb128 0x1
 1284 0123 40       		.uleb128 0x40
 1285 0124 06       		.uleb128 0x6
 1286 0125 9642     		.uleb128 0x2116
 1287 0127 0C       		.uleb128 0xc
 1288 0128 01       		.uleb128 0x1
 1289 0129 13       		.uleb128 0x13
 1290 012a 00       		.byte	0
 1291 012b 00       		.byte	0
 1292 012c 17       		.uleb128 0x17
 1293 012d 2E       		.uleb128 0x2e
 1294 012e 01       		.byte	0x1
 1295 012f 3F       		.uleb128 0x3f
 1296 0130 0C       		.uleb128 0xc
 1297 0131 03       		.uleb128 0x3
 1298 0132 0E       		.uleb128 0xe
 1299 0133 3A       		.uleb128 0x3a
 1300 0134 0B       		.uleb128 0xb
 1301 0135 3B       		.uleb128 0x3b
 1302 0136 0B       		.uleb128 0xb
 1303 0137 27       		.uleb128 0x27
 1304 0138 0C       		.uleb128 0xc
 1305 0139 49       		.uleb128 0x49
 1306 013a 13       		.uleb128 0x13
 1307 013b 11       		.uleb128 0x11
ARM GAS  /tmp/ccZb3DCr.s 			page 24


 1308 013c 01       		.uleb128 0x1
 1309 013d 12       		.uleb128 0x12
 1310 013e 01       		.uleb128 0x1
 1311 013f 40       		.uleb128 0x40
 1312 0140 06       		.uleb128 0x6
 1313 0141 9742     		.uleb128 0x2117
 1314 0143 0C       		.uleb128 0xc
 1315 0144 01       		.uleb128 0x1
 1316 0145 13       		.uleb128 0x13
 1317 0146 00       		.byte	0
 1318 0147 00       		.byte	0
 1319 0148 18       		.uleb128 0x18
 1320 0149 34       		.uleb128 0x34
 1321 014a 00       		.byte	0
 1322 014b 03       		.uleb128 0x3
 1323 014c 0E       		.uleb128 0xe
 1324 014d 3A       		.uleb128 0x3a
 1325 014e 0B       		.uleb128 0xb
 1326 014f 3B       		.uleb128 0x3b
 1327 0150 0B       		.uleb128 0xb
 1328 0151 49       		.uleb128 0x49
 1329 0152 13       		.uleb128 0x13
 1330 0153 02       		.uleb128 0x2
 1331 0154 0A       		.uleb128 0xa
 1332 0155 00       		.byte	0
 1333 0156 00       		.byte	0
 1334 0157 19       		.uleb128 0x19
 1335 0158 2E       		.uleb128 0x2e
 1336 0159 01       		.byte	0x1
 1337 015a 3F       		.uleb128 0x3f
 1338 015b 0C       		.uleb128 0xc
 1339 015c 03       		.uleb128 0x3
 1340 015d 0E       		.uleb128 0xe
 1341 015e 3A       		.uleb128 0x3a
 1342 015f 0B       		.uleb128 0xb
 1343 0160 3B       		.uleb128 0x3b
 1344 0161 0B       		.uleb128 0xb
 1345 0162 27       		.uleb128 0x27
 1346 0163 0C       		.uleb128 0xc
 1347 0164 11       		.uleb128 0x11
 1348 0165 01       		.uleb128 0x1
 1349 0166 12       		.uleb128 0x12
 1350 0167 01       		.uleb128 0x1
 1351 0168 40       		.uleb128 0x40
 1352 0169 06       		.uleb128 0x6
 1353 016a 9742     		.uleb128 0x2117
 1354 016c 0C       		.uleb128 0xc
 1355 016d 00       		.byte	0
 1356 016e 00       		.byte	0
 1357 016f 00       		.byte	0
 1358              		.section	.debug_loc,"",%progbits
 1359              	.Ldebug_loc0:
 1360              	.LLST0:
 1361 0000 00000000 		.4byte	.LFB40
 1362 0004 02000000 		.4byte	.LCFI0
 1363 0008 0200     		.2byte	0x2
 1364 000a 7D       		.byte	0x7d
ARM GAS  /tmp/ccZb3DCr.s 			page 25


 1365 000b 00       		.sleb128 0
 1366 000c 02000000 		.4byte	.LCFI0
 1367 0010 0A000000 		.4byte	.LCFI1
 1368 0014 0200     		.2byte	0x2
 1369 0016 7D       		.byte	0x7d
 1370 0017 14       		.sleb128 20
 1371 0018 0A000000 		.4byte	.LCFI1
 1372 001c 0C000000 		.4byte	.LCFI2
 1373 0020 0200     		.2byte	0x2
 1374 0022 7D       		.byte	0x7d
 1375 0023 20       		.sleb128 32
 1376 0024 0C000000 		.4byte	.LCFI2
 1377 0028 60000000 		.4byte	.LFE40
 1378 002c 0200     		.2byte	0x2
 1379 002e 7D       		.byte	0x7d
 1380 002f 28       		.sleb128 40
 1381 0030 00000000 		.4byte	0
 1382 0034 00000000 		.4byte	0
 1383              	.LLST1:
 1384 0038 00000000 		.4byte	.LVL0
 1385 003c 24000000 		.4byte	.LVL5
 1386 0040 0100     		.2byte	0x1
 1387 0042 50       		.byte	0x50
 1388 0043 24000000 		.4byte	.LVL5
 1389 0047 2E000000 		.4byte	.LVL8
 1390 004b 0400     		.2byte	0x4
 1391 004d F3       		.byte	0xf3
 1392 004e 01       		.uleb128 0x1
 1393 004f 50       		.byte	0x50
 1394 0050 9F       		.byte	0x9f
 1395 0051 2E000000 		.4byte	.LVL8
 1396 0055 32000000 		.4byte	.LVL10
 1397 0059 0100     		.2byte	0x1
 1398 005b 54       		.byte	0x54
 1399 005c 32000000 		.4byte	.LVL10
 1400 0060 56000000 		.4byte	.LVL16
 1401 0064 0100     		.2byte	0x1
 1402 0066 57       		.byte	0x57
 1403 0067 00000000 		.4byte	0
 1404 006b 00000000 		.4byte	0
 1405              	.LLST2:
 1406 006f 00000000 		.4byte	.LVL0
 1407 0073 20000000 		.4byte	.LVL4
 1408 0077 0100     		.2byte	0x1
 1409 0079 51       		.byte	0x51
 1410 007a 20000000 		.4byte	.LVL4
 1411 007e 30000000 		.4byte	.LVL9
 1412 0082 0400     		.2byte	0x4
 1413 0084 F3       		.byte	0xf3
 1414 0085 01       		.uleb128 0x1
 1415 0086 51       		.byte	0x51
 1416 0087 9F       		.byte	0x9f
 1417 0088 30000000 		.4byte	.LVL9
 1418 008c 36000000 		.4byte	.LVL11
 1419 0090 0100     		.2byte	0x1
 1420 0092 52       		.byte	0x52
 1421 0093 36000000 		.4byte	.LVL11
ARM GAS  /tmp/ccZb3DCr.s 			page 26


 1422 0097 56000000 		.4byte	.LVL18
 1423 009b 0100     		.2byte	0x1
 1424 009d 5A       		.byte	0x5a
 1425 009e 00000000 		.4byte	0
 1426 00a2 00000000 		.4byte	0
 1427              	.LLST3:
 1428 00a6 00000000 		.4byte	.LVL0
 1429 00aa 18000000 		.4byte	.LVL3
 1430 00ae 0100     		.2byte	0x1
 1431 00b0 52       		.byte	0x52
 1432 00b1 18000000 		.4byte	.LVL3
 1433 00b5 26000000 		.4byte	.LVL6
 1434 00b9 0400     		.2byte	0x4
 1435 00bb F3       		.byte	0xf3
 1436 00bc 01       		.uleb128 0x1
 1437 00bd 52       		.byte	0x52
 1438 00be 9F       		.byte	0x9f
 1439 00bf 26000000 		.4byte	.LVL6
 1440 00c3 28000000 		.4byte	.LVL7
 1441 00c7 0100     		.2byte	0x1
 1442 00c9 52       		.byte	0x52
 1443 00ca 28000000 		.4byte	.LVL7
 1444 00ce 56000000 		.4byte	.LVL17
 1445 00d2 0100     		.2byte	0x1
 1446 00d4 58       		.byte	0x58
 1447 00d5 00000000 		.4byte	0
 1448 00d9 00000000 		.4byte	0
 1449              	.LLST4:
 1450 00dd 00000000 		.4byte	.LVL0
 1451 00e1 12000000 		.4byte	.LVL2
 1452 00e5 0100     		.2byte	0x1
 1453 00e7 53       		.byte	0x53
 1454 00e8 12000000 		.4byte	.LVL2
 1455 00ec 60000000 		.4byte	.LFE40
 1456 00f0 0400     		.2byte	0x4
 1457 00f2 F3       		.byte	0xf3
 1458 00f3 01       		.uleb128 0x1
 1459 00f4 53       		.byte	0x53
 1460 00f5 9F       		.byte	0x9f
 1461 00f6 00000000 		.4byte	0
 1462 00fa 00000000 		.4byte	0
 1463              	.LLST5:
 1464 00fe 0E000000 		.4byte	.LVL1
 1465 0102 56000000 		.4byte	.LVL15
 1466 0106 0100     		.2byte	0x1
 1467 0108 55       		.byte	0x55
 1468 0109 56000000 		.4byte	.LVL15
 1469 010d 60000000 		.4byte	.LFE40
 1470 0111 0200     		.2byte	0x2
 1471 0113 91       		.byte	0x91
 1472 0114 00       		.sleb128 0
 1473 0115 00000000 		.4byte	0
 1474 0119 00000000 		.4byte	0
 1475              	.LLST6:
 1476 011d 30000000 		.4byte	.LVL9
 1477 0121 36000000 		.4byte	.LVL11
 1478 0125 0200     		.2byte	0x2
ARM GAS  /tmp/ccZb3DCr.s 			page 27


 1479 0127 30       		.byte	0x30
 1480 0128 9F       		.byte	0x9f
 1481 0129 50000000 		.4byte	.LVL13
 1482 012d 54000000 		.4byte	.LVL14
 1483 0131 0100     		.2byte	0x1
 1484 0133 54       		.byte	0x54
 1485 0134 00000000 		.4byte	0
 1486 0138 00000000 		.4byte	0
 1487              	.LLST7:
 1488 013c 00000000 		.4byte	.LFB41
 1489 0140 02000000 		.4byte	.LCFI3
 1490 0144 0200     		.2byte	0x2
 1491 0146 7D       		.byte	0x7d
 1492 0147 00       		.sleb128 0
 1493 0148 02000000 		.4byte	.LCFI3
 1494 014c 14000000 		.4byte	.LFE41
 1495 0150 0200     		.2byte	0x2
 1496 0152 7D       		.byte	0x7d
 1497 0153 08       		.sleb128 8
 1498 0154 00000000 		.4byte	0
 1499 0158 00000000 		.4byte	0
 1500              	.LLST8:
 1501 015c 00000000 		.4byte	.LVL19
 1502 0160 06000000 		.4byte	.LVL20
 1503 0164 0100     		.2byte	0x1
 1504 0166 50       		.byte	0x50
 1505 0167 06000000 		.4byte	.LVL20
 1506 016b 12000000 		.4byte	.LVL23
 1507 016f 0100     		.2byte	0x1
 1508 0171 54       		.byte	0x54
 1509 0172 12000000 		.4byte	.LVL23
 1510 0176 14000000 		.4byte	.LFE41
 1511 017a 0400     		.2byte	0x4
 1512 017c F3       		.byte	0xf3
 1513 017d 01       		.uleb128 0x1
 1514 017e 50       		.byte	0x50
 1515 017f 9F       		.byte	0x9f
 1516 0180 00000000 		.4byte	0
 1517 0184 00000000 		.4byte	0
 1518              	.LLST9:
 1519 0188 00000000 		.4byte	.LVL19
 1520 018c 09000000 		.4byte	.LVL21-1
 1521 0190 0100     		.2byte	0x1
 1522 0192 51       		.byte	0x51
 1523 0193 09000000 		.4byte	.LVL21-1
 1524 0197 14000000 		.4byte	.LFE41
 1525 019b 0400     		.2byte	0x4
 1526 019d F3       		.byte	0xf3
 1527 019e 01       		.uleb128 0x1
 1528 019f 51       		.byte	0x51
 1529 01a0 9F       		.byte	0x9f
 1530 01a1 00000000 		.4byte	0
 1531 01a5 00000000 		.4byte	0
 1532              	.LLST11:
 1533 01a9 0A000000 		.4byte	.LVL21
 1534 01ad 10000000 		.4byte	.LVL22
 1535 01b1 0100     		.2byte	0x1
ARM GAS  /tmp/ccZb3DCr.s 			page 28


 1536 01b3 50       		.byte	0x50
 1537 01b4 00000000 		.4byte	0
 1538 01b8 00000000 		.4byte	0
 1539              	.LLST12:
 1540 01bc 00000000 		.4byte	.LFB42
 1541 01c0 02000000 		.4byte	.LCFI4
 1542 01c4 0200     		.2byte	0x2
 1543 01c6 7D       		.byte	0x7d
 1544 01c7 00       		.sleb128 0
 1545 01c8 02000000 		.4byte	.LCFI4
 1546 01cc 04000000 		.4byte	.LCFI5
 1547 01d0 0200     		.2byte	0x2
 1548 01d2 7D       		.byte	0x7d
 1549 01d3 10       		.sleb128 16
 1550 01d4 04000000 		.4byte	.LCFI5
 1551 01d8 40000000 		.4byte	.LFE42
 1552 01dc 0200     		.2byte	0x2
 1553 01de 7D       		.byte	0x7d
 1554 01df 28       		.sleb128 40
 1555 01e0 00000000 		.4byte	0
 1556 01e4 00000000 		.4byte	0
 1557              	.LLST13:
 1558 01e8 00000000 		.4byte	.LVL24
 1559 01ec 0A000000 		.4byte	.LVL26
 1560 01f0 0100     		.2byte	0x1
 1561 01f2 50       		.byte	0x50
 1562 01f3 0A000000 		.4byte	.LVL26
 1563 01f7 38000000 		.4byte	.LVL32
 1564 01fb 0100     		.2byte	0x1
 1565 01fd 55       		.byte	0x55
 1566 01fe 38000000 		.4byte	.LVL32
 1567 0202 40000000 		.4byte	.LFE42
 1568 0206 0400     		.2byte	0x4
 1569 0208 F3       		.byte	0xf3
 1570 0209 01       		.uleb128 0x1
 1571 020a 50       		.byte	0x50
 1572 020b 9F       		.byte	0x9f
 1573 020c 00000000 		.4byte	0
 1574 0210 00000000 		.4byte	0
 1575              	.LLST14:
 1576 0214 00000000 		.4byte	.LVL24
 1577 0218 2C000000 		.4byte	.LVL29
 1578 021c 0100     		.2byte	0x1
 1579 021e 51       		.byte	0x51
 1580 021f 2C000000 		.4byte	.LVL29
 1581 0223 2F000000 		.4byte	.LVL30-1
 1582 0227 0500     		.2byte	0x5
 1583 0229 91       		.byte	0x91
 1584 022a 5C       		.sleb128 -36
 1585 022b 06       		.byte	0x6
 1586 022c 23       		.byte	0x23
 1587 022d 0A       		.uleb128 0xa
 1588 022e 2F000000 		.4byte	.LVL30-1
 1589 0232 40000000 		.4byte	.LFE42
 1590 0236 0400     		.2byte	0x4
 1591 0238 F3       		.byte	0xf3
 1592 0239 01       		.uleb128 0x1
ARM GAS  /tmp/ccZb3DCr.s 			page 29


 1593 023a 51       		.byte	0x51
 1594 023b 9F       		.byte	0x9f
 1595 023c 00000000 		.4byte	0
 1596 0240 00000000 		.4byte	0
 1597              	.LLST15:
 1598 0244 00000000 		.4byte	.LVL24
 1599 0248 1E000000 		.4byte	.LVL27
 1600 024c 0100     		.2byte	0x1
 1601 024e 52       		.byte	0x52
 1602 024f 1E000000 		.4byte	.LVL27
 1603 0253 2A000000 		.4byte	.LVL28
 1604 0257 0200     		.2byte	0x2
 1605 0259 74       		.byte	0x74
 1606 025a 0C       		.sleb128 12
 1607 025b 2A000000 		.4byte	.LVL28
 1608 025f 2F000000 		.4byte	.LVL30-1
 1609 0263 0500     		.2byte	0x5
 1610 0265 91       		.byte	0x91
 1611 0266 5C       		.sleb128 -36
 1612 0267 06       		.byte	0x6
 1613 0268 23       		.byte	0x23
 1614 0269 0C       		.uleb128 0xc
 1615 026a 2F000000 		.4byte	.LVL30-1
 1616 026e 40000000 		.4byte	.LFE42
 1617 0272 0400     		.2byte	0x4
 1618 0274 F3       		.byte	0xf3
 1619 0275 01       		.uleb128 0x1
 1620 0276 52       		.byte	0x52
 1621 0277 9F       		.byte	0x9f
 1622 0278 00000000 		.4byte	0
 1623 027c 00000000 		.4byte	0
 1624              	.LLST16:
 1625 0280 00000000 		.4byte	.LVL24
 1626 0284 2F000000 		.4byte	.LVL30-1
 1627 0288 0100     		.2byte	0x1
 1628 028a 53       		.byte	0x53
 1629 028b 2F000000 		.4byte	.LVL30-1
 1630 028f 40000000 		.4byte	.LFE42
 1631 0293 0400     		.2byte	0x4
 1632 0295 F3       		.byte	0xf3
 1633 0296 01       		.uleb128 0x1
 1634 0297 53       		.byte	0x53
 1635 0298 9F       		.byte	0x9f
 1636 0299 00000000 		.4byte	0
 1637 029d 00000000 		.4byte	0
 1638              	.LLST17:
 1639 02a1 08000000 		.4byte	.LVL25
 1640 02a5 0A000000 		.4byte	.LVL26
 1641 02a9 0100     		.2byte	0x1
 1642 02ab 50       		.byte	0x50
 1643 02ac 0A000000 		.4byte	.LVL26
 1644 02b0 38000000 		.4byte	.LVL32
 1645 02b4 0100     		.2byte	0x1
 1646 02b6 55       		.byte	0x55
 1647 02b7 38000000 		.4byte	.LVL32
 1648 02bb 40000000 		.4byte	.LFE42
 1649 02bf 0400     		.2byte	0x4
ARM GAS  /tmp/ccZb3DCr.s 			page 30


 1650 02c1 F3       		.byte	0xf3
 1651 02c2 01       		.uleb128 0x1
 1652 02c3 50       		.byte	0x50
 1653 02c4 9F       		.byte	0x9f
 1654 02c5 00000000 		.4byte	0
 1655 02c9 00000000 		.4byte	0
 1656              	.LLST18:
 1657 02cd 30000000 		.4byte	.LVL30
 1658 02d1 34000000 		.4byte	.LVL31
 1659 02d5 0100     		.2byte	0x1
 1660 02d7 50       		.byte	0x50
 1661 02d8 00000000 		.4byte	0
 1662 02dc 00000000 		.4byte	0
 1663              	.LLST19:
 1664 02e0 00000000 		.4byte	.LFB43
 1665 02e4 02000000 		.4byte	.LCFI6
 1666 02e8 0200     		.2byte	0x2
 1667 02ea 7D       		.byte	0x7d
 1668 02eb 00       		.sleb128 0
 1669 02ec 02000000 		.4byte	.LCFI6
 1670 02f0 08000000 		.4byte	.LCFI7
 1671 02f4 0200     		.2byte	0x2
 1672 02f6 7D       		.byte	0x7d
 1673 02f7 14       		.sleb128 20
 1674 02f8 08000000 		.4byte	.LCFI7
 1675 02fc 64000000 		.4byte	.LFE43
 1676 0300 0200     		.2byte	0x2
 1677 0302 7D       		.byte	0x7d
 1678 0303 1C       		.sleb128 28
 1679 0304 00000000 		.4byte	0
 1680 0308 00000000 		.4byte	0
 1681              	.LLST20:
 1682 030c 00000000 		.4byte	.LVL33
 1683 0310 10000000 		.4byte	.LVL34
 1684 0314 0100     		.2byte	0x1
 1685 0316 51       		.byte	0x51
 1686 0317 10000000 		.4byte	.LVL34
 1687 031b 64000000 		.4byte	.LFE43
 1688 031f 0100     		.2byte	0x1
 1689 0321 5C       		.byte	0x5c
 1690 0322 00000000 		.4byte	0
 1691 0326 00000000 		.4byte	0
 1692              	.LLST21:
 1693 032a 00000000 		.4byte	.LVL33
 1694 032e 50000000 		.4byte	.LVL35
 1695 0332 0100     		.2byte	0x1
 1696 0334 52       		.byte	0x52
 1697 0335 50000000 		.4byte	.LVL35
 1698 0339 52000000 		.4byte	.LVL36
 1699 033d 0500     		.2byte	0x5
 1700 033f 70       		.byte	0x70
 1701 0340 00       		.sleb128 0
 1702 0341 75       		.byte	0x75
 1703 0342 00       		.sleb128 0
 1704 0343 22       		.byte	0x22
 1705 0344 52000000 		.4byte	.LVL36
 1706 0348 64000000 		.4byte	.LFE43
ARM GAS  /tmp/ccZb3DCr.s 			page 31


 1707 034c 0200     		.2byte	0x2
 1708 034e 70       		.byte	0x70
 1709 034f 20       		.sleb128 32
 1710 0350 00000000 		.4byte	0
 1711 0354 00000000 		.4byte	0
 1712              		.section	.debug_aranges,"",%progbits
 1713 0000 34000000 		.4byte	0x34
 1714 0004 0200     		.2byte	0x2
 1715 0006 00000000 		.4byte	.Ldebug_info0
 1716 000a 04       		.byte	0x4
 1717 000b 00       		.byte	0
 1718 000c 0000     		.2byte	0
 1719 000e 0000     		.2byte	0
 1720 0010 00000000 		.4byte	.LFB40
 1721 0014 60000000 		.4byte	.LFE40-.LFB40
 1722 0018 00000000 		.4byte	.LFB41
 1723 001c 14000000 		.4byte	.LFE41-.LFB41
 1724 0020 00000000 		.4byte	.LFB42
 1725 0024 40000000 		.4byte	.LFE42-.LFB42
 1726 0028 00000000 		.4byte	.LFB43
 1727 002c 64000000 		.4byte	.LFE43-.LFB43
 1728 0030 00000000 		.4byte	0
 1729 0034 00000000 		.4byte	0
 1730              		.section	.debug_ranges,"",%progbits
 1731              	.Ldebug_ranges0:
 1732 0000 00000000 		.4byte	.LFB40
 1733 0004 60000000 		.4byte	.LFE40
 1734 0008 00000000 		.4byte	.LFB41
 1735 000c 14000000 		.4byte	.LFE41
 1736 0010 00000000 		.4byte	.LFB42
 1737 0014 40000000 		.4byte	.LFE42
 1738 0018 00000000 		.4byte	.LFB43
 1739 001c 64000000 		.4byte	.LFE43
 1740 0020 00000000 		.4byte	0
 1741 0024 00000000 		.4byte	0
 1742              		.section	.debug_line,"",%progbits
 1743              	.Ldebug_line0:
 1744 0000 A0010000 		.section	.debug_str,"MS",%progbits,1
 1744      02000901 
 1744      00000201 
 1744      FB0E0D00 
 1744      01010101 
 1745              	.LASF49:
 1746 0000 474E5520 		.ascii	"GNU C 4.7.4 20130913 (prerelease)\000"
 1746      4320342E 
 1746      372E3420 
 1746      32303133 
 1746      30393133 
 1747              	.LASF40:
 1748 0022 73746174 		.ascii	"state\000"
 1748      6500
 1749              	.LASF11:
 1750 0028 5F426F6F 		.ascii	"_Bool\000"
 1750      6C00
 1751              	.LASF42:
 1752 002e 63686172 		.ascii	"character\000"
 1752      61637465 
ARM GAS  /tmp/ccZb3DCr.s 			page 32


 1752      7200
 1753              	.LASF38:
 1754 0038 636F756E 		.ascii	"count\000"
 1754      7400
 1755              	.LASF18:
 1756 003e 6D696E5F 		.ascii	"min_x_advance\000"
 1756      785F6164 
 1756      76616E63 
 1756      6500
 1757              	.LASF6:
 1758 004c 73686F72 		.ascii	"short unsigned int\000"
 1758      7420756E 
 1758      7369676E 
 1758      65642069 
 1758      6E7400
 1759              	.LASF50:
 1760 005f 2F686F6D 		.ascii	"/home/matt/arm_cortex/ChibiOS/ext/ugfx/src/gdisp/mc"
 1760      652F6D61 
 1760      74742F61 
 1760      726D5F63 
 1760      6F727465 
 1761 0092 75666F6E 		.ascii	"ufont/mf_scaledfont.c\000"
 1761      742F6D66 
 1761      5F736361 
 1761      6C656466 
 1761      6F6E742E 
 1762              	.LASF25:
 1763 00a8 63686172 		.ascii	"character_width\000"
 1763      61637465 
 1763      725F7769 
 1763      64746800 
 1764              	.LASF33:
 1765 00b8 785F7363 		.ascii	"x_scale\000"
 1765      616C6500 
 1766              	.LASF43:
 1767 00c0 73666F6E 		.ascii	"sfont\000"
 1767      7400
 1768              	.LASF14:
 1769 00c6 66756C6C 		.ascii	"full_name\000"
 1769      5F6E616D 
 1769      6500
 1770              	.LASF36:
 1771 00d0 6F726967 		.ascii	"orig_callback\000"
 1771      5F63616C 
 1771      6C626163 
 1771      6B00
 1772              	.LASF27:
 1773 00de 6D665F63 		.ascii	"mf_char\000"
 1773      68617200 
 1774              	.LASF31:
 1775 00e6 666F6E74 		.ascii	"font\000"
 1775      00
 1776              	.LASF8:
 1777 00eb 6C6F6E67 		.ascii	"long unsigned int\000"
 1777      20756E73 
 1777      69676E65 
 1777      6420696E 
ARM GAS  /tmp/ccZb3DCr.s 			page 33


 1777      7400
 1778              	.LASF34:
 1779 00fd 795F7363 		.ascii	"y_scale\000"
 1779      616C6500 
 1780              	.LASF47:
 1781 0105 63616C6C 		.ascii	"callback\000"
 1781      6261636B 
 1781      00
 1782              	.LASF17:
 1783 010e 68656967 		.ascii	"height\000"
 1783      687400
 1784              	.LASF41:
 1785 0115 72737461 		.ascii	"rstate\000"
 1785      746500
 1786              	.LASF30:
 1787 011c 6D665F73 		.ascii	"mf_scaledfont_s\000"
 1787      63616C65 
 1787      64666F6E 
 1787      745F7300 
 1788              	.LASF44:
 1789 012c 62617365 		.ascii	"basewidth\000"
 1789      77696474 
 1789      6800
 1790              	.LASF52:
 1791 0136 6D665F73 		.ascii	"mf_scale_font\000"
 1791      63616C65 
 1791      5F666F6E 
 1791      7400
 1792              	.LASF19:
 1793 0144 6D61785F 		.ascii	"max_x_advance\000"
 1793      785F6164 
 1793      76616E63 
 1793      6500
 1794              	.LASF32:
 1795 0152 62617365 		.ascii	"basefont\000"
 1795      666F6E74 
 1795      00
 1796              	.LASF35:
 1797 015b 7363616C 		.ascii	"scaled_renderstate\000"
 1797      65645F72 
 1797      656E6465 
 1797      72737461 
 1797      746500
 1798              	.LASF24:
 1799 016e 66616C6C 		.ascii	"fallback_character\000"
 1799      6261636B 
 1799      5F636861 
 1799      72616374 
 1799      657200
 1800              	.LASF2:
 1801 0181 756E7369 		.ascii	"unsigned char\000"
 1801      676E6564 
 1801      20636861 
 1801      7200
 1802              	.LASF0:
 1803 018f 756E7369 		.ascii	"unsigned int\000"
 1803      676E6564 
ARM GAS  /tmp/ccZb3DCr.s 			page 34


 1803      20696E74 
 1803      00
 1804              	.LASF23:
 1805 019c 666C6167 		.ascii	"flags\000"
 1805      7300
 1806              	.LASF10:
 1807 01a2 6C6F6E67 		.ascii	"long long unsigned int\000"
 1807      206C6F6E 
 1807      6720756E 
 1807      7369676E 
 1807      65642069 
 1808              	.LASF3:
 1809 01b9 75696E74 		.ascii	"uint8_t\000"
 1809      385F7400 
 1810              	.LASF22:
 1811 01c1 6C696E65 		.ascii	"line_height\000"
 1811      5F686569 
 1811      67687400 
 1812              	.LASF4:
 1813 01cd 696E7431 		.ascii	"int16_t\000"
 1813      365F7400 
 1814              	.LASF51:
 1815 01d5 7363616C 		.ascii	"scaled_pixel_callback\000"
 1815      65645F70 
 1815      6978656C 
 1815      5F63616C 
 1815      6C626163 
 1816              	.LASF28:
 1817 01eb 6D665F70 		.ascii	"mf_pixel_callback_t\000"
 1817      6978656C 
 1817      5F63616C 
 1817      6C626163 
 1817      6B5F7400 
 1818              	.LASF26:
 1819 01ff 72656E64 		.ascii	"render_character\000"
 1819      65725F63 
 1819      68617261 
 1819      63746572 
 1819      00
 1820              	.LASF12:
 1821 0210 73697A65 		.ascii	"sizetype\000"
 1821      74797065 
 1821      00
 1822              	.LASF9:
 1823 0219 6C6F6E67 		.ascii	"long long int\000"
 1823      206C6F6E 
 1823      6720696E 
 1823      7400
 1824              	.LASF13:
 1825 0227 63686172 		.ascii	"char\000"
 1825      00
 1826              	.LASF20:
 1827 022c 62617365 		.ascii	"baseline_x\000"
 1827      6C696E65 
 1827      5F7800
 1828              	.LASF21:
 1829 0237 62617365 		.ascii	"baseline_y\000"
ARM GAS  /tmp/ccZb3DCr.s 			page 35


 1829      6C696E65 
 1829      5F7900
 1830              	.LASF16:
 1831 0242 77696474 		.ascii	"width\000"
 1831      6800
 1832              	.LASF5:
 1833 0248 73686F72 		.ascii	"short int\000"
 1833      7420696E 
 1833      7400
 1834              	.LASF37:
 1835 0252 6F726967 		.ascii	"orig_state\000"
 1835      5F737461 
 1835      746500
 1836              	.LASF48:
 1837 025d 6E657766 		.ascii	"newfont\000"
 1837      6F6E7400 
 1838              	.LASF7:
 1839 0265 6C6F6E67 		.ascii	"long int\000"
 1839      20696E74 
 1839      00
 1840              	.LASF15:
 1841 026e 73686F72 		.ascii	"short_name\000"
 1841      745F6E61 
 1841      6D6500
 1842              	.LASF1:
 1843 0279 7369676E 		.ascii	"signed char\000"
 1843      65642063 
 1843      68617200 
 1844              	.LASF46:
 1845 0285 6D665F73 		.ascii	"mf_scaled_render_character\000"
 1845      63616C65 
 1845      645F7265 
 1845      6E646572 
 1845      5F636861 
 1846              	.LASF39:
 1847 02a0 616C7068 		.ascii	"alpha\000"
 1847      6100
 1848              	.LASF29:
 1849 02a6 6D665F66 		.ascii	"mf_font_s\000"
 1849      6F6E745F 
 1849      7300
 1850              	.LASF45:
 1851 02b0 6D665F73 		.ascii	"mf_scaled_character_width\000"
 1851      63616C65 
 1851      645F6368 
 1851      61726163 
 1851      7465725F 
 1852              		.ident	"GCC: (GNU Tools for ARM Embedded Processors / bleeding-edge-toolchain-131005) 4.7.4 201309
ARM GAS  /tmp/ccZb3DCr.s 			page 36


DEFINED SYMBOLS
                            *ABS*:0000000000000000 mf_scaledfont.c
     /tmp/ccZb3DCr.s:18     .text.scaled_pixel_callback:0000000000000000 $t
     /tmp/ccZb3DCr.s:23     .text.scaled_pixel_callback:0000000000000000 scaled_pixel_callback
     /tmp/ccZb3DCr.s:133    .text.mf_scaled_character_width:0000000000000000 $t
     /tmp/ccZb3DCr.s:139    .text.mf_scaled_character_width:0000000000000000 mf_scaled_character_width
     /tmp/ccZb3DCr.s:173    .text.mf_scaled_render_character:0000000000000000 $t
     /tmp/ccZb3DCr.s:179    .text.mf_scaled_render_character:0000000000000000 mf_scaled_render_character
     /tmp/ccZb3DCr.s:251    .text.mf_scaled_render_character:000000000000003c $d
     /tmp/ccZb3DCr.s:256    .text.mf_scale_font:0000000000000000 $t
     /tmp/ccZb3DCr.s:262    .text.mf_scale_font:0000000000000000 mf_scale_font
     /tmp/ccZb3DCr.s:363    .text.mf_scale_font:000000000000005c $d
                     .debug_frame:0000000000000010 $d
     /tmp/ccZb3DCr.s:368    .text.mf_scale_font:0000000000000064 $t

NO UNDEFINED SYMBOLS
