ARM GAS  /tmp/ccv5qkxF.s 			page 1


   1              		.cpu cortex-m0
   2              		.fpu softvfp
   3              		.eabi_attribute 20, 1
   4              		.eabi_attribute 21, 1
   5              		.eabi_attribute 23, 3
   6              		.eabi_attribute 24, 1
   7              		.eabi_attribute 25, 1
   8              		.eabi_attribute 26, 1
   9              		.eabi_attribute 30, 2
  10              		.eabi_attribute 34, 0
  11              		.eabi_attribute 18, 4
  12              		.code	16
  13              		.file	"nvic.c"
  14              		.text
  15              	.Ltext0:
  16              		.cfi_sections	.debug_frame
  17              		.section	.text.nvicEnableVector,"ax",%progbits
  18              		.align	2
  19              		.p2align 4,,15
  20              		.global	nvicEnableVector
  21              		.code	16
  22              		.thumb_func
  23              		.type	nvicEnableVector, %function
  24              	nvicEnableVector:
  25              	.LFB7:
  26              		.file 1 "/home/matt/arm_cortex/ChibiOS/os/ports/common/ARMCMx/nvic.c"
  27              		.loc 1 46 0
  28              		.cfi_startproc
  29              	.LVL0:
  30              		.loc 1 49 0
  31 0000 8208     		lsr	r2, r0, #2
  32              		.loc 1 46 0
  33 0002 70B5     		push	{r4, r5, r6, lr}
  34              	.LCFI0:
  35              		.cfi_def_cfa_offset 16
  36              		.cfi_offset 4, -16
  37              		.cfi_offset 5, -12
  38              		.cfi_offset 6, -8
  39              		.cfi_offset 14, -4
  40              		.loc 1 49 0
  41 0004 0C4B     		ldr	r3, .L2
  42 0006 C032     		add	r2, r2, #192
  43              		.loc 1 47 0
  44 0008 0324     		mov	r4, #3
  45              		.loc 1 49 0
  46 000a 9200     		lsl	r2, r2, #2
  47              		.loc 1 47 0
  48 000c 0440     		and	r4, r0
  49              		.loc 1 49 0
  50 000e D558     		ldr	r5, [r2, r3]
  51              		.loc 1 47 0
  52 0010 E400     		lsl	r4, r4, #3
  53              	.LVL1:
  54              		.loc 1 49 0
  55 0012 FF26     		mov	r6, #255
  56 0014 A640     		lsl	r6, r6, r4
  57 0016 A140     		lsl	r1, r1, r4
ARM GAS  /tmp/ccv5qkxF.s 			page 2


  58              	.LVL2:
  59 0018 B543     		bic	r5, r6
  60 001a 0D43     		orr	r5, r1
  61 001c D550     		str	r5, [r2, r3]
  62              		.loc 1 50 0
  63 001e 4209     		lsr	r2, r0, #5
  64 0020 1F21     		mov	r1, #31
  65 0022 161C     		mov	r6, r2
  66 0024 6036     		add	r6, r6, #96
  67 0026 0840     		and	r0, r1
  68              	.LVL3:
  69 0028 0124     		mov	r4, #1
  70              	.LVL4:
  71 002a B500     		lsl	r5, r6, #2
  72 002c 8440     		lsl	r4, r4, r0
  73              		.loc 1 51 0
  74 002e 9200     		lsl	r2, r2, #2
  75              		.loc 1 50 0
  76 0030 EC50     		str	r4, [r5, r3]
  77              		.loc 1 52 0
  78              		@ sp needed for prologue
  79              		.loc 1 51 0
  80 0032 D450     		str	r4, [r2, r3]
  81              		.loc 1 52 0
  82 0034 70BD     		pop	{r4, r5, r6, pc}
  83              	.L3:
  84 0036 C046     		.align	2
  85              	.L2:
  86 0038 00E100E0 		.word	-536813312
  87              		.cfi_endproc
  88              	.LFE7:
  89              		.size	nvicEnableVector, .-nvicEnableVector
  90 003c C046C046 		.section	.text.nvicDisableVector,"ax",%progbits
  91              		.align	2
  92              		.p2align 4,,15
  93              		.global	nvicDisableVector
  94              		.code	16
  95              		.thumb_func
  96              		.type	nvicDisableVector, %function
  97              	nvicDisableVector:
  98              	.LFB8:
  99              		.loc 1 60 0
 100              		.cfi_startproc
 101              	.LVL5:
 102              		.loc 1 63 0
 103 0000 1F21     		mov	r1, #31
 104 0002 0140     		and	r1, r0
 105 0004 0123     		mov	r3, #1
 106 0006 8B40     		lsl	r3, r3, r1
 107 0008 4209     		lsr	r2, r0, #5
 108              		.loc 1 60 0
 109 000a 10B5     		push	{r4, lr}
 110              	.LCFI1:
 111              		.cfi_def_cfa_offset 8
 112              		.cfi_offset 4, -8
 113              		.cfi_offset 14, -4
 114              		.loc 1 63 0
ARM GAS  /tmp/ccv5qkxF.s 			page 3


 115 000c 2032     		add	r2, r2, #32
 116 000e 1C1C     		mov	r4, r3
 117 0010 074B     		ldr	r3, .L5
 118 0012 9200     		lsl	r2, r2, #2
 119              		.loc 1 64 0
 120 0014 8108     		lsr	r1, r0, #2
 121              		.loc 1 63 0
 122 0016 D450     		str	r4, [r2, r3]
 123              		.loc 1 64 0
 124 0018 C031     		add	r1, r1, #192
 125              		.loc 1 61 0
 126 001a 0324     		mov	r4, #3
 127              		.loc 1 64 0
 128 001c 8A00     		lsl	r2, r1, #2
 129              		.loc 1 61 0
 130 001e 2040     		and	r0, r4
 131              	.LVL6:
 132              		.loc 1 64 0
 133 0020 D158     		ldr	r1, [r2, r3]
 134              		.loc 1 61 0
 135 0022 C000     		lsl	r0, r0, #3
 136              	.LVL7:
 137              		.loc 1 64 0
 138 0024 FF24     		mov	r4, #255
 139 0026 8440     		lsl	r4, r4, r0
 140 0028 A143     		bic	r1, r4
 141 002a D150     		str	r1, [r2, r3]
 142              		.loc 1 65 0
 143              		@ sp needed for prologue
 144 002c 10BD     		pop	{r4, pc}
 145              	.L6:
 146 002e C046     		.align	2
 147              	.L5:
 148 0030 00E100E0 		.word	-536813312
 149              		.cfi_endproc
 150              	.LFE8:
 151              		.size	nvicDisableVector, .-nvicDisableVector
 152 0034 C046C046 		.section	.text.nvicSetSystemHandlerPriority,"ax",%progbits
 152      C046C046 
 152      C046C046 
 153              		.align	2
 154              		.p2align 4,,15
 155              		.global	nvicSetSystemHandlerPriority
 156              		.code	16
 157              		.thumb_func
 158              		.type	nvicSetSystemHandlerPriority, %function
 159              	nvicSetSystemHandlerPriority:
 160              	.LFB9:
 161              		.loc 1 74 0
 162              		.cfi_startproc
 163              	.LVL8:
 164              		.loc 1 77 0
 165 0000 8208     		lsr	r2, r0, #2
 166              		.loc 1 74 0
 167 0002 30B5     		push	{r4, r5, lr}
 168              	.LCFI2:
 169              		.cfi_def_cfa_offset 12
ARM GAS  /tmp/ccv5qkxF.s 			page 4


 170              		.cfi_offset 4, -12
 171              		.cfi_offset 5, -8
 172              		.cfi_offset 14, -4
 173              		.loc 1 77 0
 174 0004 064B     		ldr	r3, .L8
 175              		.loc 1 75 0
 176 0006 0325     		mov	r5, #3
 177              		.loc 1 77 0
 178 0008 0632     		add	r2, r2, #6
 179 000a 9200     		lsl	r2, r2, #2
 180              		.loc 1 75 0
 181 000c 2840     		and	r0, r5
 182              	.LVL9:
 183              		.loc 1 77 0
 184 000e D458     		ldr	r4, [r2, r3]
 185              		.loc 1 75 0
 186 0010 C000     		lsl	r0, r0, #3
 187              	.LVL10:
 188              		.loc 1 78 0
 189 0012 FF25     		mov	r5, #255
 190 0014 8540     		lsl	r5, r5, r0
 191              		.loc 1 77 0
 192 0016 AC43     		bic	r4, r5
 193              		.loc 1 78 0
 194 0018 8140     		lsl	r1, r1, r0
 195              	.LVL11:
 196 001a 0C43     		orr	r4, r1
 197              		.loc 1 77 0
 198 001c D450     		str	r4, [r2, r3]
 199              		.loc 1 79 0
 200              		@ sp needed for prologue
 201 001e 30BD     		pop	{r4, r5, pc}
 202              	.L9:
 203              		.align	2
 204              	.L8:
 205 0020 00ED00E0 		.word	-536810240
 206              		.cfi_endproc
 207              	.LFE9:
 208              		.size	nvicSetSystemHandlerPriority, .-nvicSetSystemHandlerPriority
 209 0024 C046C046 		.text
 209      C046C046 
 209      C046C046 
 210              	.Letext0:
 211              		.file 2 "/home/matt/arm_cortex/gcc-arm-none-eabi/bin/../lib/gcc/arm-none-eabi/4.7.4/../../../../ar
 212              		.file 3 "/home/matt/arm_cortex/ChibiOS/os/ports/common/ARMCMx/nvic.h"
 213              		.section	.debug_info,"",%progbits
 214              	.Ldebug_info0:
 215 0000 4D040000 		.4byte	0x44d
 216 0004 0200     		.2byte	0x2
 217 0006 00000000 		.4byte	.Ldebug_abbrev0
 218 000a 04       		.byte	0x4
 219 000b 01       		.uleb128 0x1
 220 000c 0A000000 		.4byte	.LASF46
 221 0010 01       		.byte	0x1
 222 0011 56010000 		.4byte	.LASF47
 223 0015 00000000 		.4byte	.Ldebug_ranges0+0
 224 0019 00000000 		.4byte	0
ARM GAS  /tmp/ccv5qkxF.s 			page 5


 225 001d 00000000 		.4byte	0
 226 0021 00000000 		.4byte	.Ldebug_line0
 227 0025 02       		.uleb128 0x2
 228 0026 04       		.byte	0x4
 229 0027 05       		.byte	0x5
 230 0028 696E7400 		.ascii	"int\000"
 231 002c 03       		.uleb128 0x3
 232 002d 04       		.byte	0x4
 233 002e 07       		.byte	0x7
 234 002f E6000000 		.4byte	.LASF0
 235 0033 03       		.uleb128 0x3
 236 0034 01       		.byte	0x1
 237 0035 06       		.byte	0x6
 238 0036 BF010000 		.4byte	.LASF1
 239 003a 03       		.uleb128 0x3
 240 003b 01       		.byte	0x1
 241 003c 08       		.byte	0x8
 242 003d 64000000 		.4byte	.LASF2
 243 0041 03       		.uleb128 0x3
 244 0042 02       		.byte	0x2
 245 0043 05       		.byte	0x5
 246 0044 DC000000 		.4byte	.LASF3
 247 0048 03       		.uleb128 0x3
 248 0049 02       		.byte	0x2
 249 004a 07       		.byte	0x7
 250 004b A2000000 		.4byte	.LASF4
 251 004f 03       		.uleb128 0x3
 252 0050 04       		.byte	0x4
 253 0051 05       		.byte	0x5
 254 0052 B1010000 		.4byte	.LASF5
 255 0056 04       		.uleb128 0x4
 256 0057 A8010000 		.4byte	.LASF10
 257 005b 02       		.byte	0x2
 258 005c 50       		.byte	0x50
 259 005d 61000000 		.4byte	0x61
 260 0061 03       		.uleb128 0x3
 261 0062 04       		.byte	0x4
 262 0063 07       		.byte	0x7
 263 0064 BF000000 		.4byte	.LASF6
 264 0068 03       		.uleb128 0x3
 265 0069 08       		.byte	0x8
 266 006a 05       		.byte	0x5
 267 006b 3D010000 		.4byte	.LASF7
 268 006f 03       		.uleb128 0x3
 269 0070 08       		.byte	0x8
 270 0071 07       		.byte	0x7
 271 0072 FD000000 		.4byte	.LASF8
 272 0076 03       		.uleb128 0x3
 273 0077 01       		.byte	0x1
 274 0078 02       		.byte	0x2
 275 0079 31000000 		.4byte	.LASF9
 276 007d 04       		.uleb128 0x4
 277 007e 5C000000 		.4byte	.LASF11
 278 0082 03       		.byte	0x3
 279 0083 3A       		.byte	0x3a
 280 0084 88000000 		.4byte	0x88
 281 0088 05       		.uleb128 0x5
ARM GAS  /tmp/ccv5qkxF.s 			page 6


 282 0089 56000000 		.4byte	0x56
 283 008d 06       		.uleb128 0x6
 284 008e 040E     		.2byte	0xe04
 285 0090 03       		.byte	0x3
 286 0091 6A       		.byte	0x6a
 287 0092 58010000 		.4byte	0x158
 288 0096 07       		.uleb128 0x7
 289 0097 92010000 		.4byte	.LASF12
 290 009b 03       		.byte	0x3
 291 009c 6B       		.byte	0x6b
 292 009d 6F010000 		.4byte	0x16f
 293 00a1 02       		.byte	0x2
 294 00a2 23       		.byte	0x23
 295 00a3 00       		.uleb128 0
 296 00a4 07       		.uleb128 0x7
 297 00a5 72000000 		.4byte	.LASF13
 298 00a9 03       		.byte	0x3
 299 00aa 6C       		.byte	0x6c
 300 00ab 84010000 		.4byte	0x184
 301 00af 02       		.byte	0x2
 302 00b0 23       		.byte	0x23
 303 00b1 20       		.uleb128 0x20
 304 00b2 07       		.uleb128 0x7
 305 00b3 57000000 		.4byte	.LASF14
 306 00b7 03       		.byte	0x3
 307 00b8 6D       		.byte	0x6d
 308 00b9 89010000 		.4byte	0x189
 309 00bd 03       		.byte	0x3
 310 00be 23       		.byte	0x23
 311 00bf 8001     		.uleb128 0x80
 312 00c1 07       		.uleb128 0x7
 313 00c2 7A000000 		.4byte	.LASF15
 314 00c6 03       		.byte	0x3
 315 00c7 6E       		.byte	0x6e
 316 00c8 8E010000 		.4byte	0x18e
 317 00cc 03       		.byte	0x3
 318 00cd 23       		.byte	0x23
 319 00ce A001     		.uleb128 0xa0
 320 00d0 07       		.uleb128 0x7
 321 00d1 F3000000 		.4byte	.LASF16
 322 00d5 03       		.byte	0x3
 323 00d6 6F       		.byte	0x6f
 324 00d7 93010000 		.4byte	0x193
 325 00db 03       		.byte	0x3
 326 00dc 23       		.byte	0x23
 327 00dd 8002     		.uleb128 0x100
 328 00df 07       		.uleb128 0x7
 329 00e0 82000000 		.4byte	.LASF17
 330 00e4 03       		.byte	0x3
 331 00e5 70       		.byte	0x70
 332 00e6 98010000 		.4byte	0x198
 333 00ea 03       		.byte	0x3
 334 00eb 23       		.byte	0x23
 335 00ec A002     		.uleb128 0x120
 336 00ee 07       		.uleb128 0x7
 337 00ef 05000000 		.4byte	.LASF18
 338 00f3 03       		.byte	0x3
ARM GAS  /tmp/ccv5qkxF.s 			page 7


 339 00f4 71       		.byte	0x71
 340 00f5 9D010000 		.4byte	0x19d
 341 00f9 03       		.byte	0x3
 342 00fa 23       		.byte	0x23
 343 00fb 8003     		.uleb128 0x180
 344 00fd 07       		.uleb128 0x7
 345 00fe 8A000000 		.4byte	.LASF19
 346 0102 03       		.byte	0x3
 347 0103 72       		.byte	0x72
 348 0104 A2010000 		.4byte	0x1a2
 349 0108 03       		.byte	0x3
 350 0109 23       		.byte	0x23
 351 010a A003     		.uleb128 0x1a0
 352 010c 07       		.uleb128 0x7
 353 010d E8010000 		.4byte	.LASF20
 354 0111 03       		.byte	0x3
 355 0112 73       		.byte	0x73
 356 0113 A7010000 		.4byte	0x1a7
 357 0117 03       		.byte	0x3
 358 0118 23       		.byte	0x23
 359 0119 8004     		.uleb128 0x200
 360 011b 07       		.uleb128 0x7
 361 011c 92000000 		.4byte	.LASF21
 362 0120 03       		.byte	0x3
 363 0121 74       		.byte	0x74
 364 0122 BC010000 		.4byte	0x1bc
 365 0126 03       		.byte	0x3
 366 0127 23       		.byte	0x23
 367 0128 A004     		.uleb128 0x220
 368 012a 08       		.uleb128 0x8
 369 012b 49505200 		.ascii	"IPR\000"
 370 012f 03       		.byte	0x3
 371 0130 75       		.byte	0x75
 372 0131 D1010000 		.4byte	0x1d1
 373 0135 03       		.byte	0x3
 374 0136 23       		.byte	0x23
 375 0137 8006     		.uleb128 0x300
 376 0139 07       		.uleb128 0x7
 377 013a 9A000000 		.4byte	.LASF22
 378 013e 03       		.byte	0x3
 379 013f 76       		.byte	0x76
 380 0140 E7010000 		.4byte	0x1e7
 381 0144 03       		.byte	0x3
 382 0145 23       		.byte	0x23
 383 0146 F007     		.uleb128 0x3f0
 384 0148 07       		.uleb128 0x7
 385 0149 D7000000 		.4byte	.LASF23
 386 014d 03       		.byte	0x3
 387 014e 77       		.byte	0x77
 388 014f 7D000000 		.4byte	0x7d
 389 0153 03       		.byte	0x3
 390 0154 23       		.byte	0x23
 391 0155 801C     		.uleb128 0xe00
 392 0157 00       		.byte	0
 393 0158 09       		.uleb128 0x9
 394 0159 7D000000 		.4byte	0x7d
 395 015d 68010000 		.4byte	0x168
ARM GAS  /tmp/ccv5qkxF.s 			page 8


 396 0161 0A       		.uleb128 0xa
 397 0162 68010000 		.4byte	0x168
 398 0166 07       		.byte	0x7
 399 0167 00       		.byte	0
 400 0168 03       		.uleb128 0x3
 401 0169 04       		.byte	0x4
 402 016a 07       		.byte	0x7
 403 016b 34010000 		.4byte	.LASF24
 404 016f 05       		.uleb128 0x5
 405 0170 58010000 		.4byte	0x158
 406 0174 09       		.uleb128 0x9
 407 0175 7D000000 		.4byte	0x7d
 408 0179 84010000 		.4byte	0x184
 409 017d 0A       		.uleb128 0xa
 410 017e 68010000 		.4byte	0x168
 411 0182 17       		.byte	0x17
 412 0183 00       		.byte	0
 413 0184 05       		.uleb128 0x5
 414 0185 74010000 		.4byte	0x174
 415 0189 05       		.uleb128 0x5
 416 018a 58010000 		.4byte	0x158
 417 018e 05       		.uleb128 0x5
 418 018f 74010000 		.4byte	0x174
 419 0193 05       		.uleb128 0x5
 420 0194 58010000 		.4byte	0x158
 421 0198 05       		.uleb128 0x5
 422 0199 74010000 		.4byte	0x174
 423 019d 05       		.uleb128 0x5
 424 019e 58010000 		.4byte	0x158
 425 01a2 05       		.uleb128 0x5
 426 01a3 74010000 		.4byte	0x174
 427 01a7 05       		.uleb128 0x5
 428 01a8 58010000 		.4byte	0x158
 429 01ac 09       		.uleb128 0x9
 430 01ad 7D000000 		.4byte	0x7d
 431 01b1 BC010000 		.4byte	0x1bc
 432 01b5 0A       		.uleb128 0xa
 433 01b6 68010000 		.4byte	0x168
 434 01ba 37       		.byte	0x37
 435 01bb 00       		.byte	0
 436 01bc 05       		.uleb128 0x5
 437 01bd AC010000 		.4byte	0x1ac
 438 01c1 09       		.uleb128 0x9
 439 01c2 7D000000 		.4byte	0x7d
 440 01c6 D1010000 		.4byte	0x1d1
 441 01ca 0A       		.uleb128 0xa
 442 01cb 68010000 		.4byte	0x168
 443 01cf 3B       		.byte	0x3b
 444 01d0 00       		.byte	0
 445 01d1 05       		.uleb128 0x5
 446 01d2 C1010000 		.4byte	0x1c1
 447 01d6 09       		.uleb128 0x9
 448 01d7 7D000000 		.4byte	0x7d
 449 01db E7010000 		.4byte	0x1e7
 450 01df 0B       		.uleb128 0xb
 451 01e0 68010000 		.4byte	0x168
 452 01e4 8302     		.2byte	0x283
ARM GAS  /tmp/ccv5qkxF.s 			page 9


 453 01e6 00       		.byte	0
 454 01e7 05       		.uleb128 0x5
 455 01e8 D6010000 		.4byte	0x1d6
 456 01ec 04       		.uleb128 0x4
 457 01ed 49000000 		.4byte	.LASF25
 458 01f1 03       		.byte	0x3
 459 01f2 78       		.byte	0x78
 460 01f3 8D000000 		.4byte	0x8d
 461 01f7 0C       		.uleb128 0xc
 462 01f8 8C       		.byte	0x8c
 463 01f9 03       		.byte	0x3
 464 01fa 89       		.byte	0x89
 465 01fb 27030000 		.4byte	0x327
 466 01ff 07       		.uleb128 0x7
 467 0200 4B010000 		.4byte	.LASF26
 468 0204 03       		.byte	0x3
 469 0205 8A       		.byte	0x8a
 470 0206 7D000000 		.4byte	0x7d
 471 020a 02       		.byte	0x2
 472 020b 23       		.byte	0x23
 473 020c 00       		.uleb128 0
 474 020d 07       		.uleb128 0x7
 475 020e 14010000 		.4byte	.LASF27
 476 0212 03       		.byte	0x3
 477 0213 8B       		.byte	0x8b
 478 0214 7D000000 		.4byte	0x7d
 479 0218 02       		.byte	0x2
 480 0219 23       		.byte	0x23
 481 021a 04       		.uleb128 0x4
 482 021b 07       		.uleb128 0x7
 483 021c 52000000 		.4byte	.LASF28
 484 0220 03       		.byte	0x3
 485 0221 8C       		.byte	0x8c
 486 0222 7D000000 		.4byte	0x7d
 487 0226 02       		.byte	0x2
 488 0227 23       		.byte	0x23
 489 0228 08       		.uleb128 0x8
 490 0229 07       		.uleb128 0x7
 491 022a 21010000 		.4byte	.LASF29
 492 022e 03       		.byte	0x3
 493 022f 8D       		.byte	0x8d
 494 0230 7D000000 		.4byte	0x7d
 495 0234 02       		.byte	0x2
 496 0235 23       		.byte	0x23
 497 0236 0C       		.uleb128 0xc
 498 0237 08       		.uleb128 0x8
 499 0238 53435200 		.ascii	"SCR\000"
 500 023c 03       		.byte	0x3
 501 023d 8E       		.byte	0x8e
 502 023e 7D000000 		.4byte	0x7d
 503 0242 02       		.byte	0x2
 504 0243 23       		.byte	0x23
 505 0244 10       		.uleb128 0x10
 506 0245 08       		.uleb128 0x8
 507 0246 43435200 		.ascii	"CCR\000"
 508 024a 03       		.byte	0x3
 509 024b 8F       		.byte	0x8f
ARM GAS  /tmp/ccv5qkxF.s 			page 10


 510 024c 7D000000 		.4byte	0x7d
 511 0250 02       		.byte	0x2
 512 0251 23       		.byte	0x23
 513 0252 14       		.uleb128 0x14
 514 0253 07       		.uleb128 0x7
 515 0254 BA010000 		.4byte	.LASF30
 516 0258 03       		.byte	0x3
 517 0259 90       		.byte	0x90
 518 025a 37030000 		.4byte	0x337
 519 025e 02       		.byte	0x2
 520 025f 23       		.byte	0x23
 521 0260 18       		.uleb128 0x18
 522 0261 07       		.uleb128 0x7
 523 0262 A2010000 		.4byte	.LASF31
 524 0266 03       		.byte	0x3
 525 0267 91       		.byte	0x91
 526 0268 7D000000 		.4byte	0x7d
 527 026c 02       		.byte	0x2
 528 026d 23       		.byte	0x23
 529 026e 24       		.uleb128 0x24
 530 026f 07       		.uleb128 0x7
 531 0270 B5000000 		.4byte	.LASF32
 532 0274 03       		.byte	0x3
 533 0275 92       		.byte	0x92
 534 0276 7D000000 		.4byte	0x7d
 535 027a 02       		.byte	0x2
 536 027b 23       		.byte	0x23
 537 027c 28       		.uleb128 0x28
 538 027d 07       		.uleb128 0x7
 539 027e BA000000 		.4byte	.LASF33
 540 0282 03       		.byte	0x3
 541 0283 93       		.byte	0x93
 542 0284 7D000000 		.4byte	0x7d
 543 0288 02       		.byte	0x2
 544 0289 23       		.byte	0x23
 545 028a 2C       		.uleb128 0x2c
 546 028b 07       		.uleb128 0x7
 547 028c F8000000 		.4byte	.LASF34
 548 0290 03       		.byte	0x3
 549 0291 94       		.byte	0x94
 550 0292 7D000000 		.4byte	0x7d
 551 0296 02       		.byte	0x2
 552 0297 23       		.byte	0x23
 553 0298 30       		.uleb128 0x30
 554 0299 07       		.uleb128 0x7
 555 029a 9C010000 		.4byte	.LASF35
 556 029e 03       		.byte	0x3
 557 029f 95       		.byte	0x95
 558 02a0 7D000000 		.4byte	0x7d
 559 02a4 02       		.byte	0x2
 560 02a5 23       		.byte	0x23
 561 02a6 34       		.uleb128 0x34
 562 02a7 07       		.uleb128 0x7
 563 02a8 27010000 		.4byte	.LASF36
 564 02ac 03       		.byte	0x3
 565 02ad 96       		.byte	0x96
 566 02ae 7D000000 		.4byte	0x7d
ARM GAS  /tmp/ccv5qkxF.s 			page 11


 567 02b2 02       		.byte	0x2
 568 02b3 23       		.byte	0x23
 569 02b4 38       		.uleb128 0x38
 570 02b5 07       		.uleb128 0x7
 571 02b6 97010000 		.4byte	.LASF37
 572 02ba 03       		.byte	0x3
 573 02bb 97       		.byte	0x97
 574 02bc 7D000000 		.4byte	0x7d
 575 02c0 02       		.byte	0x2
 576 02c1 23       		.byte	0x23
 577 02c2 3C       		.uleb128 0x3c
 578 02c3 08       		.uleb128 0x8
 579 02c4 50465200 		.ascii	"PFR\000"
 580 02c8 03       		.byte	0x3
 581 02c9 98       		.byte	0x98
 582 02ca 4C030000 		.4byte	0x34c
 583 02ce 02       		.byte	0x2
 584 02cf 23       		.byte	0x23
 585 02d0 40       		.uleb128 0x40
 586 02d1 08       		.uleb128 0x8
 587 02d2 44465200 		.ascii	"DFR\000"
 588 02d6 03       		.byte	0x3
 589 02d7 99       		.byte	0x99
 590 02d8 7D000000 		.4byte	0x7d
 591 02dc 02       		.byte	0x2
 592 02dd 23       		.byte	0x23
 593 02de 48       		.uleb128 0x48
 594 02df 08       		.uleb128 0x8
 595 02e0 41445200 		.ascii	"ADR\000"
 596 02e4 03       		.byte	0x3
 597 02e5 9A       		.byte	0x9a
 598 02e6 7D000000 		.4byte	0x7d
 599 02ea 02       		.byte	0x2
 600 02eb 23       		.byte	0x23
 601 02ec 4C       		.uleb128 0x4c
 602 02ed 07       		.uleb128 0x7
 603 02ee 2C000000 		.4byte	.LASF38
 604 02f2 03       		.byte	0x3
 605 02f3 9B       		.byte	0x9b
 606 02f4 61030000 		.4byte	0x361
 607 02f8 02       		.byte	0x2
 608 02f9 23       		.byte	0x23
 609 02fa 50       		.uleb128 0x50
 610 02fb 08       		.uleb128 0x8
 611 02fc 53415200 		.ascii	"SAR\000"
 612 0300 03       		.byte	0x3
 613 0301 9C       		.byte	0x9c
 614 0302 76030000 		.4byte	0x376
 615 0306 02       		.byte	0x2
 616 0307 23       		.byte	0x23
 617 0308 60       		.uleb128 0x60
 618 0309 07       		.uleb128 0x7
 619 030a 72000000 		.4byte	.LASF13
 620 030e 03       		.byte	0x3
 621 030f 9D       		.byte	0x9d
 622 0310 7B030000 		.4byte	0x37b
 623 0314 02       		.byte	0x2
ARM GAS  /tmp/ccv5qkxF.s 			page 12


 624 0315 23       		.byte	0x23
 625 0316 74       		.uleb128 0x74
 626 0317 07       		.uleb128 0x7
 627 0318 D1000000 		.4byte	.LASF39
 628 031c 03       		.byte	0x3
 629 031d 9E       		.byte	0x9e
 630 031e 7D000000 		.4byte	0x7d
 631 0322 03       		.byte	0x3
 632 0323 23       		.byte	0x23
 633 0324 8801     		.uleb128 0x88
 634 0326 00       		.byte	0
 635 0327 09       		.uleb128 0x9
 636 0328 7D000000 		.4byte	0x7d
 637 032c 37030000 		.4byte	0x337
 638 0330 0A       		.uleb128 0xa
 639 0331 68010000 		.4byte	0x168
 640 0335 02       		.byte	0x2
 641 0336 00       		.byte	0
 642 0337 05       		.uleb128 0x5
 643 0338 27030000 		.4byte	0x327
 644 033c 09       		.uleb128 0x9
 645 033d 7D000000 		.4byte	0x7d
 646 0341 4C030000 		.4byte	0x34c
 647 0345 0A       		.uleb128 0xa
 648 0346 68010000 		.4byte	0x168
 649 034a 01       		.byte	0x1
 650 034b 00       		.byte	0
 651 034c 05       		.uleb128 0x5
 652 034d 3C030000 		.4byte	0x33c
 653 0351 09       		.uleb128 0x9
 654 0352 7D000000 		.4byte	0x7d
 655 0356 61030000 		.4byte	0x361
 656 035a 0A       		.uleb128 0xa
 657 035b 68010000 		.4byte	0x168
 658 035f 03       		.byte	0x3
 659 0360 00       		.byte	0
 660 0361 05       		.uleb128 0x5
 661 0362 51030000 		.4byte	0x351
 662 0366 09       		.uleb128 0x9
 663 0367 7D000000 		.4byte	0x7d
 664 036b 76030000 		.4byte	0x376
 665 036f 0A       		.uleb128 0xa
 666 0370 68010000 		.4byte	0x168
 667 0374 04       		.byte	0x4
 668 0375 00       		.byte	0
 669 0376 05       		.uleb128 0x5
 670 0377 66030000 		.4byte	0x366
 671 037b 05       		.uleb128 0x5
 672 037c 66030000 		.4byte	0x366
 673 0380 04       		.uleb128 0x4
 674 0381 19010000 		.4byte	.LASF40
 675 0385 03       		.byte	0x3
 676 0386 9F       		.byte	0x9f
 677 0387 F7010000 		.4byte	0x1f7
 678 038b 03       		.uleb128 0x3
 679 038c 01       		.byte	0x1
 680 038d 08       		.byte	0x8
ARM GAS  /tmp/ccv5qkxF.s 			page 13


 681 038e 51010000 		.4byte	.LASF41
 682 0392 0D       		.uleb128 0xd
 683 0393 01       		.byte	0x1
 684 0394 ED010000 		.4byte	.LASF43
 685 0398 01       		.byte	0x1
 686 0399 2E       		.byte	0x2e
 687 039a 01       		.byte	0x1
 688 039b 00000000 		.4byte	.LFB7
 689 039f 3C000000 		.4byte	.LFE7
 690 03a3 00000000 		.4byte	.LLST0
 691 03a7 01       		.byte	0x1
 692 03a8 D7030000 		.4byte	0x3d7
 693 03ac 0E       		.uleb128 0xe
 694 03ad 6E00     		.ascii	"n\000"
 695 03af 01       		.byte	0x1
 696 03b0 2E       		.byte	0x2e
 697 03b1 56000000 		.4byte	0x56
 698 03b5 20000000 		.4byte	.LLST1
 699 03b9 0F       		.uleb128 0xf
 700 03ba 00000000 		.4byte	.LASF42
 701 03be 01       		.byte	0x1
 702 03bf 2E       		.byte	0x2e
 703 03c0 56000000 		.4byte	0x56
 704 03c4 41000000 		.4byte	.LLST2
 705 03c8 10       		.uleb128 0x10
 706 03c9 736800   		.ascii	"sh\000"
 707 03cc 01       		.byte	0x1
 708 03cd 2F       		.byte	0x2f
 709 03ce 2C000000 		.4byte	0x2c
 710 03d2 62000000 		.4byte	.LLST3
 711 03d6 00       		.byte	0
 712 03d7 0D       		.uleb128 0xd
 713 03d8 01       		.byte	0x1
 714 03d9 37000000 		.4byte	.LASF44
 715 03dd 01       		.byte	0x1
 716 03de 3C       		.byte	0x3c
 717 03df 01       		.byte	0x1
 718 03e0 00000000 		.4byte	.LFB8
 719 03e4 34000000 		.4byte	.LFE8
 720 03e8 98000000 		.4byte	.LLST4
 721 03ec 01       		.byte	0x1
 722 03ed 0D040000 		.4byte	0x40d
 723 03f1 0E       		.uleb128 0xe
 724 03f2 6E00     		.ascii	"n\000"
 725 03f4 01       		.byte	0x1
 726 03f5 3C       		.byte	0x3c
 727 03f6 56000000 		.4byte	0x56
 728 03fa B8000000 		.4byte	.LLST5
 729 03fe 10       		.uleb128 0x10
 730 03ff 736800   		.ascii	"sh\000"
 731 0402 01       		.byte	0x1
 732 0403 3D       		.byte	0x3d
 733 0404 2C000000 		.4byte	0x2c
 734 0408 D9000000 		.4byte	.LLST6
 735 040c 00       		.byte	0
 736 040d 11       		.uleb128 0x11
 737 040e 01       		.byte	0x1
ARM GAS  /tmp/ccv5qkxF.s 			page 14


 738 040f CB010000 		.4byte	.LASF48
 739 0413 01       		.byte	0x1
 740 0414 4A       		.byte	0x4a
 741 0415 01       		.byte	0x1
 742 0416 00000000 		.4byte	.LFB9
 743 041a 24000000 		.4byte	.LFE9
 744 041e 0F010000 		.4byte	.LLST7
 745 0422 01       		.byte	0x1
 746 0423 0F       		.uleb128 0xf
 747 0424 2C010000 		.4byte	.LASF45
 748 0428 01       		.byte	0x1
 749 0429 4A       		.byte	0x4a
 750 042a 56000000 		.4byte	0x56
 751 042e 2F010000 		.4byte	.LLST8
 752 0432 0F       		.uleb128 0xf
 753 0433 00000000 		.4byte	.LASF42
 754 0437 01       		.byte	0x1
 755 0438 4A       		.byte	0x4a
 756 0439 56000000 		.4byte	0x56
 757 043d 50010000 		.4byte	.LLST9
 758 0441 10       		.uleb128 0x10
 759 0442 736800   		.ascii	"sh\000"
 760 0445 01       		.byte	0x1
 761 0446 4B       		.byte	0x4b
 762 0447 2C000000 		.4byte	0x2c
 763 044b 71010000 		.4byte	.LLST10
 764 044f 00       		.byte	0
 765 0450 00       		.byte	0
 766              		.section	.debug_abbrev,"",%progbits
 767              	.Ldebug_abbrev0:
 768 0000 01       		.uleb128 0x1
 769 0001 11       		.uleb128 0x11
 770 0002 01       		.byte	0x1
 771 0003 25       		.uleb128 0x25
 772 0004 0E       		.uleb128 0xe
 773 0005 13       		.uleb128 0x13
 774 0006 0B       		.uleb128 0xb
 775 0007 03       		.uleb128 0x3
 776 0008 0E       		.uleb128 0xe
 777 0009 55       		.uleb128 0x55
 778 000a 06       		.uleb128 0x6
 779 000b 11       		.uleb128 0x11
 780 000c 01       		.uleb128 0x1
 781 000d 52       		.uleb128 0x52
 782 000e 01       		.uleb128 0x1
 783 000f 10       		.uleb128 0x10
 784 0010 06       		.uleb128 0x6
 785 0011 00       		.byte	0
 786 0012 00       		.byte	0
 787 0013 02       		.uleb128 0x2
 788 0014 24       		.uleb128 0x24
 789 0015 00       		.byte	0
 790 0016 0B       		.uleb128 0xb
 791 0017 0B       		.uleb128 0xb
 792 0018 3E       		.uleb128 0x3e
 793 0019 0B       		.uleb128 0xb
 794 001a 03       		.uleb128 0x3
ARM GAS  /tmp/ccv5qkxF.s 			page 15


 795 001b 08       		.uleb128 0x8
 796 001c 00       		.byte	0
 797 001d 00       		.byte	0
 798 001e 03       		.uleb128 0x3
 799 001f 24       		.uleb128 0x24
 800 0020 00       		.byte	0
 801 0021 0B       		.uleb128 0xb
 802 0022 0B       		.uleb128 0xb
 803 0023 3E       		.uleb128 0x3e
 804 0024 0B       		.uleb128 0xb
 805 0025 03       		.uleb128 0x3
 806 0026 0E       		.uleb128 0xe
 807 0027 00       		.byte	0
 808 0028 00       		.byte	0
 809 0029 04       		.uleb128 0x4
 810 002a 16       		.uleb128 0x16
 811 002b 00       		.byte	0
 812 002c 03       		.uleb128 0x3
 813 002d 0E       		.uleb128 0xe
 814 002e 3A       		.uleb128 0x3a
 815 002f 0B       		.uleb128 0xb
 816 0030 3B       		.uleb128 0x3b
 817 0031 0B       		.uleb128 0xb
 818 0032 49       		.uleb128 0x49
 819 0033 13       		.uleb128 0x13
 820 0034 00       		.byte	0
 821 0035 00       		.byte	0
 822 0036 05       		.uleb128 0x5
 823 0037 35       		.uleb128 0x35
 824 0038 00       		.byte	0
 825 0039 49       		.uleb128 0x49
 826 003a 13       		.uleb128 0x13
 827 003b 00       		.byte	0
 828 003c 00       		.byte	0
 829 003d 06       		.uleb128 0x6
 830 003e 13       		.uleb128 0x13
 831 003f 01       		.byte	0x1
 832 0040 0B       		.uleb128 0xb
 833 0041 05       		.uleb128 0x5
 834 0042 3A       		.uleb128 0x3a
 835 0043 0B       		.uleb128 0xb
 836 0044 3B       		.uleb128 0x3b
 837 0045 0B       		.uleb128 0xb
 838 0046 01       		.uleb128 0x1
 839 0047 13       		.uleb128 0x13
 840 0048 00       		.byte	0
 841 0049 00       		.byte	0
 842 004a 07       		.uleb128 0x7
 843 004b 0D       		.uleb128 0xd
 844 004c 00       		.byte	0
 845 004d 03       		.uleb128 0x3
 846 004e 0E       		.uleb128 0xe
 847 004f 3A       		.uleb128 0x3a
 848 0050 0B       		.uleb128 0xb
 849 0051 3B       		.uleb128 0x3b
 850 0052 0B       		.uleb128 0xb
 851 0053 49       		.uleb128 0x49
ARM GAS  /tmp/ccv5qkxF.s 			page 16


 852 0054 13       		.uleb128 0x13
 853 0055 38       		.uleb128 0x38
 854 0056 0A       		.uleb128 0xa
 855 0057 00       		.byte	0
 856 0058 00       		.byte	0
 857 0059 08       		.uleb128 0x8
 858 005a 0D       		.uleb128 0xd
 859 005b 00       		.byte	0
 860 005c 03       		.uleb128 0x3
 861 005d 08       		.uleb128 0x8
 862 005e 3A       		.uleb128 0x3a
 863 005f 0B       		.uleb128 0xb
 864 0060 3B       		.uleb128 0x3b
 865 0061 0B       		.uleb128 0xb
 866 0062 49       		.uleb128 0x49
 867 0063 13       		.uleb128 0x13
 868 0064 38       		.uleb128 0x38
 869 0065 0A       		.uleb128 0xa
 870 0066 00       		.byte	0
 871 0067 00       		.byte	0
 872 0068 09       		.uleb128 0x9
 873 0069 01       		.uleb128 0x1
 874 006a 01       		.byte	0x1
 875 006b 49       		.uleb128 0x49
 876 006c 13       		.uleb128 0x13
 877 006d 01       		.uleb128 0x1
 878 006e 13       		.uleb128 0x13
 879 006f 00       		.byte	0
 880 0070 00       		.byte	0
 881 0071 0A       		.uleb128 0xa
 882 0072 21       		.uleb128 0x21
 883 0073 00       		.byte	0
 884 0074 49       		.uleb128 0x49
 885 0075 13       		.uleb128 0x13
 886 0076 2F       		.uleb128 0x2f
 887 0077 0B       		.uleb128 0xb
 888 0078 00       		.byte	0
 889 0079 00       		.byte	0
 890 007a 0B       		.uleb128 0xb
 891 007b 21       		.uleb128 0x21
 892 007c 00       		.byte	0
 893 007d 49       		.uleb128 0x49
 894 007e 13       		.uleb128 0x13
 895 007f 2F       		.uleb128 0x2f
 896 0080 05       		.uleb128 0x5
 897 0081 00       		.byte	0
 898 0082 00       		.byte	0
 899 0083 0C       		.uleb128 0xc
 900 0084 13       		.uleb128 0x13
 901 0085 01       		.byte	0x1
 902 0086 0B       		.uleb128 0xb
 903 0087 0B       		.uleb128 0xb
 904 0088 3A       		.uleb128 0x3a
 905 0089 0B       		.uleb128 0xb
 906 008a 3B       		.uleb128 0x3b
 907 008b 0B       		.uleb128 0xb
 908 008c 01       		.uleb128 0x1
ARM GAS  /tmp/ccv5qkxF.s 			page 17


 909 008d 13       		.uleb128 0x13
 910 008e 00       		.byte	0
 911 008f 00       		.byte	0
 912 0090 0D       		.uleb128 0xd
 913 0091 2E       		.uleb128 0x2e
 914 0092 01       		.byte	0x1
 915 0093 3F       		.uleb128 0x3f
 916 0094 0C       		.uleb128 0xc
 917 0095 03       		.uleb128 0x3
 918 0096 0E       		.uleb128 0xe
 919 0097 3A       		.uleb128 0x3a
 920 0098 0B       		.uleb128 0xb
 921 0099 3B       		.uleb128 0x3b
 922 009a 0B       		.uleb128 0xb
 923 009b 27       		.uleb128 0x27
 924 009c 0C       		.uleb128 0xc
 925 009d 11       		.uleb128 0x11
 926 009e 01       		.uleb128 0x1
 927 009f 12       		.uleb128 0x12
 928 00a0 01       		.uleb128 0x1
 929 00a1 40       		.uleb128 0x40
 930 00a2 06       		.uleb128 0x6
 931 00a3 9742     		.uleb128 0x2117
 932 00a5 0C       		.uleb128 0xc
 933 00a6 01       		.uleb128 0x1
 934 00a7 13       		.uleb128 0x13
 935 00a8 00       		.byte	0
 936 00a9 00       		.byte	0
 937 00aa 0E       		.uleb128 0xe
 938 00ab 05       		.uleb128 0x5
 939 00ac 00       		.byte	0
 940 00ad 03       		.uleb128 0x3
 941 00ae 08       		.uleb128 0x8
 942 00af 3A       		.uleb128 0x3a
 943 00b0 0B       		.uleb128 0xb
 944 00b1 3B       		.uleb128 0x3b
 945 00b2 0B       		.uleb128 0xb
 946 00b3 49       		.uleb128 0x49
 947 00b4 13       		.uleb128 0x13
 948 00b5 02       		.uleb128 0x2
 949 00b6 06       		.uleb128 0x6
 950 00b7 00       		.byte	0
 951 00b8 00       		.byte	0
 952 00b9 0F       		.uleb128 0xf
 953 00ba 05       		.uleb128 0x5
 954 00bb 00       		.byte	0
 955 00bc 03       		.uleb128 0x3
 956 00bd 0E       		.uleb128 0xe
 957 00be 3A       		.uleb128 0x3a
 958 00bf 0B       		.uleb128 0xb
 959 00c0 3B       		.uleb128 0x3b
 960 00c1 0B       		.uleb128 0xb
 961 00c2 49       		.uleb128 0x49
 962 00c3 13       		.uleb128 0x13
 963 00c4 02       		.uleb128 0x2
 964 00c5 06       		.uleb128 0x6
 965 00c6 00       		.byte	0
ARM GAS  /tmp/ccv5qkxF.s 			page 18


 966 00c7 00       		.byte	0
 967 00c8 10       		.uleb128 0x10
 968 00c9 34       		.uleb128 0x34
 969 00ca 00       		.byte	0
 970 00cb 03       		.uleb128 0x3
 971 00cc 08       		.uleb128 0x8
 972 00cd 3A       		.uleb128 0x3a
 973 00ce 0B       		.uleb128 0xb
 974 00cf 3B       		.uleb128 0x3b
 975 00d0 0B       		.uleb128 0xb
 976 00d1 49       		.uleb128 0x49
 977 00d2 13       		.uleb128 0x13
 978 00d3 02       		.uleb128 0x2
 979 00d4 06       		.uleb128 0x6
 980 00d5 00       		.byte	0
 981 00d6 00       		.byte	0
 982 00d7 11       		.uleb128 0x11
 983 00d8 2E       		.uleb128 0x2e
 984 00d9 01       		.byte	0x1
 985 00da 3F       		.uleb128 0x3f
 986 00db 0C       		.uleb128 0xc
 987 00dc 03       		.uleb128 0x3
 988 00dd 0E       		.uleb128 0xe
 989 00de 3A       		.uleb128 0x3a
 990 00df 0B       		.uleb128 0xb
 991 00e0 3B       		.uleb128 0x3b
 992 00e1 0B       		.uleb128 0xb
 993 00e2 27       		.uleb128 0x27
 994 00e3 0C       		.uleb128 0xc
 995 00e4 11       		.uleb128 0x11
 996 00e5 01       		.uleb128 0x1
 997 00e6 12       		.uleb128 0x12
 998 00e7 01       		.uleb128 0x1
 999 00e8 40       		.uleb128 0x40
 1000 00e9 06       		.uleb128 0x6
 1001 00ea 9742     		.uleb128 0x2117
 1002 00ec 0C       		.uleb128 0xc
 1003 00ed 00       		.byte	0
 1004 00ee 00       		.byte	0
 1005 00ef 00       		.byte	0
 1006              		.section	.debug_loc,"",%progbits
 1007              	.Ldebug_loc0:
 1008              	.LLST0:
 1009 0000 00000000 		.4byte	.LFB7
 1010 0004 04000000 		.4byte	.LCFI0
 1011 0008 0200     		.2byte	0x2
 1012 000a 7D       		.byte	0x7d
 1013 000b 00       		.sleb128 0
 1014 000c 04000000 		.4byte	.LCFI0
 1015 0010 3C000000 		.4byte	.LFE7
 1016 0014 0200     		.2byte	0x2
 1017 0016 7D       		.byte	0x7d
 1018 0017 10       		.sleb128 16
 1019 0018 00000000 		.4byte	0
 1020 001c 00000000 		.4byte	0
 1021              	.LLST1:
 1022 0020 00000000 		.4byte	.LVL0
ARM GAS  /tmp/ccv5qkxF.s 			page 19


 1023 0024 28000000 		.4byte	.LVL3
 1024 0028 0100     		.2byte	0x1
 1025 002a 50       		.byte	0x50
 1026 002b 28000000 		.4byte	.LVL3
 1027 002f 3C000000 		.4byte	.LFE7
 1028 0033 0400     		.2byte	0x4
 1029 0035 F3       		.byte	0xf3
 1030 0036 01       		.uleb128 0x1
 1031 0037 50       		.byte	0x50
 1032 0038 9F       		.byte	0x9f
 1033 0039 00000000 		.4byte	0
 1034 003d 00000000 		.4byte	0
 1035              	.LLST2:
 1036 0041 00000000 		.4byte	.LVL0
 1037 0045 18000000 		.4byte	.LVL2
 1038 0049 0100     		.2byte	0x1
 1039 004b 51       		.byte	0x51
 1040 004c 18000000 		.4byte	.LVL2
 1041 0050 3C000000 		.4byte	.LFE7
 1042 0054 0400     		.2byte	0x4
 1043 0056 F3       		.byte	0xf3
 1044 0057 01       		.uleb128 0x1
 1045 0058 51       		.byte	0x51
 1046 0059 9F       		.byte	0x9f
 1047 005a 00000000 		.4byte	0
 1048 005e 00000000 		.4byte	0
 1049              	.LLST3:
 1050 0062 00000000 		.4byte	.LVL0
 1051 0066 12000000 		.4byte	.LVL1
 1052 006a 0700     		.2byte	0x7
 1053 006c 70       		.byte	0x70
 1054 006d 00       		.sleb128 0
 1055 006e 33       		.byte	0x33
 1056 006f 1A       		.byte	0x1a
 1057 0070 33       		.byte	0x33
 1058 0071 24       		.byte	0x24
 1059 0072 9F       		.byte	0x9f
 1060 0073 12000000 		.4byte	.LVL1
 1061 0077 2A000000 		.4byte	.LVL4
 1062 007b 0100     		.2byte	0x1
 1063 007d 54       		.byte	0x54
 1064 007e 2A000000 		.4byte	.LVL4
 1065 0082 3C000000 		.4byte	.LFE7
 1066 0086 0800     		.2byte	0x8
 1067 0088 F3       		.byte	0xf3
 1068 0089 01       		.uleb128 0x1
 1069 008a 50       		.byte	0x50
 1070 008b 33       		.byte	0x33
 1071 008c 1A       		.byte	0x1a
 1072 008d 33       		.byte	0x33
 1073 008e 24       		.byte	0x24
 1074 008f 9F       		.byte	0x9f
 1075 0090 00000000 		.4byte	0
 1076 0094 00000000 		.4byte	0
 1077              	.LLST4:
 1078 0098 00000000 		.4byte	.LFB8
 1079 009c 0C000000 		.4byte	.LCFI1
ARM GAS  /tmp/ccv5qkxF.s 			page 20


 1080 00a0 0200     		.2byte	0x2
 1081 00a2 7D       		.byte	0x7d
 1082 00a3 00       		.sleb128 0
 1083 00a4 0C000000 		.4byte	.LCFI1
 1084 00a8 34000000 		.4byte	.LFE8
 1085 00ac 0200     		.2byte	0x2
 1086 00ae 7D       		.byte	0x7d
 1087 00af 08       		.sleb128 8
 1088 00b0 00000000 		.4byte	0
 1089 00b4 00000000 		.4byte	0
 1090              	.LLST5:
 1091 00b8 00000000 		.4byte	.LVL5
 1092 00bc 20000000 		.4byte	.LVL6
 1093 00c0 0100     		.2byte	0x1
 1094 00c2 50       		.byte	0x50
 1095 00c3 20000000 		.4byte	.LVL6
 1096 00c7 34000000 		.4byte	.LFE8
 1097 00cb 0400     		.2byte	0x4
 1098 00cd F3       		.byte	0xf3
 1099 00ce 01       		.uleb128 0x1
 1100 00cf 50       		.byte	0x50
 1101 00d0 9F       		.byte	0x9f
 1102 00d1 00000000 		.4byte	0
 1103 00d5 00000000 		.4byte	0
 1104              	.LLST6:
 1105 00d9 00000000 		.4byte	.LVL5
 1106 00dd 20000000 		.4byte	.LVL6
 1107 00e1 0700     		.2byte	0x7
 1108 00e3 70       		.byte	0x70
 1109 00e4 00       		.sleb128 0
 1110 00e5 33       		.byte	0x33
 1111 00e6 1A       		.byte	0x1a
 1112 00e7 33       		.byte	0x33
 1113 00e8 24       		.byte	0x24
 1114 00e9 9F       		.byte	0x9f
 1115 00ea 20000000 		.4byte	.LVL6
 1116 00ee 24000000 		.4byte	.LVL7
 1117 00f2 0800     		.2byte	0x8
 1118 00f4 F3       		.byte	0xf3
 1119 00f5 01       		.uleb128 0x1
 1120 00f6 50       		.byte	0x50
 1121 00f7 33       		.byte	0x33
 1122 00f8 1A       		.byte	0x1a
 1123 00f9 33       		.byte	0x33
 1124 00fa 24       		.byte	0x24
 1125 00fb 9F       		.byte	0x9f
 1126 00fc 24000000 		.4byte	.LVL7
 1127 0100 34000000 		.4byte	.LFE8
 1128 0104 0100     		.2byte	0x1
 1129 0106 50       		.byte	0x50
 1130 0107 00000000 		.4byte	0
 1131 010b 00000000 		.4byte	0
 1132              	.LLST7:
 1133 010f 00000000 		.4byte	.LFB9
 1134 0113 04000000 		.4byte	.LCFI2
 1135 0117 0200     		.2byte	0x2
 1136 0119 7D       		.byte	0x7d
ARM GAS  /tmp/ccv5qkxF.s 			page 21


 1137 011a 00       		.sleb128 0
 1138 011b 04000000 		.4byte	.LCFI2
 1139 011f 24000000 		.4byte	.LFE9
 1140 0123 0200     		.2byte	0x2
 1141 0125 7D       		.byte	0x7d
 1142 0126 0C       		.sleb128 12
 1143 0127 00000000 		.4byte	0
 1144 012b 00000000 		.4byte	0
 1145              	.LLST8:
 1146 012f 00000000 		.4byte	.LVL8
 1147 0133 0E000000 		.4byte	.LVL9
 1148 0137 0100     		.2byte	0x1
 1149 0139 50       		.byte	0x50
 1150 013a 0E000000 		.4byte	.LVL9
 1151 013e 24000000 		.4byte	.LFE9
 1152 0142 0400     		.2byte	0x4
 1153 0144 F3       		.byte	0xf3
 1154 0145 01       		.uleb128 0x1
 1155 0146 50       		.byte	0x50
 1156 0147 9F       		.byte	0x9f
 1157 0148 00000000 		.4byte	0
 1158 014c 00000000 		.4byte	0
 1159              	.LLST9:
 1160 0150 00000000 		.4byte	.LVL8
 1161 0154 1A000000 		.4byte	.LVL11
 1162 0158 0100     		.2byte	0x1
 1163 015a 51       		.byte	0x51
 1164 015b 1A000000 		.4byte	.LVL11
 1165 015f 24000000 		.4byte	.LFE9
 1166 0163 0400     		.2byte	0x4
 1167 0165 F3       		.byte	0xf3
 1168 0166 01       		.uleb128 0x1
 1169 0167 51       		.byte	0x51
 1170 0168 9F       		.byte	0x9f
 1171 0169 00000000 		.4byte	0
 1172 016d 00000000 		.4byte	0
 1173              	.LLST10:
 1174 0171 00000000 		.4byte	.LVL8
 1175 0175 0E000000 		.4byte	.LVL9
 1176 0179 0700     		.2byte	0x7
 1177 017b 70       		.byte	0x70
 1178 017c 00       		.sleb128 0
 1179 017d 33       		.byte	0x33
 1180 017e 1A       		.byte	0x1a
 1181 017f 33       		.byte	0x33
 1182 0180 24       		.byte	0x24
 1183 0181 9F       		.byte	0x9f
 1184 0182 0E000000 		.4byte	.LVL9
 1185 0186 12000000 		.4byte	.LVL10
 1186 018a 0800     		.2byte	0x8
 1187 018c F3       		.byte	0xf3
 1188 018d 01       		.uleb128 0x1
 1189 018e 50       		.byte	0x50
 1190 018f 33       		.byte	0x33
 1191 0190 1A       		.byte	0x1a
 1192 0191 33       		.byte	0x33
 1193 0192 24       		.byte	0x24
ARM GAS  /tmp/ccv5qkxF.s 			page 22


 1194 0193 9F       		.byte	0x9f
 1195 0194 12000000 		.4byte	.LVL10
 1196 0198 24000000 		.4byte	.LFE9
 1197 019c 0100     		.2byte	0x1
 1198 019e 50       		.byte	0x50
 1199 019f 00000000 		.4byte	0
 1200 01a3 00000000 		.4byte	0
 1201              		.section	.debug_aranges,"",%progbits
 1202 0000 2C000000 		.4byte	0x2c
 1203 0004 0200     		.2byte	0x2
 1204 0006 00000000 		.4byte	.Ldebug_info0
 1205 000a 04       		.byte	0x4
 1206 000b 00       		.byte	0
 1207 000c 0000     		.2byte	0
 1208 000e 0000     		.2byte	0
 1209 0010 00000000 		.4byte	.LFB7
 1210 0014 3C000000 		.4byte	.LFE7-.LFB7
 1211 0018 00000000 		.4byte	.LFB8
 1212 001c 34000000 		.4byte	.LFE8-.LFB8
 1213 0020 00000000 		.4byte	.LFB9
 1214 0024 24000000 		.4byte	.LFE9-.LFB9
 1215 0028 00000000 		.4byte	0
 1216 002c 00000000 		.4byte	0
 1217              		.section	.debug_ranges,"",%progbits
 1218              	.Ldebug_ranges0:
 1219 0000 00000000 		.4byte	.LFB7
 1220 0004 3C000000 		.4byte	.LFE7
 1221 0008 00000000 		.4byte	.LFB8
 1222 000c 34000000 		.4byte	.LFE8
 1223 0010 00000000 		.4byte	.LFB9
 1224 0014 24000000 		.4byte	.LFE9
 1225 0018 00000000 		.4byte	0
 1226 001c 00000000 		.4byte	0
 1227              		.section	.debug_line,"",%progbits
 1228              	.Ldebug_line0:
 1229 0000 32010000 		.section	.debug_str,"MS",%progbits,1
 1229      0200D500 
 1229      00000201 
 1229      FB0E0D00 
 1229      01010101 
 1230              	.LASF42:
 1231 0000 7072696F 		.ascii	"prio\000"
 1231      00
 1232              	.LASF18:
 1233 0005 49435052 		.ascii	"ICPR\000"
 1233      00
 1234              	.LASF46:
 1235 000a 474E5520 		.ascii	"GNU C 4.7.4 20130913 (prerelease)\000"
 1235      4320342E 
 1235      372E3420 
 1235      32303133 
 1235      30393133 
 1236              	.LASF38:
 1237 002c 4D4D4652 		.ascii	"MMFR\000"
 1237      00
 1238              	.LASF9:
 1239 0031 5F426F6F 		.ascii	"_Bool\000"
ARM GAS  /tmp/ccv5qkxF.s 			page 23


 1239      6C00
 1240              	.LASF44:
 1241 0037 6E766963 		.ascii	"nvicDisableVector\000"
 1241      44697361 
 1241      626C6556 
 1241      6563746F 
 1241      7200
 1242              	.LASF25:
 1243 0049 434D785F 		.ascii	"CMx_NVIC\000"
 1243      4E564943 
 1243      00
 1244              	.LASF28:
 1245 0052 56544F52 		.ascii	"VTOR\000"
 1245      00
 1246              	.LASF14:
 1247 0057 49434552 		.ascii	"ICER\000"
 1247      00
 1248              	.LASF11:
 1249 005c 494F5245 		.ascii	"IOREG32\000"
 1249      47333200 
 1250              	.LASF2:
 1251 0064 756E7369 		.ascii	"unsigned char\000"
 1251      676E6564 
 1251      20636861 
 1251      7200
 1252              	.LASF13:
 1253 0072 756E7573 		.ascii	"unused1\000"
 1253      65643100 
 1254              	.LASF15:
 1255 007a 756E7573 		.ascii	"unused2\000"
 1255      65643200 
 1256              	.LASF17:
 1257 0082 756E7573 		.ascii	"unused3\000"
 1257      65643300 
 1258              	.LASF19:
 1259 008a 756E7573 		.ascii	"unused4\000"
 1259      65643400 
 1260              	.LASF21:
 1261 0092 756E7573 		.ascii	"unused5\000"
 1261      65643500 
 1262              	.LASF22:
 1263 009a 756E7573 		.ascii	"unused6\000"
 1263      65643600 
 1264              	.LASF4:
 1265 00a2 73686F72 		.ascii	"short unsigned int\000"
 1265      7420756E 
 1265      7369676E 
 1265      65642069 
 1265      6E7400
 1266              	.LASF32:
 1267 00b5 43465352 		.ascii	"CFSR\000"
 1267      00
 1268              	.LASF33:
 1269 00ba 48465352 		.ascii	"HFSR\000"
 1269      00
 1270              	.LASF6:
 1271 00bf 6C6F6E67 		.ascii	"long unsigned int\000"
ARM GAS  /tmp/ccv5qkxF.s 			page 24


 1271      20756E73 
 1271      69676E65 
 1271      6420696E 
 1271      7400
 1272              	.LASF39:
 1273 00d1 43504143 		.ascii	"CPACR\000"
 1273      5200
 1274              	.LASF23:
 1275 00d7 53544952 		.ascii	"STIR\000"
 1275      00
 1276              	.LASF3:
 1277 00dc 73686F72 		.ascii	"short int\000"
 1277      7420696E 
 1277      7400
 1278              	.LASF0:
 1279 00e6 756E7369 		.ascii	"unsigned int\000"
 1279      676E6564 
 1279      20696E74 
 1279      00
 1280              	.LASF16:
 1281 00f3 49535052 		.ascii	"ISPR\000"
 1281      00
 1282              	.LASF34:
 1283 00f8 44465352 		.ascii	"DFSR\000"
 1283      00
 1284              	.LASF8:
 1285 00fd 6C6F6E67 		.ascii	"long long unsigned int\000"
 1285      206C6F6E 
 1285      6720756E 
 1285      7369676E 
 1285      65642069 
 1286              	.LASF27:
 1287 0114 49435352 		.ascii	"ICSR\000"
 1287      00
 1288              	.LASF40:
 1289 0119 434D785F 		.ascii	"CMx_SCB\000"
 1289      53434200 
 1290              	.LASF29:
 1291 0121 41495243 		.ascii	"AIRCR\000"
 1291      5200
 1292              	.LASF36:
 1293 0127 42464152 		.ascii	"BFAR\000"
 1293      00
 1294              	.LASF45:
 1295 012c 68616E64 		.ascii	"handler\000"
 1295      6C657200 
 1296              	.LASF24:
 1297 0134 73697A65 		.ascii	"sizetype\000"
 1297      74797065 
 1297      00
 1298              	.LASF7:
 1299 013d 6C6F6E67 		.ascii	"long long int\000"
 1299      206C6F6E 
 1299      6720696E 
 1299      7400
 1300              	.LASF26:
 1301 014b 43505549 		.ascii	"CPUID\000"
ARM GAS  /tmp/ccv5qkxF.s 			page 25


 1301      4400
 1302              	.LASF41:
 1303 0151 63686172 		.ascii	"char\000"
 1303      00
 1304              	.LASF47:
 1305 0156 2F686F6D 		.ascii	"/home/matt/arm_cortex/ChibiOS/os/ports/common/ARMCM"
 1305      652F6D61 
 1305      74742F61 
 1305      726D5F63 
 1305      6F727465 
 1306 0189 782F6E76 		.ascii	"x/nvic.c\000"
 1306      69632E63 
 1306      00
 1307              	.LASF12:
 1308 0192 49534552 		.ascii	"ISER\000"
 1308      00
 1309              	.LASF37:
 1310 0197 41465352 		.ascii	"AFSR\000"
 1310      00
 1311              	.LASF35:
 1312 019c 4D4D4641 		.ascii	"MMFAR\000"
 1312      5200
 1313              	.LASF31:
 1314 01a2 53484353 		.ascii	"SHCSR\000"
 1314      5200
 1315              	.LASF10:
 1316 01a8 75696E74 		.ascii	"uint32_t\000"
 1316      33325F74 
 1316      00
 1317              	.LASF5:
 1318 01b1 6C6F6E67 		.ascii	"long int\000"
 1318      20696E74 
 1318      00
 1319              	.LASF30:
 1320 01ba 53485052 		.ascii	"SHPR\000"
 1320      00
 1321              	.LASF1:
 1322 01bf 7369676E 		.ascii	"signed char\000"
 1322      65642063 
 1322      68617200 
 1323              	.LASF48:
 1324 01cb 6E766963 		.ascii	"nvicSetSystemHandlerPriority\000"
 1324      53657453 
 1324      79737465 
 1324      6D48616E 
 1324      646C6572 
 1325              	.LASF20:
 1326 01e8 49414252 		.ascii	"IABR\000"
 1326      00
 1327              	.LASF43:
 1328 01ed 6E766963 		.ascii	"nvicEnableVector\000"
 1328      456E6162 
 1328      6C655665 
 1328      63746F72 
 1328      00
 1329              		.ident	"GCC: (GNU Tools for ARM Embedded Processors / bleeding-edge-toolchain-131005) 4.7.4 201309
ARM GAS  /tmp/ccv5qkxF.s 			page 26


DEFINED SYMBOLS
                            *ABS*:0000000000000000 nvic.c
     /tmp/ccv5qkxF.s:18     .text.nvicEnableVector:0000000000000000 $t
     /tmp/ccv5qkxF.s:24     .text.nvicEnableVector:0000000000000000 nvicEnableVector
     /tmp/ccv5qkxF.s:86     .text.nvicEnableVector:0000000000000038 $d
     /tmp/ccv5qkxF.s:91     .text.nvicDisableVector:0000000000000000 $t
     /tmp/ccv5qkxF.s:97     .text.nvicDisableVector:0000000000000000 nvicDisableVector
     /tmp/ccv5qkxF.s:148    .text.nvicDisableVector:0000000000000030 $d
     /tmp/ccv5qkxF.s:153    .text.nvicSetSystemHandlerPriority:0000000000000000 $t
     /tmp/ccv5qkxF.s:159    .text.nvicSetSystemHandlerPriority:0000000000000000 nvicSetSystemHandlerPriority
     /tmp/ccv5qkxF.s:205    .text.nvicSetSystemHandlerPriority:0000000000000020 $d
                     .debug_frame:0000000000000010 $d
     /tmp/ccv5qkxF.s:90     .text.nvicEnableVector:000000000000003c $t
     /tmp/ccv5qkxF.s:152    .text.nvicDisableVector:0000000000000034 $t
     /tmp/ccv5qkxF.s:209    .text.nvicSetSystemHandlerPriority:0000000000000024 $t

NO UNDEFINED SYMBOLS
