ARM GAS  /tmp/ccjjBoks.s 			page 1


   1              		.cpu cortex-m0
   2              		.fpu softvfp
   3              		.eabi_attribute 20, 1
   4              		.eabi_attribute 21, 1
   5              		.eabi_attribute 23, 3
   6              		.eabi_attribute 24, 1
   7              		.eabi_attribute 25, 1
   8              		.eabi_attribute 26, 1
   9              		.eabi_attribute 30, 2
  10              		.eabi_attribute 34, 0
  11              		.eabi_attribute 18, 4
  12              		.code	16
  13              		.file	"pal_lld.c"
  14              		.text
  15              	.Ltext0:
  16              		.cfi_sections	.debug_frame
  17              		.section	.text._pal_lld_init,"ax",%progbits
  18              		.align	2
  19              		.p2align 4,,15
  20              		.global	_pal_lld_init
  21              		.code	16
  22              		.thumb_func
  23              		.type	_pal_lld_init, %function
  24              	_pal_lld_init:
  25              	.LFB41:
  26              		.file 1 "/home/matt/arm_cortex/ChibiOS/os/hal/platforms/STM32/GPIOv2/pal_lld.c"
  27              		.loc 1 104 0
  28              		.cfi_startproc
  29              	.LVL0:
  30              		.loc 1 113 0
  31 0000 2A4B     		ldr	r3, .L2
  32 0002 BC22     		mov	r2, #188
  33 0004 5969     		ldr	r1, [r3, #20]
  34 0006 D203     		lsl	r2, r2, #15
  35 0008 0A43     		orr	r2, r1
  36 000a 5A61     		str	r2, [r3, #20]
  37              	.LVL1:
  38              	.LBB12:
  39              	.LBB13:
  40              		.loc 1 79 0
  41 000c 4268     		ldr	r2, [r0, #4]
  42 000e 9023     		mov	r3, #144
  43 0010 D905     		lsl	r1, r3, #23
  44 0012 4A60     		str	r2, [r1, #4]
  45              		.loc 1 80 0
  46 0014 8368     		ldr	r3, [r0, #8]
  47              	.LBE13:
  48              	.LBE12:
  49              		.loc 1 143 0
  50              		@ sp needed for prologue
  51              	.LBB15:
  52              	.LBB14:
  53              		.loc 1 80 0
  54 0016 8B60     		str	r3, [r1, #8]
  55              		.loc 1 81 0
  56 0018 C268     		ldr	r2, [r0, #12]
  57 001a CA60     		str	r2, [r1, #12]
ARM GAS  /tmp/ccjjBoks.s 			page 2


  58              		.loc 1 82 0
  59 001c 0369     		ldr	r3, [r0, #16]
  60 001e 4B61     		str	r3, [r1, #20]
  61              		.loc 1 83 0
  62 0020 4269     		ldr	r2, [r0, #20]
  63 0022 0A62     		str	r2, [r1, #32]
  64              		.loc 1 84 0
  65 0024 8369     		ldr	r3, [r0, #24]
  66 0026 4B62     		str	r3, [r1, #36]
  67              		.loc 1 85 0
  68 0028 0268     		ldr	r2, [r0]
  69 002a 0A60     		str	r2, [r1]
  70              	.LVL2:
  71              	.LBE14:
  72              	.LBE15:
  73              	.LBB16:
  74              	.LBB17:
  75              		.loc 1 79 0
  76 002c 036A     		ldr	r3, [r0, #32]
  77 002e 2049     		ldr	r1, .L2+4
  78 0030 4B60     		str	r3, [r1, #4]
  79              		.loc 1 80 0
  80 0032 426A     		ldr	r2, [r0, #36]
  81 0034 8A60     		str	r2, [r1, #8]
  82              		.loc 1 81 0
  83 0036 836A     		ldr	r3, [r0, #40]
  84 0038 CB60     		str	r3, [r1, #12]
  85              		.loc 1 82 0
  86 003a C26A     		ldr	r2, [r0, #44]
  87 003c 4A61     		str	r2, [r1, #20]
  88              		.loc 1 83 0
  89 003e 036B     		ldr	r3, [r0, #48]
  90 0040 0B62     		str	r3, [r1, #32]
  91              		.loc 1 84 0
  92 0042 426B     		ldr	r2, [r0, #52]
  93 0044 4A62     		str	r2, [r1, #36]
  94              		.loc 1 85 0
  95 0046 C369     		ldr	r3, [r0, #28]
  96 0048 0B60     		str	r3, [r1]
  97              	.LVL3:
  98              	.LBE17:
  99              	.LBE16:
 100              	.LBB18:
 101              	.LBB19:
 102              		.loc 1 79 0
 103 004a C26B     		ldr	r2, [r0, #60]
 104 004c 1949     		ldr	r1, .L2+8
 105 004e 4A60     		str	r2, [r1, #4]
 106              		.loc 1 80 0
 107 0050 036C     		ldr	r3, [r0, #64]
 108 0052 8B60     		str	r3, [r1, #8]
 109              		.loc 1 81 0
 110 0054 426C     		ldr	r2, [r0, #68]
 111 0056 CA60     		str	r2, [r1, #12]
 112              		.loc 1 82 0
 113 0058 836C     		ldr	r3, [r0, #72]
 114 005a 4B61     		str	r3, [r1, #20]
ARM GAS  /tmp/ccjjBoks.s 			page 3


 115              		.loc 1 83 0
 116 005c C26C     		ldr	r2, [r0, #76]
 117 005e 0A62     		str	r2, [r1, #32]
 118              		.loc 1 84 0
 119 0060 036D     		ldr	r3, [r0, #80]
 120 0062 4B62     		str	r3, [r1, #36]
 121              		.loc 1 85 0
 122 0064 826B     		ldr	r2, [r0, #56]
 123 0066 0A60     		str	r2, [r1]
 124              	.LVL4:
 125              	.LBE19:
 126              	.LBE18:
 127              	.LBB20:
 128              	.LBB21:
 129              		.loc 1 79 0
 130 0068 836D     		ldr	r3, [r0, #88]
 131 006a 1349     		ldr	r1, .L2+12
 132 006c 4B60     		str	r3, [r1, #4]
 133              		.loc 1 80 0
 134 006e C26D     		ldr	r2, [r0, #92]
 135 0070 8A60     		str	r2, [r1, #8]
 136              		.loc 1 81 0
 137 0072 036E     		ldr	r3, [r0, #96]
 138 0074 CB60     		str	r3, [r1, #12]
 139              		.loc 1 82 0
 140 0076 426E     		ldr	r2, [r0, #100]
 141 0078 4A61     		str	r2, [r1, #20]
 142              		.loc 1 83 0
 143 007a 836E     		ldr	r3, [r0, #104]
 144 007c 0B62     		str	r3, [r1, #32]
 145              		.loc 1 84 0
 146 007e C26E     		ldr	r2, [r0, #108]
 147 0080 4A62     		str	r2, [r1, #36]
 148              		.loc 1 85 0
 149 0082 436D     		ldr	r3, [r0, #84]
 150 0084 0B60     		str	r3, [r1]
 151              	.LVL5:
 152              	.LBE21:
 153              	.LBE20:
 154              	.LBB22:
 155              	.LBB23:
 156              		.loc 1 79 0
 157 0086 426F     		ldr	r2, [r0, #116]
 158 0088 0C49     		ldr	r1, .L2+16
 159 008a 4A60     		str	r2, [r1, #4]
 160              		.loc 1 80 0
 161 008c 836F     		ldr	r3, [r0, #120]
 162 008e 8B60     		str	r3, [r1, #8]
 163              		.loc 1 81 0
 164 0090 C26F     		ldr	r2, [r0, #124]
 165              		.loc 1 82 0
 166 0092 8023     		mov	r3, #128
 167              		.loc 1 81 0
 168 0094 CA60     		str	r2, [r1, #12]
 169              		.loc 1 82 0
 170 0096 C258     		ldr	r2, [r0, r3]
 171              		.loc 1 83 0
ARM GAS  /tmp/ccjjBoks.s 			page 4


 172 0098 8423     		mov	r3, #132
 173              		.loc 1 82 0
 174 009a 4A61     		str	r2, [r1, #20]
 175              		.loc 1 83 0
 176 009c C258     		ldr	r2, [r0, r3]
 177              		.loc 1 84 0
 178 009e 8823     		mov	r3, #136
 179              		.loc 1 83 0
 180 00a0 0A62     		str	r2, [r1, #32]
 181              		.loc 1 84 0
 182 00a2 C258     		ldr	r2, [r0, r3]
 183 00a4 4A62     		str	r2, [r1, #36]
 184              		.loc 1 85 0
 185 00a6 006F     		ldr	r0, [r0, #112]
 186              	.LVL6:
 187 00a8 0860     		str	r0, [r1]
 188              	.LBE23:
 189              	.LBE22:
 190              		.loc 1 143 0
 191 00aa 7047     		bx	lr
 192              	.L3:
 193              		.align	2
 194              	.L2:
 195 00ac 00100240 		.word	1073876992
 196 00b0 00040048 		.word	1207960576
 197 00b4 00080048 		.word	1207961600
 198 00b8 000C0048 		.word	1207962624
 199 00bc 00140048 		.word	1207964672
 200              		.cfi_endproc
 201              	.LFE41:
 202              		.size	_pal_lld_init, .-_pal_lld_init
 203              		.section	.text._pal_lld_setgroupmode,"ax",%progbits
 204              		.align	2
 205              		.p2align 4,,15
 206              		.global	_pal_lld_setgroupmode
 207              		.code	16
 208              		.thumb_func
 209              		.type	_pal_lld_setgroupmode, %function
 210              	_pal_lld_setgroupmode:
 211              	.LFB42:
 212              		.loc 1 161 0
 213              		.cfi_startproc
 214              	.LVL7:
 215 0000 F0B5     		push	{r4, r5, r6, r7, lr}
 216              	.LCFI0:
 217              		.cfi_def_cfa_offset 20
 218              		.cfi_offset 4, -20
 219              		.cfi_offset 5, -16
 220              		.cfi_offset 6, -12
 221              		.cfi_offset 7, -8
 222              		.cfi_offset 14, -4
 223 0002 5646     		mov	r6, sl
 224 0004 4D46     		mov	r5, r9
 225 0006 5F46     		mov	r7, fp
 226 0008 4446     		mov	r4, r8
 227 000a F0B4     		push	{r4, r5, r6, r7}
 228              	.LCFI1:
ARM GAS  /tmp/ccjjBoks.s 			page 5


 229              		.cfi_def_cfa_offset 36
 230              		.cfi_offset 8, -36
 231              		.cfi_offset 9, -32
 232              		.cfi_offset 10, -28
 233              		.cfi_offset 11, -24
 234              		.loc 1 163 0
 235 000c 0327     		mov	r7, #3
 236              		.loc 1 164 0
 237 000e 5607     		lsl	r6, r2, #29
 238              		.loc 1 165 0
 239 0010 D506     		lsl	r5, r2, #27
 240              		.loc 1 166 0
 241 0012 5406     		lsl	r4, r2, #25
 242              		.loc 1 163 0
 243 0014 1740     		and	r7, r2
 244              	.LVL8:
 245              		.loc 1 167 0
 246 0016 5205     		lsl	r2, r2, #21
 247              	.LVL9:
 248 0018 130F     		lsr	r3, r2, #28
 249              		.loc 1 161 0
 250 001a 83B0     		sub	sp, sp, #12
 251              	.LCFI2:
 252              		.cfi_def_cfa_offset 48
 253              		.loc 1 166 0
 254 001c A40F     		lsr	r4, r4, #30
 255              		.loc 1 167 0
 256 001e 9A46     		mov	sl, r3
 257              		.loc 1 168 0
 258 0020 0022     		mov	r2, #0
 259              	.LBB24:
 260              		.loc 1 173 0
 261 0022 0723     		mov	r3, #7
 262 0024 9946     		mov	r9, r3
 263              	.LBE24:
 264              		.loc 1 164 0
 265 0026 F60F     		lsr	r6, r6, #31
 266              	.LVL10:
 267              		.loc 1 165 0
 268 0028 AD0F     		lsr	r5, r5, #30
 269              	.LVL11:
 270              	.LBB25:
 271              		.loc 1 181 0
 272 002a 0194     		str	r4, [sp, #4]
 273 002c 131C     		mov	r3, r2
 274 002e 2DE0     		b	.L9
 275              	.LVL12:
 276              	.L14:
 277              		.loc 1 176 0
 278 0030 026A     		ldr	r2, [r0, #32]
 279 0032 A243     		bic	r2, r4
 280 0034 4446     		mov	r4, r8
 281              	.LVL13:
 282 0036 2243     		orr	r2, r4
 283 0038 0262     		str	r2, [r0, #32]
 284              	.L7:
 285              	.LVL14:
ARM GAS  /tmp/ccjjBoks.s 			page 6


 286              		.loc 1 180 0
 287 003a 4268     		ldr	r2, [r0, #4]
 288 003c 9046     		mov	r8, r2
 289              	.LVL15:
 290              		.loc 1 179 0
 291 003e 0122     		mov	r2, #1
 292 0040 9A40     		lsl	r2, r2, r3
 293              	.LVL16:
 294              		.loc 1 180 0
 295 0042 4446     		mov	r4, r8
 296 0044 9443     		bic	r4, r2
 297 0046 3443     		orr	r4, r6
 298 0048 4460     		str	r4, [r0, #4]
 299              	.LVL17:
 300              		.loc 1 182 0
 301 004a 8268     		ldr	r2, [r0, #8]
 302              	.LVL18:
 303              		.loc 1 159 0
 304 004c 5C00     		lsl	r4, r3, #1
 305              		.loc 1 182 0
 306 004e 9346     		mov	fp, r2
 307              		.loc 1 181 0
 308 0050 0322     		mov	r2, #3
 309 0052 A240     		lsl	r2, r2, r4
 310              	.LVL19:
 311              		.loc 1 182 0
 312 0054 D243     		mvn	r2, r2
 313              	.LVL20:
 314 0056 5C46     		mov	r4, fp
 315 0058 1440     		and	r4, r2
 316 005a 2C43     		orr	r4, r5
 317 005c 8460     		str	r4, [r0, #8]
 318 005e 9446     		mov	ip, r2
 319              	.LVL21:
 320              		.loc 1 183 0
 321 0060 C268     		ldr	r2, [r0, #12]
 322              	.LVL22:
 323 0062 141C     		mov	r4, r2
 324 0064 6246     		mov	r2, ip
 325 0066 1440     		and	r4, r2
 326 0068 019A     		ldr	r2, [sp, #4]
 327 006a 1443     		orr	r4, r2
 328 006c C460     		str	r4, [r0, #12]
 329              		.loc 1 184 0
 330 006e 0468     		ldr	r4, [r0]
 331 0070 221C     		mov	r2, r4
 332 0072 6446     		mov	r4, ip
 333 0074 2240     		and	r2, r4
 334 0076 3A43     		orr	r2, r7
 335 0078 0260     		str	r2, [r0]
 336              	.LVL23:
 337              	.L5:
 338              	.LBE25:
 339              		.loc 1 186 0
 340 007a 4908     		lsr	r1, r1, #1
 341              	.LVL24:
 342              		.loc 1 187 0
ARM GAS  /tmp/ccjjBoks.s 			page 7


 343 007c 1CD0     		beq	.L4
 344              		.loc 1 191 0
 345 007e 019A     		ldr	r2, [sp, #4]
 346              		.loc 1 189 0
 347 0080 7600     		lsl	r6, r6, #1
 348              	.LVL25:
 349              		.loc 1 191 0
 350 0082 9400     		lsl	r4, r2, #2
 351              		.loc 1 190 0
 352 0084 AD00     		lsl	r5, r5, #2
 353              	.LVL26:
 354              		.loc 1 191 0
 355 0086 0194     		str	r4, [sp, #4]
 356              	.LVL27:
 357              		.loc 1 192 0
 358 0088 BF00     		lsl	r7, r7, #2
 359              	.LVL28:
 360              		.loc 1 193 0
 361 008a 0133     		add	r3, r3, #1
 362              	.LVL29:
 363              	.L9:
 364              		.loc 1 170 0
 365 008c 0124     		mov	r4, #1
 366 008e 0C42     		tst	r4, r1
 367 0090 F3D0     		beq	.L5
 368              	.LBB26:
 369              		.loc 1 173 0
 370 0092 4A46     		mov	r2, r9
 371 0094 1A40     		and	r2, r3
 372 0096 9200     		lsl	r2, r2, #2
 373 0098 5446     		mov	r4, sl
 374 009a 9440     		lsl	r4, r4, r2
 375 009c A046     		mov	r8, r4
 376              	.LVL30:
 377              		.loc 1 174 0
 378 009e 0F24     		mov	r4, #15
 379              	.LVL31:
 380 00a0 9440     		lsl	r4, r4, r2
 381 00a2 A446     		mov	ip, r4
 382              	.LVL32:
 383              		.loc 1 175 0
 384 00a4 072B     		cmp	r3, #7
 385 00a6 C3D9     		bls	.L14
 386              		.loc 1 178 0
 387 00a8 426A     		ldr	r2, [r0, #36]
 388 00aa 141C     		mov	r4, r2
 389              	.LVL33:
 390 00ac 6246     		mov	r2, ip
 391 00ae 9443     		bic	r4, r2
 392 00b0 4246     		mov	r2, r8
 393 00b2 1443     		orr	r4, r2
 394 00b4 4462     		str	r4, [r0, #36]
 395 00b6 C0E7     		b	.L7
 396              	.LVL34:
 397              	.L4:
 398              	.LBE26:
 399              		.loc 1 195 0
ARM GAS  /tmp/ccjjBoks.s 			page 8


 400 00b8 03B0     		add	sp, sp, #12
 401              		@ sp needed for prologue
 402              	.LVL35:
 403              	.LVL36:
 404              	.LVL37:
 405              	.LVL38:
 406 00ba 3CBC     		pop	{r2, r3, r4, r5}
 407 00bc 9046     		mov	r8, r2
 408 00be 9946     		mov	r9, r3
 409 00c0 A246     		mov	sl, r4
 410 00c2 AB46     		mov	fp, r5
 411 00c4 F0BD     		pop	{r4, r5, r6, r7, pc}
 412              		.cfi_endproc
 413              	.LFE42:
 414              		.size	_pal_lld_setgroupmode, .-_pal_lld_setgroupmode
 415 00c6 C046C046 		.text
 415      C046C046 
 415      C046
 416              	.Letext0:
 417              		.file 2 "/home/matt/arm_cortex/gcc-arm-none-eabi/bin/../lib/gcc/arm-none-eabi/4.7.4/../../../../ar
 418              		.file 3 "/home/matt/arm_cortex/ChibiOS/os/hal/platforms/STM32F0xx/stm32f0xx.h"
 419              		.file 4 "/home/matt/arm_cortex/ChibiOS/os/hal/platforms/STM32/GPIOv2/pal_lld.h"
 420              		.section	.debug_info,"",%progbits
 421              	.Ldebug_info0:
 422 0000 53050000 		.4byte	0x553
 423 0004 0200     		.2byte	0x2
 424 0006 00000000 		.4byte	.Ldebug_abbrev0
 425 000a 04       		.byte	0x4
 426 000b 01       		.uleb128 0x1
 427 000c 8B000000 		.4byte	.LASF58
 428 0010 01       		.byte	0x1
 429 0011 E5010000 		.4byte	.LASF59
 430 0015 38000000 		.4byte	.Ldebug_ranges0+0x38
 431 0019 00000000 		.4byte	0
 432 001d 00000000 		.4byte	0
 433 0021 00000000 		.4byte	.Ldebug_line0
 434 0025 02       		.uleb128 0x2
 435 0026 04       		.byte	0x4
 436 0027 05       		.byte	0x5
 437 0028 696E7400 		.ascii	"int\000"
 438 002c 03       		.uleb128 0x3
 439 002d 04       		.byte	0x4
 440 002e 07       		.byte	0x7
 441 002f 81010000 		.4byte	.LASF0
 442 0033 03       		.uleb128 0x3
 443 0034 01       		.byte	0x1
 444 0035 06       		.byte	0x6
 445 0036 55010000 		.4byte	.LASF1
 446 003a 03       		.uleb128 0x3
 447 003b 01       		.byte	0x1
 448 003c 08       		.byte	0x8
 449 003d 3F010000 		.4byte	.LASF2
 450 0041 03       		.uleb128 0x3
 451 0042 02       		.byte	0x2
 452 0043 05       		.byte	0x5
 453 0044 64000000 		.4byte	.LASF3
 454 0048 04       		.uleb128 0x4
ARM GAS  /tmp/ccjjBoks.s 			page 9


 455 0049 D2010000 		.4byte	.LASF6
 456 004d 02       		.byte	0x2
 457 004e 36       		.byte	0x36
 458 004f 53000000 		.4byte	0x53
 459 0053 03       		.uleb128 0x3
 460 0054 02       		.byte	0x2
 461 0055 07       		.byte	0x7
 462 0056 AD010000 		.4byte	.LASF4
 463 005a 03       		.uleb128 0x3
 464 005b 04       		.byte	0x4
 465 005c 05       		.byte	0x5
 466 005d F7000000 		.4byte	.LASF5
 467 0061 04       		.uleb128 0x4
 468 0062 78010000 		.4byte	.LASF7
 469 0066 02       		.byte	0x2
 470 0067 50       		.byte	0x50
 471 0068 6C000000 		.4byte	0x6c
 472 006c 03       		.uleb128 0x3
 473 006d 04       		.byte	0x4
 474 006e 07       		.byte	0x7
 475 006f 43020000 		.4byte	.LASF8
 476 0073 03       		.uleb128 0x3
 477 0074 08       		.byte	0x8
 478 0075 05       		.byte	0x5
 479 0076 DB000000 		.4byte	.LASF9
 480 007a 03       		.uleb128 0x3
 481 007b 08       		.byte	0x8
 482 007c 07       		.byte	0x7
 483 007d 61010000 		.4byte	.LASF10
 484 0081 03       		.uleb128 0x3
 485 0082 01       		.byte	0x1
 486 0083 02       		.byte	0x2
 487 0084 2B020000 		.4byte	.LASF11
 488 0088 05       		.uleb128 0x5
 489 0089 61000000 		.4byte	0x61
 490 008d 03       		.uleb128 0x3
 491 008e 04       		.byte	0x4
 492 008f 07       		.byte	0x7
 493 0090 77000000 		.4byte	.LASF12
 494 0094 03       		.uleb128 0x3
 495 0095 01       		.byte	0x1
 496 0096 08       		.byte	0x8
 497 0097 CD010000 		.4byte	.LASF13
 498 009b 06       		.uleb128 0x6
 499 009c 38       		.byte	0x38
 500 009d 03       		.byte	0x3
 501 009e DC01     		.2byte	0x1dc
 502 00a0 76010000 		.4byte	0x176
 503 00a4 07       		.uleb128 0x7
 504 00a5 435200   		.ascii	"CR\000"
 505 00a8 03       		.byte	0x3
 506 00a9 DE01     		.2byte	0x1de
 507 00ab 88000000 		.4byte	0x88
 508 00af 02       		.byte	0x2
 509 00b0 23       		.byte	0x23
 510 00b1 00       		.uleb128 0
 511 00b2 08       		.uleb128 0x8
ARM GAS  /tmp/ccjjBoks.s 			page 10


 512 00b3 B9000000 		.4byte	.LASF14
 513 00b7 03       		.byte	0x3
 514 00b8 DF01     		.2byte	0x1df
 515 00ba 88000000 		.4byte	0x88
 516 00be 02       		.byte	0x2
 517 00bf 23       		.byte	0x23
 518 00c0 04       		.uleb128 0x4
 519 00c1 07       		.uleb128 0x7
 520 00c2 43495200 		.ascii	"CIR\000"
 521 00c6 03       		.byte	0x3
 522 00c7 E001     		.2byte	0x1e0
 523 00c9 88000000 		.4byte	0x88
 524 00cd 02       		.byte	0x2
 525 00ce 23       		.byte	0x23
 526 00cf 08       		.uleb128 0x8
 527 00d0 08       		.uleb128 0x8
 528 00d1 25010000 		.4byte	.LASF15
 529 00d5 03       		.byte	0x3
 530 00d6 E101     		.2byte	0x1e1
 531 00d8 88000000 		.4byte	0x88
 532 00dc 02       		.byte	0x2
 533 00dd 23       		.byte	0x23
 534 00de 0C       		.uleb128 0xc
 535 00df 08       		.uleb128 0x8
 536 00e0 2A000000 		.4byte	.LASF16
 537 00e4 03       		.byte	0x3
 538 00e5 E201     		.2byte	0x1e2
 539 00e7 88000000 		.4byte	0x88
 540 00eb 02       		.byte	0x2
 541 00ec 23       		.byte	0x23
 542 00ed 10       		.uleb128 0x10
 543 00ee 08       		.uleb128 0x8
 544 00ef 18010000 		.4byte	.LASF17
 545 00f3 03       		.byte	0x3
 546 00f4 E301     		.2byte	0x1e3
 547 00f6 88000000 		.4byte	0x88
 548 00fa 02       		.byte	0x2
 549 00fb 23       		.byte	0x23
 550 00fc 14       		.uleb128 0x14
 551 00fd 08       		.uleb128 0x8
 552 00fe 4D010000 		.4byte	.LASF18
 553 0102 03       		.byte	0x3
 554 0103 E401     		.2byte	0x1e4
 555 0105 88000000 		.4byte	0x88
 556 0109 02       		.byte	0x2
 557 010a 23       		.byte	0x23
 558 010b 18       		.uleb128 0x18
 559 010c 08       		.uleb128 0x8
 560 010d C5000000 		.4byte	.LASF19
 561 0111 03       		.byte	0x3
 562 0112 E501     		.2byte	0x1e5
 563 0114 88000000 		.4byte	0x88
 564 0118 02       		.byte	0x2
 565 0119 23       		.byte	0x23
 566 011a 1C       		.uleb128 0x1c
 567 011b 08       		.uleb128 0x8
 568 011c 80000000 		.4byte	.LASF20
ARM GAS  /tmp/ccjjBoks.s 			page 11


 569 0120 03       		.byte	0x3
 570 0121 E601     		.2byte	0x1e6
 571 0123 88000000 		.4byte	0x88
 572 0127 02       		.byte	0x2
 573 0128 23       		.byte	0x23
 574 0129 20       		.uleb128 0x20
 575 012a 07       		.uleb128 0x7
 576 012b 43535200 		.ascii	"CSR\000"
 577 012f 03       		.byte	0x3
 578 0130 E701     		.2byte	0x1e7
 579 0132 88000000 		.4byte	0x88
 580 0136 02       		.byte	0x2
 581 0137 23       		.byte	0x23
 582 0138 24       		.uleb128 0x24
 583 0139 08       		.uleb128 0x8
 584 013a 65020000 		.4byte	.LASF21
 585 013e 03       		.byte	0x3
 586 013f E801     		.2byte	0x1e8
 587 0141 88000000 		.4byte	0x88
 588 0145 02       		.byte	0x2
 589 0146 23       		.byte	0x23
 590 0147 28       		.uleb128 0x28
 591 0148 08       		.uleb128 0x8
 592 0149 8E010000 		.4byte	.LASF22
 593 014d 03       		.byte	0x3
 594 014e E901     		.2byte	0x1e9
 595 0150 88000000 		.4byte	0x88
 596 0154 02       		.byte	0x2
 597 0155 23       		.byte	0x23
 598 0156 2C       		.uleb128 0x2c
 599 0157 08       		.uleb128 0x8
 600 0158 94010000 		.4byte	.LASF23
 601 015c 03       		.byte	0x3
 602 015d EA01     		.2byte	0x1ea
 603 015f 88000000 		.4byte	0x88
 604 0163 02       		.byte	0x2
 605 0164 23       		.byte	0x23
 606 0165 30       		.uleb128 0x30
 607 0166 07       		.uleb128 0x7
 608 0167 43523200 		.ascii	"CR2\000"
 609 016b 03       		.byte	0x3
 610 016c EB01     		.2byte	0x1eb
 611 016e 88000000 		.4byte	0x88
 612 0172 02       		.byte	0x2
 613 0173 23       		.byte	0x23
 614 0174 34       		.uleb128 0x34
 615 0175 00       		.byte	0
 616 0176 09       		.uleb128 0x9
 617 0177 07010000 		.4byte	.LASF24
 618 017b 03       		.byte	0x3
 619 017c EC01     		.2byte	0x1ec
 620 017e 9B000000 		.4byte	0x9b
 621 0182 0A       		.uleb128 0xa
 622 0183 04       		.byte	0x4
 623 0184 04       		.byte	0x4
 624 0185 96       		.byte	0x96
 625 0186 A7010000 		.4byte	0x1a7
ARM GAS  /tmp/ccjjBoks.s 			page 12


 626 018a 0B       		.uleb128 0xb
 627 018b 73657400 		.ascii	"set\000"
 628 018f 04       		.byte	0x4
 629 0190 97       		.byte	0x97
 630 0191 48000000 		.4byte	0x48
 631 0195 02       		.byte	0x2
 632 0196 23       		.byte	0x23
 633 0197 00       		.uleb128 0
 634 0198 0C       		.uleb128 0xc
 635 0199 2E010000 		.4byte	.LASF25
 636 019d 04       		.byte	0x4
 637 019e 98       		.byte	0x98
 638 019f 48000000 		.4byte	0x48
 639 01a3 02       		.byte	0x2
 640 01a4 23       		.byte	0x23
 641 01a5 02       		.uleb128 0x2
 642 01a6 00       		.byte	0
 643 01a7 0D       		.uleb128 0xd
 644 01a8 04       		.byte	0x4
 645 01a9 04       		.byte	0x4
 646 01aa 94       		.byte	0x94
 647 01ab C2010000 		.4byte	0x1c2
 648 01af 0E       		.uleb128 0xe
 649 01b0 5700     		.ascii	"W\000"
 650 01b2 04       		.byte	0x4
 651 01b3 95       		.byte	0x95
 652 01b4 61000000 		.4byte	0x61
 653 01b8 0E       		.uleb128 0xe
 654 01b9 4800     		.ascii	"H\000"
 655 01bb 04       		.byte	0x4
 656 01bc 99       		.byte	0x99
 657 01bd 82010000 		.4byte	0x182
 658 01c1 00       		.byte	0
 659 01c2 0A       		.uleb128 0xa
 660 01c3 28       		.byte	0x28
 661 01c4 04       		.byte	0x4
 662 01c5 8C       		.byte	0x8c
 663 01c6 57020000 		.4byte	0x257
 664 01ca 0C       		.uleb128 0xc
 665 01cb 1F010000 		.4byte	.LASF26
 666 01cf 04       		.byte	0x4
 667 01d0 8E       		.byte	0x8e
 668 01d1 88000000 		.4byte	0x88
 669 01d5 02       		.byte	0x2
 670 01d6 23       		.byte	0x23
 671 01d7 00       		.uleb128 0
 672 01d8 0C       		.uleb128 0xc
 673 01d9 CD000000 		.4byte	.LASF27
 674 01dd 04       		.byte	0x4
 675 01de 8F       		.byte	0x8f
 676 01df 88000000 		.4byte	0x88
 677 01e3 02       		.byte	0x2
 678 01e4 23       		.byte	0x23
 679 01e5 04       		.uleb128 0x4
 680 01e6 0C       		.uleb128 0xc
 681 01e7 3B020000 		.4byte	.LASF28
 682 01eb 04       		.byte	0x4
ARM GAS  /tmp/ccjjBoks.s 			page 13


 683 01ec 90       		.byte	0x90
 684 01ed 88000000 		.4byte	0x88
 685 01f1 02       		.byte	0x2
 686 01f2 23       		.byte	0x23
 687 01f3 08       		.uleb128 0x8
 688 01f4 0C       		.uleb128 0xc
 689 01f5 E9000000 		.4byte	.LASF29
 690 01f9 04       		.byte	0x4
 691 01fa 91       		.byte	0x91
 692 01fb 88000000 		.4byte	0x88
 693 01ff 02       		.byte	0x2
 694 0200 23       		.byte	0x23
 695 0201 0C       		.uleb128 0xc
 696 0202 0B       		.uleb128 0xb
 697 0203 49445200 		.ascii	"IDR\000"
 698 0207 04       		.byte	0x4
 699 0208 92       		.byte	0x92
 700 0209 88000000 		.4byte	0x88
 701 020d 02       		.byte	0x2
 702 020e 23       		.byte	0x23
 703 020f 10       		.uleb128 0x10
 704 0210 0B       		.uleb128 0xb
 705 0211 4F445200 		.ascii	"ODR\000"
 706 0215 04       		.byte	0x4
 707 0216 93       		.byte	0x93
 708 0217 88000000 		.4byte	0x88
 709 021b 02       		.byte	0x2
 710 021c 23       		.byte	0x23
 711 021d 14       		.uleb128 0x14
 712 021e 0C       		.uleb128 0xc
 713 021f 13010000 		.4byte	.LASF30
 714 0223 04       		.byte	0x4
 715 0224 9A       		.byte	0x9a
 716 0225 57020000 		.4byte	0x257
 717 0229 02       		.byte	0x2
 718 022a 23       		.byte	0x23
 719 022b 18       		.uleb128 0x18
 720 022c 0C       		.uleb128 0xc
 721 022d 7F020000 		.4byte	.LASF31
 722 0231 04       		.byte	0x4
 723 0232 9B       		.byte	0x9b
 724 0233 88000000 		.4byte	0x88
 725 0237 02       		.byte	0x2
 726 0238 23       		.byte	0x23
 727 0239 1C       		.uleb128 0x1c
 728 023a 0C       		.uleb128 0xc
 729 023b A8010000 		.4byte	.LASF32
 730 023f 04       		.byte	0x4
 731 0240 9C       		.byte	0x9c
 732 0241 88000000 		.4byte	0x88
 733 0245 02       		.byte	0x2
 734 0246 23       		.byte	0x23
 735 0247 20       		.uleb128 0x20
 736 0248 0C       		.uleb128 0xc
 737 0249 A3010000 		.4byte	.LASF33
 738 024d 04       		.byte	0x4
 739 024e 9D       		.byte	0x9d
ARM GAS  /tmp/ccjjBoks.s 			page 14


 740 024f 88000000 		.4byte	0x88
 741 0253 02       		.byte	0x2
 742 0254 23       		.byte	0x23
 743 0255 24       		.uleb128 0x24
 744 0256 00       		.byte	0
 745 0257 05       		.uleb128 0x5
 746 0258 A7010000 		.4byte	0x1a7
 747 025c 04       		.uleb128 0x4
 748 025d 00000000 		.4byte	.LASF34
 749 0261 04       		.byte	0x4
 750 0262 9E       		.byte	0x9e
 751 0263 C2010000 		.4byte	0x1c2
 752 0267 0A       		.uleb128 0xa
 753 0268 1C       		.byte	0x1c
 754 0269 04       		.byte	0x4
 755 026a A3       		.byte	0xa3
 756 026b D2020000 		.4byte	0x2d2
 757 026f 0C       		.uleb128 0xc
 758 0270 72020000 		.4byte	.LASF35
 759 0274 04       		.byte	0x4
 760 0275 A5       		.byte	0xa5
 761 0276 61000000 		.4byte	0x61
 762 027a 02       		.byte	0x2
 763 027b 23       		.byte	0x23
 764 027c 00       		.uleb128 0
 765 027d 0C       		.uleb128 0xc
 766 027e BE000000 		.4byte	.LASF36
 767 0282 04       		.byte	0x4
 768 0283 A7       		.byte	0xa7
 769 0284 61000000 		.4byte	0x61
 770 0288 02       		.byte	0x2
 771 0289 23       		.byte	0x23
 772 028a 04       		.uleb128 0x4
 773 028b 0C       		.uleb128 0xc
 774 028c EF000000 		.4byte	.LASF37
 775 0290 04       		.byte	0x4
 776 0291 A9       		.byte	0xa9
 777 0292 61000000 		.4byte	0x61
 778 0296 02       		.byte	0x2
 779 0297 23       		.byte	0x23
 780 0298 08       		.uleb128 0x8
 781 0299 0C       		.uleb128 0xc
 782 029a 5A020000 		.4byte	.LASF38
 783 029e 04       		.byte	0x4
 784 029f AB       		.byte	0xab
 785 02a0 61000000 		.4byte	0x61
 786 02a4 02       		.byte	0x2
 787 02a5 23       		.byte	0x23
 788 02a6 0C       		.uleb128 0xc
 789 02a7 0B       		.uleb128 0xb
 790 02a8 6F647200 		.ascii	"odr\000"
 791 02ac 04       		.byte	0x4
 792 02ad AD       		.byte	0xad
 793 02ae 61000000 		.4byte	0x61
 794 02b2 02       		.byte	0x2
 795 02b3 23       		.byte	0x23
 796 02b4 10       		.uleb128 0x10
ARM GAS  /tmp/ccjjBoks.s 			page 15


 797 02b5 0C       		.uleb128 0xc
 798 02b6 6D020000 		.4byte	.LASF39
 799 02ba 04       		.byte	0x4
 800 02bb AF       		.byte	0xaf
 801 02bc 61000000 		.4byte	0x61
 802 02c0 02       		.byte	0x2
 803 02c1 23       		.byte	0x23
 804 02c2 14       		.uleb128 0x14
 805 02c3 0C       		.uleb128 0xc
 806 02c4 60020000 		.4byte	.LASF40
 807 02c8 04       		.byte	0x4
 808 02c9 B1       		.byte	0xb1
 809 02ca 61000000 		.4byte	0x61
 810 02ce 02       		.byte	0x2
 811 02cf 23       		.byte	0x23
 812 02d0 18       		.uleb128 0x18
 813 02d1 00       		.byte	0
 814 02d2 04       		.uleb128 0x4
 815 02d3 4A000000 		.4byte	.LASF41
 816 02d7 04       		.byte	0x4
 817 02d8 B2       		.byte	0xb2
 818 02d9 67020000 		.4byte	0x267
 819 02dd 0A       		.uleb128 0xa
 820 02de 8C       		.byte	0x8c
 821 02df 04       		.byte	0x4
 822 02e0 BB       		.byte	0xbb
 823 02e1 2C030000 		.4byte	0x32c
 824 02e5 0C       		.uleb128 0xc
 825 02e6 D4000000 		.4byte	.LASF42
 826 02ea 04       		.byte	0x4
 827 02eb BD       		.byte	0xbd
 828 02ec D2020000 		.4byte	0x2d2
 829 02f0 02       		.byte	0x2
 830 02f1 23       		.byte	0x23
 831 02f2 00       		.uleb128 0
 832 02f3 0C       		.uleb128 0xc
 833 02f4 78020000 		.4byte	.LASF43
 834 02f8 04       		.byte	0x4
 835 02f9 BF       		.byte	0xbf
 836 02fa D2020000 		.4byte	0x2d2
 837 02fe 02       		.byte	0x2
 838 02ff 23       		.byte	0x23
 839 0300 1C       		.uleb128 0x1c
 840 0301 0C       		.uleb128 0xc
 841 0302 0D000000 		.4byte	.LASF44
 842 0306 04       		.byte	0x4
 843 0307 C1       		.byte	0xc1
 844 0308 D2020000 		.4byte	0x2d2
 845 030c 02       		.byte	0x2
 846 030d 23       		.byte	0x23
 847 030e 38       		.uleb128 0x38
 848 030f 0C       		.uleb128 0xc
 849 0310 00010000 		.4byte	.LASF45
 850 0314 04       		.byte	0x4
 851 0315 C3       		.byte	0xc3
 852 0316 D2020000 		.4byte	0x2d2
 853 031a 02       		.byte	0x2
ARM GAS  /tmp/ccjjBoks.s 			page 16


 854 031b 23       		.byte	0x23
 855 031c 54       		.uleb128 0x54
 856 031d 0C       		.uleb128 0xc
 857 031e 5D000000 		.4byte	.LASF46
 858 0322 04       		.byte	0x4
 859 0323 CA       		.byte	0xca
 860 0324 D2020000 		.4byte	0x2d2
 861 0328 02       		.byte	0x2
 862 0329 23       		.byte	0x23
 863 032a 70       		.uleb128 0x70
 864 032b 00       		.byte	0
 865 032c 04       		.uleb128 0x4
 866 032d DB010000 		.4byte	.LASF47
 867 0331 04       		.byte	0x4
 868 0332 D8       		.byte	0xd8
 869 0333 DD020000 		.4byte	0x2dd
 870 0337 04       		.uleb128 0x4
 871 0338 C0010000 		.4byte	.LASF48
 872 033c 04       		.byte	0x4
 873 033d E8       		.byte	0xe8
 874 033e 61000000 		.4byte	0x61
 875 0342 04       		.uleb128 0x4
 876 0343 9A010000 		.4byte	.LASF49
 877 0347 04       		.byte	0x4
 878 0348 ED       		.byte	0xed
 879 0349 61000000 		.4byte	0x61
 880 034d 04       		.uleb128 0x4
 881 034e 34010000 		.4byte	.LASF50
 882 0352 04       		.byte	0x4
 883 0353 F5       		.byte	0xf5
 884 0354 58030000 		.4byte	0x358
 885 0358 0F       		.uleb128 0xf
 886 0359 04       		.byte	0x4
 887 035a 5C020000 		.4byte	0x25c
 888 035e 10       		.uleb128 0x10
 889 035f 6E000000 		.4byte	.LASF60
 890 0363 01       		.byte	0x1
 891 0364 4D       		.byte	0x4d
 892 0365 01       		.byte	0x1
 893 0366 01       		.byte	0x1
 894 0367 82030000 		.4byte	0x382
 895 036b 11       		.uleb128 0x11
 896 036c 85000000 		.4byte	.LASF51
 897 0370 01       		.byte	0x1
 898 0371 4D       		.byte	0x4d
 899 0372 58030000 		.4byte	0x358
 900 0376 11       		.uleb128 0x11
 901 0377 B2000000 		.4byte	.LASF52
 902 037b 01       		.byte	0x1
 903 037c 4D       		.byte	0x4d
 904 037d 82030000 		.4byte	0x382
 905 0381 00       		.byte	0
 906 0382 0F       		.uleb128 0xf
 907 0383 04       		.byte	0x4
 908 0384 88030000 		.4byte	0x388
 909 0388 12       		.uleb128 0x12
 910 0389 D2020000 		.4byte	0x2d2
ARM GAS  /tmp/ccjjBoks.s 			page 17


 911 038d 13       		.uleb128 0x13
 912 038e 01       		.byte	0x1
 913 038f 33000000 		.4byte	.LASF61
 914 0393 01       		.byte	0x1
 915 0394 68       		.byte	0x68
 916 0395 01       		.byte	0x1
 917 0396 00000000 		.4byte	.LFB41
 918 039a C0000000 		.4byte	.LFE41
 919 039e 02       		.byte	0x2
 920 039f 7D       		.byte	0x7d
 921 03a0 00       		.sleb128 0
 922 03a1 01       		.byte	0x1
 923 03a2 70040000 		.4byte	0x470
 924 03a6 14       		.uleb128 0x14
 925 03a7 B2000000 		.4byte	.LASF52
 926 03ab 01       		.byte	0x1
 927 03ac 68       		.byte	0x68
 928 03ad 70040000 		.4byte	0x470
 929 03b1 00000000 		.4byte	.LLST0
 930 03b5 15       		.uleb128 0x15
 931 03b6 5E030000 		.4byte	0x35e
 932 03ba 0C000000 		.4byte	.LBB12
 933 03be 00000000 		.4byte	.Ldebug_ranges0+0
 934 03c2 01       		.byte	0x1
 935 03c3 7C       		.byte	0x7c
 936 03c4 DB030000 		.4byte	0x3db
 937 03c8 16       		.uleb128 0x16
 938 03c9 76030000 		.4byte	0x376
 939 03cd 21000000 		.4byte	.LLST1
 940 03d1 17       		.uleb128 0x17
 941 03d2 6B030000 		.4byte	0x36b
 942 03d6 00000048 		.4byte	0x48000000
 943 03da 00       		.byte	0
 944 03db 18       		.uleb128 0x18
 945 03dc 5E030000 		.4byte	0x35e
 946 03e0 2C000000 		.4byte	.LBB16
 947 03e4 4A000000 		.4byte	.LBE16
 948 03e8 01       		.byte	0x1
 949 03e9 7D       		.byte	0x7d
 950 03ea 01040000 		.4byte	0x401
 951 03ee 16       		.uleb128 0x16
 952 03ef 76030000 		.4byte	0x376
 953 03f3 42000000 		.4byte	.LLST2
 954 03f7 17       		.uleb128 0x17
 955 03f8 6B030000 		.4byte	0x36b
 956 03fc 00040048 		.4byte	0x48000400
 957 0400 00       		.byte	0
 958 0401 18       		.uleb128 0x18
 959 0402 5E030000 		.4byte	0x35e
 960 0406 4A000000 		.4byte	.LBB18
 961 040a 68000000 		.4byte	.LBE18
 962 040e 01       		.byte	0x1
 963 040f 7E       		.byte	0x7e
 964 0410 27040000 		.4byte	0x427
 965 0414 16       		.uleb128 0x16
 966 0415 76030000 		.4byte	0x376
 967 0419 67000000 		.4byte	.LLST3
ARM GAS  /tmp/ccjjBoks.s 			page 18


 968 041d 17       		.uleb128 0x17
 969 041e 6B030000 		.4byte	0x36b
 970 0422 00080048 		.4byte	0x48000800
 971 0426 00       		.byte	0
 972 0427 18       		.uleb128 0x18
 973 0428 5E030000 		.4byte	0x35e
 974 042c 68000000 		.4byte	.LBB20
 975 0430 86000000 		.4byte	.LBE20
 976 0434 01       		.byte	0x1
 977 0435 7F       		.byte	0x7f
 978 0436 4D040000 		.4byte	0x44d
 979 043a 16       		.uleb128 0x16
 980 043b 76030000 		.4byte	0x376
 981 043f 8C000000 		.4byte	.LLST4
 982 0443 17       		.uleb128 0x17
 983 0444 6B030000 		.4byte	0x36b
 984 0448 000C0048 		.4byte	0x48000c00
 985 044c 00       		.byte	0
 986 044d 19       		.uleb128 0x19
 987 044e 5E030000 		.4byte	0x35e
 988 0452 86000000 		.4byte	.LBB22
 989 0456 AA000000 		.4byte	.LBE22
 990 045a 01       		.byte	0x1
 991 045b 84       		.byte	0x84
 992 045c 16       		.uleb128 0x16
 993 045d 76030000 		.4byte	0x376
 994 0461 B2000000 		.4byte	.LLST5
 995 0465 17       		.uleb128 0x17
 996 0466 6B030000 		.4byte	0x36b
 997 046a 00140048 		.4byte	0x48001400
 998 046e 00       		.byte	0
 999 046f 00       		.byte	0
 1000 0470 0F       		.uleb128 0xf
 1001 0471 04       		.byte	0x4
 1002 0472 76040000 		.4byte	0x476
 1003 0476 12       		.uleb128 0x12
 1004 0477 2C030000 		.4byte	0x32c
 1005 047b 1A       		.uleb128 0x1a
 1006 047c 01       		.byte	0x1
 1007 047d 14000000 		.4byte	.LASF62
 1008 0481 01       		.byte	0x1
 1009 0482 9F       		.byte	0x9f
 1010 0483 01       		.byte	0x1
 1011 0484 00000000 		.4byte	.LFB42
 1012 0488 C6000000 		.4byte	.LFE42
 1013 048c D8000000 		.4byte	.LLST6
 1014 0490 01       		.byte	0x1
 1015 0491 1B       		.uleb128 0x1b
 1016 0492 31020000 		.4byte	.LASF53
 1017 0496 01       		.byte	0x1
 1018 0497 9F       		.byte	0x9f
 1019 0498 4D030000 		.4byte	0x34d
 1020 049c 01       		.byte	0x1
 1021 049d 50       		.byte	0x50
 1022 049e 14       		.uleb128 0x14
 1023 049f 55020000 		.4byte	.LASF54
 1024 04a3 01       		.byte	0x1
ARM GAS  /tmp/ccjjBoks.s 			page 19


 1025 04a4 A0       		.byte	0xa0
 1026 04a5 37030000 		.4byte	0x337
 1027 04a9 10010000 		.4byte	.LLST7
 1028 04ad 14       		.uleb128 0x14
 1029 04ae AD000000 		.4byte	.LASF55
 1030 04b2 01       		.byte	0x1
 1031 04b3 A1       		.byte	0xa1
 1032 04b4 42030000 		.4byte	0x342
 1033 04b8 2E010000 		.4byte	.LLST8
 1034 04bc 1C       		.uleb128 0x1c
 1035 04bd 72020000 		.4byte	.LASF35
 1036 04c1 01       		.byte	0x1
 1037 04c2 A3       		.byte	0xa3
 1038 04c3 61000000 		.4byte	0x61
 1039 04c7 4F010000 		.4byte	.LLST9
 1040 04cb 1C       		.uleb128 0x1c
 1041 04cc BE000000 		.4byte	.LASF36
 1042 04d0 01       		.byte	0x1
 1043 04d1 A4       		.byte	0xa4
 1044 04d2 61000000 		.4byte	0x61
 1045 04d6 62010000 		.4byte	.LLST10
 1046 04da 1C       		.uleb128 0x1c
 1047 04db EF000000 		.4byte	.LASF37
 1048 04df 01       		.byte	0x1
 1049 04e0 A5       		.byte	0xa5
 1050 04e1 61000000 		.4byte	0x61
 1051 04e5 75010000 		.4byte	.LLST11
 1052 04e9 1C       		.uleb128 0x1c
 1053 04ea 5A020000 		.4byte	.LASF38
 1054 04ee 01       		.byte	0x1
 1055 04ef A6       		.byte	0xa6
 1056 04f0 61000000 		.4byte	0x61
 1057 04f4 88010000 		.4byte	.LLST12
 1058 04f8 1C       		.uleb128 0x1c
 1059 04f9 36020000 		.4byte	.LASF56
 1060 04fd 01       		.byte	0x1
 1061 04fe A7       		.byte	0xa7
 1062 04ff 61000000 		.4byte	0x61
 1063 0503 BE010000 		.4byte	.LLST13
 1064 0507 1D       		.uleb128 0x1d
 1065 0508 62697400 		.ascii	"bit\000"
 1066 050c 01       		.byte	0x1
 1067 050d A8       		.byte	0xa8
 1068 050e 61000000 		.4byte	0x61
 1069 0512 E3010000 		.4byte	.LLST14
 1070 0516 1E       		.uleb128 0x1e
 1071 0517 18000000 		.4byte	.Ldebug_ranges0+0x18
 1072 051b 1C       		.uleb128 0x1c
 1073 051c 41000000 		.4byte	.LASF57
 1074 0520 01       		.byte	0x1
 1075 0521 AB       		.byte	0xab
 1076 0522 61000000 		.4byte	0x61
 1077 0526 02020000 		.4byte	.LLST15
 1078 052a 1D       		.uleb128 0x1d
 1079 052b 6D3100   		.ascii	"m1\000"
 1080 052e 01       		.byte	0x1
 1081 052f AB       		.byte	0xab
ARM GAS  /tmp/ccjjBoks.s 			page 20


 1082 0530 61000000 		.4byte	0x61
 1083 0534 40020000 		.4byte	.LLST16
 1084 0538 1D       		.uleb128 0x1d
 1085 0539 6D3200   		.ascii	"m2\000"
 1086 053c 01       		.byte	0x1
 1087 053d AB       		.byte	0xab
 1088 053e 61000000 		.4byte	0x61
 1089 0542 71020000 		.4byte	.LLST17
 1090 0546 1D       		.uleb128 0x1d
 1091 0547 6D3400   		.ascii	"m4\000"
 1092 054a 01       		.byte	0x1
 1093 054b AB       		.byte	0xab
 1094 054c 61000000 		.4byte	0x61
 1095 0550 B1020000 		.4byte	.LLST18
 1096 0554 00       		.byte	0
 1097 0555 00       		.byte	0
 1098 0556 00       		.byte	0
 1099              		.section	.debug_abbrev,"",%progbits
 1100              	.Ldebug_abbrev0:
 1101 0000 01       		.uleb128 0x1
 1102 0001 11       		.uleb128 0x11
 1103 0002 01       		.byte	0x1
 1104 0003 25       		.uleb128 0x25
 1105 0004 0E       		.uleb128 0xe
 1106 0005 13       		.uleb128 0x13
 1107 0006 0B       		.uleb128 0xb
 1108 0007 03       		.uleb128 0x3
 1109 0008 0E       		.uleb128 0xe
 1110 0009 55       		.uleb128 0x55
 1111 000a 06       		.uleb128 0x6
 1112 000b 11       		.uleb128 0x11
 1113 000c 01       		.uleb128 0x1
 1114 000d 52       		.uleb128 0x52
 1115 000e 01       		.uleb128 0x1
 1116 000f 10       		.uleb128 0x10
 1117 0010 06       		.uleb128 0x6
 1118 0011 00       		.byte	0
 1119 0012 00       		.byte	0
 1120 0013 02       		.uleb128 0x2
 1121 0014 24       		.uleb128 0x24
 1122 0015 00       		.byte	0
 1123 0016 0B       		.uleb128 0xb
 1124 0017 0B       		.uleb128 0xb
 1125 0018 3E       		.uleb128 0x3e
 1126 0019 0B       		.uleb128 0xb
 1127 001a 03       		.uleb128 0x3
 1128 001b 08       		.uleb128 0x8
 1129 001c 00       		.byte	0
 1130 001d 00       		.byte	0
 1131 001e 03       		.uleb128 0x3
 1132 001f 24       		.uleb128 0x24
 1133 0020 00       		.byte	0
 1134 0021 0B       		.uleb128 0xb
 1135 0022 0B       		.uleb128 0xb
 1136 0023 3E       		.uleb128 0x3e
 1137 0024 0B       		.uleb128 0xb
 1138 0025 03       		.uleb128 0x3
ARM GAS  /tmp/ccjjBoks.s 			page 21


 1139 0026 0E       		.uleb128 0xe
 1140 0027 00       		.byte	0
 1141 0028 00       		.byte	0
 1142 0029 04       		.uleb128 0x4
 1143 002a 16       		.uleb128 0x16
 1144 002b 00       		.byte	0
 1145 002c 03       		.uleb128 0x3
 1146 002d 0E       		.uleb128 0xe
 1147 002e 3A       		.uleb128 0x3a
 1148 002f 0B       		.uleb128 0xb
 1149 0030 3B       		.uleb128 0x3b
 1150 0031 0B       		.uleb128 0xb
 1151 0032 49       		.uleb128 0x49
 1152 0033 13       		.uleb128 0x13
 1153 0034 00       		.byte	0
 1154 0035 00       		.byte	0
 1155 0036 05       		.uleb128 0x5
 1156 0037 35       		.uleb128 0x35
 1157 0038 00       		.byte	0
 1158 0039 49       		.uleb128 0x49
 1159 003a 13       		.uleb128 0x13
 1160 003b 00       		.byte	0
 1161 003c 00       		.byte	0
 1162 003d 06       		.uleb128 0x6
 1163 003e 13       		.uleb128 0x13
 1164 003f 01       		.byte	0x1
 1165 0040 0B       		.uleb128 0xb
 1166 0041 0B       		.uleb128 0xb
 1167 0042 3A       		.uleb128 0x3a
 1168 0043 0B       		.uleb128 0xb
 1169 0044 3B       		.uleb128 0x3b
 1170 0045 05       		.uleb128 0x5
 1171 0046 01       		.uleb128 0x1
 1172 0047 13       		.uleb128 0x13
 1173 0048 00       		.byte	0
 1174 0049 00       		.byte	0
 1175 004a 07       		.uleb128 0x7
 1176 004b 0D       		.uleb128 0xd
 1177 004c 00       		.byte	0
 1178 004d 03       		.uleb128 0x3
 1179 004e 08       		.uleb128 0x8
 1180 004f 3A       		.uleb128 0x3a
 1181 0050 0B       		.uleb128 0xb
 1182 0051 3B       		.uleb128 0x3b
 1183 0052 05       		.uleb128 0x5
 1184 0053 49       		.uleb128 0x49
 1185 0054 13       		.uleb128 0x13
 1186 0055 38       		.uleb128 0x38
 1187 0056 0A       		.uleb128 0xa
 1188 0057 00       		.byte	0
 1189 0058 00       		.byte	0
 1190 0059 08       		.uleb128 0x8
 1191 005a 0D       		.uleb128 0xd
 1192 005b 00       		.byte	0
 1193 005c 03       		.uleb128 0x3
 1194 005d 0E       		.uleb128 0xe
 1195 005e 3A       		.uleb128 0x3a
ARM GAS  /tmp/ccjjBoks.s 			page 22


 1196 005f 0B       		.uleb128 0xb
 1197 0060 3B       		.uleb128 0x3b
 1198 0061 05       		.uleb128 0x5
 1199 0062 49       		.uleb128 0x49
 1200 0063 13       		.uleb128 0x13
 1201 0064 38       		.uleb128 0x38
 1202 0065 0A       		.uleb128 0xa
 1203 0066 00       		.byte	0
 1204 0067 00       		.byte	0
 1205 0068 09       		.uleb128 0x9
 1206 0069 16       		.uleb128 0x16
 1207 006a 00       		.byte	0
 1208 006b 03       		.uleb128 0x3
 1209 006c 0E       		.uleb128 0xe
 1210 006d 3A       		.uleb128 0x3a
 1211 006e 0B       		.uleb128 0xb
 1212 006f 3B       		.uleb128 0x3b
 1213 0070 05       		.uleb128 0x5
 1214 0071 49       		.uleb128 0x49
 1215 0072 13       		.uleb128 0x13
 1216 0073 00       		.byte	0
 1217 0074 00       		.byte	0
 1218 0075 0A       		.uleb128 0xa
 1219 0076 13       		.uleb128 0x13
 1220 0077 01       		.byte	0x1
 1221 0078 0B       		.uleb128 0xb
 1222 0079 0B       		.uleb128 0xb
 1223 007a 3A       		.uleb128 0x3a
 1224 007b 0B       		.uleb128 0xb
 1225 007c 3B       		.uleb128 0x3b
 1226 007d 0B       		.uleb128 0xb
 1227 007e 01       		.uleb128 0x1
 1228 007f 13       		.uleb128 0x13
 1229 0080 00       		.byte	0
 1230 0081 00       		.byte	0
 1231 0082 0B       		.uleb128 0xb
 1232 0083 0D       		.uleb128 0xd
 1233 0084 00       		.byte	0
 1234 0085 03       		.uleb128 0x3
 1235 0086 08       		.uleb128 0x8
 1236 0087 3A       		.uleb128 0x3a
 1237 0088 0B       		.uleb128 0xb
 1238 0089 3B       		.uleb128 0x3b
 1239 008a 0B       		.uleb128 0xb
 1240 008b 49       		.uleb128 0x49
 1241 008c 13       		.uleb128 0x13
 1242 008d 38       		.uleb128 0x38
 1243 008e 0A       		.uleb128 0xa
 1244 008f 00       		.byte	0
 1245 0090 00       		.byte	0
 1246 0091 0C       		.uleb128 0xc
 1247 0092 0D       		.uleb128 0xd
 1248 0093 00       		.byte	0
 1249 0094 03       		.uleb128 0x3
 1250 0095 0E       		.uleb128 0xe
 1251 0096 3A       		.uleb128 0x3a
 1252 0097 0B       		.uleb128 0xb
ARM GAS  /tmp/ccjjBoks.s 			page 23


 1253 0098 3B       		.uleb128 0x3b
 1254 0099 0B       		.uleb128 0xb
 1255 009a 49       		.uleb128 0x49
 1256 009b 13       		.uleb128 0x13
 1257 009c 38       		.uleb128 0x38
 1258 009d 0A       		.uleb128 0xa
 1259 009e 00       		.byte	0
 1260 009f 00       		.byte	0
 1261 00a0 0D       		.uleb128 0xd
 1262 00a1 17       		.uleb128 0x17
 1263 00a2 01       		.byte	0x1
 1264 00a3 0B       		.uleb128 0xb
 1265 00a4 0B       		.uleb128 0xb
 1266 00a5 3A       		.uleb128 0x3a
 1267 00a6 0B       		.uleb128 0xb
 1268 00a7 3B       		.uleb128 0x3b
 1269 00a8 0B       		.uleb128 0xb
 1270 00a9 01       		.uleb128 0x1
 1271 00aa 13       		.uleb128 0x13
 1272 00ab 00       		.byte	0
 1273 00ac 00       		.byte	0
 1274 00ad 0E       		.uleb128 0xe
 1275 00ae 0D       		.uleb128 0xd
 1276 00af 00       		.byte	0
 1277 00b0 03       		.uleb128 0x3
 1278 00b1 08       		.uleb128 0x8
 1279 00b2 3A       		.uleb128 0x3a
 1280 00b3 0B       		.uleb128 0xb
 1281 00b4 3B       		.uleb128 0x3b
 1282 00b5 0B       		.uleb128 0xb
 1283 00b6 49       		.uleb128 0x49
 1284 00b7 13       		.uleb128 0x13
 1285 00b8 00       		.byte	0
 1286 00b9 00       		.byte	0
 1287 00ba 0F       		.uleb128 0xf
 1288 00bb 0F       		.uleb128 0xf
 1289 00bc 00       		.byte	0
 1290 00bd 0B       		.uleb128 0xb
 1291 00be 0B       		.uleb128 0xb
 1292 00bf 49       		.uleb128 0x49
 1293 00c0 13       		.uleb128 0x13
 1294 00c1 00       		.byte	0
 1295 00c2 00       		.byte	0
 1296 00c3 10       		.uleb128 0x10
 1297 00c4 2E       		.uleb128 0x2e
 1298 00c5 01       		.byte	0x1
 1299 00c6 03       		.uleb128 0x3
 1300 00c7 0E       		.uleb128 0xe
 1301 00c8 3A       		.uleb128 0x3a
 1302 00c9 0B       		.uleb128 0xb
 1303 00ca 3B       		.uleb128 0x3b
 1304 00cb 0B       		.uleb128 0xb
 1305 00cc 27       		.uleb128 0x27
 1306 00cd 0C       		.uleb128 0xc
 1307 00ce 20       		.uleb128 0x20
 1308 00cf 0B       		.uleb128 0xb
 1309 00d0 01       		.uleb128 0x1
ARM GAS  /tmp/ccjjBoks.s 			page 24


 1310 00d1 13       		.uleb128 0x13
 1311 00d2 00       		.byte	0
 1312 00d3 00       		.byte	0
 1313 00d4 11       		.uleb128 0x11
 1314 00d5 05       		.uleb128 0x5
 1315 00d6 00       		.byte	0
 1316 00d7 03       		.uleb128 0x3
 1317 00d8 0E       		.uleb128 0xe
 1318 00d9 3A       		.uleb128 0x3a
 1319 00da 0B       		.uleb128 0xb
 1320 00db 3B       		.uleb128 0x3b
 1321 00dc 0B       		.uleb128 0xb
 1322 00dd 49       		.uleb128 0x49
 1323 00de 13       		.uleb128 0x13
 1324 00df 00       		.byte	0
 1325 00e0 00       		.byte	0
 1326 00e1 12       		.uleb128 0x12
 1327 00e2 26       		.uleb128 0x26
 1328 00e3 00       		.byte	0
 1329 00e4 49       		.uleb128 0x49
 1330 00e5 13       		.uleb128 0x13
 1331 00e6 00       		.byte	0
 1332 00e7 00       		.byte	0
 1333 00e8 13       		.uleb128 0x13
 1334 00e9 2E       		.uleb128 0x2e
 1335 00ea 01       		.byte	0x1
 1336 00eb 3F       		.uleb128 0x3f
 1337 00ec 0C       		.uleb128 0xc
 1338 00ed 03       		.uleb128 0x3
 1339 00ee 0E       		.uleb128 0xe
 1340 00ef 3A       		.uleb128 0x3a
 1341 00f0 0B       		.uleb128 0xb
 1342 00f1 3B       		.uleb128 0x3b
 1343 00f2 0B       		.uleb128 0xb
 1344 00f3 27       		.uleb128 0x27
 1345 00f4 0C       		.uleb128 0xc
 1346 00f5 11       		.uleb128 0x11
 1347 00f6 01       		.uleb128 0x1
 1348 00f7 12       		.uleb128 0x12
 1349 00f8 01       		.uleb128 0x1
 1350 00f9 40       		.uleb128 0x40
 1351 00fa 0A       		.uleb128 0xa
 1352 00fb 9742     		.uleb128 0x2117
 1353 00fd 0C       		.uleb128 0xc
 1354 00fe 01       		.uleb128 0x1
 1355 00ff 13       		.uleb128 0x13
 1356 0100 00       		.byte	0
 1357 0101 00       		.byte	0
 1358 0102 14       		.uleb128 0x14
 1359 0103 05       		.uleb128 0x5
 1360 0104 00       		.byte	0
 1361 0105 03       		.uleb128 0x3
 1362 0106 0E       		.uleb128 0xe
 1363 0107 3A       		.uleb128 0x3a
 1364 0108 0B       		.uleb128 0xb
 1365 0109 3B       		.uleb128 0x3b
 1366 010a 0B       		.uleb128 0xb
ARM GAS  /tmp/ccjjBoks.s 			page 25


 1367 010b 49       		.uleb128 0x49
 1368 010c 13       		.uleb128 0x13
 1369 010d 02       		.uleb128 0x2
 1370 010e 06       		.uleb128 0x6
 1371 010f 00       		.byte	0
 1372 0110 00       		.byte	0
 1373 0111 15       		.uleb128 0x15
 1374 0112 1D       		.uleb128 0x1d
 1375 0113 01       		.byte	0x1
 1376 0114 31       		.uleb128 0x31
 1377 0115 13       		.uleb128 0x13
 1378 0116 52       		.uleb128 0x52
 1379 0117 01       		.uleb128 0x1
 1380 0118 55       		.uleb128 0x55
 1381 0119 06       		.uleb128 0x6
 1382 011a 58       		.uleb128 0x58
 1383 011b 0B       		.uleb128 0xb
 1384 011c 59       		.uleb128 0x59
 1385 011d 0B       		.uleb128 0xb
 1386 011e 01       		.uleb128 0x1
 1387 011f 13       		.uleb128 0x13
 1388 0120 00       		.byte	0
 1389 0121 00       		.byte	0
 1390 0122 16       		.uleb128 0x16
 1391 0123 05       		.uleb128 0x5
 1392 0124 00       		.byte	0
 1393 0125 31       		.uleb128 0x31
 1394 0126 13       		.uleb128 0x13
 1395 0127 02       		.uleb128 0x2
 1396 0128 06       		.uleb128 0x6
 1397 0129 00       		.byte	0
 1398 012a 00       		.byte	0
 1399 012b 17       		.uleb128 0x17
 1400 012c 05       		.uleb128 0x5
 1401 012d 00       		.byte	0
 1402 012e 31       		.uleb128 0x31
 1403 012f 13       		.uleb128 0x13
 1404 0130 1C       		.uleb128 0x1c
 1405 0131 06       		.uleb128 0x6
 1406 0132 00       		.byte	0
 1407 0133 00       		.byte	0
 1408 0134 18       		.uleb128 0x18
 1409 0135 1D       		.uleb128 0x1d
 1410 0136 01       		.byte	0x1
 1411 0137 31       		.uleb128 0x31
 1412 0138 13       		.uleb128 0x13
 1413 0139 11       		.uleb128 0x11
 1414 013a 01       		.uleb128 0x1
 1415 013b 12       		.uleb128 0x12
 1416 013c 01       		.uleb128 0x1
 1417 013d 58       		.uleb128 0x58
 1418 013e 0B       		.uleb128 0xb
 1419 013f 59       		.uleb128 0x59
 1420 0140 0B       		.uleb128 0xb
 1421 0141 01       		.uleb128 0x1
 1422 0142 13       		.uleb128 0x13
 1423 0143 00       		.byte	0
ARM GAS  /tmp/ccjjBoks.s 			page 26


 1424 0144 00       		.byte	0
 1425 0145 19       		.uleb128 0x19
 1426 0146 1D       		.uleb128 0x1d
 1427 0147 01       		.byte	0x1
 1428 0148 31       		.uleb128 0x31
 1429 0149 13       		.uleb128 0x13
 1430 014a 11       		.uleb128 0x11
 1431 014b 01       		.uleb128 0x1
 1432 014c 12       		.uleb128 0x12
 1433 014d 01       		.uleb128 0x1
 1434 014e 58       		.uleb128 0x58
 1435 014f 0B       		.uleb128 0xb
 1436 0150 59       		.uleb128 0x59
 1437 0151 0B       		.uleb128 0xb
 1438 0152 00       		.byte	0
 1439 0153 00       		.byte	0
 1440 0154 1A       		.uleb128 0x1a
 1441 0155 2E       		.uleb128 0x2e
 1442 0156 01       		.byte	0x1
 1443 0157 3F       		.uleb128 0x3f
 1444 0158 0C       		.uleb128 0xc
 1445 0159 03       		.uleb128 0x3
 1446 015a 0E       		.uleb128 0xe
 1447 015b 3A       		.uleb128 0x3a
 1448 015c 0B       		.uleb128 0xb
 1449 015d 3B       		.uleb128 0x3b
 1450 015e 0B       		.uleb128 0xb
 1451 015f 27       		.uleb128 0x27
 1452 0160 0C       		.uleb128 0xc
 1453 0161 11       		.uleb128 0x11
 1454 0162 01       		.uleb128 0x1
 1455 0163 12       		.uleb128 0x12
 1456 0164 01       		.uleb128 0x1
 1457 0165 40       		.uleb128 0x40
 1458 0166 06       		.uleb128 0x6
 1459 0167 9742     		.uleb128 0x2117
 1460 0169 0C       		.uleb128 0xc
 1461 016a 00       		.byte	0
 1462 016b 00       		.byte	0
 1463 016c 1B       		.uleb128 0x1b
 1464 016d 05       		.uleb128 0x5
 1465 016e 00       		.byte	0
 1466 016f 03       		.uleb128 0x3
 1467 0170 0E       		.uleb128 0xe
 1468 0171 3A       		.uleb128 0x3a
 1469 0172 0B       		.uleb128 0xb
 1470 0173 3B       		.uleb128 0x3b
 1471 0174 0B       		.uleb128 0xb
 1472 0175 49       		.uleb128 0x49
 1473 0176 13       		.uleb128 0x13
 1474 0177 02       		.uleb128 0x2
 1475 0178 0A       		.uleb128 0xa
 1476 0179 00       		.byte	0
 1477 017a 00       		.byte	0
 1478 017b 1C       		.uleb128 0x1c
 1479 017c 34       		.uleb128 0x34
 1480 017d 00       		.byte	0
ARM GAS  /tmp/ccjjBoks.s 			page 27


 1481 017e 03       		.uleb128 0x3
 1482 017f 0E       		.uleb128 0xe
 1483 0180 3A       		.uleb128 0x3a
 1484 0181 0B       		.uleb128 0xb
 1485 0182 3B       		.uleb128 0x3b
 1486 0183 0B       		.uleb128 0xb
 1487 0184 49       		.uleb128 0x49
 1488 0185 13       		.uleb128 0x13
 1489 0186 02       		.uleb128 0x2
 1490 0187 06       		.uleb128 0x6
 1491 0188 00       		.byte	0
 1492 0189 00       		.byte	0
 1493 018a 1D       		.uleb128 0x1d
 1494 018b 34       		.uleb128 0x34
 1495 018c 00       		.byte	0
 1496 018d 03       		.uleb128 0x3
 1497 018e 08       		.uleb128 0x8
 1498 018f 3A       		.uleb128 0x3a
 1499 0190 0B       		.uleb128 0xb
 1500 0191 3B       		.uleb128 0x3b
 1501 0192 0B       		.uleb128 0xb
 1502 0193 49       		.uleb128 0x49
 1503 0194 13       		.uleb128 0x13
 1504 0195 02       		.uleb128 0x2
 1505 0196 06       		.uleb128 0x6
 1506 0197 00       		.byte	0
 1507 0198 00       		.byte	0
 1508 0199 1E       		.uleb128 0x1e
 1509 019a 0B       		.uleb128 0xb
 1510 019b 01       		.byte	0x1
 1511 019c 55       		.uleb128 0x55
 1512 019d 06       		.uleb128 0x6
 1513 019e 00       		.byte	0
 1514 019f 00       		.byte	0
 1515 01a0 00       		.byte	0
 1516              		.section	.debug_loc,"",%progbits
 1517              	.Ldebug_loc0:
 1518              	.LLST0:
 1519 0000 00000000 		.4byte	.LVL0
 1520 0004 A8000000 		.4byte	.LVL6
 1521 0008 0100     		.2byte	0x1
 1522 000a 50       		.byte	0x50
 1523 000b A8000000 		.4byte	.LVL6
 1524 000f C0000000 		.4byte	.LFE41
 1525 0013 0400     		.2byte	0x4
 1526 0015 F3       		.byte	0xf3
 1527 0016 01       		.uleb128 0x1
 1528 0017 50       		.byte	0x50
 1529 0018 9F       		.byte	0x9f
 1530 0019 00000000 		.4byte	0
 1531 001d 00000000 		.4byte	0
 1532              	.LLST1:
 1533 0021 0C000000 		.4byte	.LVL1
 1534 0025 A8000000 		.4byte	.LVL6
 1535 0029 0100     		.2byte	0x1
 1536 002b 50       		.byte	0x50
 1537 002c A8000000 		.4byte	.LVL6
ARM GAS  /tmp/ccjjBoks.s 			page 28


 1538 0030 C0000000 		.4byte	.LFE41
 1539 0034 0400     		.2byte	0x4
 1540 0036 F3       		.byte	0xf3
 1541 0037 01       		.uleb128 0x1
 1542 0038 50       		.byte	0x50
 1543 0039 9F       		.byte	0x9f
 1544 003a 00000000 		.4byte	0
 1545 003e 00000000 		.4byte	0
 1546              	.LLST2:
 1547 0042 2C000000 		.4byte	.LVL2
 1548 0046 A8000000 		.4byte	.LVL6
 1549 004a 0300     		.2byte	0x3
 1550 004c 70       		.byte	0x70
 1551 004d 1C       		.sleb128 28
 1552 004e 9F       		.byte	0x9f
 1553 004f A8000000 		.4byte	.LVL6
 1554 0053 C0000000 		.4byte	.LFE41
 1555 0057 0600     		.2byte	0x6
 1556 0059 F3       		.byte	0xf3
 1557 005a 01       		.uleb128 0x1
 1558 005b 50       		.byte	0x50
 1559 005c 23       		.byte	0x23
 1560 005d 1C       		.uleb128 0x1c
 1561 005e 9F       		.byte	0x9f
 1562 005f 00000000 		.4byte	0
 1563 0063 00000000 		.4byte	0
 1564              	.LLST3:
 1565 0067 4A000000 		.4byte	.LVL3
 1566 006b A8000000 		.4byte	.LVL6
 1567 006f 0300     		.2byte	0x3
 1568 0071 70       		.byte	0x70
 1569 0072 38       		.sleb128 56
 1570 0073 9F       		.byte	0x9f
 1571 0074 A8000000 		.4byte	.LVL6
 1572 0078 C0000000 		.4byte	.LFE41
 1573 007c 0600     		.2byte	0x6
 1574 007e F3       		.byte	0xf3
 1575 007f 01       		.uleb128 0x1
 1576 0080 50       		.byte	0x50
 1577 0081 23       		.byte	0x23
 1578 0082 38       		.uleb128 0x38
 1579 0083 9F       		.byte	0x9f
 1580 0084 00000000 		.4byte	0
 1581 0088 00000000 		.4byte	0
 1582              	.LLST4:
 1583 008c 68000000 		.4byte	.LVL4
 1584 0090 A8000000 		.4byte	.LVL6
 1585 0094 0400     		.2byte	0x4
 1586 0096 70       		.byte	0x70
 1587 0097 D400     		.sleb128 84
 1588 0099 9F       		.byte	0x9f
 1589 009a A8000000 		.4byte	.LVL6
 1590 009e C0000000 		.4byte	.LFE41
 1591 00a2 0600     		.2byte	0x6
 1592 00a4 F3       		.byte	0xf3
 1593 00a5 01       		.uleb128 0x1
 1594 00a6 50       		.byte	0x50
ARM GAS  /tmp/ccjjBoks.s 			page 29


 1595 00a7 23       		.byte	0x23
 1596 00a8 54       		.uleb128 0x54
 1597 00a9 9F       		.byte	0x9f
 1598 00aa 00000000 		.4byte	0
 1599 00ae 00000000 		.4byte	0
 1600              	.LLST5:
 1601 00b2 86000000 		.4byte	.LVL5
 1602 00b6 A8000000 		.4byte	.LVL6
 1603 00ba 0400     		.2byte	0x4
 1604 00bc 70       		.byte	0x70
 1605 00bd F000     		.sleb128 112
 1606 00bf 9F       		.byte	0x9f
 1607 00c0 A8000000 		.4byte	.LVL6
 1608 00c4 C0000000 		.4byte	.LFE41
 1609 00c8 0600     		.2byte	0x6
 1610 00ca F3       		.byte	0xf3
 1611 00cb 01       		.uleb128 0x1
 1612 00cc 50       		.byte	0x50
 1613 00cd 23       		.byte	0x23
 1614 00ce 70       		.uleb128 0x70
 1615 00cf 9F       		.byte	0x9f
 1616 00d0 00000000 		.4byte	0
 1617 00d4 00000000 		.4byte	0
 1618              	.LLST6:
 1619 00d8 00000000 		.4byte	.LFB42
 1620 00dc 02000000 		.4byte	.LCFI0
 1621 00e0 0200     		.2byte	0x2
 1622 00e2 7D       		.byte	0x7d
 1623 00e3 00       		.sleb128 0
 1624 00e4 02000000 		.4byte	.LCFI0
 1625 00e8 0C000000 		.4byte	.LCFI1
 1626 00ec 0200     		.2byte	0x2
 1627 00ee 7D       		.byte	0x7d
 1628 00ef 14       		.sleb128 20
 1629 00f0 0C000000 		.4byte	.LCFI1
 1630 00f4 1C000000 		.4byte	.LCFI2
 1631 00f8 0200     		.2byte	0x2
 1632 00fa 7D       		.byte	0x7d
 1633 00fb 24       		.sleb128 36
 1634 00fc 1C000000 		.4byte	.LCFI2
 1635 0100 C6000000 		.4byte	.LFE42
 1636 0104 0200     		.2byte	0x2
 1637 0106 7D       		.byte	0x7d
 1638 0107 30       		.sleb128 48
 1639 0108 00000000 		.4byte	0
 1640 010c 00000000 		.4byte	0
 1641              	.LLST7:
 1642 0110 00000000 		.4byte	.LVL7
 1643 0114 7C000000 		.4byte	.LVL24
 1644 0118 0100     		.2byte	0x1
 1645 011a 51       		.byte	0x51
 1646 011b 7C000000 		.4byte	.LVL24
 1647 011f C6000000 		.4byte	.LFE42
 1648 0123 0100     		.2byte	0x1
 1649 0125 51       		.byte	0x51
 1650 0126 00000000 		.4byte	0
 1651 012a 00000000 		.4byte	0
ARM GAS  /tmp/ccjjBoks.s 			page 30


 1652              	.LLST8:
 1653 012e 00000000 		.4byte	.LVL7
 1654 0132 18000000 		.4byte	.LVL9
 1655 0136 0100     		.2byte	0x1
 1656 0138 52       		.byte	0x52
 1657 0139 18000000 		.4byte	.LVL9
 1658 013d C6000000 		.4byte	.LFE42
 1659 0141 0400     		.2byte	0x4
 1660 0143 F3       		.byte	0xf3
 1661 0144 01       		.uleb128 0x1
 1662 0145 52       		.byte	0x52
 1663 0146 9F       		.byte	0x9f
 1664 0147 00000000 		.4byte	0
 1665 014b 00000000 		.4byte	0
 1666              	.LLST9:
 1667 014f 16000000 		.4byte	.LVL8
 1668 0153 BA000000 		.4byte	.LVL37
 1669 0157 0100     		.2byte	0x1
 1670 0159 57       		.byte	0x57
 1671 015a 00000000 		.4byte	0
 1672 015e 00000000 		.4byte	0
 1673              	.LLST10:
 1674 0162 28000000 		.4byte	.LVL10
 1675 0166 BA000000 		.4byte	.LVL36
 1676 016a 0100     		.2byte	0x1
 1677 016c 56       		.byte	0x56
 1678 016d 00000000 		.4byte	0
 1679 0171 00000000 		.4byte	0
 1680              	.LLST11:
 1681 0175 2A000000 		.4byte	.LVL11
 1682 0179 BA000000 		.4byte	.LVL35
 1683 017d 0100     		.2byte	0x1
 1684 017f 55       		.byte	0x55
 1685 0180 00000000 		.4byte	0
 1686 0184 00000000 		.4byte	0
 1687              	.LLST12:
 1688 0188 2A000000 		.4byte	.LVL11
 1689 018c 30000000 		.4byte	.LVL12
 1690 0190 0100     		.2byte	0x1
 1691 0192 54       		.byte	0x54
 1692 0193 30000000 		.4byte	.LVL12
 1693 0197 88000000 		.4byte	.LVL27
 1694 019b 0200     		.2byte	0x2
 1695 019d 91       		.byte	0x91
 1696 019e 54       		.sleb128 -44
 1697 019f 88000000 		.4byte	.LVL27
 1698 01a3 8C000000 		.4byte	.LVL29
 1699 01a7 0100     		.2byte	0x1
 1700 01a9 54       		.byte	0x54
 1701 01aa 8C000000 		.4byte	.LVL29
 1702 01ae C6000000 		.4byte	.LFE42
 1703 01b2 0200     		.2byte	0x2
 1704 01b4 91       		.byte	0x91
 1705 01b5 54       		.sleb128 -44
 1706 01b6 00000000 		.4byte	0
 1707 01ba 00000000 		.4byte	0
 1708              	.LLST13:
ARM GAS  /tmp/ccjjBoks.s 			page 31


 1709 01be 2A000000 		.4byte	.LVL11
 1710 01c2 BA000000 		.4byte	.LVL38
 1711 01c6 0100     		.2byte	0x1
 1712 01c8 5A       		.byte	0x5a
 1713 01c9 BA000000 		.4byte	.LVL38
 1714 01cd C6000000 		.4byte	.LFE42
 1715 01d1 0800     		.2byte	0x8
 1716 01d3 F3       		.byte	0xf3
 1717 01d4 01       		.uleb128 0x1
 1718 01d5 52       		.byte	0x52
 1719 01d6 45       		.byte	0x45
 1720 01d7 24       		.byte	0x24
 1721 01d8 4C       		.byte	0x4c
 1722 01d9 25       		.byte	0x25
 1723 01da 9F       		.byte	0x9f
 1724 01db 00000000 		.4byte	0
 1725 01df 00000000 		.4byte	0
 1726              	.LLST14:
 1727 01e3 2A000000 		.4byte	.LVL11
 1728 01e7 30000000 		.4byte	.LVL12
 1729 01eb 0200     		.2byte	0x2
 1730 01ed 30       		.byte	0x30
 1731 01ee 9F       		.byte	0x9f
 1732 01ef 30000000 		.4byte	.LVL12
 1733 01f3 C6000000 		.4byte	.LFE42
 1734 01f7 0100     		.2byte	0x1
 1735 01f9 53       		.byte	0x53
 1736 01fa 00000000 		.4byte	0
 1737 01fe 00000000 		.4byte	0
 1738              	.LLST15:
 1739 0202 30000000 		.4byte	.LVL12
 1740 0206 3E000000 		.4byte	.LVL15
 1741 020a 0100     		.2byte	0x1
 1742 020c 58       		.byte	0x58
 1743 020d 3E000000 		.4byte	.LVL15
 1744 0211 7A000000 		.4byte	.LVL23
 1745 0215 0B00     		.2byte	0xb
 1746 0217 7A       		.byte	0x7a
 1747 0218 00       		.sleb128 0
 1748 0219 79       		.byte	0x79
 1749 021a 00       		.sleb128 0
 1750 021b 73       		.byte	0x73
 1751 021c 00       		.sleb128 0
 1752 021d 1A       		.byte	0x1a
 1753 021e 32       		.byte	0x32
 1754 021f 24       		.byte	0x24
 1755 0220 24       		.byte	0x24
 1756 0221 9F       		.byte	0x9f
 1757 0222 9E000000 		.4byte	.LVL30
 1758 0226 A0000000 		.4byte	.LVL31
 1759 022a 0100     		.2byte	0x1
 1760 022c 54       		.byte	0x54
 1761 022d A0000000 		.4byte	.LVL31
 1762 0231 B8000000 		.4byte	.LVL34
 1763 0235 0100     		.2byte	0x1
 1764 0237 58       		.byte	0x58
 1765 0238 00000000 		.4byte	0
ARM GAS  /tmp/ccjjBoks.s 			page 32


 1766 023c 00000000 		.4byte	0
 1767              	.LLST16:
 1768 0240 3A000000 		.4byte	.LVL14
 1769 0244 42000000 		.4byte	.LVL16
 1770 0248 0500     		.2byte	0x5
 1771 024a 31       		.byte	0x31
 1772 024b 73       		.byte	0x73
 1773 024c 00       		.sleb128 0
 1774 024d 24       		.byte	0x24
 1775 024e 9F       		.byte	0x9f
 1776 024f 42000000 		.4byte	.LVL16
 1777 0253 4C000000 		.4byte	.LVL18
 1778 0257 0100     		.2byte	0x1
 1779 0259 52       		.byte	0x52
 1780 025a 4C000000 		.4byte	.LVL18
 1781 025e 7A000000 		.4byte	.LVL23
 1782 0262 0500     		.2byte	0x5
 1783 0264 31       		.byte	0x31
 1784 0265 73       		.byte	0x73
 1785 0266 00       		.sleb128 0
 1786 0267 24       		.byte	0x24
 1787 0268 9F       		.byte	0x9f
 1788 0269 00000000 		.4byte	0
 1789 026d 00000000 		.4byte	0
 1790              	.LLST17:
 1791 0271 4A000000 		.4byte	.LVL17
 1792 0275 54000000 		.4byte	.LVL19
 1793 0279 0700     		.2byte	0x7
 1794 027b 33       		.byte	0x33
 1795 027c 73       		.byte	0x73
 1796 027d 00       		.sleb128 0
 1797 027e 31       		.byte	0x31
 1798 027f 24       		.byte	0x24
 1799 0280 24       		.byte	0x24
 1800 0281 9F       		.byte	0x9f
 1801 0282 54000000 		.4byte	.LVL19
 1802 0286 56000000 		.4byte	.LVL20
 1803 028a 0100     		.2byte	0x1
 1804 028c 52       		.byte	0x52
 1805 028d 56000000 		.4byte	.LVL20
 1806 0291 62000000 		.4byte	.LVL22
 1807 0295 0400     		.2byte	0x4
 1808 0297 72       		.byte	0x72
 1809 0298 00       		.sleb128 0
 1810 0299 20       		.byte	0x20
 1811 029a 9F       		.byte	0x9f
 1812 029b 62000000 		.4byte	.LVL22
 1813 029f 7A000000 		.4byte	.LVL23
 1814 02a3 0400     		.2byte	0x4
 1815 02a5 7C       		.byte	0x7c
 1816 02a6 00       		.sleb128 0
 1817 02a7 20       		.byte	0x20
 1818 02a8 9F       		.byte	0x9f
 1819 02a9 00000000 		.4byte	0
 1820 02ad 00000000 		.4byte	0
 1821              	.LLST18:
 1822 02b1 30000000 		.4byte	.LVL12
ARM GAS  /tmp/ccjjBoks.s 			page 33


 1823 02b5 36000000 		.4byte	.LVL13
 1824 02b9 0100     		.2byte	0x1
 1825 02bb 54       		.byte	0x54
 1826 02bc 36000000 		.4byte	.LVL13
 1827 02c0 60000000 		.4byte	.LVL21
 1828 02c4 0100     		.2byte	0x1
 1829 02c6 5C       		.byte	0x5c
 1830 02c7 60000000 		.4byte	.LVL21
 1831 02cb 7A000000 		.4byte	.LVL23
 1832 02cf 0A00     		.2byte	0xa
 1833 02d1 3F       		.byte	0x3f
 1834 02d2 79       		.byte	0x79
 1835 02d3 00       		.sleb128 0
 1836 02d4 73       		.byte	0x73
 1837 02d5 00       		.sleb128 0
 1838 02d6 1A       		.byte	0x1a
 1839 02d7 32       		.byte	0x32
 1840 02d8 24       		.byte	0x24
 1841 02d9 24       		.byte	0x24
 1842 02da 9F       		.byte	0x9f
 1843 02db A4000000 		.4byte	.LVL32
 1844 02df AC000000 		.4byte	.LVL33
 1845 02e3 0100     		.2byte	0x1
 1846 02e5 54       		.byte	0x54
 1847 02e6 AC000000 		.4byte	.LVL33
 1848 02ea B8000000 		.4byte	.LVL34
 1849 02ee 0100     		.2byte	0x1
 1850 02f0 5C       		.byte	0x5c
 1851 02f1 00000000 		.4byte	0
 1852 02f5 00000000 		.4byte	0
 1853              		.section	.debug_aranges,"",%progbits
 1854 0000 24000000 		.4byte	0x24
 1855 0004 0200     		.2byte	0x2
 1856 0006 00000000 		.4byte	.Ldebug_info0
 1857 000a 04       		.byte	0x4
 1858 000b 00       		.byte	0
 1859 000c 0000     		.2byte	0
 1860 000e 0000     		.2byte	0
 1861 0010 00000000 		.4byte	.LFB41
 1862 0014 C0000000 		.4byte	.LFE41-.LFB41
 1863 0018 00000000 		.4byte	.LFB42
 1864 001c C6000000 		.4byte	.LFE42-.LFB42
 1865 0020 00000000 		.4byte	0
 1866 0024 00000000 		.4byte	0
 1867              		.section	.debug_ranges,"",%progbits
 1868              	.Ldebug_ranges0:
 1869 0000 0C000000 		.4byte	.LBB12
 1870 0004 16000000 		.4byte	.LBE12
 1871 0008 16000000 		.4byte	.LBB15
 1872 000c 2C000000 		.4byte	.LBE15
 1873 0010 00000000 		.4byte	0
 1874 0014 00000000 		.4byte	0
 1875 0018 22000000 		.4byte	.LBB24
 1876 001c 26000000 		.4byte	.LBE24
 1877 0020 2A000000 		.4byte	.LBB25
 1878 0024 7A000000 		.4byte	.LBE25
 1879 0028 92000000 		.4byte	.LBB26
ARM GAS  /tmp/ccjjBoks.s 			page 34


 1880 002c B8000000 		.4byte	.LBE26
 1881 0030 00000000 		.4byte	0
 1882 0034 00000000 		.4byte	0
 1883 0038 00000000 		.4byte	.LFB41
 1884 003c C0000000 		.4byte	.LFE41
 1885 0040 00000000 		.4byte	.LFB42
 1886 0044 C6000000 		.4byte	.LFE42
 1887 0048 00000000 		.4byte	0
 1888 004c 00000000 		.4byte	0
 1889              		.section	.debug_line,"",%progbits
 1890              	.Ldebug_line0:
 1891 0000 C5010000 		.section	.debug_str,"MS",%progbits,1
 1891      02002A01 
 1891      00000201 
 1891      FB0E0D00 
 1891      01010101 
 1892              	.LASF34:
 1893 0000 4750494F 		.ascii	"GPIO_TypeDef\000"
 1893      5F547970 
 1893      65446566 
 1893      00
 1894              	.LASF44:
 1895 000d 50434461 		.ascii	"PCData\000"
 1895      746100
 1896              	.LASF62:
 1897 0014 5F70616C 		.ascii	"_pal_lld_setgroupmode\000"
 1897      5F6C6C64 
 1897      5F736574 
 1897      67726F75 
 1897      706D6F64 
 1898              	.LASF16:
 1899 002a 41504231 		.ascii	"APB1RSTR\000"
 1899      52535452 
 1899      00
 1900              	.LASF61:
 1901 0033 5F70616C 		.ascii	"_pal_lld_init\000"
 1901      5F6C6C64 
 1901      5F696E69 
 1901      7400
 1902              	.LASF57:
 1903 0041 616C7472 		.ascii	"altrmask\000"
 1903      6D61736B 
 1903      00
 1904              	.LASF41:
 1905 004a 73746D33 		.ascii	"stm32_gpio_setup_t\000"
 1905      325F6770 
 1905      696F5F73 
 1905      65747570 
 1905      5F7400
 1906              	.LASF46:
 1907 005d 50464461 		.ascii	"PFData\000"
 1907      746100
 1908              	.LASF3:
 1909 0064 73686F72 		.ascii	"short int\000"
 1909      7420696E 
 1909      7400
 1910              	.LASF60:
ARM GAS  /tmp/ccjjBoks.s 			page 35


 1911 006e 696E6974 		.ascii	"initgpio\000"
 1911      6770696F 
 1911      00
 1912              	.LASF12:
 1913 0077 73697A65 		.ascii	"sizetype\000"
 1913      74797065 
 1913      00
 1914              	.LASF20:
 1915 0080 42444352 		.ascii	"BDCR\000"
 1915      00
 1916              	.LASF51:
 1917 0085 6770696F 		.ascii	"gpiop\000"
 1917      7000
 1918              	.LASF58:
 1919 008b 474E5520 		.ascii	"GNU C 4.7.4 20130913 (prerelease)\000"
 1919      4320342E 
 1919      372E3420 
 1919      32303133 
 1919      30393133 
 1920              	.LASF55:
 1921 00ad 6D6F6465 		.ascii	"mode\000"
 1921      00
 1922              	.LASF52:
 1923 00b2 636F6E66 		.ascii	"config\000"
 1923      696700
 1924              	.LASF14:
 1925 00b9 43464752 		.ascii	"CFGR\000"
 1925      00
 1926              	.LASF36:
 1927 00be 6F747970 		.ascii	"otyper\000"
 1927      657200
 1928              	.LASF19:
 1929 00c5 41504231 		.ascii	"APB1ENR\000"
 1929      454E5200 
 1930              	.LASF27:
 1931 00cd 4F545950 		.ascii	"OTYPER\000"
 1931      455200
 1932              	.LASF42:
 1933 00d4 50414461 		.ascii	"PAData\000"
 1933      746100
 1934              	.LASF9:
 1935 00db 6C6F6E67 		.ascii	"long long int\000"
 1935      206C6F6E 
 1935      6720696E 
 1935      7400
 1936              	.LASF29:
 1937 00e9 50555044 		.ascii	"PUPDR\000"
 1937      5200
 1938              	.LASF37:
 1939 00ef 6F737065 		.ascii	"ospeedr\000"
 1939      65647200 
 1940              	.LASF5:
 1941 00f7 6C6F6E67 		.ascii	"long int\000"
 1941      20696E74 
 1941      00
 1942              	.LASF45:
 1943 0100 50444461 		.ascii	"PDData\000"
ARM GAS  /tmp/ccjjBoks.s 			page 36


 1943      746100
 1944              	.LASF24:
 1945 0107 5243435F 		.ascii	"RCC_TypeDef\000"
 1945      54797065 
 1945      44656600 
 1946              	.LASF30:
 1947 0113 42535252 		.ascii	"BSRR\000"
 1947      00
 1948              	.LASF17:
 1949 0118 41484245 		.ascii	"AHBENR\000"
 1949      4E5200
 1950              	.LASF26:
 1951 011f 4D4F4445 		.ascii	"MODER\000"
 1951      5200
 1952              	.LASF15:
 1953 0125 41504232 		.ascii	"APB2RSTR\000"
 1953      52535452 
 1953      00
 1954              	.LASF25:
 1955 012e 636C6561 		.ascii	"clear\000"
 1955      7200
 1956              	.LASF50:
 1957 0134 696F706F 		.ascii	"ioportid_t\000"
 1957      72746964 
 1957      5F7400
 1958              	.LASF2:
 1959 013f 756E7369 		.ascii	"unsigned char\000"
 1959      676E6564 
 1959      20636861 
 1959      7200
 1960              	.LASF18:
 1961 014d 41504232 		.ascii	"APB2ENR\000"
 1961      454E5200 
 1962              	.LASF1:
 1963 0155 7369676E 		.ascii	"signed char\000"
 1963      65642063 
 1963      68617200 
 1964              	.LASF10:
 1965 0161 6C6F6E67 		.ascii	"long long unsigned int\000"
 1965      206C6F6E 
 1965      6720756E 
 1965      7369676E 
 1965      65642069 
 1966              	.LASF7:
 1967 0178 75696E74 		.ascii	"uint32_t\000"
 1967      33325F74 
 1967      00
 1968              	.LASF0:
 1969 0181 756E7369 		.ascii	"unsigned int\000"
 1969      676E6564 
 1969      20696E74 
 1969      00
 1970              	.LASF22:
 1971 018e 43464752 		.ascii	"CFGR2\000"
 1971      3200
 1972              	.LASF23:
 1973 0194 43464752 		.ascii	"CFGR3\000"
ARM GAS  /tmp/ccjjBoks.s 			page 37


 1973      3300
 1974              	.LASF49:
 1975 019a 696F6D6F 		.ascii	"iomode_t\000"
 1975      64655F74 
 1975      00
 1976              	.LASF33:
 1977 01a3 41465248 		.ascii	"AFRH\000"
 1977      00
 1978              	.LASF32:
 1979 01a8 4146524C 		.ascii	"AFRL\000"
 1979      00
 1980              	.LASF4:
 1981 01ad 73686F72 		.ascii	"short unsigned int\000"
 1981      7420756E 
 1981      7369676E 
 1981      65642069 
 1981      6E7400
 1982              	.LASF48:
 1983 01c0 696F706F 		.ascii	"ioportmask_t\000"
 1983      72746D61 
 1983      736B5F74 
 1983      00
 1984              	.LASF13:
 1985 01cd 63686172 		.ascii	"char\000"
 1985      00
 1986              	.LASF6:
 1987 01d2 75696E74 		.ascii	"uint16_t\000"
 1987      31365F74 
 1987      00
 1988              	.LASF47:
 1989 01db 50414C43 		.ascii	"PALConfig\000"
 1989      6F6E6669 
 1989      6700
 1990              	.LASF59:
 1991 01e5 2F686F6D 		.ascii	"/home/matt/arm_cortex/ChibiOS/os/hal/platforms/STM3"
 1991      652F6D61 
 1991      74742F61 
 1991      726D5F63 
 1991      6F727465 
 1992 0218 322F4750 		.ascii	"2/GPIOv2/pal_lld.c\000"
 1992      494F7632 
 1992      2F70616C 
 1992      5F6C6C64 
 1992      2E6300
 1993              	.LASF11:
 1994 022b 5F426F6F 		.ascii	"_Bool\000"
 1994      6C00
 1995              	.LASF53:
 1996 0231 706F7274 		.ascii	"port\000"
 1996      00
 1997              	.LASF56:
 1998 0236 616C7472 		.ascii	"altr\000"
 1998      00
 1999              	.LASF28:
 2000 023b 4F535045 		.ascii	"OSPEEDR\000"
 2000      45445200 
 2001              	.LASF8:
ARM GAS  /tmp/ccjjBoks.s 			page 38


 2002 0243 6C6F6E67 		.ascii	"long unsigned int\000"
 2002      20756E73 
 2002      69676E65 
 2002      6420696E 
 2002      7400
 2003              	.LASF54:
 2004 0255 6D61736B 		.ascii	"mask\000"
 2004      00
 2005              	.LASF38:
 2006 025a 70757064 		.ascii	"pupdr\000"
 2006      7200
 2007              	.LASF40:
 2008 0260 61667268 		.ascii	"afrh\000"
 2008      00
 2009              	.LASF21:
 2010 0265 41484252 		.ascii	"AHBRSTR\000"
 2010      53545200 
 2011              	.LASF39:
 2012 026d 6166726C 		.ascii	"afrl\000"
 2012      00
 2013              	.LASF35:
 2014 0272 6D6F6465 		.ascii	"moder\000"
 2014      7200
 2015              	.LASF43:
 2016 0278 50424461 		.ascii	"PBData\000"
 2016      746100
 2017              	.LASF31:
 2018 027f 4C434B52 		.ascii	"LCKR\000"
 2018      00
 2019              		.ident	"GCC: (GNU Tools for ARM Embedded Processors / bleeding-edge-toolchain-131005) 4.7.4 201309
ARM GAS  /tmp/ccjjBoks.s 			page 39


DEFINED SYMBOLS
                            *ABS*:0000000000000000 pal_lld.c
     /tmp/ccjjBoks.s:18     .text._pal_lld_init:0000000000000000 $t
     /tmp/ccjjBoks.s:24     .text._pal_lld_init:0000000000000000 _pal_lld_init
     /tmp/ccjjBoks.s:195    .text._pal_lld_init:00000000000000ac $d
     /tmp/ccjjBoks.s:204    .text._pal_lld_setgroupmode:0000000000000000 $t
     /tmp/ccjjBoks.s:210    .text._pal_lld_setgroupmode:0000000000000000 _pal_lld_setgroupmode
                     .debug_frame:0000000000000010 $d

NO UNDEFINED SYMBOLS
