ARM GAS  /tmp/cca67FA1.s 			page 1


   1              		.cpu cortex-m0
   2              		.fpu softvfp
   3              		.eabi_attribute 20, 1
   4              		.eabi_attribute 21, 1
   5              		.eabi_attribute 23, 3
   6              		.eabi_attribute 24, 1
   7              		.eabi_attribute 25, 1
   8              		.eabi_attribute 26, 1
   9              		.eabi_attribute 30, 2
  10              		.eabi_attribute 34, 0
  11              		.eabi_attribute 18, 4
  12              		.code	16
  13              		.file	"usb.c"
  14              		.text
  15              	.Ltext0:
  16              		.cfi_sections	.debug_frame
  17              	.Letext0:
  18              		.section	.debug_info,"",%progbits
  19              	.Ldebug_info0:
  20 0000 71000000 		.4byte	0x71
  21 0004 0200     		.2byte	0x2
  22 0006 00000000 		.4byte	.Ldebug_abbrev0
  23 000a 04       		.byte	0x4
  24 000b 01       		.uleb128 0x1
  25 000c 1F000000 		.4byte	.LASF12
  26 0010 01       		.byte	0x1
  27 0011 41000000 		.4byte	.LASF13
  28 0015 00000000 		.4byte	.Ldebug_line0
  29 0019 02       		.uleb128 0x2
  30 001a 01       		.byte	0x1
  31 001b 06       		.byte	0x6
  32 001c 70000000 		.4byte	.LASF0
  33 0020 02       		.uleb128 0x2
  34 0021 01       		.byte	0x1
  35 0022 08       		.byte	0x8
  36 0023 B5000000 		.4byte	.LASF1
  37 0027 02       		.uleb128 0x2
  38 0028 02       		.byte	0x2
  39 0029 05       		.byte	0x5
  40 002a 7C000000 		.4byte	.LASF2
  41 002e 02       		.uleb128 0x2
  42 002f 02       		.byte	0x2
  43 0030 07       		.byte	0x7
  44 0031 C8000000 		.4byte	.LASF3
  45 0035 03       		.uleb128 0x3
  46 0036 04       		.byte	0x4
  47 0037 05       		.byte	0x5
  48 0038 696E7400 		.ascii	"int\000"
  49 003c 02       		.uleb128 0x2
  50 003d 04       		.byte	0x4
  51 003e 07       		.byte	0x7
  52 003f 00000000 		.4byte	.LASF4
  53 0043 02       		.uleb128 0x2
  54 0044 08       		.byte	0x8
  55 0045 05       		.byte	0x5
  56 0046 DB000000 		.4byte	.LASF5
  57 004a 02       		.uleb128 0x2
ARM GAS  /tmp/cca67FA1.s 			page 2


  58 004b 08       		.byte	0x8
  59 004c 07       		.byte	0x7
  60 004d 86000000 		.4byte	.LASF6
  61 0051 02       		.uleb128 0x2
  62 0052 04       		.byte	0x4
  63 0053 05       		.byte	0x5
  64 0054 A3000000 		.4byte	.LASF7
  65 0058 02       		.uleb128 0x2
  66 0059 04       		.byte	0x4
  67 005a 07       		.byte	0x7
  68 005b AC000000 		.4byte	.LASF8
  69 005f 02       		.uleb128 0x2
  70 0060 04       		.byte	0x4
  71 0061 07       		.byte	0x7
  72 0062 0D000000 		.4byte	.LASF9
  73 0066 02       		.uleb128 0x2
  74 0067 01       		.byte	0x1
  75 0068 08       		.byte	0x8
  76 0069 C3000000 		.4byte	.LASF10
  77 006d 02       		.uleb128 0x2
  78 006e 01       		.byte	0x1
  79 006f 02       		.byte	0x2
  80 0070 9D000000 		.4byte	.LASF11
  81 0074 00       		.byte	0
  82              		.section	.debug_abbrev,"",%progbits
  83              	.Ldebug_abbrev0:
  84 0000 01       		.uleb128 0x1
  85 0001 11       		.uleb128 0x11
  86 0002 01       		.byte	0x1
  87 0003 25       		.uleb128 0x25
  88 0004 0E       		.uleb128 0xe
  89 0005 13       		.uleb128 0x13
  90 0006 0B       		.uleb128 0xb
  91 0007 03       		.uleb128 0x3
  92 0008 0E       		.uleb128 0xe
  93 0009 10       		.uleb128 0x10
  94 000a 06       		.uleb128 0x6
  95 000b 00       		.byte	0
  96 000c 00       		.byte	0
  97 000d 02       		.uleb128 0x2
  98 000e 24       		.uleb128 0x24
  99 000f 00       		.byte	0
 100 0010 0B       		.uleb128 0xb
 101 0011 0B       		.uleb128 0xb
 102 0012 3E       		.uleb128 0x3e
 103 0013 0B       		.uleb128 0xb
 104 0014 03       		.uleb128 0x3
 105 0015 0E       		.uleb128 0xe
 106 0016 00       		.byte	0
 107 0017 00       		.byte	0
 108 0018 03       		.uleb128 0x3
 109 0019 24       		.uleb128 0x24
 110 001a 00       		.byte	0
 111 001b 0B       		.uleb128 0xb
 112 001c 0B       		.uleb128 0xb
 113 001d 3E       		.uleb128 0x3e
 114 001e 0B       		.uleb128 0xb
ARM GAS  /tmp/cca67FA1.s 			page 3


 115 001f 03       		.uleb128 0x3
 116 0020 08       		.uleb128 0x8
 117 0021 00       		.byte	0
 118 0022 00       		.byte	0
 119 0023 00       		.byte	0
 120              		.section	.debug_aranges,"",%progbits
 121 0000 14000000 		.4byte	0x14
 122 0004 0200     		.2byte	0x2
 123 0006 00000000 		.4byte	.Ldebug_info0
 124 000a 04       		.byte	0x4
 125 000b 00       		.byte	0
 126 000c 0000     		.2byte	0
 127 000e 0000     		.2byte	0
 128 0010 00000000 		.4byte	0
 129 0014 00000000 		.4byte	0
 130              		.section	.debug_line,"",%progbits
 131              	.Ldebug_line0:
 132 0000 19000000 		.section	.debug_str,"MS",%progbits,1
 132      02001300 
 132      00000201 
 132      FB0E0D00 
 132      01010101 
 133              	.LASF4:
 134 0000 756E7369 		.ascii	"unsigned int\000"
 134      676E6564 
 134      20696E74 
 134      00
 135              	.LASF9:
 136 000d 6C6F6E67 		.ascii	"long unsigned int\000"
 136      20756E73 
 136      69676E65 
 136      6420696E 
 136      7400
 137              	.LASF12:
 138 001f 474E5520 		.ascii	"GNU C 4.7.4 20130913 (prerelease)\000"
 138      4320342E 
 138      372E3420 
 138      32303133 
 138      30393133 
 139              	.LASF13:
 140 0041 2F686F6D 		.ascii	"/home/matt/arm_cortex/ChibiOS/os/hal/src/usb.c\000"
 140      652F6D61 
 140      74742F61 
 140      726D5F63 
 140      6F727465 
 141              	.LASF0:
 142 0070 7369676E 		.ascii	"signed char\000"
 142      65642063 
 142      68617200 
 143              	.LASF2:
 144 007c 73686F72 		.ascii	"short int\000"
 144      7420696E 
 144      7400
 145              	.LASF6:
 146 0086 6C6F6E67 		.ascii	"long long unsigned int\000"
 146      206C6F6E 
 146      6720756E 
ARM GAS  /tmp/cca67FA1.s 			page 4


 146      7369676E 
 146      65642069 
 147              	.LASF11:
 148 009d 5F426F6F 		.ascii	"_Bool\000"
 148      6C00
 149              	.LASF7:
 150 00a3 6C6F6E67 		.ascii	"long int\000"
 150      20696E74 
 150      00
 151              	.LASF8:
 152 00ac 73697A65 		.ascii	"sizetype\000"
 152      74797065 
 152      00
 153              	.LASF1:
 154 00b5 756E7369 		.ascii	"unsigned char\000"
 154      676E6564 
 154      20636861 
 154      7200
 155              	.LASF10:
 156 00c3 63686172 		.ascii	"char\000"
 156      00
 157              	.LASF3:
 158 00c8 73686F72 		.ascii	"short unsigned int\000"
 158      7420756E 
 158      7369676E 
 158      65642069 
 158      6E7400
 159              	.LASF5:
 160 00db 6C6F6E67 		.ascii	"long long int\000"
 160      206C6F6E 
 160      6720696E 
 160      7400
 161              		.ident	"GCC: (GNU Tools for ARM Embedded Processors / bleeding-edge-toolchain-131005) 4.7.4 201309
ARM GAS  /tmp/cca67FA1.s 			page 5


DEFINED SYMBOLS
                            *ABS*:0000000000000000 usb.c

NO UNDEFINED SYMBOLS
