ARM GAS  /tmp/cccPsp3p.s 			page 1


   1              		.cpu cortex-m0
   2              		.fpu softvfp
   3              		.eabi_attribute 20, 1
   4              		.eabi_attribute 21, 1
   5              		.eabi_attribute 23, 3
   6              		.eabi_attribute 24, 1
   7              		.eabi_attribute 25, 1
   8              		.eabi_attribute 26, 1
   9              		.eabi_attribute 30, 2
  10              		.eabi_attribute 34, 0
  11              		.eabi_attribute 18, 4
  12              		.code	16
  13              		.file	"vectors.c"
  14              		.text
  15              	.Ltext0:
  16              		.cfi_sections	.debug_frame
  17              		.section	.text._unhandled_exception,"ax",%progbits
  18              		.align	2
  19              		.p2align 4,,15
  20              		.global	_unhandled_exception
  21              		.code	16
  22              		.thumb_func
  23              		.type	_unhandled_exception, %function
  24              	_unhandled_exception:
  25              	.LFB7:
  26              		.file 1 "/home/matt/arm_cortex/ChibiOS/os/ports/GCC/ARMCMx/STM32F0xx/vectors.c"
  27              		.loc 1 152 0
  28              		.cfi_startproc
  29              	.L2:
  30 0000 FEE7     		b	.L2
  31              		.cfi_endproc
  32              	.LFE7:
  33              		.size	_unhandled_exception, .-_unhandled_exception
  34              		.weak	HardFaultVector
  35              		.thumb_set HardFaultVector,_unhandled_exception
  36              		.weak	MemManageVector
  37              		.thumb_set MemManageVector,_unhandled_exception
  38              		.weak	BusFaultVector
  39              		.thumb_set BusFaultVector,_unhandled_exception
  40              		.weak	UsageFaultVector
  41              		.thumb_set UsageFaultVector,_unhandled_exception
  42              		.weak	Vector1C
  43              		.thumb_set Vector1C,_unhandled_exception
  44              		.weak	Vector20
  45              		.thumb_set Vector20,_unhandled_exception
  46              		.weak	Vector24
  47              		.thumb_set Vector24,_unhandled_exception
  48              		.weak	Vector28
  49              		.thumb_set Vector28,_unhandled_exception
  50              		.weak	SVCallVector
  51              		.thumb_set SVCallVector,_unhandled_exception
  52              		.weak	DebugMonitorVector
  53              		.thumb_set DebugMonitorVector,_unhandled_exception
  54              		.weak	Vector34
  55              		.thumb_set Vector34,_unhandled_exception
  56              		.weak	PendSVVector
  57              		.thumb_set PendSVVector,_unhandled_exception
ARM GAS  /tmp/cccPsp3p.s 			page 2


  58              		.weak	SysTickVector
  59              		.thumb_set SysTickVector,_unhandled_exception
  60              		.weak	Vector40
  61              		.thumb_set Vector40,_unhandled_exception
  62              		.weak	Vector44
  63              		.thumb_set Vector44,_unhandled_exception
  64              		.weak	Vector48
  65              		.thumb_set Vector48,_unhandled_exception
  66              		.weak	Vector4C
  67              		.thumb_set Vector4C,_unhandled_exception
  68              		.weak	Vector50
  69              		.thumb_set Vector50,_unhandled_exception
  70              		.weak	Vector54
  71              		.thumb_set Vector54,_unhandled_exception
  72              		.weak	Vector58
  73              		.thumb_set Vector58,_unhandled_exception
  74              		.weak	Vector5C
  75              		.thumb_set Vector5C,_unhandled_exception
  76              		.weak	Vector60
  77              		.thumb_set Vector60,_unhandled_exception
  78              		.weak	Vector64
  79              		.thumb_set Vector64,_unhandled_exception
  80              		.weak	Vector68
  81              		.thumb_set Vector68,_unhandled_exception
  82              		.weak	Vector6C
  83              		.thumb_set Vector6C,_unhandled_exception
  84              		.weak	Vector70
  85              		.thumb_set Vector70,_unhandled_exception
  86              		.weak	Vector74
  87              		.thumb_set Vector74,_unhandled_exception
  88              		.weak	Vector78
  89              		.thumb_set Vector78,_unhandled_exception
  90              		.weak	Vector7C
  91              		.thumb_set Vector7C,_unhandled_exception
  92              		.weak	Vector80
  93              		.thumb_set Vector80,_unhandled_exception
  94              		.weak	Vector84
  95              		.thumb_set Vector84,_unhandled_exception
  96              		.weak	Vector88
  97              		.thumb_set Vector88,_unhandled_exception
  98              		.weak	Vector8C
  99              		.thumb_set Vector8C,_unhandled_exception
 100              		.weak	Vector90
 101              		.thumb_set Vector90,_unhandled_exception
 102              		.weak	Vector94
 103              		.thumb_set Vector94,_unhandled_exception
 104              		.weak	Vector98
 105              		.thumb_set Vector98,_unhandled_exception
 106              		.weak	Vector9C
 107              		.thumb_set Vector9C,_unhandled_exception
 108              		.weak	VectorA0
 109              		.thumb_set VectorA0,_unhandled_exception
 110              		.weak	VectorA4
 111              		.thumb_set VectorA4,_unhandled_exception
 112              		.weak	VectorA8
 113              		.thumb_set VectorA8,_unhandled_exception
 114              		.weak	VectorAC
ARM GAS  /tmp/cccPsp3p.s 			page 3


 115              		.thumb_set VectorAC,_unhandled_exception
 116              		.weak	VectorB0
 117              		.thumb_set VectorB0,_unhandled_exception
 118              		.weak	VectorB4
 119              		.thumb_set VectorB4,_unhandled_exception
 120              		.weak	VectorB8
 121              		.thumb_set VectorB8,_unhandled_exception
 122              		.weak	VectorBC
 123              		.thumb_set VectorBC,_unhandled_exception
 124              		.weak	NMIVector
 125              		.thumb_set NMIVector,_unhandled_exception
 126              		.global	_vectors
 127 0002 C046C046 		.section	vectors,"aw",%progbits
 127      C046C046 
 127      C046C046 
 127      C046
 128              		.align	2
 129              		.type	_vectors, %object
 130              		.size	_vectors, 192
 131              	_vectors:
 132 0000 00000000 		.word	__main_stack_end__
 133 0004 00000000 		.word	ResetHandler
 134 0008 00000000 		.word	NMIVector
 135 000c 00000000 		.word	HardFaultVector
 136 0010 00000000 		.word	MemManageVector
 137 0014 00000000 		.word	BusFaultVector
 138 0018 00000000 		.word	UsageFaultVector
 139 001c 00000000 		.word	Vector1C
 140 0020 00000000 		.word	Vector20
 141 0024 00000000 		.word	Vector24
 142 0028 00000000 		.word	Vector28
 143 002c 00000000 		.word	SVCallVector
 144 0030 00000000 		.word	DebugMonitorVector
 145 0034 00000000 		.word	Vector34
 146 0038 00000000 		.word	PendSVVector
 147 003c 00000000 		.word	SysTickVector
 148 0040 00000000 		.word	Vector40
 149 0044 00000000 		.word	Vector44
 150 0048 00000000 		.word	Vector48
 151 004c 00000000 		.word	Vector4C
 152 0050 00000000 		.word	Vector50
 153 0054 00000000 		.word	Vector54
 154 0058 00000000 		.word	Vector58
 155 005c 00000000 		.word	Vector5C
 156 0060 00000000 		.word	Vector60
 157 0064 00000000 		.word	Vector64
 158 0068 00000000 		.word	Vector68
 159 006c 00000000 		.word	Vector6C
 160 0070 00000000 		.word	Vector70
 161 0074 00000000 		.word	Vector74
 162 0078 00000000 		.word	Vector78
 163 007c 00000000 		.word	Vector7C
 164 0080 00000000 		.word	Vector80
 165 0084 00000000 		.word	Vector84
 166 0088 00000000 		.word	Vector88
 167 008c 00000000 		.word	Vector8C
 168 0090 00000000 		.word	Vector90
ARM GAS  /tmp/cccPsp3p.s 			page 4


 169 0094 00000000 		.word	Vector94
 170 0098 00000000 		.word	Vector98
 171 009c 00000000 		.word	Vector9C
 172 00a0 00000000 		.word	VectorA0
 173 00a4 00000000 		.word	VectorA4
 174 00a8 00000000 		.word	VectorA8
 175 00ac 00000000 		.word	VectorAC
 176 00b0 00000000 		.word	VectorB0
 177 00b4 00000000 		.word	VectorB4
 178 00b8 00000000 		.word	VectorB8
 179 00bc 00000000 		.word	VectorBC
 180              		.text
 181              	.Letext0:
 182              		.file 2 "/home/matt/arm_cortex/gcc-arm-none-eabi/bin/../lib/gcc/arm-none-eabi/4.7.4/../../../../ar
 183              		.section	.debug_info,"",%progbits
 184              	.Ldebug_info0:
 185 0000 E7010000 		.4byte	0x1e7
 186 0004 0200     		.2byte	0x2
 187 0006 00000000 		.4byte	.Ldebug_abbrev0
 188 000a 04       		.byte	0x4
 189 000b 01       		.uleb128 0x1
 190 000c 09000000 		.4byte	.LASF34
 191 0010 01       		.byte	0x1
 192 0011 9F000000 		.4byte	.LASF35
 193 0015 00000000 		.4byte	.Ldebug_ranges0+0
 194 0019 00000000 		.4byte	0
 195 001d 00000000 		.4byte	0
 196 0021 00000000 		.4byte	.Ldebug_line0
 197 0025 02       		.uleb128 0x2
 198 0026 04       		.byte	0x4
 199 0027 05       		.byte	0x5
 200 0028 696E7400 		.ascii	"int\000"
 201 002c 03       		.uleb128 0x3
 202 002d 04       		.byte	0x4
 203 002e 07       		.byte	0x7
 204 002f FD000000 		.4byte	.LASF0
 205 0033 03       		.uleb128 0x3
 206 0034 01       		.byte	0x1
 207 0035 06       		.byte	0x6
 208 0036 E9010000 		.4byte	.LASF1
 209 003a 03       		.uleb128 0x3
 210 003b 01       		.byte	0x1
 211 003c 08       		.byte	0x8
 212 003d 63000000 		.4byte	.LASF2
 213 0041 03       		.uleb128 0x3
 214 0042 02       		.byte	0x2
 215 0043 05       		.byte	0x5
 216 0044 C0010000 		.4byte	.LASF3
 217 0048 03       		.uleb128 0x3
 218 0049 02       		.byte	0x2
 219 004a 07       		.byte	0x7
 220 004b 8C000000 		.4byte	.LASF4
 221 004f 03       		.uleb128 0x3
 222 0050 04       		.byte	0x4
 223 0051 05       		.byte	0x5
 224 0052 E0010000 		.4byte	.LASF5
 225 0056 04       		.uleb128 0x4
ARM GAS  /tmp/cccPsp3p.s 			page 5


 226 0057 D7010000 		.4byte	.LASF12
 227 005b 02       		.byte	0x2
 228 005c 50       		.byte	0x50
 229 005d 61000000 		.4byte	0x61
 230 0061 03       		.uleb128 0x3
 231 0062 04       		.byte	0x4
 232 0063 07       		.byte	0x7
 233 0064 7A000000 		.4byte	.LASF6
 234 0068 03       		.uleb128 0x3
 235 0069 08       		.byte	0x8
 236 006a 05       		.byte	0x5
 237 006b 7F010000 		.4byte	.LASF7
 238 006f 03       		.uleb128 0x3
 239 0070 08       		.byte	0x8
 240 0071 07       		.byte	0x7
 241 0072 15010000 		.4byte	.LASF8
 242 0076 03       		.uleb128 0x3
 243 0077 01       		.byte	0x1
 244 0078 02       		.byte	0x2
 245 0079 13020000 		.4byte	.LASF9
 246 007d 03       		.uleb128 0x3
 247 007e 04       		.byte	0x4
 248 007f 07       		.byte	0x7
 249 0080 57010000 		.4byte	.LASF10
 250 0084 03       		.uleb128 0x3
 251 0085 01       		.byte	0x1
 252 0086 08       		.byte	0x8
 253 0087 8D010000 		.4byte	.LASF11
 254 008b 04       		.uleb128 0x4
 255 008c 2B000000 		.4byte	.LASF13
 256 0090 01       		.byte	0x1
 257 0091 2B       		.byte	0x2b
 258 0092 96000000 		.4byte	0x96
 259 0096 05       		.uleb128 0x5
 260 0097 04       		.byte	0x4
 261 0098 9C000000 		.4byte	0x9c
 262 009c 06       		.uleb128 0x6
 263 009d 01       		.byte	0x1
 264 009e 07       		.uleb128 0x7
 265 009f C0       		.byte	0xc0
 266 00a0 01       		.byte	0x1
 267 00a1 30       		.byte	0x30
 268 00a2 95010000 		.4byte	0x195
 269 00a6 08       		.uleb128 0x8
 270 00a7 4A000000 		.4byte	.LASF14
 271 00ab 01       		.byte	0x1
 272 00ac 31       		.byte	0x31
 273 00ad 95010000 		.4byte	0x195
 274 00b1 02       		.byte	0x2
 275 00b2 23       		.byte	0x23
 276 00b3 00       		.uleb128 0
 277 00b4 08       		.uleb128 0x8
 278 00b5 CA010000 		.4byte	.LASF15
 279 00b9 01       		.byte	0x1
 280 00ba 32       		.byte	0x32
 281 00bb 8B000000 		.4byte	0x8b
 282 00bf 02       		.byte	0x2
ARM GAS  /tmp/cccPsp3p.s 			page 6


 283 00c0 23       		.byte	0x23
 284 00c1 04       		.uleb128 0x4
 285 00c2 08       		.uleb128 0x8
 286 00c3 0A010000 		.4byte	.LASF16
 287 00c7 01       		.byte	0x1
 288 00c8 33       		.byte	0x33
 289 00c9 8B000000 		.4byte	0x8b
 290 00cd 02       		.byte	0x2
 291 00ce 23       		.byte	0x23
 292 00cf 08       		.uleb128 0x8
 293 00d0 08       		.uleb128 0x8
 294 00d1 6E010000 		.4byte	.LASF17
 295 00d5 01       		.byte	0x1
 296 00d6 34       		.byte	0x34
 297 00d7 8B000000 		.4byte	0x8b
 298 00db 02       		.byte	0x2
 299 00dc 23       		.byte	0x23
 300 00dd 0C       		.uleb128 0xc
 301 00de 08       		.uleb128 0x8
 302 00df 92010000 		.4byte	.LASF18
 303 00e3 01       		.byte	0x1
 304 00e4 35       		.byte	0x35
 305 00e5 8B000000 		.4byte	0x8b
 306 00e9 02       		.byte	0x2
 307 00ea 23       		.byte	0x23
 308 00eb 10       		.uleb128 0x10
 309 00ec 08       		.uleb128 0x8
 310 00ed 2C010000 		.4byte	.LASF19
 311 00f1 01       		.byte	0x1
 312 00f2 36       		.byte	0x36
 313 00f3 8B000000 		.4byte	0x8b
 314 00f7 02       		.byte	0x2
 315 00f8 23       		.byte	0x23
 316 00f9 14       		.uleb128 0x14
 317 00fa 08       		.uleb128 0x8
 318 00fb 45010000 		.4byte	.LASF20
 319 00ff 01       		.byte	0x1
 320 0100 37       		.byte	0x37
 321 0101 8B000000 		.4byte	0x8b
 322 0105 02       		.byte	0x2
 323 0106 23       		.byte	0x23
 324 0107 18       		.uleb128 0x18
 325 0108 08       		.uleb128 0x8
 326 0109 E5000000 		.4byte	.LASF21
 327 010d 01       		.byte	0x1
 328 010e 38       		.byte	0x38
 329 010f 8B000000 		.4byte	0x8b
 330 0113 02       		.byte	0x2
 331 0114 23       		.byte	0x23
 332 0115 1C       		.uleb128 0x1c
 333 0116 08       		.uleb128 0x8
 334 0117 71000000 		.4byte	.LASF22
 335 011b 01       		.byte	0x1
 336 011c 39       		.byte	0x39
 337 011d 8B000000 		.4byte	0x8b
 338 0121 02       		.byte	0x2
 339 0122 23       		.byte	0x23
ARM GAS  /tmp/cccPsp3p.s 			page 7


 340 0123 20       		.uleb128 0x20
 341 0124 08       		.uleb128 0x8
 342 0125 00000000 		.4byte	.LASF23
 343 0129 01       		.byte	0x1
 344 012a 3A       		.byte	0x3a
 345 012b 8B000000 		.4byte	0x8b
 346 012f 02       		.byte	0x2
 347 0130 23       		.byte	0x23
 348 0131 24       		.uleb128 0x24
 349 0132 08       		.uleb128 0x8
 350 0133 3C010000 		.4byte	.LASF24
 351 0137 01       		.byte	0x1
 352 0138 3B       		.byte	0x3b
 353 0139 8B000000 		.4byte	0x8b
 354 013d 02       		.byte	0x2
 355 013e 23       		.byte	0x23
 356 013f 28       		.uleb128 0x28
 357 0140 08       		.uleb128 0x8
 358 0141 55000000 		.4byte	.LASF25
 359 0145 01       		.byte	0x1
 360 0146 3C       		.byte	0x3c
 361 0147 8B000000 		.4byte	0x8b
 362 014b 02       		.byte	0x2
 363 014c 23       		.byte	0x23
 364 014d 2C       		.uleb128 0x2c
 365 014e 08       		.uleb128 0x8
 366 014f F5010000 		.4byte	.LASF26
 367 0153 01       		.byte	0x1
 368 0154 3D       		.byte	0x3d
 369 0155 8B000000 		.4byte	0x8b
 370 0159 02       		.byte	0x2
 371 015a 23       		.byte	0x23
 372 015b 30       		.uleb128 0x30
 373 015c 08       		.uleb128 0x8
 374 015d 38000000 		.4byte	.LASF27
 375 0161 01       		.byte	0x1
 376 0162 3E       		.byte	0x3e
 377 0163 8B000000 		.4byte	0x8b
 378 0167 02       		.byte	0x2
 379 0168 23       		.byte	0x23
 380 0169 34       		.uleb128 0x34
 381 016a 08       		.uleb128 0x8
 382 016b 60010000 		.4byte	.LASF28
 383 016f 01       		.byte	0x1
 384 0170 3F       		.byte	0x3f
 385 0171 8B000000 		.4byte	0x8b
 386 0175 02       		.byte	0x2
 387 0176 23       		.byte	0x23
 388 0177 38       		.uleb128 0x38
 389 0178 08       		.uleb128 0x8
 390 0179 EE000000 		.4byte	.LASF29
 391 017d 01       		.byte	0x1
 392 017e 40       		.byte	0x40
 393 017f 8B000000 		.4byte	0x8b
 394 0183 02       		.byte	0x2
 395 0184 23       		.byte	0x23
 396 0185 3C       		.uleb128 0x3c
ARM GAS  /tmp/cccPsp3p.s 			page 8


 397 0186 08       		.uleb128 0x8
 398 0187 B8010000 		.4byte	.LASF30
 399 018b 01       		.byte	0x1
 400 018c 41       		.byte	0x41
 401 018d 9B010000 		.4byte	0x19b
 402 0191 02       		.byte	0x2
 403 0192 23       		.byte	0x23
 404 0193 40       		.uleb128 0x40
 405 0194 00       		.byte	0
 406 0195 05       		.uleb128 0x5
 407 0196 04       		.byte	0x4
 408 0197 56000000 		.4byte	0x56
 409 019b 09       		.uleb128 0x9
 410 019c 8B000000 		.4byte	0x8b
 411 01a0 AB010000 		.4byte	0x1ab
 412 01a4 0A       		.uleb128 0xa
 413 01a5 7D000000 		.4byte	0x7d
 414 01a9 1F       		.byte	0x1f
 415 01aa 00       		.byte	0
 416 01ab 04       		.uleb128 0x4
 417 01ac 09020000 		.4byte	.LASF31
 418 01b0 01       		.byte	0x1
 419 01b1 42       		.byte	0x42
 420 01b2 9E000000 		.4byte	0x9e
 421 01b6 0B       		.uleb128 0xb
 422 01b7 01       		.byte	0x1
 423 01b8 A3010000 		.4byte	.LASF36
 424 01bc 01       		.byte	0x1
 425 01bd 98       		.byte	0x98
 426 01be 01       		.byte	0x1
 427 01bf 00000000 		.4byte	.LFB7
 428 01c3 02000000 		.4byte	.LFE7
 429 01c7 02       		.byte	0x2
 430 01c8 7D       		.byte	0x7d
 431 01c9 00       		.sleb128 0
 432 01ca 01       		.byte	0x1
 433 01cb 0C       		.uleb128 0xc
 434 01cc 19020000 		.4byte	.LASF32
 435 01d0 01       		.byte	0x1
 436 01d1 45       		.byte	0x45
 437 01d2 56000000 		.4byte	0x56
 438 01d6 01       		.byte	0x1
 439 01d7 01       		.byte	0x1
 440 01d8 0D       		.uleb128 0xd
 441 01d9 41000000 		.4byte	.LASF33
 442 01dd 01       		.byte	0x1
 443 01de 7D       		.byte	0x7d
 444 01df AB010000 		.4byte	0x1ab
 445 01e3 01       		.byte	0x1
 446 01e4 05       		.byte	0x5
 447 01e5 03       		.byte	0x3
 448 01e6 00000000 		.4byte	_vectors
 449 01ea 00       		.byte	0
 450              		.section	.debug_abbrev,"",%progbits
 451              	.Ldebug_abbrev0:
 452 0000 01       		.uleb128 0x1
 453 0001 11       		.uleb128 0x11
ARM GAS  /tmp/cccPsp3p.s 			page 9


 454 0002 01       		.byte	0x1
 455 0003 25       		.uleb128 0x25
 456 0004 0E       		.uleb128 0xe
 457 0005 13       		.uleb128 0x13
 458 0006 0B       		.uleb128 0xb
 459 0007 03       		.uleb128 0x3
 460 0008 0E       		.uleb128 0xe
 461 0009 55       		.uleb128 0x55
 462 000a 06       		.uleb128 0x6
 463 000b 11       		.uleb128 0x11
 464 000c 01       		.uleb128 0x1
 465 000d 52       		.uleb128 0x52
 466 000e 01       		.uleb128 0x1
 467 000f 10       		.uleb128 0x10
 468 0010 06       		.uleb128 0x6
 469 0011 00       		.byte	0
 470 0012 00       		.byte	0
 471 0013 02       		.uleb128 0x2
 472 0014 24       		.uleb128 0x24
 473 0015 00       		.byte	0
 474 0016 0B       		.uleb128 0xb
 475 0017 0B       		.uleb128 0xb
 476 0018 3E       		.uleb128 0x3e
 477 0019 0B       		.uleb128 0xb
 478 001a 03       		.uleb128 0x3
 479 001b 08       		.uleb128 0x8
 480 001c 00       		.byte	0
 481 001d 00       		.byte	0
 482 001e 03       		.uleb128 0x3
 483 001f 24       		.uleb128 0x24
 484 0020 00       		.byte	0
 485 0021 0B       		.uleb128 0xb
 486 0022 0B       		.uleb128 0xb
 487 0023 3E       		.uleb128 0x3e
 488 0024 0B       		.uleb128 0xb
 489 0025 03       		.uleb128 0x3
 490 0026 0E       		.uleb128 0xe
 491 0027 00       		.byte	0
 492 0028 00       		.byte	0
 493 0029 04       		.uleb128 0x4
 494 002a 16       		.uleb128 0x16
 495 002b 00       		.byte	0
 496 002c 03       		.uleb128 0x3
 497 002d 0E       		.uleb128 0xe
 498 002e 3A       		.uleb128 0x3a
 499 002f 0B       		.uleb128 0xb
 500 0030 3B       		.uleb128 0x3b
 501 0031 0B       		.uleb128 0xb
 502 0032 49       		.uleb128 0x49
 503 0033 13       		.uleb128 0x13
 504 0034 00       		.byte	0
 505 0035 00       		.byte	0
 506 0036 05       		.uleb128 0x5
 507 0037 0F       		.uleb128 0xf
 508 0038 00       		.byte	0
 509 0039 0B       		.uleb128 0xb
 510 003a 0B       		.uleb128 0xb
ARM GAS  /tmp/cccPsp3p.s 			page 10


 511 003b 49       		.uleb128 0x49
 512 003c 13       		.uleb128 0x13
 513 003d 00       		.byte	0
 514 003e 00       		.byte	0
 515 003f 06       		.uleb128 0x6
 516 0040 15       		.uleb128 0x15
 517 0041 00       		.byte	0
 518 0042 27       		.uleb128 0x27
 519 0043 0C       		.uleb128 0xc
 520 0044 00       		.byte	0
 521 0045 00       		.byte	0
 522 0046 07       		.uleb128 0x7
 523 0047 13       		.uleb128 0x13
 524 0048 01       		.byte	0x1
 525 0049 0B       		.uleb128 0xb
 526 004a 0B       		.uleb128 0xb
 527 004b 3A       		.uleb128 0x3a
 528 004c 0B       		.uleb128 0xb
 529 004d 3B       		.uleb128 0x3b
 530 004e 0B       		.uleb128 0xb
 531 004f 01       		.uleb128 0x1
 532 0050 13       		.uleb128 0x13
 533 0051 00       		.byte	0
 534 0052 00       		.byte	0
 535 0053 08       		.uleb128 0x8
 536 0054 0D       		.uleb128 0xd
 537 0055 00       		.byte	0
 538 0056 03       		.uleb128 0x3
 539 0057 0E       		.uleb128 0xe
 540 0058 3A       		.uleb128 0x3a
 541 0059 0B       		.uleb128 0xb
 542 005a 3B       		.uleb128 0x3b
 543 005b 0B       		.uleb128 0xb
 544 005c 49       		.uleb128 0x49
 545 005d 13       		.uleb128 0x13
 546 005e 38       		.uleb128 0x38
 547 005f 0A       		.uleb128 0xa
 548 0060 00       		.byte	0
 549 0061 00       		.byte	0
 550 0062 09       		.uleb128 0x9
 551 0063 01       		.uleb128 0x1
 552 0064 01       		.byte	0x1
 553 0065 49       		.uleb128 0x49
 554 0066 13       		.uleb128 0x13
 555 0067 01       		.uleb128 0x1
 556 0068 13       		.uleb128 0x13
 557 0069 00       		.byte	0
 558 006a 00       		.byte	0
 559 006b 0A       		.uleb128 0xa
 560 006c 21       		.uleb128 0x21
 561 006d 00       		.byte	0
 562 006e 49       		.uleb128 0x49
 563 006f 13       		.uleb128 0x13
 564 0070 2F       		.uleb128 0x2f
 565 0071 0B       		.uleb128 0xb
 566 0072 00       		.byte	0
 567 0073 00       		.byte	0
ARM GAS  /tmp/cccPsp3p.s 			page 11


 568 0074 0B       		.uleb128 0xb
 569 0075 2E       		.uleb128 0x2e
 570 0076 00       		.byte	0
 571 0077 3F       		.uleb128 0x3f
 572 0078 0C       		.uleb128 0xc
 573 0079 03       		.uleb128 0x3
 574 007a 0E       		.uleb128 0xe
 575 007b 3A       		.uleb128 0x3a
 576 007c 0B       		.uleb128 0xb
 577 007d 3B       		.uleb128 0x3b
 578 007e 0B       		.uleb128 0xb
 579 007f 27       		.uleb128 0x27
 580 0080 0C       		.uleb128 0xc
 581 0081 11       		.uleb128 0x11
 582 0082 01       		.uleb128 0x1
 583 0083 12       		.uleb128 0x12
 584 0084 01       		.uleb128 0x1
 585 0085 40       		.uleb128 0x40
 586 0086 0A       		.uleb128 0xa
 587 0087 9742     		.uleb128 0x2117
 588 0089 0C       		.uleb128 0xc
 589 008a 00       		.byte	0
 590 008b 00       		.byte	0
 591 008c 0C       		.uleb128 0xc
 592 008d 34       		.uleb128 0x34
 593 008e 00       		.byte	0
 594 008f 03       		.uleb128 0x3
 595 0090 0E       		.uleb128 0xe
 596 0091 3A       		.uleb128 0x3a
 597 0092 0B       		.uleb128 0xb
 598 0093 3B       		.uleb128 0x3b
 599 0094 0B       		.uleb128 0xb
 600 0095 49       		.uleb128 0x49
 601 0096 13       		.uleb128 0x13
 602 0097 3F       		.uleb128 0x3f
 603 0098 0C       		.uleb128 0xc
 604 0099 3C       		.uleb128 0x3c
 605 009a 0C       		.uleb128 0xc
 606 009b 00       		.byte	0
 607 009c 00       		.byte	0
 608 009d 0D       		.uleb128 0xd
 609 009e 34       		.uleb128 0x34
 610 009f 00       		.byte	0
 611 00a0 03       		.uleb128 0x3
 612 00a1 0E       		.uleb128 0xe
 613 00a2 3A       		.uleb128 0x3a
 614 00a3 0B       		.uleb128 0xb
 615 00a4 3B       		.uleb128 0x3b
 616 00a5 0B       		.uleb128 0xb
 617 00a6 49       		.uleb128 0x49
 618 00a7 13       		.uleb128 0x13
 619 00a8 3F       		.uleb128 0x3f
 620 00a9 0C       		.uleb128 0xc
 621 00aa 02       		.uleb128 0x2
 622 00ab 0A       		.uleb128 0xa
 623 00ac 00       		.byte	0
 624 00ad 00       		.byte	0
ARM GAS  /tmp/cccPsp3p.s 			page 12


 625 00ae 00       		.byte	0
 626              		.section	.debug_aranges,"",%progbits
 627 0000 1C000000 		.4byte	0x1c
 628 0004 0200     		.2byte	0x2
 629 0006 00000000 		.4byte	.Ldebug_info0
 630 000a 04       		.byte	0x4
 631 000b 00       		.byte	0
 632 000c 0000     		.2byte	0
 633 000e 0000     		.2byte	0
 634 0010 00000000 		.4byte	.LFB7
 635 0014 02000000 		.4byte	.LFE7-.LFB7
 636 0018 00000000 		.4byte	0
 637 001c 00000000 		.4byte	0
 638              		.section	.debug_ranges,"",%progbits
 639              	.Ldebug_ranges0:
 640 0000 00000000 		.4byte	.LFB7
 641 0004 02000000 		.4byte	.LFE7
 642 0008 00000000 		.4byte	0
 643 000c 00000000 		.4byte	0
 644              		.section	.debug_line,"",%progbits
 645              	.Ldebug_line0:
 646 0000 EB000000 		.section	.debug_str,"MS",%progbits,1
 646      0200D500 
 646      00000201 
 646      FB0E0D00 
 646      01010101 
 647              	.LASF23:
 648 0000 76656374 		.ascii	"vector24\000"
 648      6F723234 
 648      00
 649              	.LASF34:
 650 0009 474E5520 		.ascii	"GNU C 4.7.4 20130913 (prerelease)\000"
 650      4320342E 
 650      372E3420 
 650      32303133 
 650      30393133 
 651              	.LASF13:
 652 002b 6972715F 		.ascii	"irq_vector_t\000"
 652      76656374 
 652      6F725F74 
 652      00
 653              	.LASF27:
 654 0038 76656374 		.ascii	"vector34\000"
 654      6F723334 
 654      00
 655              	.LASF33:
 656 0041 5F766563 		.ascii	"_vectors\000"
 656      746F7273 
 656      00
 657              	.LASF14:
 658 004a 696E6974 		.ascii	"init_stack\000"
 658      5F737461 
 658      636B00
 659              	.LASF25:
 660 0055 73766361 		.ascii	"svcall_vector\000"
 660      6C6C5F76 
 660      6563746F 
ARM GAS  /tmp/cccPsp3p.s 			page 13


 660      7200
 661              	.LASF2:
 662 0063 756E7369 		.ascii	"unsigned char\000"
 662      676E6564 
 662      20636861 
 662      7200
 663              	.LASF22:
 664 0071 76656374 		.ascii	"vector20\000"
 664      6F723230 
 664      00
 665              	.LASF6:
 666 007a 6C6F6E67 		.ascii	"long unsigned int\000"
 666      20756E73 
 666      69676E65 
 666      6420696E 
 666      7400
 667              	.LASF4:
 668 008c 73686F72 		.ascii	"short unsigned int\000"
 668      7420756E 
 668      7369676E 
 668      65642069 
 668      6E7400
 669              	.LASF35:
 670 009f 2F686F6D 		.ascii	"/home/matt/arm_cortex/ChibiOS/os/ports/GCC/ARMCMx/S"
 670      652F6D61 
 670      74742F61 
 670      726D5F63 
 670      6F727465 
 671 00d2 544D3332 		.ascii	"TM32F0xx/vectors.c\000"
 671      46307878 
 671      2F766563 
 671      746F7273 
 671      2E6300
 672              	.LASF21:
 673 00e5 76656374 		.ascii	"vector1c\000"
 673      6F723163 
 673      00
 674              	.LASF29:
 675 00ee 73797374 		.ascii	"systick_vector\000"
 675      69636B5F 
 675      76656374 
 675      6F7200
 676              	.LASF0:
 677 00fd 756E7369 		.ascii	"unsigned int\000"
 677      676E6564 
 677      20696E74 
 677      00
 678              	.LASF16:
 679 010a 6E6D695F 		.ascii	"nmi_vector\000"
 679      76656374 
 679      6F7200
 680              	.LASF8:
 681 0115 6C6F6E67 		.ascii	"long long unsigned int\000"
 681      206C6F6E 
 681      6720756E 
 681      7369676E 
 681      65642069 
ARM GAS  /tmp/cccPsp3p.s 			page 14


 682              	.LASF19:
 683 012c 62757366 		.ascii	"busfault_vector\000"
 683      61756C74 
 683      5F766563 
 683      746F7200 
 684              	.LASF24:
 685 013c 76656374 		.ascii	"vector28\000"
 685      6F723238 
 685      00
 686              	.LASF20:
 687 0145 75736167 		.ascii	"usagefault_vector\000"
 687      65666175 
 687      6C745F76 
 687      6563746F 
 687      7200
 688              	.LASF10:
 689 0157 73697A65 		.ascii	"sizetype\000"
 689      74797065 
 689      00
 690              	.LASF28:
 691 0160 70656E64 		.ascii	"pendsv_vector\000"
 691      73765F76 
 691      6563746F 
 691      7200
 692              	.LASF17:
 693 016e 68617264 		.ascii	"hardfault_vector\000"
 693      6661756C 
 693      745F7665 
 693      63746F72 
 693      00
 694              	.LASF7:
 695 017f 6C6F6E67 		.ascii	"long long int\000"
 695      206C6F6E 
 695      6720696E 
 695      7400
 696              	.LASF11:
 697 018d 63686172 		.ascii	"char\000"
 697      00
 698              	.LASF18:
 699 0192 6D656D6D 		.ascii	"memmanage_vector\000"
 699      616E6167 
 699      655F7665 
 699      63746F72 
 699      00
 700              	.LASF36:
 701 01a3 5F756E68 		.ascii	"_unhandled_exception\000"
 701      616E646C 
 701      65645F65 
 701      78636570 
 701      74696F6E 
 702              	.LASF30:
 703 01b8 76656374 		.ascii	"vectors\000"
 703      6F727300 
 704              	.LASF3:
 705 01c0 73686F72 		.ascii	"short int\000"
 705      7420696E 
 705      7400
ARM GAS  /tmp/cccPsp3p.s 			page 15


 706              	.LASF15:
 707 01ca 72657365 		.ascii	"reset_vector\000"
 707      745F7665 
 707      63746F72 
 707      00
 708              	.LASF12:
 709 01d7 75696E74 		.ascii	"uint32_t\000"
 709      33325F74 
 709      00
 710              	.LASF5:
 711 01e0 6C6F6E67 		.ascii	"long int\000"
 711      20696E74 
 711      00
 712              	.LASF1:
 713 01e9 7369676E 		.ascii	"signed char\000"
 713      65642063 
 713      68617200 
 714              	.LASF26:
 715 01f5 64656275 		.ascii	"debugmonitor_vector\000"
 715      676D6F6E 
 715      69746F72 
 715      5F766563 
 715      746F7200 
 716              	.LASF31:
 717 0209 76656374 		.ascii	"vectors_t\000"
 717      6F72735F 
 717      7400
 718              	.LASF9:
 719 0213 5F426F6F 		.ascii	"_Bool\000"
 719      6C00
 720              	.LASF32:
 721 0219 5F5F6D61 		.ascii	"__main_stack_end__\000"
 721      696E5F73 
 721      7461636B 
 721      5F656E64 
 721      5F5F00
 722              		.ident	"GCC: (GNU Tools for ARM Embedded Processors / bleeding-edge-toolchain-131005) 4.7.4 201309
ARM GAS  /tmp/cccPsp3p.s 			page 16


DEFINED SYMBOLS
                            *ABS*:0000000000000000 vectors.c
     /tmp/cccPsp3p.s:18     .text._unhandled_exception:0000000000000000 $t
     /tmp/cccPsp3p.s:24     .text._unhandled_exception:0000000000000000 _unhandled_exception
     /tmp/cccPsp3p.s:24     .text._unhandled_exception:0000000000000000 HardFaultVector
     /tmp/cccPsp3p.s:24     .text._unhandled_exception:0000000000000000 MemManageVector
     /tmp/cccPsp3p.s:24     .text._unhandled_exception:0000000000000000 BusFaultVector
     /tmp/cccPsp3p.s:24     .text._unhandled_exception:0000000000000000 UsageFaultVector
     /tmp/cccPsp3p.s:24     .text._unhandled_exception:0000000000000000 Vector1C
     /tmp/cccPsp3p.s:24     .text._unhandled_exception:0000000000000000 Vector20
     /tmp/cccPsp3p.s:24     .text._unhandled_exception:0000000000000000 Vector24
     /tmp/cccPsp3p.s:24     .text._unhandled_exception:0000000000000000 Vector28
     /tmp/cccPsp3p.s:24     .text._unhandled_exception:0000000000000000 SVCallVector
     /tmp/cccPsp3p.s:24     .text._unhandled_exception:0000000000000000 DebugMonitorVector
     /tmp/cccPsp3p.s:24     .text._unhandled_exception:0000000000000000 Vector34
     /tmp/cccPsp3p.s:24     .text._unhandled_exception:0000000000000000 PendSVVector
     /tmp/cccPsp3p.s:24     .text._unhandled_exception:0000000000000000 SysTickVector
     /tmp/cccPsp3p.s:24     .text._unhandled_exception:0000000000000000 Vector40
     /tmp/cccPsp3p.s:24     .text._unhandled_exception:0000000000000000 Vector44
     /tmp/cccPsp3p.s:24     .text._unhandled_exception:0000000000000000 Vector48
     /tmp/cccPsp3p.s:24     .text._unhandled_exception:0000000000000000 Vector4C
     /tmp/cccPsp3p.s:24     .text._unhandled_exception:0000000000000000 Vector50
     /tmp/cccPsp3p.s:24     .text._unhandled_exception:0000000000000000 Vector54
     /tmp/cccPsp3p.s:24     .text._unhandled_exception:0000000000000000 Vector58
     /tmp/cccPsp3p.s:24     .text._unhandled_exception:0000000000000000 Vector5C
     /tmp/cccPsp3p.s:24     .text._unhandled_exception:0000000000000000 Vector60
     /tmp/cccPsp3p.s:24     .text._unhandled_exception:0000000000000000 Vector64
     /tmp/cccPsp3p.s:24     .text._unhandled_exception:0000000000000000 Vector68
     /tmp/cccPsp3p.s:24     .text._unhandled_exception:0000000000000000 Vector6C
     /tmp/cccPsp3p.s:24     .text._unhandled_exception:0000000000000000 Vector70
     /tmp/cccPsp3p.s:24     .text._unhandled_exception:0000000000000000 Vector74
     /tmp/cccPsp3p.s:24     .text._unhandled_exception:0000000000000000 Vector78
     /tmp/cccPsp3p.s:24     .text._unhandled_exception:0000000000000000 Vector7C
     /tmp/cccPsp3p.s:24     .text._unhandled_exception:0000000000000000 Vector80
     /tmp/cccPsp3p.s:24     .text._unhandled_exception:0000000000000000 Vector84
     /tmp/cccPsp3p.s:24     .text._unhandled_exception:0000000000000000 Vector88
     /tmp/cccPsp3p.s:24     .text._unhandled_exception:0000000000000000 Vector8C
     /tmp/cccPsp3p.s:24     .text._unhandled_exception:0000000000000000 Vector90
     /tmp/cccPsp3p.s:24     .text._unhandled_exception:0000000000000000 Vector94
     /tmp/cccPsp3p.s:24     .text._unhandled_exception:0000000000000000 Vector98
     /tmp/cccPsp3p.s:24     .text._unhandled_exception:0000000000000000 Vector9C
     /tmp/cccPsp3p.s:24     .text._unhandled_exception:0000000000000000 VectorA0
     /tmp/cccPsp3p.s:24     .text._unhandled_exception:0000000000000000 VectorA4
     /tmp/cccPsp3p.s:24     .text._unhandled_exception:0000000000000000 VectorA8
     /tmp/cccPsp3p.s:24     .text._unhandled_exception:0000000000000000 VectorAC
     /tmp/cccPsp3p.s:24     .text._unhandled_exception:0000000000000000 VectorB0
     /tmp/cccPsp3p.s:24     .text._unhandled_exception:0000000000000000 VectorB4
     /tmp/cccPsp3p.s:24     .text._unhandled_exception:0000000000000000 VectorB8
     /tmp/cccPsp3p.s:24     .text._unhandled_exception:0000000000000000 VectorBC
     /tmp/cccPsp3p.s:24     .text._unhandled_exception:0000000000000000 NMIVector
     /tmp/cccPsp3p.s:131    vectors:0000000000000000 _vectors
     /tmp/cccPsp3p.s:128    vectors:0000000000000000 $d
                     .debug_frame:0000000000000010 $d

UNDEFINED SYMBOLS
__main_stack_end__
ResetHandler
ARM GAS  /tmp/cccPsp3p.s 			page 17


